2019-04-29 09:29:48.563 [INFO ] com.application.Application - Starting Application on DESKTOP-7RKQL44 with PID 4928 (E:\git\wedding\wedding-app\wedding-app\target\classes started by qs016 in E:\git\wedding\wedding-app\wedding-app)
2019-04-29 09:29:48.566 [INFO ] com.application.Application - The following profiles are active: test
2019-04-29 09:29:48.720 [INFO ] org.springframework.boot.devtools.env.DevToolsPropertyDefaultsPostProcessor - Devtools property defaults active! Set 'spring.devtools.add-properties' to 'false' to disable
2019-04-29 09:29:48.720 [INFO ] org.springframework.boot.devtools.env.DevToolsPropertyDefaultsPostProcessor - For additional web related logging consider setting the 'logging.level.web' property to 'DEBUG'
2019-04-29 09:29:51.655 [INFO ] org.springframework.boot.web.embedded.tomcat.TomcatWebServer - Tomcat initialized with port(s): 8080 (http)
2019-04-29 09:29:51.671 [INFO ] org.apache.coyote.http11.Http11NioProtocol - Initializing ProtocolHandler ["http-nio-8080"]
2019-04-29 09:29:51.681 [INFO ] org.apache.catalina.core.StandardService - Starting service [Tomcat]
2019-04-29 09:29:51.681 [INFO ] org.apache.catalina.core.StandardEngine - Starting Servlet engine: [Apache Tomcat/9.0.16]
2019-04-29 09:29:51.693 [INFO ] org.apache.catalina.core.AprLifecycleListener - The APR based Apache Tomcat Native library which allows optimal performance in production environments was not found on the java.library.path: [D:\01develop\Java\jdk1.8.0_181\bin;C:\WINDOWS\Sun\Java\bin;C:\WINDOWS\system32;C:\WINDOWS;D:/01develop/Java/jre1.8.0_181/bin/server;D:/01develop/Java/jre1.8.0_181/bin;D:/01develop/Java/jre1.8.0_181/lib/amd64;D:\03work\Xftp\;D:\03work\Xshell\;C:\Program Files (x86)\Common Files\Oracle\Java\javapath;C:\WINDOWS\system32;C:\WINDOWS;C:\WINDOWS\System32\Wbem;C:\WINDOWS\System32\WindowsPowerShell\v1.0\;"D:\01develop\Java\jdk1.8.0_181\bin;D:\01develop\Java\jdk1.8.0_181\jre\bin";D:\01develop\mysql-8.0.12-winx64\bin;D:\01develop\maven\apache-maven-3.5.4\bin;D:\01develop\TortoiseGit\bin;D:\01develop\Git\cmd;C:\WINDOWS\System32\OpenSSH\;C:\Users\qs016\AppData\Local\Microsoft\WindowsApps;;D:\01develop\eclipse\jee-2018-09\eclipse;;.]
2019-04-29 09:29:51.796 [INFO ] org.apache.catalina.core.ContainerBase.[Tomcat].[localhost].[/wedding-app] - Initializing Spring embedded WebApplicationContext
2019-04-29 09:29:51.797 [INFO ] org.springframework.web.context.ContextLoader - Root WebApplicationContext: initialization completed in 3076 ms
2019-04-29 09:29:52.270 [INFO ] com.alibaba.druid.pool.DruidDataSource - {dataSource-1} inited
2019-04-29 09:29:54.471 [INFO ] org.springframework.scheduling.concurrent.ThreadPoolTaskExecutor - Initializing ExecutorService 'applicationTaskExecutor'
2019-04-29 09:29:54.916 [INFO ] org.springframework.boot.devtools.autoconfigure.OptionalLiveReloadServer - LiveReload server is running on port 35729
2019-04-29 09:29:54.946 [INFO ] org.apache.coyote.http11.Http11NioProtocol - Starting ProtocolHandler ["http-nio-8080"]
2019-04-29 09:29:54.969 [INFO ] org.springframework.boot.web.embedded.tomcat.TomcatWebServer - Tomcat started on port(s): 8080 (http) with context path '/wedding-app'
2019-04-29 09:29:54.972 [INFO ] com.application.Application - Started Application in 6.906 seconds (JVM running for 8.271)
2019-04-29 09:31:20.088 [INFO ] org.apache.tomcat.util.http.parser.Cookie - A cookie header was received [1553670045,1554704549] that contained an invalid cookie. That cookie will be ignored.
 Note: further occurrences of this error will be logged at DEBUG level.
2019-04-29 09:31:20.097 [INFO ] org.apache.catalina.core.ContainerBase.[Tomcat].[localhost].[/wedding-app] - Initializing Spring DispatcherServlet 'dispatcherServlet'
2019-04-29 09:31:20.097 [INFO ] org.springframework.web.servlet.DispatcherServlet - Initializing Servlet 'dispatcherServlet'
2019-04-29 09:31:20.104 [INFO ] org.springframework.web.servlet.DispatcherServlet - Completed initialization in 7 ms
2019-04-29 09:55:40.065 [INFO ] org.springframework.scheduling.concurrent.ThreadPoolTaskExecutor - Shutting down ExecutorService 'applicationTaskExecutor'
2019-04-29 09:55:40.107 [INFO ] com.alibaba.druid.pool.DruidDataSource - {dataSource-1} closed
2019-04-29 09:55:41.221 [INFO ] com.application.Application - Starting Application on DESKTOP-7RKQL44 with PID 4928 (E:\git\wedding\wedding-app\wedding-app\target\classes started by qs016 in E:\git\wedding\wedding-app\wedding-app)
2019-04-29 09:55:41.221 [INFO ] com.application.Application - The following profiles are active: test
2019-04-29 09:55:41.969 [INFO ] org.springframework.boot.web.embedded.tomcat.TomcatWebServer - Tomcat initialized with port(s): 8080 (http)
2019-04-29 09:55:41.972 [INFO ] org.apache.coyote.http11.Http11NioProtocol - Initializing ProtocolHandler ["http-nio-8080"]
2019-04-29 09:55:41.973 [INFO ] org.apache.catalina.core.StandardService - Starting service [Tomcat]
2019-04-29 09:55:41.974 [INFO ] org.apache.catalina.core.StandardEngine - Starting Servlet engine: [Apache Tomcat/9.0.16]
2019-04-29 09:55:41.999 [INFO ] org.apache.catalina.core.ContainerBase.[Tomcat].[localhost].[/wedding-app] - Initializing Spring embedded WebApplicationContext
2019-04-29 09:55:41.999 [INFO ] org.springframework.web.context.ContextLoader - Root WebApplicationContext: initialization completed in 764 ms
2019-04-29 09:55:42.072 [INFO ] com.alibaba.druid.pool.DruidDataSource - {dataSource-2} inited
2019-04-29 09:55:42.621 [INFO ] org.springframework.scheduling.concurrent.ThreadPoolTaskExecutor - Initializing ExecutorService 'applicationTaskExecutor'
2019-04-29 09:55:42.810 [INFO ] org.springframework.boot.devtools.autoconfigure.OptionalLiveReloadServer - LiveReload server is running on port 35729
2019-04-29 09:55:42.824 [INFO ] org.apache.coyote.http11.Http11NioProtocol - Starting ProtocolHandler ["http-nio-8080"]
2019-04-29 09:55:42.831 [INFO ] org.springframework.boot.web.embedded.tomcat.TomcatWebServer - Tomcat started on port(s): 8080 (http) with context path '/wedding-app'
2019-04-29 09:55:42.832 [INFO ] com.application.Application - Started Application in 2.083 seconds (JVM running for 1556.131)
2019-04-29 09:55:42.839 [INFO ] org.springframework.boot.devtools.autoconfigure.ConditionEvaluationDeltaLoggingListener - Condition evaluation unchanged
2019-04-29 09:55:54.646 [INFO ] org.springframework.scheduling.concurrent.ThreadPoolTaskExecutor - Shutting down ExecutorService 'applicationTaskExecutor'
2019-04-29 09:55:54.660 [INFO ] com.alibaba.druid.pool.DruidDataSource - {dataSource-2} closed
2019-04-29 09:55:55.239 [INFO ] com.application.Application - Starting Application on DESKTOP-7RKQL44 with PID 4928 (E:\git\wedding\wedding-app\wedding-app\target\classes started by qs016 in E:\git\wedding\wedding-app\wedding-app)
2019-04-29 09:55:55.240 [INFO ] com.application.Application - The following profiles are active: test
2019-04-29 09:55:56.140 [INFO ] org.springframework.boot.web.embedded.tomcat.TomcatWebServer - Tomcat initialized with port(s): 8080 (http)
2019-04-29 09:55:56.141 [INFO ] org.apache.coyote.http11.Http11NioProtocol - Initializing ProtocolHandler ["http-nio-8080"]
2019-04-29 09:55:56.141 [INFO ] org.apache.catalina.core.StandardService - Starting service [Tomcat]
2019-04-29 09:55:56.141 [INFO ] org.apache.catalina.core.StandardEngine - Starting Servlet engine: [Apache Tomcat/9.0.16]
2019-04-29 09:55:56.165 [INFO ] org.apache.catalina.core.ContainerBase.[Tomcat].[localhost].[/wedding-app] - Initializing Spring embedded WebApplicationContext
2019-04-29 09:55:56.165 [INFO ] org.springframework.web.context.ContextLoader - Root WebApplicationContext: initialization completed in 923 ms
2019-04-29 09:55:56.238 [INFO ] com.alibaba.druid.pool.DruidDataSource - {dataSource-3} inited
2019-04-29 09:55:56.819 [INFO ] org.springframework.scheduling.concurrent.ThreadPoolTaskExecutor - Initializing ExecutorService 'applicationTaskExecutor'
2019-04-29 09:55:57.054 [INFO ] org.springframework.boot.devtools.autoconfigure.OptionalLiveReloadServer - LiveReload server is running on port 35729
2019-04-29 09:55:57.080 [INFO ] org.apache.coyote.http11.Http11NioProtocol - Starting ProtocolHandler ["http-nio-8080"]
2019-04-29 09:55:57.083 [INFO ] org.springframework.boot.web.embedded.tomcat.TomcatWebServer - Tomcat started on port(s): 8080 (http) with context path '/wedding-app'
2019-04-29 09:55:57.084 [INFO ] com.application.Application - Started Application in 1.928 seconds (JVM running for 1570.383)
2019-04-29 09:55:57.090 [INFO ] org.springframework.boot.devtools.autoconfigure.ConditionEvaluationDeltaLoggingListener - Condition evaluation unchanged
2019-04-29 10:18:38.220 [INFO ] org.apache.catalina.core.ContainerBase.[Tomcat].[localhost].[/wedding-app] - Initializing Spring DispatcherServlet 'dispatcherServlet'
2019-04-29 10:18:38.222 [INFO ] org.springframework.web.servlet.DispatcherServlet - Initializing Servlet 'dispatcherServlet'
2019-04-29 10:18:38.235 [INFO ] org.springframework.web.servlet.DispatcherServlet - Completed initialization in 13 ms
2019-04-29 10:18:38.237 [INFO ] com.application.controller.App_areaController - 后台 /area
2019-04-29 10:18:38.331 [INFO ] com.application.controller.App_pictureController - 后台  /picture
2019-04-29 10:18:43.633 [INFO ] com.application.controller.App_areaController - 后台 /area
2019-04-29 10:18:43.639 [INFO ] com.application.controller.App_pictureController - 后台  /picture
2019-04-29 10:19:49.543 [INFO ] com.application.controller.App_areaController - 后台 /area
2019-04-29 10:19:49.637 [INFO ] com.application.controller.App_pictureController - 后台  /picture
2019-04-29 10:21:52.199 [INFO ] com.application.controller.App_areaController - 后台 /area
2019-04-29 10:21:52.551 [INFO ] com.application.controller.App_pictureController - 后台  /picture
2019-04-29 10:22:17.258 [INFO ] com.application.controller.App_userController - 后台 /login
2019-04-29 10:30:06.279 [INFO ] com.application.controller.App_areaController - 后台 /area
2019-04-29 10:30:06.308 [INFO ] com.application.controller.App_pictureController - 后台  /picture
2019-04-29 10:30:20.479 [INFO ] com.application.controller.App_userController - 后台 /login
2019-04-29 10:30:49.844 [INFO ] com.application.controller.App_areaController - 后台 /product/list/{type}
2019-04-29 10:30:52.135 [INFO ] com.application.controller.App_areaController - 后台  /product/list/{id}
2019-04-29 10:31:10.923 [INFO ] com.application.controller.App_areaController - 后台 /area/{parent_id}
2019-04-29 10:33:12.547 [INFO ] org.springframework.scheduling.concurrent.ThreadPoolTaskExecutor - Shutting down ExecutorService 'applicationTaskExecutor'
2019-04-29 10:33:12.551 [INFO ] com.alibaba.druid.pool.DruidDataSource - {dataSource-3} closed
2019-04-29 10:33:12.956 [INFO ] com.application.Application - Starting Application on DESKTOP-7RKQL44 with PID 4928 (E:\git\wedding\wedding-app\wedding-app\target\classes started by qs016 in E:\git\wedding\wedding-app\wedding-app)
2019-04-29 10:33:12.957 [INFO ] com.application.Application - The following profiles are active: test
2019-04-29 10:33:13.362 [INFO ] org.springframework.boot.web.embedded.tomcat.TomcatWebServer - Tomcat initialized with port(s): 8080 (http)
2019-04-29 10:33:13.363 [INFO ] org.apache.coyote.http11.Http11NioProtocol - Initializing ProtocolHandler ["http-nio-8080"]
2019-04-29 10:33:13.363 [INFO ] org.apache.catalina.core.StandardService - Starting service [Tomcat]
2019-04-29 10:33:13.363 [INFO ] org.apache.catalina.core.StandardEngine - Starting Servlet engine: [Apache Tomcat/9.0.16]
2019-04-29 10:33:13.376 [INFO ] org.apache.catalina.core.ContainerBase.[Tomcat].[localhost].[/wedding-app] - Initializing Spring embedded WebApplicationContext
2019-04-29 10:33:13.376 [INFO ] org.springframework.web.context.ContextLoader - Root WebApplicationContext: initialization completed in 416 ms
2019-04-29 10:33:13.445 [INFO ] com.alibaba.druid.pool.DruidDataSource - {dataSource-4} inited
2019-04-29 10:33:13.832 [INFO ] org.springframework.scheduling.concurrent.ThreadPoolTaskExecutor - Initializing ExecutorService 'applicationTaskExecutor'
2019-04-29 10:33:14.001 [INFO ] org.springframework.boot.devtools.autoconfigure.OptionalLiveReloadServer - LiveReload server is running on port 35729
2019-04-29 10:33:14.015 [INFO ] org.apache.coyote.http11.Http11NioProtocol - Starting ProtocolHandler ["http-nio-8080"]
2019-04-29 10:33:14.020 [INFO ] org.springframework.boot.web.embedded.tomcat.TomcatWebServer - Tomcat started on port(s): 8080 (http) with context path '/wedding-app'
2019-04-29 10:33:14.021 [INFO ] com.application.Application - Started Application in 1.122 seconds (JVM running for 3807.319)
2019-04-29 10:33:14.022 [INFO ] org.springframework.boot.devtools.autoconfigure.ConditionEvaluationDeltaLoggingListener - Condition evaluation unchanged
2019-04-29 10:33:38.498 [INFO ] org.springframework.scheduling.concurrent.ThreadPoolTaskExecutor - Shutting down ExecutorService 'applicationTaskExecutor'
2019-04-29 10:33:38.502 [INFO ] com.alibaba.druid.pool.DruidDataSource - {dataSource-4} closed
2019-04-29 10:33:38.848 [INFO ] com.application.Application - Starting Application on DESKTOP-7RKQL44 with PID 4928 (E:\git\wedding\wedding-app\wedding-app\target\classes started by qs016 in E:\git\wedding\wedding-app\wedding-app)
2019-04-29 10:33:38.848 [INFO ] com.application.Application - The following profiles are active: test
2019-04-29 10:33:39.333 [INFO ] org.springframework.boot.web.embedded.tomcat.TomcatWebServer - Tomcat initialized with port(s): 8080 (http)
2019-04-29 10:33:39.336 [INFO ] org.apache.coyote.http11.Http11NioProtocol - Initializing ProtocolHandler ["http-nio-8080"]
2019-04-29 10:33:39.336 [INFO ] org.apache.catalina.core.StandardService - Starting service [Tomcat]
2019-04-29 10:33:39.337 [INFO ] org.apache.catalina.core.StandardEngine - Starting Servlet engine: [Apache Tomcat/9.0.16]
2019-04-29 10:33:39.354 [INFO ] org.apache.catalina.core.ContainerBase.[Tomcat].[localhost].[/wedding-app] - Initializing Spring embedded WebApplicationContext
2019-04-29 10:33:39.354 [INFO ] org.springframework.web.context.ContextLoader - Root WebApplicationContext: initialization completed in 503 ms
2019-04-29 10:33:39.486 [INFO ] com.alibaba.druid.pool.DruidDataSource - {dataSource-5} inited
2019-04-29 10:33:39.992 [INFO ] org.springframework.scheduling.concurrent.ThreadPoolTaskExecutor - Initializing ExecutorService 'applicationTaskExecutor'
2019-04-29 10:33:40.223 [INFO ] org.springframework.boot.devtools.autoconfigure.OptionalLiveReloadServer - LiveReload server is running on port 35729
2019-04-29 10:33:40.250 [INFO ] org.apache.coyote.http11.Http11NioProtocol - Starting ProtocolHandler ["http-nio-8080"]
2019-04-29 10:33:40.258 [INFO ] org.springframework.boot.web.embedded.tomcat.TomcatWebServer - Tomcat started on port(s): 8080 (http) with context path '/wedding-app'
2019-04-29 10:33:40.259 [INFO ] com.application.Application - Started Application in 1.473 seconds (JVM running for 3833.557)
2019-04-29 10:33:40.265 [INFO ] org.springframework.boot.devtools.autoconfigure.ConditionEvaluationDeltaLoggingListener - Condition evaluation unchanged
2019-04-29 10:36:57.636 [INFO ] org.springframework.scheduling.concurrent.ThreadPoolTaskExecutor - Shutting down ExecutorService 'applicationTaskExecutor'
2019-04-29 10:36:57.641 [INFO ] com.alibaba.druid.pool.DruidDataSource - {dataSource-5} closed
2019-04-29 10:36:57.956 [INFO ] com.application.Application - Starting Application on DESKTOP-7RKQL44 with PID 4928 (E:\git\wedding\wedding-app\wedding-app\target\classes started by qs016 in E:\git\wedding\wedding-app\wedding-app)
2019-04-29 10:36:57.957 [INFO ] com.application.Application - The following profiles are active: test
2019-04-29 10:36:58.444 [INFO ] org.springframework.boot.web.embedded.tomcat.TomcatWebServer - Tomcat initialized with port(s): 8080 (http)
2019-04-29 10:36:58.444 [INFO ] org.apache.coyote.http11.Http11NioProtocol - Initializing ProtocolHandler ["http-nio-8080"]
2019-04-29 10:36:58.445 [INFO ] org.apache.catalina.core.StandardService - Starting service [Tomcat]
2019-04-29 10:36:58.445 [INFO ] org.apache.catalina.core.StandardEngine - Starting Servlet engine: [Apache Tomcat/9.0.16]
2019-04-29 10:36:58.457 [INFO ] org.apache.catalina.core.ContainerBase.[Tomcat].[localhost].[/wedding-app] - Initializing Spring embedded WebApplicationContext
2019-04-29 10:36:58.457 [INFO ] org.springframework.web.context.ContextLoader - Root WebApplicationContext: initialization completed in 498 ms
2019-04-29 10:36:58.504 [INFO ] com.alibaba.druid.pool.DruidDataSource - {dataSource-6} inited
2019-04-29 10:36:58.931 [INFO ] org.springframework.scheduling.concurrent.ThreadPoolTaskExecutor - Initializing ExecutorService 'applicationTaskExecutor'
2019-04-29 10:36:59.120 [INFO ] org.springframework.boot.devtools.autoconfigure.OptionalLiveReloadServer - LiveReload server is running on port 35729
2019-04-29 10:36:59.131 [INFO ] org.apache.coyote.http11.Http11NioProtocol - Starting ProtocolHandler ["http-nio-8080"]
2019-04-29 10:36:59.135 [INFO ] org.springframework.boot.web.embedded.tomcat.TomcatWebServer - Tomcat started on port(s): 8080 (http) with context path '/wedding-app'
2019-04-29 10:36:59.135 [INFO ] com.application.Application - Started Application in 1.234 seconds (JVM running for 4032.434)
2019-04-29 10:36:59.138 [INFO ] org.springframework.boot.devtools.autoconfigure.ConditionEvaluationDeltaLoggingListener - Condition evaluation unchanged
2019-04-29 10:38:03.898 [INFO ] org.springframework.scheduling.concurrent.ThreadPoolTaskExecutor - Shutting down ExecutorService 'applicationTaskExecutor'
2019-04-29 10:38:03.899 [INFO ] com.alibaba.druid.pool.DruidDataSource - {dataSource-6} closed
2019-04-29 10:38:04.249 [INFO ] com.application.Application - Starting Application on DESKTOP-7RKQL44 with PID 4928 (E:\git\wedding\wedding-app\wedding-app\target\classes started by qs016 in E:\git\wedding\wedding-app\wedding-app)
2019-04-29 10:38:04.249 [INFO ] com.application.Application - The following profiles are active: test
2019-04-29 10:38:04.930 [INFO ] org.springframework.boot.web.embedded.tomcat.TomcatWebServer - Tomcat initialized with port(s): 8080 (http)
2019-04-29 10:38:04.930 [INFO ] org.apache.coyote.http11.Http11NioProtocol - Initializing ProtocolHandler ["http-nio-8080"]
2019-04-29 10:38:04.931 [INFO ] org.apache.catalina.core.StandardService - Starting service [Tomcat]
2019-04-29 10:38:04.931 [INFO ] org.apache.catalina.core.StandardEngine - Starting Servlet engine: [Apache Tomcat/9.0.16]
2019-04-29 10:38:04.943 [INFO ] org.apache.catalina.core.ContainerBase.[Tomcat].[localhost].[/wedding-app] - Initializing Spring embedded WebApplicationContext
2019-04-29 10:38:04.943 [INFO ] org.springframework.web.context.ContextLoader - Root WebApplicationContext: initialization completed in 691 ms
2019-04-29 10:38:05.005 [INFO ] com.alibaba.druid.pool.DruidDataSource - {dataSource-7} inited
2019-04-29 10:38:05.457 [INFO ] org.springframework.scheduling.concurrent.ThreadPoolTaskExecutor - Initializing ExecutorService 'applicationTaskExecutor'
2019-04-29 10:38:05.605 [INFO ] org.springframework.boot.devtools.autoconfigure.OptionalLiveReloadServer - LiveReload server is running on port 35729
2019-04-29 10:38:05.618 [INFO ] org.apache.coyote.http11.Http11NioProtocol - Starting ProtocolHandler ["http-nio-8080"]
2019-04-29 10:38:05.623 [INFO ] org.springframework.boot.web.embedded.tomcat.TomcatWebServer - Tomcat started on port(s): 8080 (http) with context path '/wedding-app'
2019-04-29 10:38:05.624 [INFO ] com.application.Application - Started Application in 1.432 seconds (JVM running for 4098.922)
2019-04-29 10:38:05.625 [INFO ] org.springframework.boot.devtools.autoconfigure.ConditionEvaluationDeltaLoggingListener - Condition evaluation unchanged
2019-04-29 10:38:40.468 [INFO ] org.springframework.scheduling.concurrent.ThreadPoolTaskExecutor - Shutting down ExecutorService 'applicationTaskExecutor'
2019-04-29 10:38:40.474 [INFO ] com.alibaba.druid.pool.DruidDataSource - {dataSource-7} closed
2019-04-29 10:38:40.765 [INFO ] com.application.Application - Starting Application on DESKTOP-7RKQL44 with PID 4928 (E:\git\wedding\wedding-app\wedding-app\target\classes started by qs016 in E:\git\wedding\wedding-app\wedding-app)
2019-04-29 10:38:40.766 [INFO ] com.application.Application - The following profiles are active: test
2019-04-29 10:38:41.102 [INFO ] org.springframework.boot.web.embedded.tomcat.TomcatWebServer - Tomcat initialized with port(s): 8080 (http)
2019-04-29 10:38:41.108 [INFO ] org.apache.coyote.http11.Http11NioProtocol - Initializing ProtocolHandler ["http-nio-8080"]
2019-04-29 10:38:41.120 [INFO ] org.apache.catalina.core.StandardService - Starting service [Tomcat]
2019-04-29 10:38:41.120 [INFO ] org.apache.catalina.core.StandardEngine - Starting Servlet engine: [Apache Tomcat/9.0.16]
2019-04-29 10:38:41.140 [INFO ] org.apache.catalina.core.ContainerBase.[Tomcat].[localhost].[/wedding-app] - Initializing Spring embedded WebApplicationContext
2019-04-29 10:38:41.141 [INFO ] org.springframework.web.context.ContextLoader - Root WebApplicationContext: initialization completed in 374 ms
2019-04-29 10:38:41.178 [INFO ] com.alibaba.druid.pool.DruidDataSource - {dataSource-8} inited
2019-04-29 10:38:41.446 [INFO ] org.springframework.scheduling.concurrent.ThreadPoolTaskExecutor - Initializing ExecutorService 'applicationTaskExecutor'
2019-04-29 10:38:41.584 [INFO ] org.springframework.boot.devtools.autoconfigure.OptionalLiveReloadServer - LiveReload server is running on port 35729
2019-04-29 10:38:41.596 [INFO ] org.apache.coyote.http11.Http11NioProtocol - Starting ProtocolHandler ["http-nio-8080"]
2019-04-29 10:38:41.600 [INFO ] org.springframework.boot.web.embedded.tomcat.TomcatWebServer - Tomcat started on port(s): 8080 (http) with context path '/wedding-app'
2019-04-29 10:38:41.600 [INFO ] com.application.Application - Started Application in 0.871 seconds (JVM running for 4134.899)
2019-04-29 10:38:41.602 [INFO ] org.springframework.boot.devtools.autoconfigure.ConditionEvaluationDeltaLoggingListener - Condition evaluation unchanged
2019-04-29 10:38:56.900 [INFO ] org.springframework.scheduling.concurrent.ThreadPoolTaskExecutor - Shutting down ExecutorService 'applicationTaskExecutor'
2019-04-29 10:38:56.902 [INFO ] com.alibaba.druid.pool.DruidDataSource - {dataSource-8} closed
2019-04-29 10:38:57.155 [INFO ] com.application.Application - Starting Application on DESKTOP-7RKQL44 with PID 4928 (E:\git\wedding\wedding-app\wedding-app\target\classes started by qs016 in E:\git\wedding\wedding-app\wedding-app)
2019-04-29 10:38:57.155 [INFO ] com.application.Application - The following profiles are active: test
2019-04-29 10:38:57.473 [INFO ] org.springframework.boot.web.embedded.tomcat.TomcatWebServer - Tomcat initialized with port(s): 8080 (http)
2019-04-29 10:38:57.474 [INFO ] org.apache.coyote.http11.Http11NioProtocol - Initializing ProtocolHandler ["http-nio-8080"]
2019-04-29 10:38:57.474 [INFO ] org.apache.catalina.core.StandardService - Starting service [Tomcat]
2019-04-29 10:38:57.474 [INFO ] org.apache.catalina.core.StandardEngine - Starting Servlet engine: [Apache Tomcat/9.0.16]
2019-04-29 10:38:57.485 [INFO ] org.apache.catalina.core.ContainerBase.[Tomcat].[localhost].[/wedding-app] - Initializing Spring embedded WebApplicationContext
2019-04-29 10:38:57.485 [INFO ] org.springframework.web.context.ContextLoader - Root WebApplicationContext: initialization completed in 328 ms
2019-04-29 10:38:57.578 [INFO ] com.alibaba.druid.pool.DruidDataSource - {dataSource-9} inited
2019-04-29 10:38:57.959 [INFO ] org.springframework.scheduling.concurrent.ThreadPoolTaskExecutor - Initializing ExecutorService 'applicationTaskExecutor'
2019-04-29 10:38:58.118 [INFO ] org.springframework.boot.devtools.autoconfigure.OptionalLiveReloadServer - LiveReload server is running on port 35729
2019-04-29 10:38:58.133 [INFO ] org.apache.coyote.http11.Http11NioProtocol - Starting ProtocolHandler ["http-nio-8080"]
2019-04-29 10:38:58.137 [INFO ] org.springframework.boot.web.embedded.tomcat.TomcatWebServer - Tomcat started on port(s): 8080 (http) with context path '/wedding-app'
2019-04-29 10:38:58.138 [INFO ] com.application.Application - Started Application in 1.012 seconds (JVM running for 4151.436)
2019-04-29 10:38:58.140 [INFO ] org.springframework.boot.devtools.autoconfigure.ConditionEvaluationDeltaLoggingListener - Condition evaluation unchanged
2019-04-29 10:40:25.302 [INFO ] org.springframework.scheduling.concurrent.ThreadPoolTaskExecutor - Shutting down ExecutorService 'applicationTaskExecutor'
2019-04-29 10:40:25.303 [INFO ] com.alibaba.druid.pool.DruidDataSource - {dataSource-9} closed
2019-04-29 10:40:25.559 [INFO ] com.application.Application - Starting Application on DESKTOP-7RKQL44 with PID 4928 (E:\git\wedding\wedding-app\wedding-app\target\classes started by qs016 in E:\git\wedding\wedding-app\wedding-app)
2019-04-29 10:40:25.559 [INFO ] com.application.Application - The following profiles are active: test
2019-04-29 10:40:25.841 [INFO ] org.springframework.boot.web.embedded.tomcat.TomcatWebServer - Tomcat initialized with port(s): 8080 (http)
2019-04-29 10:40:25.842 [INFO ] org.apache.coyote.http11.Http11NioProtocol - Initializing ProtocolHandler ["http-nio-8080"]
2019-04-29 10:40:25.842 [INFO ] org.apache.catalina.core.StandardService - Starting service [Tomcat]
2019-04-29 10:40:25.842 [INFO ] org.apache.catalina.core.StandardEngine - Starting Servlet engine: [Apache Tomcat/9.0.16]
2019-04-29 10:40:25.853 [INFO ] org.apache.catalina.core.ContainerBase.[Tomcat].[localhost].[/wedding-app] - Initializing Spring embedded WebApplicationContext
2019-04-29 10:40:25.853 [INFO ] org.springframework.web.context.ContextLoader - Root WebApplicationContext: initialization completed in 276 ms
2019-04-29 10:40:25.888 [INFO ] com.alibaba.druid.pool.DruidDataSource - {dataSource-10} inited
2019-04-29 10:40:26.119 [INFO ] org.springframework.scheduling.concurrent.ThreadPoolTaskExecutor - Initializing ExecutorService 'applicationTaskExecutor'
2019-04-29 10:40:26.257 [INFO ] org.springframework.boot.devtools.autoconfigure.OptionalLiveReloadServer - LiveReload server is running on port 35729
2019-04-29 10:40:26.266 [INFO ] org.apache.coyote.http11.Http11NioProtocol - Starting ProtocolHandler ["http-nio-8080"]
2019-04-29 10:40:26.269 [INFO ] org.springframework.boot.web.embedded.tomcat.TomcatWebServer - Tomcat started on port(s): 8080 (http) with context path '/wedding-app'
2019-04-29 10:40:26.269 [INFO ] com.application.Application - Started Application in 0.747 seconds (JVM running for 4239.568)
2019-04-29 10:40:26.270 [INFO ] org.springframework.boot.devtools.autoconfigure.ConditionEvaluationDeltaLoggingListener - Condition evaluation unchanged
2019-04-29 10:40:53.234 [INFO ] org.springframework.scheduling.concurrent.ThreadPoolTaskExecutor - Shutting down ExecutorService 'applicationTaskExecutor'
2019-04-29 10:40:53.237 [INFO ] com.alibaba.druid.pool.DruidDataSource - {dataSource-10} closed
2019-04-29 10:40:53.551 [INFO ] com.application.Application - Starting Application on DESKTOP-7RKQL44 with PID 4928 (E:\git\wedding\wedding-app\wedding-app\target\classes started by qs016 in E:\git\wedding\wedding-app\wedding-app)
2019-04-29 10:40:53.551 [INFO ] com.application.Application - The following profiles are active: test
2019-04-29 10:40:53.835 [INFO ] org.springframework.boot.web.embedded.tomcat.TomcatWebServer - Tomcat initialized with port(s): 8080 (http)
2019-04-29 10:40:53.835 [INFO ] org.apache.coyote.http11.Http11NioProtocol - Initializing ProtocolHandler ["http-nio-8080"]
2019-04-29 10:40:53.835 [INFO ] org.apache.catalina.core.StandardService - Starting service [Tomcat]
2019-04-29 10:40:53.836 [INFO ] org.apache.catalina.core.StandardEngine - Starting Servlet engine: [Apache Tomcat/9.0.16]
2019-04-29 10:40:53.849 [INFO ] org.apache.catalina.core.ContainerBase.[Tomcat].[localhost].[/wedding-app] - Initializing Spring embedded WebApplicationContext
2019-04-29 10:40:53.849 [INFO ] org.springframework.web.context.ContextLoader - Root WebApplicationContext: initialization completed in 293 ms
2019-04-29 10:40:53.891 [INFO ] com.alibaba.druid.pool.DruidDataSource - {dataSource-11} inited
2019-04-29 10:40:54.136 [INFO ] org.springframework.scheduling.concurrent.ThreadPoolTaskExecutor - Initializing ExecutorService 'applicationTaskExecutor'
2019-04-29 10:40:54.267 [INFO ] org.springframework.boot.devtools.autoconfigure.OptionalLiveReloadServer - LiveReload server is running on port 35729
2019-04-29 10:40:54.277 [INFO ] org.apache.coyote.http11.Http11NioProtocol - Starting ProtocolHandler ["http-nio-8080"]
2019-04-29 10:40:54.282 [INFO ] org.springframework.boot.web.embedded.tomcat.TomcatWebServer - Tomcat started on port(s): 8080 (http) with context path '/wedding-app'
2019-04-29 10:40:54.282 [INFO ] com.application.Application - Started Application in 0.767 seconds (JVM running for 4267.582)
2019-04-29 10:40:54.284 [INFO ] org.springframework.boot.devtools.autoconfigure.ConditionEvaluationDeltaLoggingListener - Condition evaluation unchanged
2019-04-29 10:41:15.514 [INFO ] org.springframework.scheduling.concurrent.ThreadPoolTaskExecutor - Shutting down ExecutorService 'applicationTaskExecutor'
2019-04-29 10:41:15.518 [INFO ] com.alibaba.druid.pool.DruidDataSource - {dataSource-11} closed
2019-04-29 10:41:15.875 [INFO ] com.application.Application - Starting Application on DESKTOP-7RKQL44 with PID 4928 (E:\git\wedding\wedding-app\wedding-app\target\classes started by qs016 in E:\git\wedding\wedding-app\wedding-app)
2019-04-29 10:41:15.875 [INFO ] com.application.Application - The following profiles are active: test
2019-04-29 10:41:16.130 [INFO ] org.springframework.boot.web.embedded.tomcat.TomcatWebServer - Tomcat initialized with port(s): 8080 (http)
2019-04-29 10:41:16.131 [INFO ] org.apache.coyote.http11.Http11NioProtocol - Initializing ProtocolHandler ["http-nio-8080"]
2019-04-29 10:41:16.131 [INFO ] org.apache.catalina.core.StandardService - Starting service [Tomcat]
2019-04-29 10:41:16.131 [INFO ] org.apache.catalina.core.StandardEngine - Starting Servlet engine: [Apache Tomcat/9.0.16]
2019-04-29 10:41:16.141 [INFO ] org.apache.catalina.core.ContainerBase.[Tomcat].[localhost].[/wedding-app] - Initializing Spring embedded WebApplicationContext
2019-04-29 10:41:16.141 [INFO ] org.springframework.web.context.ContextLoader - Root WebApplicationContext: initialization completed in 263 ms
2019-04-29 10:41:16.180 [INFO ] com.alibaba.druid.pool.DruidDataSource - {dataSource-12} inited
2019-04-29 10:41:16.373 [INFO ] org.springframework.scheduling.concurrent.ThreadPoolTaskExecutor - Initializing ExecutorService 'applicationTaskExecutor'
2019-04-29 10:41:16.506 [INFO ] org.springframework.boot.devtools.autoconfigure.OptionalLiveReloadServer - LiveReload server is running on port 35729
2019-04-29 10:41:16.515 [INFO ] org.apache.coyote.http11.Http11NioProtocol - Starting ProtocolHandler ["http-nio-8080"]
2019-04-29 10:41:16.518 [INFO ] org.springframework.boot.web.embedded.tomcat.TomcatWebServer - Tomcat started on port(s): 8080 (http) with context path '/wedding-app'
2019-04-29 10:41:16.518 [INFO ] com.application.Application - Started Application in 0.704 seconds (JVM running for 4289.817)
2019-04-29 10:41:16.519 [INFO ] org.springframework.boot.devtools.autoconfigure.ConditionEvaluationDeltaLoggingListener - Condition evaluation unchanged
2019-04-29 10:59:50.828 [INFO ] org.apache.catalina.core.ContainerBase.[Tomcat].[localhost].[/wedding-app] - Initializing Spring DispatcherServlet 'dispatcherServlet'
2019-04-29 10:59:50.829 [INFO ] org.springframework.web.servlet.DispatcherServlet - Initializing Servlet 'dispatcherServlet'
2019-04-29 10:59:50.834 [INFO ] org.springframework.web.servlet.DispatcherServlet - Completed initialization in 5 ms
2019-04-29 10:59:50.843 [INFO ] com.application.controller.App_areaController - 后台 /area
2019-04-29 10:59:50.867 [INFO ] com.application.controller.App_pictureController - 后台  /picture
2019-04-29 11:02:26.355 [INFO ] com.application.controller.App_areaController - 后台 /area
2019-04-29 11:02:26.377 [INFO ] com.application.controller.App_pictureController - 后台  /picture
2019-04-29 11:02:51.844 [INFO ] com.application.controller.App_areaController - 后台 /area
2019-04-29 11:02:51.856 [INFO ] com.application.controller.App_pictureController - 后台  /picture
2019-04-29 11:03:28.586 [INFO ] com.application.controller.App_areaController - 后台 /area
2019-04-29 11:03:28.614 [INFO ] com.application.controller.App_pictureController - 后台  /picture
2019-04-29 11:04:34.347 [INFO ] com.application.controller.App_areaController - 后台 /area
2019-04-29 11:04:34.375 [INFO ] com.application.controller.App_pictureController - 后台  /picture
2019-04-29 11:05:11.525 [INFO ] com.application.controller.App_areaController - 后台 /area
2019-04-29 11:05:11.552 [INFO ] com.application.controller.App_pictureController - 后台  /picture
2019-04-29 11:06:34.303 [INFO ] com.application.controller.App_areaController - 后台 /area
2019-04-29 11:06:34.519 [INFO ] com.application.controller.App_pictureController - 后台  /picture
2019-04-29 11:06:49.430 [INFO ] com.application.controller.App_areaController - 后台 /area
2019-04-29 11:06:49.461 [INFO ] com.application.controller.App_pictureController - 后台  /picture
2019-04-29 11:08:48.617 [INFO ] com.application.controller.App_areaController - 后台 /area
2019-04-29 11:08:48.642 [INFO ] com.application.controller.App_pictureController - 后台  /picture
2019-04-29 11:09:09.700 [INFO ] com.application.controller.App_userController - 后台 /login
2019-04-29 11:09:11.318 [INFO ] com.application.interceptor.TokenInterceptor - 进入tokenInterceptor拦截器
2019-04-29 11:10:24.117 [INFO ] com.application.controller.App_areaController - 后台 /area
2019-04-29 11:10:24.144 [INFO ] com.application.controller.App_pictureController - 后台  /picture
2019-04-29 11:13:37.541 [INFO ] com.application.controller.App_areaController - 后台 /area
2019-04-29 11:13:37.769 [INFO ] com.application.controller.App_pictureController - 后台  /picture
2019-04-29 11:14:15.795 [INFO ] com.application.controller.App_areaController - 后台 /area
2019-04-29 11:14:15.821 [INFO ] com.application.controller.App_pictureController - 后台  /picture
2019-04-29 11:14:43.820 [INFO ] com.application.controller.App_areaController - 后台 /area
2019-04-29 11:14:43.837 [INFO ] com.application.controller.App_pictureController - 后台  /picture
2019-04-29 11:18:05.104 [INFO ] com.application.controller.App_areaController - 后台 /area
2019-04-29 11:18:05.343 [INFO ] com.application.controller.App_pictureController - 后台  /picture
2019-04-29 11:19:18.220 [INFO ] com.application.controller.App_areaController - 后台 /area
2019-04-29 11:19:18.520 [INFO ] com.application.controller.App_pictureController - 后台  /picture
2019-04-29 11:20:25.829 [INFO ] com.application.controller.App_areaController - 后台 /area
2019-04-29 11:20:26.026 [INFO ] com.application.controller.App_pictureController - 后台  /picture
2019-04-29 11:21:26.853 [INFO ] com.application.controller.App_areaController - 后台 /area
2019-04-29 11:21:28.533 [INFO ] com.application.controller.App_pictureController - 后台  /picture
2019-04-29 11:21:56.968 [INFO ] com.application.controller.App_areaController - 后台 /area
2019-04-29 11:21:57.125 [INFO ] com.application.controller.App_pictureController - 后台  /picture
2019-04-29 11:22:31.204 [INFO ] com.application.controller.App_areaController - 后台 /area
2019-04-29 11:22:31.335 [INFO ] com.application.controller.App_pictureController - 后台  /picture
2019-04-29 11:29:22.547 [INFO ] com.application.controller.App_areaController - 后台 /area
2019-04-29 11:29:22.862 [INFO ] com.application.controller.App_pictureController - 后台  /picture
2019-04-29 11:30:08.429 [INFO ] com.application.controller.App_areaController - 后台 /area
2019-04-29 11:30:09.129 [INFO ] com.application.controller.App_pictureController - 后台  /picture
2019-04-29 11:30:25.955 [INFO ] com.application.controller.App_userController - 后台 /login
2019-04-29 11:30:30.564 [INFO ] com.application.interceptor.TokenInterceptor - 进入tokenInterceptor拦截器
2019-04-29 11:30:39.679 [INFO ] com.application.interceptor.TokenInterceptor - 进入tokenInterceptor拦截器
2019-04-29 11:32:37.261 [INFO ] org.springframework.scheduling.concurrent.ThreadPoolTaskExecutor - Shutting down ExecutorService 'applicationTaskExecutor'
2019-04-29 11:32:37.263 [INFO ] com.alibaba.druid.pool.DruidDataSource - {dataSource-12} closed
2019-04-29 11:32:38.028 [INFO ] com.application.Application - Starting Application on DESKTOP-7RKQL44 with PID 4928 (E:\git\wedding\wedding-app\wedding-app\target\classes started by qs016 in E:\git\wedding\wedding-app\wedding-app)
2019-04-29 11:32:38.029 [INFO ] com.application.Application - The following profiles are active: test
2019-04-29 11:32:38.509 [INFO ] org.springframework.boot.web.embedded.tomcat.TomcatWebServer - Tomcat initialized with port(s): 8080 (http)
2019-04-29 11:32:38.510 [INFO ] org.apache.coyote.http11.Http11NioProtocol - Initializing ProtocolHandler ["http-nio-8080"]
2019-04-29 11:32:38.510 [INFO ] org.apache.catalina.core.StandardService - Starting service [Tomcat]
2019-04-29 11:32:38.511 [INFO ] org.apache.catalina.core.StandardEngine - Starting Servlet engine: [Apache Tomcat/9.0.16]
2019-04-29 11:32:38.522 [INFO ] org.apache.catalina.core.ContainerBase.[Tomcat].[localhost].[/wedding-app] - Initializing Spring embedded WebApplicationContext
2019-04-29 11:32:38.522 [INFO ] org.springframework.web.context.ContextLoader - Root WebApplicationContext: initialization completed in 484 ms
2019-04-29 11:32:38.573 [INFO ] com.alibaba.druid.pool.DruidDataSource - {dataSource-13} inited
2019-04-29 11:32:39.011 [INFO ] org.springframework.scheduling.concurrent.ThreadPoolTaskExecutor - Initializing ExecutorService 'applicationTaskExecutor'
2019-04-29 11:32:39.157 [INFO ] org.springframework.boot.devtools.autoconfigure.OptionalLiveReloadServer - LiveReload server is running on port 35729
2019-04-29 11:32:39.167 [INFO ] org.apache.coyote.http11.Http11NioProtocol - Starting ProtocolHandler ["http-nio-8080"]
2019-04-29 11:32:39.171 [INFO ] org.springframework.boot.web.embedded.tomcat.TomcatWebServer - Tomcat started on port(s): 8080 (http) with context path '/wedding-app'
2019-04-29 11:32:39.171 [INFO ] com.application.Application - Started Application in 1.216 seconds (JVM running for 7372.47)
2019-04-29 11:32:39.172 [INFO ] org.springframework.boot.devtools.autoconfigure.ConditionEvaluationDeltaLoggingListener - Condition evaluation unchanged
2019-04-29 11:32:43.473 [INFO ] org.springframework.scheduling.concurrent.ThreadPoolTaskExecutor - Shutting down ExecutorService 'applicationTaskExecutor'
2019-04-29 11:32:43.474 [INFO ] com.alibaba.druid.pool.DruidDataSource - {dataSource-13} closed
2019-04-29 11:32:43.841 [INFO ] com.application.Application - Starting Application on DESKTOP-7RKQL44 with PID 4928 (E:\git\wedding\wedding-app\wedding-app\target\classes started by qs016 in E:\git\wedding\wedding-app\wedding-app)
2019-04-29 11:32:43.841 [INFO ] com.application.Application - The following profiles are active: test
2019-04-29 11:32:44.089 [INFO ] org.springframework.boot.web.embedded.tomcat.TomcatWebServer - Tomcat initialized with port(s): 8080 (http)
2019-04-29 11:32:44.089 [INFO ] org.apache.coyote.http11.Http11NioProtocol - Initializing ProtocolHandler ["http-nio-8080"]
2019-04-29 11:32:44.090 [INFO ] org.apache.catalina.core.StandardService - Starting service [Tomcat]
2019-04-29 11:32:44.090 [INFO ] org.apache.catalina.core.StandardEngine - Starting Servlet engine: [Apache Tomcat/9.0.16]
2019-04-29 11:32:44.129 [INFO ] org.apache.catalina.core.ContainerBase.[Tomcat].[localhost].[/wedding-app] - Initializing Spring embedded WebApplicationContext
2019-04-29 11:32:44.129 [INFO ] org.springframework.web.context.ContextLoader - Root WebApplicationContext: initialization completed in 285 ms
2019-04-29 11:32:44.166 [INFO ] com.alibaba.druid.pool.DruidDataSource - {dataSource-14} inited
2019-04-29 11:32:44.425 [INFO ] org.springframework.scheduling.concurrent.ThreadPoolTaskExecutor - Initializing ExecutorService 'applicationTaskExecutor'
2019-04-29 11:32:44.551 [INFO ] org.springframework.boot.devtools.autoconfigure.OptionalLiveReloadServer - LiveReload server is running on port 35729
2019-04-29 11:32:44.561 [INFO ] org.apache.coyote.http11.Http11NioProtocol - Starting ProtocolHandler ["http-nio-8080"]
2019-04-29 11:32:44.565 [INFO ] org.springframework.boot.web.embedded.tomcat.TomcatWebServer - Tomcat started on port(s): 8080 (http) with context path '/wedding-app'
2019-04-29 11:32:44.565 [INFO ] com.application.Application - Started Application in 0.758 seconds (JVM running for 7377.864)
2019-04-29 11:32:44.567 [INFO ] org.springframework.boot.devtools.autoconfigure.ConditionEvaluationDeltaLoggingListener - Condition evaluation unchanged
2019-04-29 13:55:24.851 [INFO ] com.application.Application - Starting Application on DESKTOP-7RKQL44 with PID 7152 (E:\git\wedding\wedding-app\wedding-app\target\classes started by qs016 in E:\git\wedding\wedding-app\wedding-app)
2019-04-29 13:55:24.853 [INFO ] com.application.Application - The following profiles are active: test
2019-04-29 13:55:24.945 [INFO ] org.springframework.boot.devtools.env.DevToolsPropertyDefaultsPostProcessor - Devtools property defaults active! Set 'spring.devtools.add-properties' to 'false' to disable
2019-04-29 13:55:24.945 [INFO ] org.springframework.boot.devtools.env.DevToolsPropertyDefaultsPostProcessor - For additional web related logging consider setting the 'logging.level.web' property to 'DEBUG'
2019-04-29 13:55:27.600 [INFO ] org.springframework.boot.web.embedded.tomcat.TomcatWebServer - Tomcat initialized with port(s): 8080 (http)
2019-04-29 13:55:27.644 [INFO ] org.apache.coyote.http11.Http11NioProtocol - Initializing ProtocolHandler ["http-nio-8080"]
2019-04-29 13:55:27.699 [INFO ] org.apache.catalina.core.StandardService - Starting service [Tomcat]
2019-04-29 13:55:27.699 [INFO ] org.apache.catalina.core.StandardEngine - Starting Servlet engine: [Apache Tomcat/9.0.16]
2019-04-29 13:55:27.740 [INFO ] org.apache.catalina.core.AprLifecycleListener - The APR based Apache Tomcat Native library which allows optimal performance in production environments was not found on the java.library.path: [D:\01develop\Java\jdk1.8.0_181\bin;C:\WINDOWS\Sun\Java\bin;C:\WINDOWS\system32;C:\WINDOWS;D:/01develop/Java/jre1.8.0_181/bin/server;D:/01develop/Java/jre1.8.0_181/bin;D:/01develop/Java/jre1.8.0_181/lib/amd64;D:\03work\Xftp\;D:\03work\Xshell\;C:\Program Files (x86)\Common Files\Oracle\Java\javapath;C:\WINDOWS\system32;C:\WINDOWS;C:\WINDOWS\System32\Wbem;C:\WINDOWS\System32\WindowsPowerShell\v1.0\;"D:\01develop\Java\jdk1.8.0_181\bin;D:\01develop\Java\jdk1.8.0_181\jre\bin";D:\01develop\mysql-8.0.12-winx64\bin;D:\01develop\maven\apache-maven-3.5.4\bin;D:\01develop\TortoiseGit\bin;D:\01develop\Git\cmd;C:\WINDOWS\System32\OpenSSH\;C:\Users\qs016\AppData\Local\Microsoft\WindowsApps;;D:\01develop\eclipse\jee-2018-09\eclipse;;.]
2019-04-29 13:55:27.918 [INFO ] org.apache.catalina.core.ContainerBase.[Tomcat].[localhost].[/wedding-app] - Initializing Spring embedded WebApplicationContext
2019-04-29 13:55:27.919 [INFO ] org.springframework.web.context.ContextLoader - Root WebApplicationContext: initialization completed in 2972 ms
2019-04-29 13:55:28.586 [INFO ] com.alibaba.druid.pool.DruidDataSource - {dataSource-1} inited
2019-04-29 13:55:30.036 [INFO ] org.springframework.scheduling.concurrent.ThreadPoolTaskExecutor - Initializing ExecutorService 'applicationTaskExecutor'
2019-04-29 13:55:30.559 [INFO ] org.springframework.boot.devtools.autoconfigure.OptionalLiveReloadServer - LiveReload server is running on port 35729
2019-04-29 13:55:30.598 [INFO ] org.apache.coyote.http11.Http11NioProtocol - Starting ProtocolHandler ["http-nio-8080"]
2019-04-29 13:55:30.692 [INFO ] org.springframework.boot.web.embedded.tomcat.TomcatWebServer - Tomcat started on port(s): 8080 (http) with context path '/wedding-app'
2019-04-29 13:55:30.699 [INFO ] com.application.Application - Started Application in 6.293 seconds (JVM running for 7.799)
2019-04-29 13:55:41.544 [INFO ] org.apache.catalina.core.ContainerBase.[Tomcat].[localhost].[/wedding-app] - Initializing Spring DispatcherServlet 'dispatcherServlet'
2019-04-29 13:55:41.544 [INFO ] org.springframework.web.servlet.DispatcherServlet - Initializing Servlet 'dispatcherServlet'
2019-04-29 13:55:41.550 [INFO ] org.springframework.web.servlet.DispatcherServlet - Completed initialization in 6 ms
2019-04-29 13:55:41.575 [INFO ] com.application.controller.App_pictureController - 后台  /picture
2019-04-29 13:55:41.575 [INFO ] com.application.controller.App_areaController - 后台 /area
2019-04-29 13:55:57.288 [INFO ] com.application.controller.App_userController - 后台 /login
2019-04-29 13:55:58.026 [INFO ] com.application.controller.App_userController - 后台 /login
2019-04-29 13:56:03.700 [INFO ] com.application.interceptor.TokenInterceptor - 进入tokenInterceptor拦截器
2019-04-29 14:01:23.369 [INFO ] com.application.controller.App_areaController - 后台 /area
2019-04-29 14:01:23.699 [INFO ] com.application.controller.App_pictureController - 后台  /picture
2019-04-29 14:02:14.162 [INFO ] com.application.controller.App_areaController - 后台 /area
2019-04-29 14:02:14.469 [INFO ] com.application.controller.App_pictureController - 后台  /picture
2019-04-29 14:04:04.401 [INFO ] com.application.controller.App_areaController - 后台 /area
2019-04-29 14:04:04.612 [INFO ] com.application.controller.App_pictureController - 后台  /picture
2019-04-29 14:06:06.286 [INFO ] com.application.controller.App_areaController - 后台 /area
2019-04-29 14:06:06.451 [INFO ] com.application.controller.App_pictureController - 后台  /picture
2019-04-29 14:06:23.309 [INFO ] com.application.controller.App_areaController - 后台 /area
2019-04-29 14:06:23.382 [INFO ] com.application.controller.App_pictureController - 后台  /picture
2019-04-29 14:06:38.143 [INFO ] com.application.controller.App_areaController - 后台 /area
2019-04-29 14:06:38.380 [INFO ] com.application.controller.App_pictureController - 后台  /picture
2019-04-29 14:07:25.578 [INFO ] com.application.controller.App_areaController - 后台 /area
2019-04-29 14:07:25.825 [INFO ] com.application.controller.App_pictureController - 后台  /picture
2019-04-29 14:07:47.791 [INFO ] com.application.controller.App_areaController - 后台 /area
2019-04-29 14:07:47.916 [INFO ] com.application.controller.App_pictureController - 后台  /picture
2019-04-29 14:08:05.779 [INFO ] com.application.controller.App_pictureController - 后台  /picture
2019-04-29 14:08:08.204 [INFO ] com.application.controller.App_areaController - 后台 /area
2019-04-29 14:08:44.855 [INFO ] com.application.controller.App_areaController - 后台 /area
2019-04-29 14:08:45.545 [INFO ] com.application.controller.App_pictureController - 后台  /picture
2019-04-29 14:09:03.346 [INFO ] com.application.controller.App_areaController - 后台 /area
2019-04-29 14:09:03.481 [INFO ] com.application.controller.App_pictureController - 后台  /picture
2019-04-29 14:11:43.077 [INFO ] com.application.controller.App_areaController - 后台 /area
2019-04-29 14:11:43.207 [INFO ] com.application.controller.App_pictureController - 后台  /picture
2019-04-29 14:14:43.595 [INFO ] com.application.controller.App_areaController - 后台 /area
2019-04-29 14:14:46.808 [INFO ] com.application.controller.App_pictureController - 后台  /picture
2019-04-29 14:17:12.219 [INFO ] com.application.controller.App_areaController - 后台 /area
2019-04-29 14:17:14.547 [INFO ] com.application.controller.App_pictureController - 后台  /picture
2019-04-29 14:20:50.239 [INFO ] com.application.controller.App_areaController - 后台 /area
2019-04-29 14:20:50.333 [INFO ] com.application.controller.App_pictureController - 后台  /picture
2019-04-29 14:21:18.174 [INFO ] com.application.controller.App_areaController - 后台 /area
2019-04-29 14:21:18.267 [INFO ] com.application.controller.App_pictureController - 后台  /picture
2019-04-29 14:21:35.765 [INFO ] com.application.controller.App_areaController - 后台 /area
2019-04-29 14:21:35.861 [INFO ] com.application.controller.App_pictureController - 后台  /picture
2019-04-29 14:24:56.975 [INFO ] com.application.controller.App_areaController - 后台 /area
2019-04-29 14:24:57.203 [INFO ] com.application.controller.App_pictureController - 后台  /picture
2019-04-29 14:36:56.045 [INFO ] com.application.controller.App_areaController - 后台 /area
2019-04-29 14:36:56.266 [INFO ] com.application.controller.App_pictureController - 后台  /picture
2019-04-29 14:37:11.322 [INFO ] com.application.controller.App_userController - 后台 /login
2019-04-29 14:37:12.935 [INFO ] com.application.interceptor.TokenInterceptor - 进入tokenInterceptor拦截器
2019-04-29 14:37:16.555 [INFO ] com.application.interceptor.TokenInterceptor - 进入tokenInterceptor拦截器
2019-04-29 14:38:26.821 [INFO ] com.application.controller.App_areaController - 后台 /area
2019-04-29 14:38:28.598 [INFO ] com.application.controller.App_pictureController - 后台  /picture
2019-04-29 14:38:38.078 [INFO ] com.application.controller.App_userController - 后台 /login
2019-04-29 14:38:40.178 [INFO ] com.application.interceptor.TokenInterceptor - 进入tokenInterceptor拦截器
2019-04-29 14:38:43.602 [INFO ] com.application.interceptor.TokenInterceptor - 进入tokenInterceptor拦截器
2019-04-29 14:38:47.952 [INFO ] com.application.interceptor.TokenInterceptor - 进入tokenInterceptor拦截器
2019-04-29 14:38:52.262 [INFO ] com.application.interceptor.TokenInterceptor - 进入tokenInterceptor拦截器
2019-04-29 14:38:56.273 [INFO ] com.application.interceptor.TokenInterceptor - 进入tokenInterceptor拦截器
2019-04-29 14:41:08.707 [INFO ] com.application.interceptor.TokenInterceptor - 进入tokenInterceptor拦截器
2019-04-29 14:42:15.231 [INFO ] com.application.controller.App_areaController - 后台 /area
2019-04-29 14:42:15.746 [INFO ] com.application.controller.App_pictureController - 后台  /picture
2019-04-29 14:42:25.835 [INFO ] com.application.controller.App_userController - 后台 /login
2019-04-29 14:42:27.404 [INFO ] com.application.interceptor.TokenInterceptor - 进入tokenInterceptor拦截器
2019-04-29 14:42:34.833 [INFO ] com.application.interceptor.TokenInterceptor - 进入tokenInterceptor拦截器
2019-04-29 14:42:47.282 [INFO ] com.application.interceptor.TokenInterceptor - 进入tokenInterceptor拦截器
2019-04-29 14:45:11.748 [INFO ] com.application.controller.App_areaController - 后台 /area/{parent_id}
2019-04-29 14:45:33.818 [INFO ] com.application.interceptor.TokenInterceptor - 进入tokenInterceptor拦截器
2019-04-29 14:52:17.886 [INFO ] com.application.controller.App_areaController - 后台 /area
2019-04-29 14:52:18.040 [INFO ] com.application.controller.App_pictureController - 后台  /picture
2019-04-29 14:52:33.005 [INFO ] com.application.controller.App_userController - 后台 /login
2019-04-29 14:52:34.596 [INFO ] com.application.interceptor.TokenInterceptor - 进入tokenInterceptor拦截器
2019-04-29 14:52:47.149 [INFO ] com.application.controller.App_areaController - 后台  /product/list/{id}
2019-04-29 14:53:05.060 [INFO ] com.application.interceptor.TokenInterceptor - 进入tokenInterceptor拦截器
2019-04-29 14:53:07.443 [INFO ] com.application.controller.App_areaController - 后台  /product/list/{id}
2019-04-29 14:53:20.704 [INFO ] com.application.controller.App_areaController - 后台  /product/list/{id}
2019-04-29 14:57:18.172 [INFO ] com.application.controller.App_areaController - 后台 /area
2019-04-29 14:57:18.363 [INFO ] com.application.controller.App_pictureController - 后台  /picture
2019-04-29 14:57:34.231 [INFO ] com.application.controller.App_userController - 后台 /login
2019-04-29 14:57:36.617 [INFO ] com.application.interceptor.TokenInterceptor - 进入tokenInterceptor拦截器
2019-04-29 14:57:39.048 [INFO ] com.application.controller.App_areaController - 后台  /product/list/{id}
2019-04-29 15:05:41.663 [INFO ] com.application.interceptor.TokenInterceptor - 进入tokenInterceptor拦截器
2019-04-29 15:05:41.679 [INFO ] com.application.controller.App_passengerController - 后台 /user/{user_id}
2019-04-29 15:05:50.329 [INFO ] com.application.interceptor.TokenInterceptor - 进入tokenInterceptor拦截器
2019-04-29 15:05:50.333 [INFO ] com.application.controller.App_passengerController - 后台 /passenger/{user_id}/{passenger_id}
2019-04-29 15:09:00.837 [INFO ] com.application.interceptor.TokenInterceptor - 进入tokenInterceptor拦截器
2019-04-29 15:09:42.393 [INFO ] com.application.interceptor.TokenInterceptor - 进入tokenInterceptor拦截器
2019-04-29 15:10:45.818 [INFO ] com.application.interceptor.TokenInterceptor - 进入tokenInterceptor拦截器
2019-04-29 15:10:49.916 [INFO ] com.application.controller.App_areaController - 后台  /product/list/{id}
2019-04-29 15:10:59.861 [INFO ] com.application.interceptor.TokenInterceptor - 进入tokenInterceptor拦截器
2019-04-29 15:14:06.496 [INFO ] org.springframework.scheduling.concurrent.ThreadPoolTaskExecutor - Shutting down ExecutorService 'applicationTaskExecutor'
2019-04-29 15:14:06.531 [INFO ] com.alibaba.druid.pool.DruidDataSource - {dataSource-1} closed
2019-04-29 15:14:07.210 [INFO ] com.application.Application - Starting Application on DESKTOP-7RKQL44 with PID 7152 (E:\git\wedding\wedding-app\wedding-app\target\classes started by qs016 in E:\git\wedding\wedding-app\wedding-app)
2019-04-29 15:14:07.210 [INFO ] com.application.Application - The following profiles are active: test
2019-04-29 15:14:08.326 [INFO ] org.springframework.boot.web.embedded.tomcat.TomcatWebServer - Tomcat initialized with port(s): 8080 (http)
2019-04-29 15:14:08.327 [INFO ] org.apache.coyote.http11.Http11NioProtocol - Initializing ProtocolHandler ["http-nio-8080"]
2019-04-29 15:14:08.327 [INFO ] org.apache.catalina.core.StandardService - Starting service [Tomcat]
2019-04-29 15:14:08.327 [INFO ] org.apache.catalina.core.StandardEngine - Starting Servlet engine: [Apache Tomcat/9.0.16]
2019-04-29 15:14:08.353 [INFO ] org.apache.catalina.core.ContainerBase.[Tomcat].[localhost].[/wedding-app] - Initializing Spring embedded WebApplicationContext
2019-04-29 15:14:08.353 [INFO ] org.springframework.web.context.ContextLoader - Root WebApplicationContext: initialization completed in 1137 ms
2019-04-29 15:14:08.491 [INFO ] com.alibaba.druid.pool.DruidDataSource - {dataSource-2} inited
2019-04-29 15:14:09.855 [INFO ] org.springframework.scheduling.concurrent.ThreadPoolTaskExecutor - Initializing ExecutorService 'applicationTaskExecutor'
2019-04-29 15:14:10.120 [INFO ] org.springframework.boot.devtools.autoconfigure.OptionalLiveReloadServer - LiveReload server is running on port 35729
2019-04-29 15:14:10.138 [INFO ] org.apache.coyote.http11.Http11NioProtocol - Starting ProtocolHandler ["http-nio-8080"]
2019-04-29 15:14:10.142 [INFO ] org.springframework.boot.web.embedded.tomcat.TomcatWebServer - Tomcat started on port(s): 8080 (http) with context path '/wedding-app'
2019-04-29 15:14:10.143 [INFO ] com.application.Application - Started Application in 3.079 seconds (JVM running for 4727.243)
2019-04-29 15:14:10.146 [INFO ] org.springframework.boot.devtools.autoconfigure.ConditionEvaluationDeltaLoggingListener - Condition evaluation unchanged
2019-04-29 15:58:29.599 [INFO ] com.application.Application - Starting Application on DESKTOP-7RKQL44 with PID 20436 (E:\git\wedding\wedding-app\wedding-app\target\classes started by qs016 in E:\git\wedding\wedding-app\wedding-app)
2019-04-29 15:58:29.601 [INFO ] com.application.Application - The following profiles are active: test
2019-04-29 15:58:29.674 [INFO ] org.springframework.boot.devtools.env.DevToolsPropertyDefaultsPostProcessor - Devtools property defaults active! Set 'spring.devtools.add-properties' to 'false' to disable
2019-04-29 15:58:29.674 [INFO ] org.springframework.boot.devtools.env.DevToolsPropertyDefaultsPostProcessor - For additional web related logging consider setting the 'logging.level.web' property to 'DEBUG'
2019-04-29 15:58:31.930 [INFO ] org.springframework.boot.web.embedded.tomcat.TomcatWebServer - Tomcat initialized with port(s): 8080 (http)
2019-04-29 15:58:31.957 [INFO ] org.apache.coyote.http11.Http11NioProtocol - Initializing ProtocolHandler ["http-nio-8080"]
2019-04-29 15:58:31.972 [INFO ] org.apache.catalina.core.StandardService - Starting service [Tomcat]
2019-04-29 15:58:31.972 [INFO ] org.apache.catalina.core.StandardEngine - Starting Servlet engine: [Apache Tomcat/9.0.16]
2019-04-29 15:58:31.984 [INFO ] org.apache.catalina.core.AprLifecycleListener - The APR based Apache Tomcat Native library which allows optimal performance in production environments was not found on the java.library.path: [D:\01develop\Java\jdk1.8.0_181\bin;C:\WINDOWS\Sun\Java\bin;C:\WINDOWS\system32;C:\WINDOWS;D:/01develop/Java/jre1.8.0_181/bin/server;D:/01develop/Java/jre1.8.0_181/bin;D:/01develop/Java/jre1.8.0_181/lib/amd64;D:\03work\Xftp\;D:\03work\Xshell\;C:\Program Files (x86)\Common Files\Oracle\Java\javapath;C:\WINDOWS\system32;C:\WINDOWS;C:\WINDOWS\System32\Wbem;C:\WINDOWS\System32\WindowsPowerShell\v1.0\;"D:\01develop\Java\jdk1.8.0_181\bin;D:\01develop\Java\jdk1.8.0_181\jre\bin";D:\01develop\mysql-8.0.12-winx64\bin;D:\01develop\maven\apache-maven-3.5.4\bin;D:\01develop\TortoiseGit\bin;D:\01develop\Git\cmd;C:\WINDOWS\System32\OpenSSH\;C:\Users\qs016\AppData\Local\Microsoft\WindowsApps;;D:\01develop\eclipse\jee-2018-09\eclipse;;.]
2019-04-29 15:58:32.103 [INFO ] org.apache.catalina.core.ContainerBase.[Tomcat].[localhost].[/wedding-app] - Initializing Spring embedded WebApplicationContext
2019-04-29 15:58:32.103 [INFO ] org.springframework.web.context.ContextLoader - Root WebApplicationContext: initialization completed in 2429 ms
2019-04-29 15:58:32.619 [INFO ] com.alibaba.druid.pool.DruidDataSource - {dataSource-1} inited
2019-04-29 15:58:33.955 [INFO ] org.springframework.scheduling.concurrent.ThreadPoolTaskExecutor - Initializing ExecutorService 'applicationTaskExecutor'
2019-04-29 15:58:34.326 [INFO ] org.springframework.boot.devtools.autoconfigure.OptionalLiveReloadServer - LiveReload server is running on port 35729
2019-04-29 15:58:34.361 [INFO ] org.apache.coyote.http11.Http11NioProtocol - Starting ProtocolHandler ["http-nio-8080"]
2019-04-29 15:58:34.418 [INFO ] org.springframework.boot.web.embedded.tomcat.TomcatWebServer - Tomcat started on port(s): 8080 (http) with context path '/wedding-app'
2019-04-29 15:58:34.421 [INFO ] com.application.Application - Started Application in 5.203 seconds (JVM running for 6.41)
2019-04-29 15:58:39.743 [INFO ] org.apache.tomcat.util.http.parser.Cookie - A cookie header was received [1553670045,1554704549] that contained an invalid cookie. That cookie will be ignored.
 Note: further occurrences of this error will be logged at DEBUG level.
2019-04-29 15:58:39.763 [INFO ] org.apache.catalina.core.ContainerBase.[Tomcat].[localhost].[/wedding-app] - Initializing Spring DispatcherServlet 'dispatcherServlet'
2019-04-29 15:58:39.763 [INFO ] org.springframework.web.servlet.DispatcherServlet - Initializing Servlet 'dispatcherServlet'
2019-04-29 15:58:39.772 [INFO ] org.springframework.web.servlet.DispatcherServlet - Completed initialization in 9 ms
2019-04-29 15:58:39.820 [INFO ] com.application.interceptor.TokenInterceptor - 进入tokenInterceptor拦截器
2019-04-29 16:00:08.296 [INFO ] com.application.controller.App_areaController - 后台 /area
2019-04-29 16:00:08.424 [INFO ] com.application.controller.App_pictureController - 后台  /picture
2019-04-29 16:00:33.106 [INFO ] com.application.Application - Starting Application on DESKTOP-7RKQL44 with PID 8452 (E:\git\wedding\wedding-app\wedding-app\target\classes started by qs016 in E:\git\wedding\wedding-app\wedding-app)
2019-04-29 16:00:33.114 [INFO ] com.application.Application - The following profiles are active: test
2019-04-29 16:00:33.194 [INFO ] org.springframework.boot.devtools.env.DevToolsPropertyDefaultsPostProcessor - Devtools property defaults active! Set 'spring.devtools.add-properties' to 'false' to disable
2019-04-29 16:00:33.194 [INFO ] org.springframework.boot.devtools.env.DevToolsPropertyDefaultsPostProcessor - For additional web related logging consider setting the 'logging.level.web' property to 'DEBUG'
2019-04-29 16:00:35.821 [INFO ] org.springframework.boot.web.embedded.tomcat.TomcatWebServer - Tomcat initialized with port(s): 8080 (http)
2019-04-29 16:00:35.844 [INFO ] org.apache.coyote.http11.Http11NioProtocol - Initializing ProtocolHandler ["http-nio-8080"]
2019-04-29 16:00:35.856 [INFO ] org.apache.catalina.core.StandardService - Starting service [Tomcat]
2019-04-29 16:00:35.856 [INFO ] org.apache.catalina.core.StandardEngine - Starting Servlet engine: [Apache Tomcat/9.0.16]
2019-04-29 16:00:35.873 [INFO ] org.apache.catalina.core.AprLifecycleListener - The APR based Apache Tomcat Native library which allows optimal performance in production environments was not found on the java.library.path: [D:\01develop\Java\jdk1.8.0_181\bin;C:\WINDOWS\Sun\Java\bin;C:\WINDOWS\system32;C:\WINDOWS;D:/01develop/Java/jre1.8.0_181/bin/server;D:/01develop/Java/jre1.8.0_181/bin;D:/01develop/Java/jre1.8.0_181/lib/amd64;D:\03work\Xftp\;D:\03work\Xshell\;C:\Program Files (x86)\Common Files\Oracle\Java\javapath;C:\WINDOWS\system32;C:\WINDOWS;C:\WINDOWS\System32\Wbem;C:\WINDOWS\System32\WindowsPowerShell\v1.0\;"D:\01develop\Java\jdk1.8.0_181\bin;D:\01develop\Java\jdk1.8.0_181\jre\bin";D:\01develop\mysql-8.0.12-winx64\bin;D:\01develop\maven\apache-maven-3.5.4\bin;D:\01develop\TortoiseGit\bin;D:\01develop\Git\cmd;C:\WINDOWS\System32\OpenSSH\;C:\Users\qs016\AppData\Local\Microsoft\WindowsApps;;D:\01develop\eclipse\jee-2018-09\eclipse;;.]
2019-04-29 16:00:35.999 [INFO ] org.apache.catalina.core.ContainerBase.[Tomcat].[localhost].[/wedding-app] - Initializing Spring embedded WebApplicationContext
2019-04-29 16:00:36.000 [INFO ] org.springframework.web.context.ContextLoader - Root WebApplicationContext: initialization completed in 2806 ms
2019-04-29 16:00:36.466 [INFO ] com.alibaba.druid.pool.DruidDataSource - {dataSource-1} inited
2019-04-29 16:00:37.809 [INFO ] org.springframework.scheduling.concurrent.ThreadPoolTaskExecutor - Initializing ExecutorService 'applicationTaskExecutor'
2019-04-29 16:00:38.235 [INFO ] org.springframework.boot.devtools.autoconfigure.OptionalLiveReloadServer - LiveReload server is running on port 35729
2019-04-29 16:00:38.314 [INFO ] org.apache.coyote.http11.Http11NioProtocol - Starting ProtocolHandler ["http-nio-8080"]
2019-04-29 16:00:38.413 [INFO ] org.springframework.boot.web.embedded.tomcat.TomcatWebServer - Tomcat started on port(s): 8080 (http) with context path '/wedding-app'
2019-04-29 16:00:38.418 [INFO ] com.application.Application - Started Application in 5.926 seconds (JVM running for 8.502)
2019-04-29 16:00:54.990 [INFO ] org.apache.catalina.core.ContainerBase.[Tomcat].[localhost].[/wedding-app] - Initializing Spring DispatcherServlet 'dispatcherServlet'
2019-04-29 16:00:54.990 [INFO ] org.springframework.web.servlet.DispatcherServlet - Initializing Servlet 'dispatcherServlet'
2019-04-29 16:00:55.002 [INFO ] org.springframework.web.servlet.DispatcherServlet - Completed initialization in 12 ms
2019-04-29 16:00:55.053 [INFO ] com.application.controller.App_userController - 后台 /login
2019-04-29 16:00:59.069 [INFO ] com.application.interceptor.TokenInterceptor - 进入tokenInterceptor拦截器
2019-04-29 16:01:46.730 [INFO ] com.application.interceptor.TokenInterceptor - 进入tokenInterceptor拦截器
2019-04-29 16:01:56.898 [INFO ] com.application.interceptor.TokenInterceptor - 进入tokenInterceptor拦截器
2019-04-29 16:02:27.767 [INFO ] com.application.interceptor.TokenInterceptor - 进入tokenInterceptor拦截器
2019-04-29 16:02:45.746 [INFO ] com.application.interceptor.TokenInterceptor - 进入tokenInterceptor拦截器
2019-04-29 16:02:49.750 [INFO ] com.application.interceptor.TokenInterceptor - 进入tokenInterceptor拦截器
2019-04-29 16:02:54.410 [INFO ] com.application.interceptor.TokenInterceptor - 进入tokenInterceptor拦截器
2019-04-29 16:27:39.175 [INFO ] com.application.controller.App_pictureController - 后台  /picture
2019-04-29 16:27:39.175 [INFO ] com.application.controller.App_areaController - 后台 /area
2019-04-29 16:28:14.184 [INFO ] com.application.controller.App_areaController - 后台 /area
2019-04-29 16:28:14.209 [INFO ] com.application.controller.App_pictureController - 后台  /picture
2019-04-29 16:30:07.601 [INFO ] com.application.controller.App_areaController - 后台 /area
2019-04-29 16:30:07.637 [INFO ] com.application.controller.App_pictureController - 后台  /picture
2019-04-29 16:33:37.248 [INFO ] com.application.controller.App_areaController - 后台 /area
2019-04-29 16:33:37.370 [INFO ] com.application.controller.App_pictureController - 后台  /picture
2019-04-29 16:33:58.484 [INFO ] com.application.controller.App_areaController - 后台 /area
2019-04-29 16:33:58.555 [INFO ] com.application.controller.App_pictureController - 后台  /picture
2019-04-29 16:35:23.011 [INFO ] com.application.controller.App_areaController - 后台 /area
2019-04-29 16:35:23.105 [INFO ] com.application.controller.App_pictureController - 后台  /picture
2019-04-29 16:35:41.935 [INFO ] com.application.controller.App_areaController - 后台 /area
2019-04-29 16:35:41.958 [INFO ] com.application.controller.App_pictureController - 后台  /picture
2019-04-29 16:37:13.930 [INFO ] com.application.controller.App_areaController - 后台 /area
2019-04-29 16:37:14.456 [INFO ] com.application.controller.App_pictureController - 后台  /picture
2019-04-29 16:37:25.923 [INFO ] com.application.controller.App_userController - 后台 /login
2019-04-29 16:37:27.399 [INFO ] com.application.interceptor.TokenInterceptor - 进入tokenInterceptor拦截器
2019-04-29 16:37:34.799 [INFO ] com.application.interceptor.TokenInterceptor - 进入tokenInterceptor拦截器
2019-04-29 16:38:14.036 [INFO ] com.application.controller.App_areaController - 后台 /area
2019-04-29 16:38:25.305 [INFO ] com.application.controller.App_pictureController - 后台  /picture
2019-04-29 16:38:51.370 [INFO ] com.application.controller.App_userController - 后台 /login
2019-04-29 16:38:55.973 [INFO ] com.application.interceptor.TokenInterceptor - 进入tokenInterceptor拦截器
2019-04-29 16:43:16.091 [INFO ] com.application.controller.App_areaController - 后台 /area
2019-04-29 16:43:16.148 [INFO ] com.application.controller.App_pictureController - 后台  /picture
2019-04-29 16:43:33.166 [INFO ] com.application.controller.App_userController - 后台 /login
2019-04-29 16:43:35.352 [INFO ] com.application.interceptor.TokenInterceptor - 进入tokenInterceptor拦截器
2019-04-29 16:43:58.758 [INFO ] com.application.controller.App_areaController - 后台 /area
2019-04-29 16:43:59.717 [INFO ] com.application.controller.App_pictureController - 后台  /picture
2019-04-29 16:44:16.323 [INFO ] com.application.controller.App_userController - 后台 /login
2019-04-29 16:44:18.281 [INFO ] com.application.interceptor.TokenInterceptor - 进入tokenInterceptor拦截器
2019-04-29 16:44:59.078 [INFO ] com.application.interceptor.TokenInterceptor - 进入tokenInterceptor拦截器
2019-04-29 16:45:38.496 [INFO ] com.application.controller.App_areaController - 后台 /area
2019-04-29 16:45:38.581 [INFO ] com.application.controller.App_pictureController - 后台  /picture
2019-04-29 16:45:51.726 [INFO ] com.application.controller.App_userController - 后台 /login
2019-04-29 16:45:53.095 [INFO ] com.application.interceptor.TokenInterceptor - 进入tokenInterceptor拦截器
2019-04-29 16:46:23.315 [INFO ] com.application.controller.App_areaController - 后台 /area
2019-04-29 16:46:23.400 [INFO ] com.application.controller.App_pictureController - 后台  /picture
2019-04-29 16:46:33.576 [INFO ] com.application.controller.App_userController - 后台 /login
2019-04-29 16:46:35.121 [INFO ] com.application.interceptor.TokenInterceptor - 进入tokenInterceptor拦截器
2019-04-29 16:53:10.020 [INFO ] com.application.controller.App_areaController - 后台 /area
2019-04-29 16:53:11.203 [INFO ] com.application.controller.App_pictureController - 后台  /picture
2019-04-29 16:53:22.339 [INFO ] com.application.controller.App_userController - 后台 /login
2019-04-29 16:53:23.885 [INFO ] com.application.interceptor.TokenInterceptor - 进入tokenInterceptor拦截器
2019-04-29 16:53:41.209 [INFO ] com.application.interceptor.TokenInterceptor - 进入tokenInterceptor拦截器
2019-04-29 16:54:31.621 [INFO ] com.application.interceptor.TokenInterceptor - 进入tokenInterceptor拦截器
2019-04-29 16:54:45.710 [INFO ] com.application.interceptor.TokenInterceptor - 进入tokenInterceptor拦截器
2019-04-29 16:55:48.091 [INFO ] org.springframework.scheduling.concurrent.ThreadPoolTaskExecutor - Shutting down ExecutorService 'applicationTaskExecutor'
2019-04-29 16:55:48.126 [INFO ] com.alibaba.druid.pool.DruidDataSource - {dataSource-1} closed
2019-04-29 16:55:49.240 [INFO ] com.application.Application - Starting Application on DESKTOP-7RKQL44 with PID 8452 (E:\git\wedding\wedding-app\wedding-app\target\classes started by qs016 in E:\git\wedding\wedding-app\wedding-app)
2019-04-29 16:55:49.240 [INFO ] com.application.Application - The following profiles are active: test
2019-04-29 16:55:50.882 [INFO ] org.springframework.boot.web.embedded.tomcat.TomcatWebServer - Tomcat initialized with port(s): 8080 (http)
2019-04-29 16:55:50.883 [INFO ] org.apache.coyote.http11.Http11NioProtocol - Initializing ProtocolHandler ["http-nio-8080"]
2019-04-29 16:55:50.884 [INFO ] org.apache.catalina.core.StandardService - Starting service [Tomcat]
2019-04-29 16:55:50.884 [INFO ] org.apache.catalina.core.StandardEngine - Starting Servlet engine: [Apache Tomcat/9.0.16]
2019-04-29 16:55:50.940 [INFO ] org.apache.catalina.core.ContainerBase.[Tomcat].[localhost].[/wedding-app] - Initializing Spring embedded WebApplicationContext
2019-04-29 16:55:50.941 [INFO ] org.springframework.web.context.ContextLoader - Root WebApplicationContext: initialization completed in 1695 ms
2019-04-29 16:55:51.042 [INFO ] com.alibaba.druid.pool.DruidDataSource - {dataSource-2} inited
2019-04-29 16:55:51.762 [INFO ] org.springframework.scheduling.concurrent.ThreadPoolTaskExecutor - Initializing ExecutorService 'applicationTaskExecutor'
2019-04-29 16:55:51.992 [INFO ] org.springframework.boot.devtools.autoconfigure.OptionalLiveReloadServer - LiveReload server is running on port 35729
2019-04-29 16:55:52.017 [INFO ] org.apache.coyote.http11.Http11NioProtocol - Starting ProtocolHandler ["http-nio-8080"]
2019-04-29 16:55:52.030 [INFO ] org.springframework.boot.web.embedded.tomcat.TomcatWebServer - Tomcat started on port(s): 8080 (http) with context path '/wedding-app'
2019-04-29 16:55:52.032 [INFO ] com.application.Application - Started Application in 3.426 seconds (JVM running for 3322.117)
2019-04-29 16:55:52.043 [INFO ] org.springframework.boot.devtools.autoconfigure.ConditionEvaluationDeltaLoggingListener - Condition evaluation unchanged
2019-04-29 16:55:55.867 [INFO ] org.apache.catalina.core.ContainerBase.[Tomcat].[localhost].[/wedding-app] - Initializing Spring DispatcherServlet 'dispatcherServlet'
2019-04-29 16:55:55.869 [INFO ] org.springframework.web.servlet.DispatcherServlet - Initializing Servlet 'dispatcherServlet'
2019-04-29 16:55:55.877 [INFO ] org.springframework.web.servlet.DispatcherServlet - Completed initialization in 8 ms
2019-04-29 16:55:55.879 [INFO ] com.application.interceptor.TokenInterceptor - 进入tokenInterceptor拦截器
2019-04-29 16:56:04.408 [INFO ] com.application.interceptor.TokenInterceptor - 进入tokenInterceptor拦截器
2019-04-29 16:56:24.585 [INFO ] com.application.interceptor.TokenInterceptor - 进入tokenInterceptor拦截器
2019-04-29 16:57:09.339 [INFO ] com.application.controller.App_areaController - 后台 /area
2019-04-29 16:57:09.455 [INFO ] com.application.controller.App_pictureController - 后台  /picture
2019-04-29 16:57:20.719 [INFO ] com.application.controller.App_userController - 后台 /login
2019-04-29 16:57:22.325 [INFO ] com.application.interceptor.TokenInterceptor - 进入tokenInterceptor拦截器
2019-04-29 16:57:25.558 [INFO ] com.application.interceptor.TokenInterceptor - 进入tokenInterceptor拦截器
2019-04-29 16:57:28.148 [INFO ] com.application.interceptor.TokenInterceptor - 进入tokenInterceptor拦截器
2019-04-29 16:57:34.292 [INFO ] com.application.interceptor.TokenInterceptor - 进入tokenInterceptor拦截器
2019-04-29 16:57:37.930 [INFO ] com.application.interceptor.TokenInterceptor - 进入tokenInterceptor拦截器
2019-04-29 16:57:39.623 [INFO ] com.application.interceptor.TokenInterceptor - 进入tokenInterceptor拦截器
2019-04-29 16:57:40.754 [INFO ] com.application.interceptor.TokenInterceptor - 进入tokenInterceptor拦截器
2019-04-29 16:57:42.503 [INFO ] com.application.interceptor.TokenInterceptor - 进入tokenInterceptor拦截器
2019-04-29 16:57:46.151 [INFO ] com.application.interceptor.TokenInterceptor - 进入tokenInterceptor拦截器
2019-04-29 16:57:48.960 [INFO ] com.application.interceptor.TokenInterceptor - 进入tokenInterceptor拦截器
2019-04-29 16:57:49.386 [INFO ] com.application.interceptor.TokenInterceptor - 进入tokenInterceptor拦截器
2019-04-29 16:57:49.960 [INFO ] com.application.interceptor.TokenInterceptor - 进入tokenInterceptor拦截器
2019-04-29 16:57:51.400 [INFO ] com.application.interceptor.TokenInterceptor - 进入tokenInterceptor拦截器
2019-04-29 16:57:52.007 [INFO ] com.application.interceptor.TokenInterceptor - 进入tokenInterceptor拦截器
2019-04-29 16:57:52.731 [INFO ] com.application.interceptor.TokenInterceptor - 进入tokenInterceptor拦截器
2019-04-29 16:58:01.755 [INFO ] com.application.interceptor.TokenInterceptor - 进入tokenInterceptor拦截器
2019-04-29 16:58:01.860 [INFO ] com.application.interceptor.TokenInterceptor - 进入tokenInterceptor拦截器
2019-04-29 16:58:04.105 [INFO ] com.application.interceptor.TokenInterceptor - 进入tokenInterceptor拦截器
2019-04-29 16:58:04.218 [INFO ] com.application.interceptor.TokenInterceptor - 进入tokenInterceptor拦截器
2019-04-29 16:58:06.480 [INFO ] com.application.interceptor.TokenInterceptor - 进入tokenInterceptor拦截器
2019-04-29 16:58:06.562 [INFO ] com.application.interceptor.TokenInterceptor - 进入tokenInterceptor拦截器
2019-04-29 16:58:08.465 [INFO ] com.application.interceptor.TokenInterceptor - 进入tokenInterceptor拦截器
2019-04-29 16:58:08.550 [INFO ] com.application.interceptor.TokenInterceptor - 进入tokenInterceptor拦截器
2019-04-29 16:59:03.152 [INFO ] com.application.interceptor.TokenInterceptor - 进入tokenInterceptor拦截器
2019-04-29 16:59:05.875 [INFO ] com.application.interceptor.TokenInterceptor - 进入tokenInterceptor拦截器
2019-04-29 16:59:10.552 [INFO ] com.application.interceptor.TokenInterceptor - 进入tokenInterceptor拦截器
2019-04-29 16:59:10.753 [INFO ] com.application.interceptor.TokenInterceptor - 进入tokenInterceptor拦截器
2019-04-29 16:59:14.689 [INFO ] com.application.interceptor.TokenInterceptor - 进入tokenInterceptor拦截器
2019-04-29 16:59:20.010 [INFO ] com.application.interceptor.TokenInterceptor - 进入tokenInterceptor拦截器
2019-04-29 16:59:25.701 [INFO ] com.application.interceptor.TokenInterceptor - 进入tokenInterceptor拦截器
2019-04-29 16:59:27.695 [INFO ] com.application.interceptor.TokenInterceptor - 进入tokenInterceptor拦截器
2019-04-29 16:59:27.975 [INFO ] com.application.interceptor.TokenInterceptor - 进入tokenInterceptor拦截器
2019-04-29 16:59:31.897 [INFO ] com.application.interceptor.TokenInterceptor - 进入tokenInterceptor拦截器
2019-04-29 16:59:55.415 [INFO ] com.application.interceptor.TokenInterceptor - 进入tokenInterceptor拦截器
2019-04-29 17:00:02.030 [INFO ] com.application.controller.App_areaController - 后台 /product/list/{type}
2019-04-29 17:00:03.304 [INFO ] com.application.controller.App_areaController - 后台 /product/list/{type}
2019-04-29 17:00:04.039 [INFO ] com.application.controller.App_areaController - 后台 /product/list/{type}
2019-04-29 17:00:04.519 [INFO ] com.application.controller.App_areaController - 后台 /product/list/{type}
2019-04-29 17:00:05.635 [INFO ] com.application.controller.App_areaController - 后台  /product/list/{id}
2019-04-29 17:20:51.947 [INFO ] org.springframework.scheduling.concurrent.ThreadPoolTaskExecutor - Shutting down ExecutorService 'applicationTaskExecutor'
2019-04-29 17:20:51.949 [INFO ] com.alibaba.druid.pool.DruidDataSource - {dataSource-2} closed
2019-04-29 17:20:52.454 [INFO ] com.application.Application - Starting Application on DESKTOP-7RKQL44 with PID 8452 (E:\git\wedding\wedding-app\wedding-app\target\classes started by qs016 in E:\git\wedding\wedding-app\wedding-app)
2019-04-29 17:20:52.454 [INFO ] com.application.Application - The following profiles are active: test
2019-04-29 17:20:53.440 [INFO ] org.springframework.boot.web.embedded.tomcat.TomcatWebServer - Tomcat initialized with port(s): 8080 (http)
2019-04-29 17:20:53.443 [INFO ] org.apache.coyote.http11.Http11NioProtocol - Initializing ProtocolHandler ["http-nio-8080"]
2019-04-29 17:20:53.444 [INFO ] org.apache.catalina.core.StandardService - Starting service [Tomcat]
2019-04-29 17:20:53.445 [INFO ] org.apache.catalina.core.StandardEngine - Starting Servlet engine: [Apache Tomcat/9.0.16]
2019-04-29 17:20:53.504 [INFO ] org.apache.catalina.core.ContainerBase.[Tomcat].[localhost].[/wedding-app] - Initializing Spring embedded WebApplicationContext
2019-04-29 17:20:53.504 [INFO ] org.springframework.web.context.ContextLoader - Root WebApplicationContext: initialization completed in 1040 ms
2019-04-29 17:20:53.637 [INFO ] com.alibaba.druid.pool.DruidDataSource - {dataSource-3} inited
2019-04-29 17:20:54.768 [INFO ] org.springframework.scheduling.concurrent.ThreadPoolTaskExecutor - Initializing ExecutorService 'applicationTaskExecutor'
2019-04-29 17:20:55.064 [INFO ] org.springframework.boot.devtools.autoconfigure.OptionalLiveReloadServer - LiveReload server is running on port 35729
2019-04-29 17:20:55.080 [INFO ] org.apache.coyote.http11.Http11NioProtocol - Starting ProtocolHandler ["http-nio-8080"]
2019-04-29 17:20:55.087 [INFO ] org.springframework.boot.web.embedded.tomcat.TomcatWebServer - Tomcat started on port(s): 8080 (http) with context path '/wedding-app'
2019-04-29 17:20:55.088 [INFO ] com.application.Application - Started Application in 2.85 seconds (JVM running for 4825.172)
2019-04-29 17:20:55.091 [INFO ] org.springframework.boot.devtools.autoconfigure.ConditionEvaluationDeltaLoggingListener - Condition evaluation unchanged
2019-04-29 17:23:37.880 [INFO ] org.springframework.scheduling.concurrent.ThreadPoolTaskExecutor - Shutting down ExecutorService 'applicationTaskExecutor'
2019-04-29 17:23:37.885 [INFO ] com.alibaba.druid.pool.DruidDataSource - {dataSource-3} closed
2019-04-29 17:23:38.345 [INFO ] com.application.Application - Starting Application on DESKTOP-7RKQL44 with PID 8452 (E:\git\wedding\wedding-app\wedding-app\target\classes started by qs016 in E:\git\wedding\wedding-app\wedding-app)
2019-04-29 17:23:38.345 [INFO ] com.application.Application - The following profiles are active: test
2019-04-29 17:23:39.135 [INFO ] org.springframework.boot.web.embedded.tomcat.TomcatWebServer - Tomcat initialized with port(s): 8080 (http)
2019-04-29 17:23:39.137 [INFO ] org.apache.coyote.http11.Http11NioProtocol - Initializing ProtocolHandler ["http-nio-8080"]
2019-04-29 17:23:39.138 [INFO ] org.apache.catalina.core.StandardService - Starting service [Tomcat]
2019-04-29 17:23:39.138 [INFO ] org.apache.catalina.core.StandardEngine - Starting Servlet engine: [Apache Tomcat/9.0.16]
2019-04-29 17:23:39.163 [INFO ] org.apache.catalina.core.ContainerBase.[Tomcat].[localhost].[/wedding-app] - Initializing Spring embedded WebApplicationContext
2019-04-29 17:23:39.163 [INFO ] org.springframework.web.context.ContextLoader - Root WebApplicationContext: initialization completed in 815 ms
2019-04-29 17:23:39.262 [INFO ] com.alibaba.druid.pool.DruidDataSource - {dataSource-4} inited
2019-04-29 17:42:54.293 [INFO ] com.application.Application - Starting Application on DESKTOP-7RKQL44 with PID 20484 (E:\git\wedding\wedding-app\wedding-app\target\classes started by qs016 in E:\git\wedding\wedding-app\wedding-app)
2019-04-29 17:42:54.296 [INFO ] com.application.Application - The following profiles are active: test
2019-04-29 17:42:54.343 [INFO ] org.springframework.boot.devtools.env.DevToolsPropertyDefaultsPostProcessor - Devtools property defaults active! Set 'spring.devtools.add-properties' to 'false' to disable
2019-04-29 17:42:54.344 [INFO ] org.springframework.boot.devtools.env.DevToolsPropertyDefaultsPostProcessor - For additional web related logging consider setting the 'logging.level.web' property to 'DEBUG'
2019-04-29 17:42:56.058 [INFO ] org.springframework.boot.web.embedded.tomcat.TomcatWebServer - Tomcat initialized with port(s): 8080 (http)
2019-04-29 17:42:56.089 [INFO ] org.apache.coyote.http11.Http11NioProtocol - Initializing ProtocolHandler ["http-nio-8080"]
2019-04-29 17:42:56.100 [INFO ] org.apache.catalina.core.StandardService - Starting service [Tomcat]
2019-04-29 17:42:56.101 [INFO ] org.apache.catalina.core.StandardEngine - Starting Servlet engine: [Apache Tomcat/9.0.16]
2019-04-29 17:42:56.120 [INFO ] org.apache.catalina.core.AprLifecycleListener - The APR based Apache Tomcat Native library which allows optimal performance in production environments was not found on the java.library.path: [D:\01develop\Java\jdk1.8.0_181\bin;C:\WINDOWS\Sun\Java\bin;C:\WINDOWS\system32;C:\WINDOWS;D:/01develop/Java/jre1.8.0_181/bin/server;D:/01develop/Java/jre1.8.0_181/bin;D:/01develop/Java/jre1.8.0_181/lib/amd64;D:\03work\Xftp\;D:\03work\Xshell\;C:\Program Files (x86)\Common Files\Oracle\Java\javapath;C:\WINDOWS\system32;C:\WINDOWS;C:\WINDOWS\System32\Wbem;C:\WINDOWS\System32\WindowsPowerShell\v1.0\;"D:\01develop\Java\jdk1.8.0_181\bin;D:\01develop\Java\jdk1.8.0_181\jre\bin";D:\01develop\mysql-8.0.12-winx64\bin;D:\01develop\maven\apache-maven-3.5.4\bin;D:\01develop\TortoiseGit\bin;D:\01develop\Git\cmd;C:\WINDOWS\System32\OpenSSH\;C:\Users\qs016\AppData\Local\Microsoft\WindowsApps;;D:\01develop\eclipse\jee-2018-09\eclipse;;.]
2019-04-29 17:42:56.249 [INFO ] org.apache.catalina.core.ContainerBase.[Tomcat].[localhost].[/wedding-app] - Initializing Spring embedded WebApplicationContext
2019-04-29 17:42:56.250 [INFO ] org.springframework.web.context.ContextLoader - Root WebApplicationContext: initialization completed in 1906 ms
2019-04-29 17:42:56.640 [INFO ] com.alibaba.druid.pool.DruidDataSource - {dataSource-1} inited
2019-04-29 17:42:57.564 [INFO ] org.springframework.scheduling.concurrent.ThreadPoolTaskExecutor - Initializing ExecutorService 'applicationTaskExecutor'
2019-04-29 17:42:57.953 [INFO ] org.springframework.boot.devtools.autoconfigure.OptionalLiveReloadServer - LiveReload server is running on port 35729
2019-04-29 17:42:57.990 [INFO ] org.apache.coyote.http11.Http11NioProtocol - Starting ProtocolHandler ["http-nio-8080"]
2019-04-29 17:42:58.021 [INFO ] org.springframework.boot.web.embedded.tomcat.TomcatWebServer - Tomcat started on port(s): 8080 (http) with context path '/wedding-app'
2019-04-29 17:42:58.025 [INFO ] com.application.Application - Started Application in 4.185 seconds (JVM running for 4.922)
2019-04-29 17:43:01.877 [INFO ] org.apache.catalina.core.ContainerBase.[Tomcat].[localhost].[/wedding-app] - Initializing Spring DispatcherServlet 'dispatcherServlet'
2019-04-29 17:43:01.877 [INFO ] org.springframework.web.servlet.DispatcherServlet - Initializing Servlet 'dispatcherServlet'
2019-04-29 17:43:01.890 [INFO ] org.springframework.web.servlet.DispatcherServlet - Completed initialization in 13 ms
2019-04-29 17:43:01.947 [INFO ] com.application.controller.App_areaController - 后台  /product/list/{id}
2019-04-29 17:58:25.199 [INFO ] com.application.controller.App_areaController - 后台 /area
2019-04-29 17:58:25.222 [INFO ] com.application.controller.App_pictureController - 后台  /picture
2019-04-29 17:58:32.197 [INFO ] com.application.controller.App_areaController - 后台 /product/list/{type}
2019-04-29 17:58:35.310 [INFO ] com.application.controller.App_areaController - 后台  /product/list/{id}
2019-04-29 18:02:55.200 [INFO ] com.application.controller.App_areaController - 后台 /area
2019-04-29 18:02:55.299 [INFO ] com.application.controller.App_pictureController - 后台  /picture
2019-04-29 18:03:25.465 [INFO ] com.application.controller.App_areaController - 后台 /product/list/{type}
2019-04-29 18:03:28.052 [INFO ] com.application.controller.App_areaController - 后台  /product/list/{id}
2019-04-29 18:07:17.884 [INFO ] com.application.controller.App_areaController - 后台 /area
2019-04-29 18:07:17.911 [INFO ] com.application.controller.App_pictureController - 后台  /picture
2019-04-29 18:07:22.927 [INFO ] com.application.controller.App_areaController - 后台 /product/list/{type}
2019-04-29 18:07:24.841 [INFO ] com.application.controller.App_areaController - 后台  /product/list/{id}
2019-04-29 18:11:24.792 [INFO ] com.application.controller.App_areaController - 后台 /area
2019-04-29 18:11:24.820 [INFO ] com.application.controller.App_pictureController - 后台  /picture
2019-04-29 18:11:28.450 [INFO ] com.application.controller.App_areaController - 后台 /product/list/{type}
2019-04-29 18:11:29.757 [INFO ] com.application.controller.App_areaController - 后台 /product/list/{type}
2019-04-29 18:11:30.658 [INFO ] com.application.controller.App_areaController - 后台 /product/list/{type}
2019-04-29 18:11:31.709 [INFO ] com.application.controller.App_areaController - 后台  /product/list/{id}
