2019-04-21 14:32:19.069 [INFO ] com.application.Application - Starting Application on DESKTOP-7RKQL44 with PID 15820 (E:\git\wedding\wedding-app\wedding-app\target\classes started by qs016 in E:\git\wedding\wedding-app\wedding-app)
2019-04-21 14:32:19.071 [INFO ] com.application.Application - The following profiles are active: test
2019-04-21 14:32:19.118 [INFO ] org.springframework.boot.devtools.env.DevToolsPropertyDefaultsPostProcessor - Devtools property defaults active! Set 'spring.devtools.add-properties' to 'false' to disable
2019-04-21 14:32:19.118 [INFO ] org.springframework.boot.devtools.env.DevToolsPropertyDefaultsPostProcessor - For additional web related logging consider setting the 'logging.level.web' property to 'DEBUG'
2019-04-21 14:32:20.609 [INFO ] org.springframework.boot.web.embedded.tomcat.TomcatWebServer - Tomcat initialized with port(s): 8080 (http)
2019-04-21 14:32:20.626 [INFO ] org.apache.coyote.http11.Http11NioProtocol - Initializing ProtocolHandler ["http-nio-8080"]
2019-04-21 14:32:20.637 [INFO ] org.apache.catalina.core.StandardService - Starting service [Tomcat]
2019-04-21 14:32:20.637 [INFO ] org.apache.catalina.core.StandardEngine - Starting Servlet engine: [Apache Tomcat/9.0.16]
2019-04-21 14:32:20.649 [INFO ] org.apache.catalina.core.AprLifecycleListener - The APR based Apache Tomcat Native library which allows optimal performance in production environments was not found on the java.library.path: [D:\01develop\Java\jdk1.8.0_181\bin;C:\WINDOWS\Sun\Java\bin;C:\WINDOWS\system32;C:\WINDOWS;D:/01develop/Java/jre1.8.0_181/bin/server;D:/01develop/Java/jre1.8.0_181/bin;D:/01develop/Java/jre1.8.0_181/lib/amd64;D:\03work\Xftp\;D:\03work\Xshell\;C:\Program Files (x86)\Common Files\Oracle\Java\javapath;C:\WINDOWS\system32;C:\WINDOWS;C:\WINDOWS\System32\Wbem;C:\WINDOWS\System32\WindowsPowerShell\v1.0\;"D:\01develop\Java\jdk1.8.0_181\bin;D:\01develop\Java\jdk1.8.0_181\jre\bin";D:\01develop\mysql-8.0.12-winx64\bin;D:\01develop\maven\apache-maven-3.5.4\bin;D:\01develop\TortoiseGit\bin;D:\01develop\Git\cmd;C:\WINDOWS\System32\OpenSSH\;C:\Users\qs016\AppData\Local\Microsoft\WindowsApps;;D:\01develop\eclipse\jee-2018-09\eclipse;;.]
2019-04-21 14:32:20.759 [INFO ] org.apache.catalina.core.ContainerBase.[Tomcat].[localhost].[/wedding-app] - Initializing Spring embedded WebApplicationContext
2019-04-21 14:32:20.760 [INFO ] org.springframework.web.context.ContextLoader - Root WebApplicationContext: initialization completed in 1641 ms
2019-04-21 14:32:21.130 [INFO ] com.alibaba.druid.pool.DruidDataSource - {dataSource-1} inited
2019-04-21 14:32:22.013 [INFO ] org.springframework.scheduling.concurrent.ThreadPoolTaskExecutor - Initializing ExecutorService 'applicationTaskExecutor'
2019-04-21 14:32:22.321 [INFO ] org.springframework.boot.devtools.autoconfigure.OptionalLiveReloadServer - LiveReload server is running on port 35729
2019-04-21 14:32:22.351 [INFO ] org.apache.coyote.http11.Http11NioProtocol - Starting ProtocolHandler ["http-nio-8080"]
2019-04-21 14:32:22.388 [INFO ] org.springframework.boot.web.embedded.tomcat.TomcatWebServer - Tomcat started on port(s): 8080 (http) with context path '/wedding-app'
2019-04-21 14:32:22.390 [INFO ] com.application.Application - Started Application in 3.671 seconds (JVM running for 4.361)
2019-04-21 14:32:42.193 [INFO ] org.springframework.scheduling.concurrent.ThreadPoolTaskExecutor - Shutting down ExecutorService 'applicationTaskExecutor'
2019-04-21 14:32:42.224 [INFO ] com.alibaba.druid.pool.DruidDataSource - {dataSource-1} closed
2019-04-21 14:32:42.491 [INFO ] com.application.Application - Starting Application on DESKTOP-7RKQL44 with PID 15820 (E:\git\wedding\wedding-app\wedding-app\target\classes started by qs016 in E:\git\wedding\wedding-app\wedding-app)
2019-04-21 14:32:42.491 [INFO ] com.application.Application - The following profiles are active: test
2019-04-21 14:32:42.815 [INFO ] org.springframework.boot.web.embedded.tomcat.TomcatWebServer - Tomcat initialized with port(s): 8080 (http)
2019-04-21 14:32:42.816 [INFO ] org.apache.coyote.http11.Http11NioProtocol - Initializing ProtocolHandler ["http-nio-8080"]
2019-04-21 14:32:42.816 [INFO ] org.apache.catalina.core.StandardService - Starting service [Tomcat]
2019-04-21 14:32:42.816 [INFO ] org.apache.catalina.core.StandardEngine - Starting Servlet engine: [Apache Tomcat/9.0.16]
2019-04-21 14:32:42.836 [INFO ] org.apache.catalina.core.ContainerBase.[Tomcat].[localhost].[/wedding-app] - Initializing Spring embedded WebApplicationContext
2019-04-21 14:32:42.837 [INFO ] org.springframework.web.context.ContextLoader - Root WebApplicationContext: initialization completed in 343 ms
2019-04-21 14:32:42.892 [INFO ] com.alibaba.druid.pool.DruidDataSource - {dataSource-2} inited
2019-04-21 14:32:43.214 [INFO ] org.springframework.scheduling.concurrent.ThreadPoolTaskExecutor - Initializing ExecutorService 'applicationTaskExecutor'
2019-04-21 14:32:43.281 [INFO ] org.springframework.boot.devtools.autoconfigure.OptionalLiveReloadServer - LiveReload server is running on port 35729
2019-04-21 14:32:43.297 [INFO ] org.apache.coyote.http11.Http11NioProtocol - Starting ProtocolHandler ["http-nio-8080"]
2019-04-21 14:32:43.301 [INFO ] org.springframework.boot.web.embedded.tomcat.TomcatWebServer - Tomcat started on port(s): 8080 (http) with context path '/wedding-app'
2019-04-21 14:32:43.301 [INFO ] com.application.Application - Started Application in 0.851 seconds (JVM running for 25.273)
2019-04-21 14:32:43.303 [INFO ] org.springframework.boot.devtools.autoconfigure.ConditionEvaluationDeltaLoggingListener - Condition evaluation unchanged
2019-04-21 14:33:45.077 [INFO ] org.apache.tomcat.util.http.parser.Cookie - A cookie header was received [1553567003; UM_distinctid=169c3b6eef1843-0796f27fab9f54-5701631-1fa400-169c3b6eef2fa; CNZZDATA1256912241=484211180-1553764090-%7C1553825635; JSESSIONID=8C0C3019D8285A89F75C71955146E1E7] that contained an invalid cookie. That cookie will be ignored.
 Note: further occurrences of this error will be logged at DEBUG level.
2019-04-21 14:33:45.091 [INFO ] org.apache.catalina.core.ContainerBase.[Tomcat].[localhost].[/wedding-app] - Initializing Spring DispatcherServlet 'dispatcherServlet'
2019-04-21 14:33:45.092 [INFO ] org.springframework.web.servlet.DispatcherServlet - Initializing Servlet 'dispatcherServlet'
2019-04-21 14:33:45.109 [INFO ] org.springframework.web.servlet.DispatcherServlet - Completed initialization in 17 ms
2019-04-21 14:33:45.154 [INFO ] com.application.controller.App_pictureController - 后台  /picture
2019-04-21 14:34:43.581 [INFO ] com.application.controller.App_areaController - 后台 /product/list/{type}
2019-04-21 14:35:14.585 [INFO ] org.springframework.scheduling.concurrent.ThreadPoolTaskExecutor - Shutting down ExecutorService 'applicationTaskExecutor'
2019-04-21 14:35:14.587 [INFO ] com.alibaba.druid.pool.DruidDataSource - {dataSource-2} closed
2019-04-21 14:35:14.866 [INFO ] com.application.Application - Starting Application on DESKTOP-7RKQL44 with PID 15820 (E:\git\wedding\wedding-app\wedding-app\target\classes started by qs016 in E:\git\wedding\wedding-app\wedding-app)
2019-04-21 14:35:14.867 [INFO ] com.application.Application - The following profiles are active: test
2019-04-21 14:35:15.753 [INFO ] org.springframework.boot.web.embedded.tomcat.TomcatWebServer - Tomcat initialized with port(s): 8080 (http)
2019-04-21 14:35:15.754 [INFO ] org.apache.coyote.http11.Http11NioProtocol - Initializing ProtocolHandler ["http-nio-8080"]
2019-04-21 14:35:15.755 [INFO ] org.apache.catalina.core.StandardService - Starting service [Tomcat]
2019-04-21 14:35:15.756 [INFO ] org.apache.catalina.core.StandardEngine - Starting Servlet engine: [Apache Tomcat/9.0.16]
2019-04-21 14:35:15.772 [INFO ] org.apache.catalina.core.ContainerBase.[Tomcat].[localhost].[/wedding-app] - Initializing Spring embedded WebApplicationContext
2019-04-21 14:35:15.772 [INFO ] org.springframework.web.context.ContextLoader - Root WebApplicationContext: initialization completed in 903 ms
2019-04-21 14:35:15.867 [INFO ] com.alibaba.druid.pool.DruidDataSource - {dataSource-3} inited
2019-04-21 14:35:16.033 [INFO ] com.alibaba.druid.pool.DruidDataSource - {dataSource-3} closed
2019-04-21 14:35:16.033 [INFO ] org.apache.catalina.core.StandardService - Stopping service [Tomcat]
2019-04-21 14:35:16.040 [INFO ] org.springframework.boot.autoconfigure.logging.ConditionEvaluationReportLoggingListener - 

Error starting ApplicationContext. To display the conditions report re-run your application with 'debug' enabled.
2019-04-21 14:36:05.468 [INFO ] com.application.Application - Starting Application on DESKTOP-7RKQL44 with PID 17128 (E:\git\wedding\wedding-app\wedding-app\target\classes started by qs016 in E:\git\wedding\wedding-app\wedding-app)
2019-04-21 14:36:05.470 [INFO ] com.application.Application - The following profiles are active: test
2019-04-21 14:36:05.526 [INFO ] org.springframework.boot.devtools.env.DevToolsPropertyDefaultsPostProcessor - Devtools property defaults active! Set 'spring.devtools.add-properties' to 'false' to disable
2019-04-21 14:36:05.527 [INFO ] org.springframework.boot.devtools.env.DevToolsPropertyDefaultsPostProcessor - For additional web related logging consider setting the 'logging.level.web' property to 'DEBUG'
2019-04-21 14:36:07.005 [INFO ] org.springframework.boot.web.embedded.tomcat.TomcatWebServer - Tomcat initialized with port(s): 8080 (http)
2019-04-21 14:36:07.019 [INFO ] org.apache.coyote.http11.Http11NioProtocol - Initializing ProtocolHandler ["http-nio-8080"]
2019-04-21 14:36:07.028 [INFO ] org.apache.catalina.core.StandardService - Starting service [Tomcat]
2019-04-21 14:36:07.029 [INFO ] org.apache.catalina.core.StandardEngine - Starting Servlet engine: [Apache Tomcat/9.0.16]
2019-04-21 14:36:07.040 [INFO ] org.apache.catalina.core.AprLifecycleListener - The APR based Apache Tomcat Native library which allows optimal performance in production environments was not found on the java.library.path: [D:\01develop\Java\jdk1.8.0_181\bin;C:\WINDOWS\Sun\Java\bin;C:\WINDOWS\system32;C:\WINDOWS;D:/01develop/Java/jre1.8.0_181/bin/server;D:/01develop/Java/jre1.8.0_181/bin;D:/01develop/Java/jre1.8.0_181/lib/amd64;D:\03work\Xftp\;D:\03work\Xshell\;C:\Program Files (x86)\Common Files\Oracle\Java\javapath;C:\WINDOWS\system32;C:\WINDOWS;C:\WINDOWS\System32\Wbem;C:\WINDOWS\System32\WindowsPowerShell\v1.0\;"D:\01develop\Java\jdk1.8.0_181\bin;D:\01develop\Java\jdk1.8.0_181\jre\bin";D:\01develop\mysql-8.0.12-winx64\bin;D:\01develop\maven\apache-maven-3.5.4\bin;D:\01develop\TortoiseGit\bin;D:\01develop\Git\cmd;C:\WINDOWS\System32\OpenSSH\;C:\Users\qs016\AppData\Local\Microsoft\WindowsApps;;D:\01develop\eclipse\jee-2018-09\eclipse;;.]
2019-04-21 14:36:07.139 [INFO ] org.apache.catalina.core.ContainerBase.[Tomcat].[localhost].[/wedding-app] - Initializing Spring embedded WebApplicationContext
2019-04-21 14:36:07.140 [INFO ] org.springframework.web.context.ContextLoader - Root WebApplicationContext: initialization completed in 1613 ms
2019-04-21 14:36:07.496 [INFO ] com.alibaba.druid.pool.DruidDataSource - {dataSource-1} inited
2019-04-21 14:36:08.369 [INFO ] com.alibaba.druid.pool.DruidDataSource - {dataSource-1} closed
2019-04-21 14:36:08.372 [INFO ] org.apache.catalina.core.StandardService - Stopping service [Tomcat]
2019-04-21 14:36:08.381 [INFO ] org.springframework.boot.autoconfigure.logging.ConditionEvaluationReportLoggingListener - 

Error starting ApplicationContext. To display the conditions report re-run your application with 'debug' enabled.
2019-04-21 14:36:30.119 [INFO ] com.application.Application - Starting Application on DESKTOP-7RKQL44 with PID 9812 (E:\git\wedding\wedding-app\wedding-app\target\classes started by qs016 in E:\git\wedding\wedding-app\wedding-app)
2019-04-21 14:36:30.121 [INFO ] com.application.Application - The following profiles are active: test
2019-04-21 14:36:30.178 [INFO ] org.springframework.boot.devtools.env.DevToolsPropertyDefaultsPostProcessor - Devtools property defaults active! Set 'spring.devtools.add-properties' to 'false' to disable
2019-04-21 14:36:30.179 [INFO ] org.springframework.boot.devtools.env.DevToolsPropertyDefaultsPostProcessor - For additional web related logging consider setting the 'logging.level.web' property to 'DEBUG'
2019-04-21 14:36:31.618 [INFO ] org.springframework.boot.web.embedded.tomcat.TomcatWebServer - Tomcat initialized with port(s): 8080 (http)
2019-04-21 14:36:31.632 [INFO ] org.apache.coyote.http11.Http11NioProtocol - Initializing ProtocolHandler ["http-nio-8080"]
2019-04-21 14:36:31.643 [INFO ] org.apache.catalina.core.StandardService - Starting service [Tomcat]
2019-04-21 14:36:31.643 [INFO ] org.apache.catalina.core.StandardEngine - Starting Servlet engine: [Apache Tomcat/9.0.16]
2019-04-21 14:36:31.654 [INFO ] org.apache.catalina.core.AprLifecycleListener - The APR based Apache Tomcat Native library which allows optimal performance in production environments was not found on the java.library.path: [D:\01develop\Java\jdk1.8.0_181\bin;C:\WINDOWS\Sun\Java\bin;C:\WINDOWS\system32;C:\WINDOWS;D:/01develop/Java/jre1.8.0_181/bin/server;D:/01develop/Java/jre1.8.0_181/bin;D:/01develop/Java/jre1.8.0_181/lib/amd64;D:\03work\Xftp\;D:\03work\Xshell\;C:\Program Files (x86)\Common Files\Oracle\Java\javapath;C:\WINDOWS\system32;C:\WINDOWS;C:\WINDOWS\System32\Wbem;C:\WINDOWS\System32\WindowsPowerShell\v1.0\;"D:\01develop\Java\jdk1.8.0_181\bin;D:\01develop\Java\jdk1.8.0_181\jre\bin";D:\01develop\mysql-8.0.12-winx64\bin;D:\01develop\maven\apache-maven-3.5.4\bin;D:\01develop\TortoiseGit\bin;D:\01develop\Git\cmd;C:\WINDOWS\System32\OpenSSH\;C:\Users\qs016\AppData\Local\Microsoft\WindowsApps;;D:\01develop\eclipse\jee-2018-09\eclipse;;.]
2019-04-21 14:36:31.757 [INFO ] org.apache.catalina.core.ContainerBase.[Tomcat].[localhost].[/wedding-app] - Initializing Spring embedded WebApplicationContext
2019-04-21 14:36:31.757 [INFO ] org.springframework.web.context.ContextLoader - Root WebApplicationContext: initialization completed in 1578 ms
2019-04-21 14:36:31.818 [INFO ] org.apache.catalina.core.StandardService - Stopping service [Tomcat]
2019-04-21 14:36:31.912 [INFO ] org.springframework.boot.autoconfigure.logging.ConditionEvaluationReportLoggingListener - 

Error starting ApplicationContext. To display the conditions report re-run your application with 'debug' enabled.
2019-04-21 14:37:08.924 [INFO ] com.application.Application - Starting Application on DESKTOP-7RKQL44 with PID 9492 (E:\git\wedding\wedding-app\wedding-app\target\classes started by qs016 in E:\git\wedding\wedding-app\wedding-app)
2019-04-21 14:37:08.927 [INFO ] com.application.Application - The following profiles are active: test
2019-04-21 14:37:08.973 [INFO ] org.springframework.boot.devtools.env.DevToolsPropertyDefaultsPostProcessor - Devtools property defaults active! Set 'spring.devtools.add-properties' to 'false' to disable
2019-04-21 14:37:08.973 [INFO ] org.springframework.boot.devtools.env.DevToolsPropertyDefaultsPostProcessor - For additional web related logging consider setting the 'logging.level.web' property to 'DEBUG'
2019-04-21 14:37:10.381 [INFO ] org.springframework.boot.web.embedded.tomcat.TomcatWebServer - Tomcat initialized with port(s): 8080 (http)
2019-04-21 14:37:10.395 [INFO ] org.apache.coyote.http11.Http11NioProtocol - Initializing ProtocolHandler ["http-nio-8080"]
2019-04-21 14:37:10.404 [INFO ] org.apache.catalina.core.StandardService - Starting service [Tomcat]
2019-04-21 14:37:10.405 [INFO ] org.apache.catalina.core.StandardEngine - Starting Servlet engine: [Apache Tomcat/9.0.16]
2019-04-21 14:37:10.416 [INFO ] org.apache.catalina.core.AprLifecycleListener - The APR based Apache Tomcat Native library which allows optimal performance in production environments was not found on the java.library.path: [D:\01develop\Java\jdk1.8.0_181\bin;C:\WINDOWS\Sun\Java\bin;C:\WINDOWS\system32;C:\WINDOWS;D:/01develop/Java/jre1.8.0_181/bin/server;D:/01develop/Java/jre1.8.0_181/bin;D:/01develop/Java/jre1.8.0_181/lib/amd64;D:\03work\Xftp\;D:\03work\Xshell\;C:\Program Files (x86)\Common Files\Oracle\Java\javapath;C:\WINDOWS\system32;C:\WINDOWS;C:\WINDOWS\System32\Wbem;C:\WINDOWS\System32\WindowsPowerShell\v1.0\;"D:\01develop\Java\jdk1.8.0_181\bin;D:\01develop\Java\jdk1.8.0_181\jre\bin";D:\01develop\mysql-8.0.12-winx64\bin;D:\01develop\maven\apache-maven-3.5.4\bin;D:\01develop\TortoiseGit\bin;D:\01develop\Git\cmd;C:\WINDOWS\System32\OpenSSH\;C:\Users\qs016\AppData\Local\Microsoft\WindowsApps;;D:\01develop\eclipse\jee-2018-09\eclipse;;.]
2019-04-21 14:37:10.516 [INFO ] org.apache.catalina.core.ContainerBase.[Tomcat].[localhost].[/wedding-app] - Initializing Spring embedded WebApplicationContext
2019-04-21 14:37:10.516 [INFO ] org.springframework.web.context.ContextLoader - Root WebApplicationContext: initialization completed in 1543 ms
2019-04-21 14:37:10.853 [INFO ] com.alibaba.druid.pool.DruidDataSource - {dataSource-1} inited
2019-04-21 14:37:11.496 [INFO ] org.springframework.scheduling.concurrent.ThreadPoolTaskExecutor - Initializing ExecutorService 'applicationTaskExecutor'
2019-04-21 14:37:11.736 [INFO ] org.springframework.boot.devtools.autoconfigure.OptionalLiveReloadServer - LiveReload server is running on port 35729
2019-04-21 14:37:11.769 [INFO ] org.apache.coyote.http11.Http11NioProtocol - Starting ProtocolHandler ["http-nio-8080"]
2019-04-21 14:37:11.791 [INFO ] org.springframework.boot.web.embedded.tomcat.TomcatWebServer - Tomcat started on port(s): 8080 (http) with context path '/wedding-app'
2019-04-21 14:37:11.794 [INFO ] com.application.Application - Started Application in 3.156 seconds (JVM running for 3.748)
2019-04-21 14:37:16.585 [INFO ] org.apache.tomcat.util.http.parser.Cookie - A cookie header was received [1553567003; UM_distinctid=169c3b6eef1843-0796f27fab9f54-5701631-1fa400-169c3b6eef2fa; CNZZDATA1256912241=484211180-1553764090-%7C1553825635; JSESSIONID=8C0C3019D8285A89F75C71955146E1E7] that contained an invalid cookie. That cookie will be ignored.
 Note: further occurrences of this error will be logged at DEBUG level.
2019-04-21 14:37:16.591 [INFO ] org.apache.catalina.core.ContainerBase.[Tomcat].[localhost].[/wedding-app] - Initializing Spring DispatcherServlet 'dispatcherServlet'
2019-04-21 14:37:16.591 [INFO ] org.springframework.web.servlet.DispatcherServlet - Initializing Servlet 'dispatcherServlet'
2019-04-21 14:37:16.599 [INFO ] org.springframework.web.servlet.DispatcherServlet - Completed initialization in 8 ms
2019-04-21 14:37:16.635 [INFO ] com.application.controller.App_areaController - 后台 /product/list/{type}
2019-04-21 14:37:18.108 [INFO ] com.application.controller.App_areaController - 后台 /product/list/{type}
2019-04-21 14:37:43.064 [INFO ] org.springframework.scheduling.concurrent.ThreadPoolTaskExecutor - Shutting down ExecutorService 'applicationTaskExecutor'
2019-04-21 14:37:43.077 [INFO ] com.alibaba.druid.pool.DruidDataSource - {dataSource-1} closed
2019-04-21 14:37:43.575 [INFO ] com.application.Application - Starting Application on DESKTOP-7RKQL44 with PID 9492 (E:\git\wedding\wedding-app\wedding-app\target\classes started by qs016 in E:\git\wedding\wedding-app\wedding-app)
2019-04-21 14:37:43.575 [INFO ] com.application.Application - The following profiles are active: test
2019-04-21 14:37:44.137 [INFO ] org.springframework.boot.web.embedded.tomcat.TomcatWebServer - Tomcat initialized with port(s): 8080 (http)
2019-04-21 14:37:44.140 [INFO ] org.apache.coyote.http11.Http11NioProtocol - Initializing ProtocolHandler ["http-nio-8080"]
2019-04-21 14:37:44.141 [INFO ] org.apache.catalina.core.StandardService - Starting service [Tomcat]
2019-04-21 14:37:44.141 [INFO ] org.apache.catalina.core.StandardEngine - Starting Servlet engine: [Apache Tomcat/9.0.16]
2019-04-21 14:37:44.173 [INFO ] org.apache.catalina.core.ContainerBase.[Tomcat].[localhost].[/wedding-app] - Initializing Spring embedded WebApplicationContext
2019-04-21 14:37:44.173 [INFO ] org.springframework.web.context.ContextLoader - Root WebApplicationContext: initialization completed in 598 ms
2019-04-21 14:37:44.270 [INFO ] com.alibaba.druid.pool.DruidDataSource - {dataSource-2} inited
2019-04-21 14:37:44.647 [INFO ] org.springframework.scheduling.concurrent.ThreadPoolTaskExecutor - Initializing ExecutorService 'applicationTaskExecutor'
2019-04-21 14:37:44.709 [INFO ] org.springframework.boot.devtools.autoconfigure.OptionalLiveReloadServer - LiveReload server is running on port 35729
2019-04-21 14:37:44.740 [INFO ] org.apache.coyote.http11.Http11NioProtocol - Starting ProtocolHandler ["http-nio-8080"]
2019-04-21 14:37:44.740 [INFO ] org.springframework.boot.web.embedded.tomcat.TomcatWebServer - Tomcat started on port(s): 8080 (http) with context path '/wedding-app'
2019-04-21 14:37:44.740 [INFO ] com.application.Application - Started Application in 1.4 seconds (JVM running for 36.702)
2019-04-21 14:37:44.740 [INFO ] org.springframework.boot.devtools.autoconfigure.ConditionEvaluationDeltaLoggingListener - Condition evaluation unchanged
2019-04-21 14:39:37.975 [INFO ] com.application.Application - Starting Application on DESKTOP-7RKQL44 with PID 19628 (E:\git\wedding\wedding-app\wedding-app\target\classes started by qs016 in E:\git\wedding\wedding-app\wedding-app)
2019-04-21 14:39:37.978 [INFO ] com.application.Application - The following profiles are active: test
2019-04-21 14:39:38.117 [INFO ] org.springframework.boot.devtools.env.DevToolsPropertyDefaultsPostProcessor - Devtools property defaults active! Set 'spring.devtools.add-properties' to 'false' to disable
2019-04-21 14:39:38.117 [INFO ] org.springframework.boot.devtools.env.DevToolsPropertyDefaultsPostProcessor - For additional web related logging consider setting the 'logging.level.web' property to 'DEBUG'
2019-04-21 14:39:39.845 [INFO ] org.springframework.boot.web.embedded.tomcat.TomcatWebServer - Tomcat initialized with port(s): 8080 (http)
2019-04-21 14:39:39.860 [INFO ] org.apache.coyote.http11.Http11NioProtocol - Initializing ProtocolHandler ["http-nio-8080"]
2019-04-21 14:39:39.868 [INFO ] org.apache.catalina.core.StandardService - Starting service [Tomcat]
2019-04-21 14:39:39.868 [INFO ] org.apache.catalina.core.StandardEngine - Starting Servlet engine: [Apache Tomcat/9.0.16]
2019-04-21 14:39:39.880 [INFO ] org.apache.catalina.core.AprLifecycleListener - The APR based Apache Tomcat Native library which allows optimal performance in production environments was not found on the java.library.path: [D:\01develop\Java\jdk1.8.0_181\bin;C:\WINDOWS\Sun\Java\bin;C:\WINDOWS\system32;C:\WINDOWS;D:/01develop/Java/jre1.8.0_181/bin/server;D:/01develop/Java/jre1.8.0_181/bin;D:/01develop/Java/jre1.8.0_181/lib/amd64;D:\03work\Xftp\;D:\03work\Xshell\;C:\Program Files (x86)\Common Files\Oracle\Java\javapath;C:\WINDOWS\system32;C:\WINDOWS;C:\WINDOWS\System32\Wbem;C:\WINDOWS\System32\WindowsPowerShell\v1.0\;"D:\01develop\Java\jdk1.8.0_181\bin;D:\01develop\Java\jdk1.8.0_181\jre\bin";D:\01develop\mysql-8.0.12-winx64\bin;D:\01develop\maven\apache-maven-3.5.4\bin;D:\01develop\TortoiseGit\bin;D:\01develop\Git\cmd;C:\WINDOWS\System32\OpenSSH\;C:\Users\qs016\AppData\Local\Microsoft\WindowsApps;;D:\01develop\eclipse\jee-2018-09\eclipse;;.]
2019-04-21 14:39:39.978 [INFO ] org.apache.catalina.core.ContainerBase.[Tomcat].[localhost].[/wedding-app] - Initializing Spring embedded WebApplicationContext
2019-04-21 14:39:39.978 [INFO ] org.springframework.web.context.ContextLoader - Root WebApplicationContext: initialization completed in 1861 ms
2019-04-21 14:39:40.407 [INFO ] com.alibaba.druid.pool.DruidDataSource - {dataSource-1} inited
2019-04-21 14:39:41.190 [INFO ] org.springframework.scheduling.concurrent.ThreadPoolTaskExecutor - Initializing ExecutorService 'applicationTaskExecutor'
2019-04-21 14:39:41.492 [INFO ] org.springframework.boot.devtools.autoconfigure.OptionalLiveReloadServer - LiveReload server is running on port 35729
2019-04-21 14:39:41.523 [INFO ] org.apache.coyote.http11.Http11NioProtocol - Starting ProtocolHandler ["http-nio-8080"]
2019-04-21 14:39:41.554 [INFO ] org.springframework.boot.web.embedded.tomcat.TomcatWebServer - Tomcat started on port(s): 8080 (http) with context path '/wedding-app'
2019-04-21 14:39:41.554 [INFO ] com.application.Application - Started Application in 3.914 seconds (JVM running for 4.539)
2019-04-21 14:39:47.158 [INFO ] org.apache.tomcat.util.http.parser.Cookie - A cookie header was received [1553567003; UM_distinctid=169c3b6eef1843-0796f27fab9f54-5701631-1fa400-169c3b6eef2fa; CNZZDATA1256912241=484211180-1553764090-%7C1553825635; JSESSIONID=8C0C3019D8285A89F75C71955146E1E7] that contained an invalid cookie. That cookie will be ignored.
 Note: further occurrences of this error will be logged at DEBUG level.
2019-04-21 14:39:47.164 [INFO ] org.apache.catalina.core.ContainerBase.[Tomcat].[localhost].[/wedding-app] - Initializing Spring DispatcherServlet 'dispatcherServlet'
2019-04-21 14:39:47.164 [INFO ] org.springframework.web.servlet.DispatcherServlet - Initializing Servlet 'dispatcherServlet'
2019-04-21 14:39:47.171 [INFO ] org.springframework.web.servlet.DispatcherServlet - Completed initialization in 7 ms
2019-04-21 14:39:47.222 [INFO ] com.application.controller.App_areaController - 后台 /product/list/{type}
2019-04-21 14:40:21.967 [INFO ] org.springframework.scheduling.concurrent.ThreadPoolTaskExecutor - Shutting down ExecutorService 'applicationTaskExecutor'
2019-04-21 14:40:21.972 [INFO ] com.alibaba.druid.pool.DruidDataSource - {dataSource-1} closed
2019-04-21 14:40:22.245 [INFO ] com.application.Application - Starting Application on DESKTOP-7RKQL44 with PID 19628 (E:\git\wedding\wedding-app\wedding-app\target\classes started by qs016 in E:\git\wedding\wedding-app\wedding-app)
2019-04-21 14:40:22.245 [INFO ] com.application.Application - The following profiles are active: test
2019-04-21 14:40:22.576 [INFO ] org.springframework.boot.web.embedded.tomcat.TomcatWebServer - Tomcat initialized with port(s): 8080 (http)
2019-04-21 14:40:22.576 [INFO ] org.apache.coyote.http11.Http11NioProtocol - Initializing ProtocolHandler ["http-nio-8080"]
2019-04-21 14:40:22.576 [INFO ] org.apache.catalina.core.StandardService - Starting service [Tomcat]
2019-04-21 14:40:22.576 [INFO ] org.apache.catalina.core.StandardEngine - Starting Servlet engine: [Apache Tomcat/9.0.16]
2019-04-21 14:40:22.591 [INFO ] org.apache.catalina.core.ContainerBase.[Tomcat].[localhost].[/wedding-app] - Initializing Spring embedded WebApplicationContext
2019-04-21 14:40:22.591 [INFO ] org.springframework.web.context.ContextLoader - Root WebApplicationContext: initialization completed in 343 ms
2019-04-21 14:40:22.655 [INFO ] com.alibaba.druid.pool.DruidDataSource - {dataSource-2} inited
2019-04-21 14:40:23.102 [INFO ] org.springframework.scheduling.concurrent.ThreadPoolTaskExecutor - Initializing ExecutorService 'applicationTaskExecutor'
2019-04-21 14:40:23.240 [INFO ] org.springframework.boot.devtools.autoconfigure.OptionalLiveReloadServer - LiveReload server is running on port 35729
2019-04-21 14:40:23.259 [INFO ] org.apache.coyote.http11.Http11NioProtocol - Starting ProtocolHandler ["http-nio-8080"]
2019-04-21 14:40:23.263 [INFO ] org.springframework.boot.web.embedded.tomcat.TomcatWebServer - Tomcat started on port(s): 8080 (http) with context path '/wedding-app'
2019-04-21 14:40:23.264 [INFO ] com.application.Application - Started Application in 1.07 seconds (JVM running for 46.246)
2019-04-21 14:40:23.267 [INFO ] org.springframework.boot.devtools.autoconfigure.ConditionEvaluationDeltaLoggingListener - Condition evaluation unchanged
2019-04-21 14:40:33.459 [INFO ] org.apache.catalina.core.ContainerBase.[Tomcat].[localhost].[/wedding-app] - Initializing Spring DispatcherServlet 'dispatcherServlet'
2019-04-21 14:40:33.460 [INFO ] org.springframework.web.servlet.DispatcherServlet - Initializing Servlet 'dispatcherServlet'
2019-04-21 14:40:33.465 [INFO ] org.springframework.web.servlet.DispatcherServlet - Completed initialization in 5 ms
2019-04-21 14:40:33.469 [INFO ] com.application.controller.App_areaController - 后台 /product/list/{type}
2019-04-21 14:41:54.018 [INFO ] org.springframework.scheduling.concurrent.ThreadPoolTaskExecutor - Shutting down ExecutorService 'applicationTaskExecutor'
2019-04-21 14:41:54.044 [INFO ] com.alibaba.druid.pool.DruidDataSource - {dataSource-2} closed
2019-04-21 14:41:54.340 [INFO ] com.application.Application - Starting Application on DESKTOP-7RKQL44 with PID 19628 (E:\git\wedding\wedding-app\wedding-app\target\classes started by qs016 in E:\git\wedding\wedding-app\wedding-app)
2019-04-21 14:41:54.340 [INFO ] com.application.Application - The following profiles are active: test
2019-04-21 14:41:54.713 [INFO ] org.springframework.boot.web.embedded.tomcat.TomcatWebServer - Tomcat initialized with port(s): 8080 (http)
2019-04-21 14:41:54.714 [INFO ] org.apache.coyote.http11.Http11NioProtocol - Initializing ProtocolHandler ["http-nio-8080"]
2019-04-21 14:41:54.715 [INFO ] org.apache.catalina.core.StandardService - Starting service [Tomcat]
2019-04-21 14:41:54.716 [INFO ] org.apache.catalina.core.StandardEngine - Starting Servlet engine: [Apache Tomcat/9.0.16]
2019-04-21 14:41:54.727 [INFO ] org.apache.catalina.core.ContainerBase.[Tomcat].[localhost].[/wedding-app] - Initializing Spring embedded WebApplicationContext
2019-04-21 14:41:54.728 [INFO ] org.springframework.web.context.ContextLoader - Root WebApplicationContext: initialization completed in 388 ms
2019-04-21 14:41:54.769 [INFO ] com.alibaba.druid.pool.DruidDataSource - {dataSource-3} inited
2019-04-21 14:41:55.067 [INFO ] org.springframework.scheduling.concurrent.ThreadPoolTaskExecutor - Initializing ExecutorService 'applicationTaskExecutor'
2019-04-21 14:41:55.186 [INFO ] org.springframework.boot.devtools.autoconfigure.OptionalLiveReloadServer - LiveReload server is running on port 35729
2019-04-21 14:41:55.187 [INFO ] org.apache.coyote.http11.Http11NioProtocol - Starting ProtocolHandler ["http-nio-8080"]
2019-04-21 14:41:55.203 [INFO ] org.springframework.boot.web.embedded.tomcat.TomcatWebServer - Tomcat started on port(s): 8080 (http) with context path '/wedding-app'
2019-04-21 14:41:55.203 [INFO ] com.application.Application - Started Application in 0.926 seconds (JVM running for 138.185)
2019-04-21 14:41:55.203 [INFO ] org.springframework.boot.devtools.autoconfigure.ConditionEvaluationDeltaLoggingListener - Condition evaluation unchanged
2019-04-21 14:41:59.659 [INFO ] org.apache.catalina.core.ContainerBase.[Tomcat].[localhost].[/wedding-app] - Initializing Spring DispatcherServlet 'dispatcherServlet'
2019-04-21 14:41:59.660 [INFO ] org.springframework.web.servlet.DispatcherServlet - Initializing Servlet 'dispatcherServlet'
2019-04-21 14:41:59.663 [INFO ] org.springframework.web.servlet.DispatcherServlet - Completed initialization in 3 ms
2019-04-21 14:41:59.666 [INFO ] com.application.controller.App_areaController - 后台 /product/list/{type}
2019-04-21 14:44:42.492 [INFO ] org.springframework.scheduling.concurrent.ThreadPoolTaskExecutor - Shutting down ExecutorService 'applicationTaskExecutor'
2019-04-21 14:44:42.508 [INFO ] com.alibaba.druid.pool.DruidDataSource - {dataSource-3} closed
2019-04-21 14:44:42.818 [INFO ] com.application.Application - Starting Application on DESKTOP-7RKQL44 with PID 19628 (E:\git\wedding\wedding-app\wedding-app\target\classes started by qs016 in E:\git\wedding\wedding-app\wedding-app)
2019-04-21 14:44:42.818 [INFO ] com.application.Application - The following profiles are active: test
2019-04-21 14:44:43.110 [INFO ] org.springframework.boot.web.embedded.tomcat.TomcatWebServer - Tomcat initialized with port(s): 8080 (http)
2019-04-21 14:44:43.110 [INFO ] org.apache.coyote.http11.Http11NioProtocol - Initializing ProtocolHandler ["http-nio-8080"]
2019-04-21 14:44:43.110 [INFO ] org.apache.catalina.core.StandardService - Starting service [Tomcat]
2019-04-21 14:44:43.110 [INFO ] org.apache.catalina.core.StandardEngine - Starting Servlet engine: [Apache Tomcat/9.0.16]
2019-04-21 14:44:43.125 [INFO ] org.apache.catalina.core.ContainerBase.[Tomcat].[localhost].[/wedding-app] - Initializing Spring embedded WebApplicationContext
2019-04-21 14:44:43.125 [INFO ] org.springframework.web.context.ContextLoader - Root WebApplicationContext: initialization completed in 307 ms
2019-04-21 14:44:43.172 [INFO ] com.alibaba.druid.pool.DruidDataSource - {dataSource-4} inited
2019-04-21 14:44:43.432 [INFO ] org.springframework.scheduling.concurrent.ThreadPoolTaskExecutor - Initializing ExecutorService 'applicationTaskExecutor'
2019-04-21 14:44:43.531 [INFO ] org.springframework.boot.devtools.autoconfigure.OptionalLiveReloadServer - LiveReload server is running on port 35729
2019-04-21 14:44:43.545 [INFO ] org.apache.coyote.http11.Http11NioProtocol - Starting ProtocolHandler ["http-nio-8080"]
2019-04-21 14:44:43.545 [INFO ] org.springframework.boot.web.embedded.tomcat.TomcatWebServer - Tomcat started on port(s): 8080 (http) with context path '/wedding-app'
2019-04-21 14:44:43.545 [INFO ] com.application.Application - Started Application in 0.759 seconds (JVM running for 306.541)
2019-04-21 14:44:43.561 [INFO ] org.springframework.boot.devtools.autoconfigure.ConditionEvaluationDeltaLoggingListener - Condition evaluation unchanged
2019-04-21 14:44:52.044 [INFO ] org.apache.catalina.core.ContainerBase.[Tomcat].[localhost].[/wedding-app] - Initializing Spring DispatcherServlet 'dispatcherServlet'
2019-04-21 14:44:52.044 [INFO ] org.springframework.web.servlet.DispatcherServlet - Initializing Servlet 'dispatcherServlet'
2019-04-21 14:44:52.049 [INFO ] org.springframework.web.servlet.DispatcherServlet - Completed initialization in 5 ms
2019-04-21 14:44:52.052 [INFO ] com.application.controller.App_areaController - 后台 /product/list/{type}
2019-04-21 14:50:29.709 [INFO ] com.application.controller.App_areaController - 后台 /product/list/{type}
2019-04-21 14:59:25.842 [INFO ] com.application.Application - Starting Application on DESKTOP-7RKQL44 with PID 15252 (E:\git\wedding\wedding-app\wedding-app\target\classes started by qs016 in E:\git\wedding\wedding-app\wedding-app)
2019-04-21 14:59:25.842 [INFO ] com.application.Application - The following profiles are active: test
2019-04-21 14:59:25.904 [INFO ] org.springframework.boot.devtools.env.DevToolsPropertyDefaultsPostProcessor - Devtools property defaults active! Set 'spring.devtools.add-properties' to 'false' to disable
2019-04-21 14:59:25.904 [INFO ] org.springframework.boot.devtools.env.DevToolsPropertyDefaultsPostProcessor - For additional web related logging consider setting the 'logging.level.web' property to 'DEBUG'
2019-04-21 14:59:27.342 [INFO ] org.springframework.boot.web.embedded.tomcat.TomcatWebServer - Tomcat initialized with port(s): 8080 (http)
2019-04-21 14:59:27.351 [INFO ] org.apache.coyote.http11.Http11NioProtocol - Initializing ProtocolHandler ["http-nio-8080"]
2019-04-21 14:59:27.366 [INFO ] org.apache.catalina.core.StandardService - Starting service [Tomcat]
2019-04-21 14:59:27.366 [INFO ] org.apache.catalina.core.StandardEngine - Starting Servlet engine: [Apache Tomcat/9.0.16]
2019-04-21 14:59:27.382 [INFO ] org.apache.catalina.core.AprLifecycleListener - The APR based Apache Tomcat Native library which allows optimal performance in production environments was not found on the java.library.path: [D:\01develop\Java\jdk1.8.0_181\bin;C:\WINDOWS\Sun\Java\bin;C:\WINDOWS\system32;C:\WINDOWS;D:/01develop/Java/jre1.8.0_181/bin/server;D:/01develop/Java/jre1.8.0_181/bin;D:/01develop/Java/jre1.8.0_181/lib/amd64;D:\03work\Xftp\;D:\03work\Xshell\;C:\Program Files (x86)\Common Files\Oracle\Java\javapath;C:\WINDOWS\system32;C:\WINDOWS;C:\WINDOWS\System32\Wbem;C:\WINDOWS\System32\WindowsPowerShell\v1.0\;"D:\01develop\Java\jdk1.8.0_181\bin;D:\01develop\Java\jdk1.8.0_181\jre\bin";D:\01develop\mysql-8.0.12-winx64\bin;D:\01develop\maven\apache-maven-3.5.4\bin;D:\01develop\TortoiseGit\bin;D:\01develop\Git\cmd;C:\WINDOWS\System32\OpenSSH\;C:\Users\qs016\AppData\Local\Microsoft\WindowsApps;;D:\01develop\eclipse\jee-2018-09\eclipse;;.]
2019-04-21 14:59:27.476 [INFO ] org.apache.catalina.core.ContainerBase.[Tomcat].[localhost].[/wedding-app] - Initializing Spring embedded WebApplicationContext
2019-04-21 14:59:27.476 [INFO ] org.springframework.web.context.ContextLoader - Root WebApplicationContext: initialization completed in 1572 ms
2019-04-21 14:59:27.825 [INFO ] com.alibaba.druid.pool.DruidDataSource - {dataSource-1} inited
2019-04-21 14:59:28.469 [INFO ] org.springframework.scheduling.concurrent.ThreadPoolTaskExecutor - Initializing ExecutorService 'applicationTaskExecutor'
2019-04-21 14:59:28.763 [INFO ] org.springframework.boot.devtools.autoconfigure.OptionalLiveReloadServer - LiveReload server is running on port 35729
2019-04-21 14:59:28.794 [INFO ] org.apache.coyote.http11.Http11NioProtocol - Starting ProtocolHandler ["http-nio-8080"]
2019-04-21 14:59:28.810 [INFO ] org.springframework.boot.web.embedded.tomcat.TomcatWebServer - Tomcat started on port(s): 8080 (http) with context path '/wedding-app'
2019-04-21 14:59:28.810 [INFO ] com.application.Application - Started Application in 3.262 seconds (JVM running for 3.877)
2019-04-21 14:59:40.542 [INFO ] org.apache.tomcat.util.http.parser.Cookie - A cookie header was received [1553567003; UM_distinctid=169c3b6eef1843-0796f27fab9f54-5701631-1fa400-169c3b6eef2fa; CNZZDATA1256912241=484211180-1553764090-%7C1553825635; JSESSIONID=8C0C3019D8285A89F75C71955146E1E7] that contained an invalid cookie. That cookie will be ignored.
 Note: further occurrences of this error will be logged at DEBUG level.
2019-04-21 14:59:40.548 [INFO ] org.apache.catalina.core.ContainerBase.[Tomcat].[localhost].[/wedding-app] - Initializing Spring DispatcherServlet 'dispatcherServlet'
2019-04-21 14:59:40.548 [INFO ] org.springframework.web.servlet.DispatcherServlet - Initializing Servlet 'dispatcherServlet'
2019-04-21 14:59:40.555 [INFO ] org.springframework.web.servlet.DispatcherServlet - Completed initialization in 7 ms
2019-04-21 14:59:40.598 [INFO ] com.application.controller.App_areaController - 后台 /product/list/{type}
2019-04-21 14:59:46.244 [INFO ] com.application.controller.App_areaController - 后台 /product/list/{type}
2019-04-21 15:01:09.308 [INFO ] com.application.controller.App_areaController - 后台 /product/list/{type}
2019-04-21 15:01:26.526 [INFO ] org.springframework.scheduling.concurrent.ThreadPoolTaskExecutor - Shutting down ExecutorService 'applicationTaskExecutor'
2019-04-21 15:01:26.544 [INFO ] com.alibaba.druid.pool.DruidDataSource - {dataSource-1} closed
2019-04-21 15:01:26.825 [INFO ] com.application.Application - Starting Application on DESKTOP-7RKQL44 with PID 15252 (E:\git\wedding\wedding-app\wedding-app\target\classes started by qs016 in E:\git\wedding\wedding-app\wedding-app)
2019-04-21 15:01:26.825 [INFO ] com.application.Application - The following profiles are active: test
2019-04-21 15:01:27.188 [INFO ] org.springframework.boot.web.embedded.tomcat.TomcatWebServer - Tomcat initialized with port(s): 8080 (http)
2019-04-21 15:01:27.188 [INFO ] org.apache.coyote.http11.Http11NioProtocol - Initializing ProtocolHandler ["http-nio-8080"]
2019-04-21 15:01:27.188 [INFO ] org.apache.catalina.core.StandardService - Starting service [Tomcat]
2019-04-21 15:01:27.188 [INFO ] org.apache.catalina.core.StandardEngine - Starting Servlet engine: [Apache Tomcat/9.0.16]
2019-04-21 15:01:27.204 [INFO ] org.apache.catalina.core.ContainerBase.[Tomcat].[localhost].[/wedding-app] - Initializing Spring embedded WebApplicationContext
2019-04-21 15:01:27.204 [INFO ] org.springframework.web.context.ContextLoader - Root WebApplicationContext: initialization completed in 379 ms
2019-04-21 15:01:27.266 [INFO ] com.alibaba.druid.pool.DruidDataSource - {dataSource-2} inited
2019-04-21 15:01:27.625 [INFO ] org.springframework.scheduling.concurrent.ThreadPoolTaskExecutor - Initializing ExecutorService 'applicationTaskExecutor'
2019-04-21 15:01:27.750 [INFO ] org.springframework.boot.devtools.autoconfigure.OptionalLiveReloadServer - LiveReload server is running on port 35729
2019-04-21 15:01:27.765 [INFO ] org.apache.coyote.http11.Http11NioProtocol - Starting ProtocolHandler ["http-nio-8080"]
2019-04-21 15:01:27.769 [INFO ] org.springframework.boot.web.embedded.tomcat.TomcatWebServer - Tomcat started on port(s): 8080 (http) with context path '/wedding-app'
2019-04-21 15:01:27.770 [INFO ] com.application.Application - Started Application in 0.999 seconds (JVM running for 122.826)
2019-04-21 15:01:27.772 [INFO ] org.springframework.boot.devtools.autoconfigure.ConditionEvaluationDeltaLoggingListener - Condition evaluation unchanged
2019-04-21 15:06:33.603 [INFO ] org.springframework.scheduling.concurrent.ThreadPoolTaskExecutor - Shutting down ExecutorService 'applicationTaskExecutor'
2019-04-21 15:06:33.618 [INFO ] com.alibaba.druid.pool.DruidDataSource - {dataSource-2} closed
2019-04-21 15:06:33.960 [INFO ] com.application.Application - Starting Application on DESKTOP-7RKQL44 with PID 15252 (E:\git\wedding\wedding-app\wedding-app\target\classes started by qs016 in E:\git\wedding\wedding-app\wedding-app)
2019-04-21 15:06:33.960 [INFO ] com.application.Application - The following profiles are active: test
2019-04-21 15:06:34.342 [INFO ] org.springframework.boot.web.embedded.tomcat.TomcatWebServer - Tomcat initialized with port(s): 8080 (http)
2019-04-21 15:06:34.342 [INFO ] org.apache.coyote.http11.Http11NioProtocol - Initializing ProtocolHandler ["http-nio-8080"]
2019-04-21 15:06:34.342 [INFO ] org.apache.catalina.core.StandardService - Starting service [Tomcat]
2019-04-21 15:06:34.342 [INFO ] org.apache.catalina.core.StandardEngine - Starting Servlet engine: [Apache Tomcat/9.0.16]
2019-04-21 15:06:34.373 [INFO ] org.apache.catalina.core.ContainerBase.[Tomcat].[localhost].[/wedding-app] - Initializing Spring embedded WebApplicationContext
2019-04-21 15:06:34.373 [INFO ] org.springframework.web.context.ContextLoader - Root WebApplicationContext: initialization completed in 413 ms
2019-04-21 15:06:34.436 [INFO ] com.alibaba.druid.pool.DruidDataSource - {dataSource-3} inited
2019-04-21 15:06:35.005 [INFO ] org.springframework.scheduling.concurrent.ThreadPoolTaskExecutor - Initializing ExecutorService 'applicationTaskExecutor'
2019-04-21 15:06:35.159 [INFO ] org.springframework.boot.devtools.autoconfigure.OptionalLiveReloadServer - LiveReload server is running on port 35729
2019-04-21 15:06:35.174 [INFO ] org.apache.coyote.http11.Http11NioProtocol - Starting ProtocolHandler ["http-nio-8080"]
2019-04-21 15:06:35.174 [INFO ] org.springframework.boot.web.embedded.tomcat.TomcatWebServer - Tomcat started on port(s): 8080 (http) with context path '/wedding-app'
2019-04-21 15:06:35.174 [INFO ] com.application.Application - Started Application in 1.261 seconds (JVM running for 430.236)
2019-04-21 15:06:35.174 [INFO ] org.springframework.boot.devtools.autoconfigure.ConditionEvaluationDeltaLoggingListener - Condition evaluation unchanged
2019-04-21 15:06:40.991 [INFO ] org.springframework.scheduling.concurrent.ThreadPoolTaskExecutor - Shutting down ExecutorService 'applicationTaskExecutor'
2019-04-21 15:06:41.000 [INFO ] com.alibaba.druid.pool.DruidDataSource - {dataSource-3} closed
2019-04-21 15:06:41.249 [INFO ] com.application.Application - Starting Application on DESKTOP-7RKQL44 with PID 15252 (E:\git\wedding\wedding-app\wedding-app\target\classes started by qs016 in E:\git\wedding\wedding-app\wedding-app)
2019-04-21 15:06:41.249 [INFO ] com.application.Application - The following profiles are active: test
2019-04-21 15:06:41.621 [INFO ] org.springframework.boot.web.embedded.tomcat.TomcatWebServer - Tomcat initialized with port(s): 8080 (http)
2019-04-21 15:06:41.621 [INFO ] org.apache.coyote.http11.Http11NioProtocol - Initializing ProtocolHandler ["http-nio-8080"]
2019-04-21 15:06:41.621 [INFO ] org.apache.catalina.core.StandardService - Starting service [Tomcat]
2019-04-21 15:06:41.621 [INFO ] org.apache.catalina.core.StandardEngine - Starting Servlet engine: [Apache Tomcat/9.0.16]
2019-04-21 15:06:41.621 [INFO ] org.apache.catalina.core.ContainerBase.[Tomcat].[localhost].[/wedding-app] - Initializing Spring embedded WebApplicationContext
2019-04-21 15:06:41.621 [INFO ] org.springframework.web.context.ContextLoader - Root WebApplicationContext: initialization completed in 370 ms
2019-04-21 15:06:41.683 [INFO ] com.alibaba.druid.pool.DruidDataSource - {dataSource-4} inited
2019-04-21 15:06:41.877 [INFO ] com.alibaba.druid.pool.DruidDataSource - {dataSource-4} closed
2019-04-21 15:06:41.877 [INFO ] org.apache.catalina.core.StandardService - Stopping service [Tomcat]
2019-04-21 15:06:41.883 [INFO ] org.springframework.boot.autoconfigure.logging.ConditionEvaluationReportLoggingListener - 

Error starting ApplicationContext. To display the conditions report re-run your application with 'debug' enabled.
2019-04-21 15:06:58.494 [INFO ] com.application.Application - Starting Application on DESKTOP-7RKQL44 with PID 9308 (E:\git\wedding\wedding-app\wedding-app\target\classes started by qs016 in E:\git\wedding\wedding-app\wedding-app)
2019-04-21 15:06:58.494 [INFO ] com.application.Application - The following profiles are active: test
2019-04-21 15:06:58.588 [INFO ] org.springframework.boot.devtools.env.DevToolsPropertyDefaultsPostProcessor - Devtools property defaults active! Set 'spring.devtools.add-properties' to 'false' to disable
2019-04-21 15:06:58.594 [INFO ] org.springframework.boot.devtools.env.DevToolsPropertyDefaultsPostProcessor - For additional web related logging consider setting the 'logging.level.web' property to 'DEBUG'
2019-04-21 15:07:00.205 [INFO ] org.springframework.boot.web.embedded.tomcat.TomcatWebServer - Tomcat initialized with port(s): 8080 (http)
2019-04-21 15:07:00.219 [INFO ] org.apache.coyote.http11.Http11NioProtocol - Initializing ProtocolHandler ["http-nio-8080"]
2019-04-21 15:07:00.235 [INFO ] org.apache.catalina.core.StandardService - Starting service [Tomcat]
2019-04-21 15:07:00.235 [INFO ] org.apache.catalina.core.StandardEngine - Starting Servlet engine: [Apache Tomcat/9.0.16]
2019-04-21 15:07:00.251 [INFO ] org.apache.catalina.core.AprLifecycleListener - The APR based Apache Tomcat Native library which allows optimal performance in production environments was not found on the java.library.path: [D:\01develop\Java\jdk1.8.0_181\bin;C:\WINDOWS\Sun\Java\bin;C:\WINDOWS\system32;C:\WINDOWS;D:/01develop/Java/jre1.8.0_181/bin/server;D:/01develop/Java/jre1.8.0_181/bin;D:/01develop/Java/jre1.8.0_181/lib/amd64;D:\03work\Xftp\;D:\03work\Xshell\;C:\Program Files (x86)\Common Files\Oracle\Java\javapath;C:\WINDOWS\system32;C:\WINDOWS;C:\WINDOWS\System32\Wbem;C:\WINDOWS\System32\WindowsPowerShell\v1.0\;"D:\01develop\Java\jdk1.8.0_181\bin;D:\01develop\Java\jdk1.8.0_181\jre\bin";D:\01develop\mysql-8.0.12-winx64\bin;D:\01develop\maven\apache-maven-3.5.4\bin;D:\01develop\TortoiseGit\bin;D:\01develop\Git\cmd;C:\WINDOWS\System32\OpenSSH\;C:\Users\qs016\AppData\Local\Microsoft\WindowsApps;;D:\01develop\eclipse\jee-2018-09\eclipse;;.]
2019-04-21 15:07:00.360 [INFO ] org.apache.catalina.core.ContainerBase.[Tomcat].[localhost].[/wedding-app] - Initializing Spring embedded WebApplicationContext
2019-04-21 15:07:00.360 [INFO ] org.springframework.web.context.ContextLoader - Root WebApplicationContext: initialization completed in 1766 ms
2019-04-21 15:07:00.735 [INFO ] com.alibaba.druid.pool.DruidDataSource - {dataSource-1} inited
2019-04-21 15:07:01.210 [INFO ] com.alibaba.druid.pool.DruidDataSource - {dataSource-1} closed
2019-04-21 15:07:01.213 [INFO ] org.apache.catalina.core.StandardService - Stopping service [Tomcat]
2019-04-21 15:07:01.222 [INFO ] org.springframework.boot.autoconfigure.logging.ConditionEvaluationReportLoggingListener - 

Error starting ApplicationContext. To display the conditions report re-run your application with 'debug' enabled.
2019-04-21 15:07:35.422 [INFO ] com.application.Application - Starting Application on DESKTOP-7RKQL44 with PID 13472 (E:\git\wedding\wedding-app\wedding-app\target\classes started by qs016 in E:\git\wedding\wedding-app\wedding-app)
2019-04-21 15:07:35.437 [INFO ] com.application.Application - The following profiles are active: test
2019-04-21 15:07:35.515 [INFO ] org.springframework.boot.devtools.env.DevToolsPropertyDefaultsPostProcessor - Devtools property defaults active! Set 'spring.devtools.add-properties' to 'false' to disable
2019-04-21 15:07:35.526 [INFO ] org.springframework.boot.devtools.env.DevToolsPropertyDefaultsPostProcessor - For additional web related logging consider setting the 'logging.level.web' property to 'DEBUG'
2019-04-21 15:07:37.082 [INFO ] org.springframework.boot.web.embedded.tomcat.TomcatWebServer - Tomcat initialized with port(s): 8080 (http)
2019-04-21 15:07:37.094 [INFO ] org.apache.coyote.http11.Http11NioProtocol - Initializing ProtocolHandler ["http-nio-8080"]
2019-04-21 15:07:37.115 [INFO ] org.apache.catalina.core.StandardService - Starting service [Tomcat]
2019-04-21 15:07:37.115 [INFO ] org.apache.catalina.core.StandardEngine - Starting Servlet engine: [Apache Tomcat/9.0.16]
2019-04-21 15:07:37.115 [INFO ] org.apache.catalina.core.AprLifecycleListener - The APR based Apache Tomcat Native library which allows optimal performance in production environments was not found on the java.library.path: [D:\01develop\Java\jdk1.8.0_181\bin;C:\WINDOWS\Sun\Java\bin;C:\WINDOWS\system32;C:\WINDOWS;D:/01develop/Java/jre1.8.0_181/bin/server;D:/01develop/Java/jre1.8.0_181/bin;D:/01develop/Java/jre1.8.0_181/lib/amd64;D:\03work\Xftp\;D:\03work\Xshell\;C:\Program Files (x86)\Common Files\Oracle\Java\javapath;C:\WINDOWS\system32;C:\WINDOWS;C:\WINDOWS\System32\Wbem;C:\WINDOWS\System32\WindowsPowerShell\v1.0\;"D:\01develop\Java\jdk1.8.0_181\bin;D:\01develop\Java\jdk1.8.0_181\jre\bin";D:\01develop\mysql-8.0.12-winx64\bin;D:\01develop\maven\apache-maven-3.5.4\bin;D:\01develop\TortoiseGit\bin;D:\01develop\Git\cmd;C:\WINDOWS\System32\OpenSSH\;C:\Users\qs016\AppData\Local\Microsoft\WindowsApps;;D:\01develop\eclipse\jee-2018-09\eclipse;;.]
2019-04-21 15:07:37.230 [INFO ] org.apache.catalina.core.ContainerBase.[Tomcat].[localhost].[/wedding-app] - Initializing Spring embedded WebApplicationContext
2019-04-21 15:07:37.230 [INFO ] org.springframework.web.context.ContextLoader - Root WebApplicationContext: initialization completed in 1704 ms
2019-04-21 15:07:37.607 [INFO ] com.alibaba.druid.pool.DruidDataSource - {dataSource-1} inited
2019-04-21 15:07:38.077 [INFO ] com.alibaba.druid.pool.DruidDataSource - {dataSource-1} closed
2019-04-21 15:07:38.093 [INFO ] org.apache.catalina.core.StandardService - Stopping service [Tomcat]
2019-04-21 15:07:38.096 [INFO ] org.springframework.boot.autoconfigure.logging.ConditionEvaluationReportLoggingListener - 

Error starting ApplicationContext. To display the conditions report re-run your application with 'debug' enabled.
2019-04-21 15:08:46.039 [INFO ] com.application.Application - Starting Application on DESKTOP-7RKQL44 with PID 10152 (E:\git\wedding\wedding-app\wedding-app\target\classes started by qs016 in E:\git\wedding\wedding-app\wedding-app)
2019-04-21 15:08:46.039 [INFO ] com.application.Application - The following profiles are active: test
2019-04-21 15:08:46.100 [INFO ] org.springframework.boot.devtools.env.DevToolsPropertyDefaultsPostProcessor - Devtools property defaults active! Set 'spring.devtools.add-properties' to 'false' to disable
2019-04-21 15:08:46.100 [INFO ] org.springframework.boot.devtools.env.DevToolsPropertyDefaultsPostProcessor - For additional web related logging consider setting the 'logging.level.web' property to 'DEBUG'
2019-04-21 15:08:47.730 [INFO ] org.springframework.boot.web.embedded.tomcat.TomcatWebServer - Tomcat initialized with port(s): 8080 (http)
2019-04-21 15:08:47.762 [INFO ] org.apache.coyote.http11.Http11NioProtocol - Initializing ProtocolHandler ["http-nio-8080"]
2019-04-21 15:08:47.775 [INFO ] org.apache.catalina.core.StandardService - Starting service [Tomcat]
2019-04-21 15:08:47.775 [INFO ] org.apache.catalina.core.StandardEngine - Starting Servlet engine: [Apache Tomcat/9.0.16]
2019-04-21 15:08:47.788 [INFO ] org.apache.catalina.core.AprLifecycleListener - The APR based Apache Tomcat Native library which allows optimal performance in production environments was not found on the java.library.path: [D:\01develop\Java\jdk1.8.0_181\bin;C:\WINDOWS\Sun\Java\bin;C:\WINDOWS\system32;C:\WINDOWS;D:/01develop/Java/jre1.8.0_181/bin/server;D:/01develop/Java/jre1.8.0_181/bin;D:/01develop/Java/jre1.8.0_181/lib/amd64;D:\03work\Xftp\;D:\03work\Xshell\;C:\Program Files (x86)\Common Files\Oracle\Java\javapath;C:\WINDOWS\system32;C:\WINDOWS;C:\WINDOWS\System32\Wbem;C:\WINDOWS\System32\WindowsPowerShell\v1.0\;"D:\01develop\Java\jdk1.8.0_181\bin;D:\01develop\Java\jdk1.8.0_181\jre\bin";D:\01develop\mysql-8.0.12-winx64\bin;D:\01develop\maven\apache-maven-3.5.4\bin;D:\01develop\TortoiseGit\bin;D:\01develop\Git\cmd;C:\WINDOWS\System32\OpenSSH\;C:\Users\qs016\AppData\Local\Microsoft\WindowsApps;;D:\01develop\eclipse\jee-2018-09\eclipse;;.]
2019-04-21 15:08:47.915 [INFO ] org.apache.catalina.core.ContainerBase.[Tomcat].[localhost].[/wedding-app] - Initializing Spring embedded WebApplicationContext
2019-04-21 15:08:47.915 [INFO ] org.springframework.web.context.ContextLoader - Root WebApplicationContext: initialization completed in 1815 ms
2019-04-21 15:08:48.290 [INFO ] com.alibaba.druid.pool.DruidDataSource - {dataSource-1} inited
2019-04-21 15:08:49.054 [INFO ] org.springframework.scheduling.concurrent.ThreadPoolTaskExecutor - Initializing ExecutorService 'applicationTaskExecutor'
2019-04-21 15:08:49.385 [INFO ] org.springframework.boot.devtools.autoconfigure.OptionalLiveReloadServer - LiveReload server is running on port 35729
2019-04-21 15:08:49.418 [INFO ] org.apache.coyote.http11.Http11NioProtocol - Starting ProtocolHandler ["http-nio-8080"]
2019-04-21 15:08:49.443 [INFO ] org.springframework.boot.web.embedded.tomcat.TomcatWebServer - Tomcat started on port(s): 8080 (http) with context path '/wedding-app'
2019-04-21 15:08:49.446 [INFO ] com.application.Application - Started Application in 3.743 seconds (JVM running for 4.38)
2019-04-21 15:09:29.855 [INFO ] org.apache.tomcat.util.http.parser.Cookie - A cookie header was received [1553567003; UM_distinctid=169c3b6eef1843-0796f27fab9f54-5701631-1fa400-169c3b6eef2fa; CNZZDATA1256912241=484211180-1553764090-%7C1553825635; JSESSIONID=8C0C3019D8285A89F75C71955146E1E7] that contained an invalid cookie. That cookie will be ignored.
 Note: further occurrences of this error will be logged at DEBUG level.
2019-04-21 15:09:29.860 [INFO ] org.apache.catalina.core.ContainerBase.[Tomcat].[localhost].[/wedding-app] - Initializing Spring DispatcherServlet 'dispatcherServlet'
2019-04-21 15:09:29.860 [INFO ] org.springframework.web.servlet.DispatcherServlet - Initializing Servlet 'dispatcherServlet'
2019-04-21 15:09:29.869 [INFO ] org.springframework.web.servlet.DispatcherServlet - Completed initialization in 9 ms
2019-04-21 15:09:29.903 [INFO ] com.application.controller.App_areaController - 后台 /product/list/{type}
2019-04-21 15:10:28.065 [INFO ] org.springframework.scheduling.concurrent.ThreadPoolTaskExecutor - Shutting down ExecutorService 'applicationTaskExecutor'
2019-04-21 15:10:28.069 [INFO ] com.alibaba.druid.pool.DruidDataSource - {dataSource-1} closed
2019-04-21 15:10:28.311 [INFO ] com.application.Application - Starting Application on DESKTOP-7RKQL44 with PID 10152 (E:\git\wedding\wedding-app\wedding-app\target\classes started by qs016 in E:\git\wedding\wedding-app\wedding-app)
2019-04-21 15:10:28.311 [INFO ] com.application.Application - The following profiles are active: test
2019-04-21 15:10:28.672 [INFO ] org.springframework.boot.web.embedded.tomcat.TomcatWebServer - Tomcat initialized with port(s): 8080 (http)
2019-04-21 15:10:28.672 [INFO ] org.apache.coyote.http11.Http11NioProtocol - Initializing ProtocolHandler ["http-nio-8080"]
2019-04-21 15:10:28.672 [INFO ] org.apache.catalina.core.StandardService - Starting service [Tomcat]
2019-04-21 15:10:28.672 [INFO ] org.apache.catalina.core.StandardEngine - Starting Servlet engine: [Apache Tomcat/9.0.16]
2019-04-21 15:10:28.688 [INFO ] org.apache.catalina.core.ContainerBase.[Tomcat].[localhost].[/wedding-app] - Initializing Spring embedded WebApplicationContext
2019-04-21 15:10:28.688 [INFO ] org.springframework.web.context.ContextLoader - Root WebApplicationContext: initialization completed in 361 ms
2019-04-21 15:10:28.743 [INFO ] com.alibaba.druid.pool.DruidDataSource - {dataSource-2} inited
2019-04-21 15:10:29.100 [INFO ] org.springframework.scheduling.concurrent.ThreadPoolTaskExecutor - Initializing ExecutorService 'applicationTaskExecutor'
2019-04-21 15:10:29.232 [INFO ] org.springframework.boot.devtools.autoconfigure.OptionalLiveReloadServer - LiveReload server is running on port 35729
2019-04-21 15:10:29.248 [INFO ] org.apache.coyote.http11.Http11NioProtocol - Starting ProtocolHandler ["http-nio-8080"]
2019-04-21 15:10:29.248 [INFO ] org.springframework.boot.web.embedded.tomcat.TomcatWebServer - Tomcat started on port(s): 8080 (http) with context path '/wedding-app'
2019-04-21 15:10:29.248 [INFO ] com.application.Application - Started Application in 0.983 seconds (JVM running for 104.191)
2019-04-21 15:10:29.248 [INFO ] org.springframework.boot.devtools.autoconfigure.ConditionEvaluationDeltaLoggingListener - Condition evaluation unchanged
2019-04-21 15:11:42.966 [INFO ] org.springframework.scheduling.concurrent.ThreadPoolTaskExecutor - Shutting down ExecutorService 'applicationTaskExecutor'
2019-04-21 15:11:42.977 [INFO ] com.alibaba.druid.pool.DruidDataSource - {dataSource-2} closed
2019-04-21 15:11:43.301 [INFO ] com.application.Application - Starting Application on DESKTOP-7RKQL44 with PID 10152 (E:\git\wedding\wedding-app\wedding-app\target\classes started by qs016 in E:\git\wedding\wedding-app\wedding-app)
2019-04-21 15:11:43.301 [INFO ] com.application.Application - The following profiles are active: test
2019-04-21 15:11:43.607 [INFO ] org.springframework.boot.web.embedded.tomcat.TomcatWebServer - Tomcat initialized with port(s): 8080 (http)
2019-04-21 15:11:43.607 [INFO ] org.apache.coyote.http11.Http11NioProtocol - Initializing ProtocolHandler ["http-nio-8080"]
2019-04-21 15:11:43.607 [INFO ] org.apache.catalina.core.StandardService - Starting service [Tomcat]
2019-04-21 15:11:43.607 [INFO ] org.apache.catalina.core.StandardEngine - Starting Servlet engine: [Apache Tomcat/9.0.16]
2019-04-21 15:11:43.622 [INFO ] org.apache.catalina.core.ContainerBase.[Tomcat].[localhost].[/wedding-app] - Initializing Spring embedded WebApplicationContext
2019-04-21 15:11:43.622 [INFO ] org.springframework.web.context.ContextLoader - Root WebApplicationContext: initialization completed in 321 ms
2019-04-21 15:11:43.689 [INFO ] com.alibaba.druid.pool.DruidDataSource - {dataSource-3} inited
2019-04-21 15:11:43.955 [INFO ] org.springframework.scheduling.concurrent.ThreadPoolTaskExecutor - Initializing ExecutorService 'applicationTaskExecutor'
2019-04-21 15:11:44.087 [INFO ] org.springframework.boot.devtools.autoconfigure.OptionalLiveReloadServer - LiveReload server is running on port 35729
2019-04-21 15:11:44.095 [INFO ] org.apache.coyote.http11.Http11NioProtocol - Starting ProtocolHandler ["http-nio-8080"]
2019-04-21 15:11:44.095 [INFO ] org.springframework.boot.web.embedded.tomcat.TomcatWebServer - Tomcat started on port(s): 8080 (http) with context path '/wedding-app'
2019-04-21 15:11:44.095 [INFO ] com.application.Application - Started Application in 0.858 seconds (JVM running for 179.042)
2019-04-21 15:11:44.095 [INFO ] org.springframework.boot.devtools.autoconfigure.ConditionEvaluationDeltaLoggingListener - Condition evaluation unchanged
2019-04-21 15:12:59.420 [INFO ] org.springframework.scheduling.concurrent.ThreadPoolTaskExecutor - Shutting down ExecutorService 'applicationTaskExecutor'
2019-04-21 15:12:59.428 [INFO ] com.alibaba.druid.pool.DruidDataSource - {dataSource-3} closed
2019-04-21 15:12:59.762 [INFO ] com.application.Application - Starting Application on DESKTOP-7RKQL44 with PID 10152 (E:\git\wedding\wedding-app\wedding-app\target\classes started by qs016 in E:\git\wedding\wedding-app\wedding-app)
2019-04-21 15:12:59.762 [INFO ] com.application.Application - The following profiles are active: test
2019-04-21 15:13:00.094 [INFO ] org.springframework.boot.web.embedded.tomcat.TomcatWebServer - Tomcat initialized with port(s): 8080 (http)
2019-04-21 15:13:00.094 [INFO ] org.apache.coyote.http11.Http11NioProtocol - Initializing ProtocolHandler ["http-nio-8080"]
2019-04-21 15:13:00.094 [INFO ] org.apache.catalina.core.StandardService - Starting service [Tomcat]
2019-04-21 15:13:00.094 [INFO ] org.apache.catalina.core.StandardEngine - Starting Servlet engine: [Apache Tomcat/9.0.16]
2019-04-21 15:13:00.141 [INFO ] org.apache.catalina.core.ContainerBase.[Tomcat].[localhost].[/wedding-app] - Initializing Spring embedded WebApplicationContext
2019-04-21 15:13:00.141 [INFO ] org.springframework.web.context.ContextLoader - Root WebApplicationContext: initialization completed in 379 ms
2019-04-21 15:13:00.173 [INFO ] com.alibaba.druid.pool.DruidDataSource - {dataSource-4} inited
2019-04-21 15:13:00.487 [INFO ] org.springframework.scheduling.concurrent.ThreadPoolTaskExecutor - Initializing ExecutorService 'applicationTaskExecutor'
2019-04-21 15:13:00.730 [INFO ] org.springframework.boot.devtools.autoconfigure.OptionalLiveReloadServer - LiveReload server is running on port 35729
2019-04-21 15:13:00.742 [INFO ] org.apache.coyote.http11.Http11NioProtocol - Starting ProtocolHandler ["http-nio-8080"]
2019-04-21 15:13:00.742 [INFO ] org.springframework.boot.web.embedded.tomcat.TomcatWebServer - Tomcat started on port(s): 8080 (http) with context path '/wedding-app'
2019-04-21 15:13:00.742 [INFO ] com.application.Application - Started Application in 1.027 seconds (JVM running for 255.683)
2019-04-21 15:13:00.742 [INFO ] org.springframework.boot.devtools.autoconfigure.ConditionEvaluationDeltaLoggingListener - Condition evaluation unchanged
2019-04-21 15:16:48.846 [INFO ] org.springframework.scheduling.concurrent.ThreadPoolTaskExecutor - Shutting down ExecutorService 'applicationTaskExecutor'
2019-04-21 15:16:48.849 [INFO ] com.alibaba.druid.pool.DruidDataSource - {dataSource-4} closed
2019-04-21 15:28:14.900 [INFO ] com.application.Application - Starting Application on DESKTOP-7RKQL44 with PID 13776 (E:\git\wedding\wedding-app\wedding-app\target\classes started by qs016 in E:\git\wedding\wedding-app\wedding-app)
2019-04-21 15:28:14.904 [INFO ] com.application.Application - The following profiles are active: test
2019-04-21 15:28:14.964 [INFO ] org.springframework.boot.devtools.env.DevToolsPropertyDefaultsPostProcessor - Devtools property defaults active! Set 'spring.devtools.add-properties' to 'false' to disable
2019-04-21 15:28:14.964 [INFO ] org.springframework.boot.devtools.env.DevToolsPropertyDefaultsPostProcessor - For additional web related logging consider setting the 'logging.level.web' property to 'DEBUG'
2019-04-21 15:28:16.535 [INFO ] org.springframework.boot.web.embedded.tomcat.TomcatWebServer - Tomcat initialized with port(s): 8080 (http)
2019-04-21 15:28:16.549 [INFO ] org.apache.coyote.http11.Http11NioProtocol - Initializing ProtocolHandler ["http-nio-8080"]
2019-04-21 15:28:16.559 [INFO ] org.apache.catalina.core.StandardService - Starting service [Tomcat]
2019-04-21 15:28:16.560 [INFO ] org.apache.catalina.core.StandardEngine - Starting Servlet engine: [Apache Tomcat/9.0.16]
2019-04-21 15:28:16.571 [INFO ] org.apache.catalina.core.AprLifecycleListener - The APR based Apache Tomcat Native library which allows optimal performance in production environments was not found on the java.library.path: [D:\01develop\Java\jdk1.8.0_181\bin;C:\WINDOWS\Sun\Java\bin;C:\WINDOWS\system32;C:\WINDOWS;D:/01develop/Java/jre1.8.0_181/bin/server;D:/01develop/Java/jre1.8.0_181/bin;D:/01develop/Java/jre1.8.0_181/lib/amd64;D:\03work\Xftp\;D:\03work\Xshell\;C:\Program Files (x86)\Common Files\Oracle\Java\javapath;C:\WINDOWS\system32;C:\WINDOWS;C:\WINDOWS\System32\Wbem;C:\WINDOWS\System32\WindowsPowerShell\v1.0\;"D:\01develop\Java\jdk1.8.0_181\bin;D:\01develop\Java\jdk1.8.0_181\jre\bin";D:\01develop\mysql-8.0.12-winx64\bin;D:\01develop\maven\apache-maven-3.5.4\bin;D:\01develop\TortoiseGit\bin;D:\01develop\Git\cmd;C:\WINDOWS\System32\OpenSSH\;C:\Users\qs016\AppData\Local\Microsoft\WindowsApps;;D:\01develop\eclipse\jee-2018-09\eclipse;;.]
2019-04-21 15:28:16.673 [INFO ] org.apache.catalina.core.ContainerBase.[Tomcat].[localhost].[/wedding-app] - Initializing Spring embedded WebApplicationContext
2019-04-21 15:28:16.674 [INFO ] org.springframework.web.context.ContextLoader - Root WebApplicationContext: initialization completed in 1709 ms
2019-04-21 15:28:17.026 [INFO ] com.alibaba.druid.pool.DruidDataSource - {dataSource-1} inited
2019-04-21 15:28:17.714 [INFO ] org.springframework.scheduling.concurrent.ThreadPoolTaskExecutor - Initializing ExecutorService 'applicationTaskExecutor'
2019-04-21 15:28:18.027 [INFO ] org.springframework.boot.devtools.autoconfigure.OptionalLiveReloadServer - LiveReload server is running on port 35729
2019-04-21 15:28:18.055 [INFO ] org.apache.coyote.http11.Http11NioProtocol - Starting ProtocolHandler ["http-nio-8080"]
2019-04-21 15:28:18.075 [INFO ] org.springframework.boot.web.embedded.tomcat.TomcatWebServer - Tomcat started on port(s): 8080 (http) with context path '/wedding-app'
2019-04-21 15:28:18.079 [INFO ] com.application.Application - Started Application in 3.632 seconds (JVM running for 4.368)
2019-04-21 15:32:28.388 [INFO ] org.springframework.scheduling.concurrent.ThreadPoolTaskExecutor - Shutting down ExecutorService 'applicationTaskExecutor'
2019-04-21 15:32:28.392 [INFO ] com.alibaba.druid.pool.DruidDataSource - {dataSource-1} closed
2019-04-21 15:32:28.652 [INFO ] com.application.Application - Starting Application on DESKTOP-7RKQL44 with PID 13776 (E:\git\wedding\wedding-app\wedding-app\target\classes started by qs016 in E:\git\wedding\wedding-app\wedding-app)
2019-04-21 15:32:28.652 [INFO ] com.application.Application - The following profiles are active: test
2019-04-21 15:32:28.998 [INFO ] org.springframework.boot.web.embedded.tomcat.TomcatWebServer - Tomcat initialized with port(s): 8080 (http)
2019-04-21 15:32:28.999 [INFO ] org.apache.coyote.http11.Http11NioProtocol - Initializing ProtocolHandler ["http-nio-8080"]
2019-04-21 15:32:28.999 [INFO ] org.apache.catalina.core.StandardService - Starting service [Tomcat]
2019-04-21 15:32:28.999 [INFO ] org.apache.catalina.core.StandardEngine - Starting Servlet engine: [Apache Tomcat/9.0.16]
2019-04-21 15:32:29.020 [INFO ] org.apache.catalina.core.ContainerBase.[Tomcat].[localhost].[/wedding-app] - Initializing Spring embedded WebApplicationContext
2019-04-21 15:32:29.021 [INFO ] org.springframework.web.context.ContextLoader - Root WebApplicationContext: initialization completed in 367 ms
2019-04-21 15:32:29.080 [INFO ] com.alibaba.druid.pool.DruidDataSource - {dataSource-2} inited
2019-04-21 15:32:29.442 [INFO ] org.springframework.scheduling.concurrent.ThreadPoolTaskExecutor - Initializing ExecutorService 'applicationTaskExecutor'
2019-04-21 15:32:29.567 [INFO ] org.springframework.boot.devtools.autoconfigure.OptionalLiveReloadServer - LiveReload server is running on port 35729
2019-04-21 15:32:29.582 [INFO ] org.apache.coyote.http11.Http11NioProtocol - Starting ProtocolHandler ["http-nio-8080"]
2019-04-21 15:32:29.587 [INFO ] org.springframework.boot.web.embedded.tomcat.TomcatWebServer - Tomcat started on port(s): 8080 (http) with context path '/wedding-app'
2019-04-21 15:32:29.588 [INFO ] com.application.Application - Started Application in 0.984 seconds (JVM running for 255.877)
2019-04-21 15:32:29.590 [INFO ] org.springframework.boot.devtools.autoconfigure.ConditionEvaluationDeltaLoggingListener - Condition evaluation unchanged
2019-04-21 15:33:10.313 [INFO ] org.springframework.scheduling.concurrent.ThreadPoolTaskExecutor - Shutting down ExecutorService 'applicationTaskExecutor'
2019-04-21 15:33:10.353 [INFO ] com.alibaba.druid.pool.DruidDataSource - {dataSource-2} closed
2019-04-21 15:33:10.629 [INFO ] com.application.Application - Starting Application on DESKTOP-7RKQL44 with PID 13776 (E:\git\wedding\wedding-app\wedding-app\target\classes started by qs016 in E:\git\wedding\wedding-app\wedding-app)
2019-04-21 15:33:10.631 [INFO ] com.application.Application - The following profiles are active: test
2019-04-21 15:33:11.031 [INFO ] org.springframework.boot.web.embedded.tomcat.TomcatWebServer - Tomcat initialized with port(s): 8080 (http)
2019-04-21 15:33:11.031 [INFO ] org.apache.coyote.http11.Http11NioProtocol - Initializing ProtocolHandler ["http-nio-8080"]
2019-04-21 15:33:11.032 [INFO ] org.apache.catalina.core.StandardService - Starting service [Tomcat]
2019-04-21 15:33:11.032 [INFO ] org.apache.catalina.core.StandardEngine - Starting Servlet engine: [Apache Tomcat/9.0.16]
2019-04-21 15:33:11.043 [INFO ] org.apache.catalina.core.ContainerBase.[Tomcat].[localhost].[/wedding-app] - Initializing Spring embedded WebApplicationContext
2019-04-21 15:33:11.043 [INFO ] org.springframework.web.context.ContextLoader - Root WebApplicationContext: initialization completed in 401 ms
2019-04-21 15:33:11.092 [INFO ] com.alibaba.druid.pool.DruidDataSource - {dataSource-3} inited
2019-04-21 15:33:11.376 [INFO ] org.springframework.scheduling.concurrent.ThreadPoolTaskExecutor - Initializing ExecutorService 'applicationTaskExecutor'
2019-04-21 15:33:11.494 [INFO ] org.springframework.boot.devtools.autoconfigure.OptionalLiveReloadServer - LiveReload server is running on port 35729
2019-04-21 15:33:11.507 [INFO ] org.apache.coyote.http11.Http11NioProtocol - Starting ProtocolHandler ["http-nio-8080"]
2019-04-21 15:33:11.511 [INFO ] org.springframework.boot.web.embedded.tomcat.TomcatWebServer - Tomcat started on port(s): 8080 (http) with context path '/wedding-app'
2019-04-21 15:33:11.512 [INFO ] com.application.Application - Started Application in 0.937 seconds (JVM running for 297.801)
2019-04-21 15:33:11.514 [INFO ] org.springframework.boot.devtools.autoconfigure.ConditionEvaluationDeltaLoggingListener - Condition evaluation unchanged
2019-04-21 15:33:20.843 [INFO ] org.springframework.scheduling.concurrent.ThreadPoolTaskExecutor - Shutting down ExecutorService 'applicationTaskExecutor'
2019-04-21 15:33:20.853 [INFO ] com.alibaba.druid.pool.DruidDataSource - {dataSource-3} closed
2019-04-21 15:33:21.104 [INFO ] com.application.Application - Starting Application on DESKTOP-7RKQL44 with PID 13776 (E:\git\wedding\wedding-app\wedding-app\target\classes started by qs016 in E:\git\wedding\wedding-app\wedding-app)
2019-04-21 15:33:21.104 [INFO ] com.application.Application - The following profiles are active: test
2019-04-21 15:33:21.380 [INFO ] org.springframework.boot.web.embedded.tomcat.TomcatWebServer - Tomcat initialized with port(s): 8080 (http)
2019-04-21 15:33:21.381 [INFO ] org.apache.coyote.http11.Http11NioProtocol - Initializing ProtocolHandler ["http-nio-8080"]
2019-04-21 15:33:21.381 [INFO ] org.apache.catalina.core.StandardService - Starting service [Tomcat]
2019-04-21 15:33:21.382 [INFO ] org.apache.catalina.core.StandardEngine - Starting Servlet engine: [Apache Tomcat/9.0.16]
2019-04-21 15:33:21.393 [INFO ] org.apache.catalina.core.ContainerBase.[Tomcat].[localhost].[/wedding-app] - Initializing Spring embedded WebApplicationContext
2019-04-21 15:33:21.393 [INFO ] org.springframework.web.context.ContextLoader - Root WebApplicationContext: initialization completed in 287 ms
2019-04-21 15:33:21.439 [INFO ] com.alibaba.druid.pool.DruidDataSource - {dataSource-4} inited
2019-04-21 15:33:21.680 [INFO ] org.springframework.scheduling.concurrent.ThreadPoolTaskExecutor - Initializing ExecutorService 'applicationTaskExecutor'
2019-04-21 15:33:21.801 [INFO ] org.springframework.boot.devtools.autoconfigure.OptionalLiveReloadServer - LiveReload server is running on port 35729
2019-04-21 15:33:21.811 [INFO ] org.apache.coyote.http11.Http11NioProtocol - Starting ProtocolHandler ["http-nio-8080"]
2019-04-21 15:33:21.815 [INFO ] org.springframework.boot.web.embedded.tomcat.TomcatWebServer - Tomcat started on port(s): 8080 (http) with context path '/wedding-app'
2019-04-21 15:33:21.816 [INFO ] com.application.Application - Started Application in 0.746 seconds (JVM running for 308.105)
2019-04-21 15:33:21.817 [INFO ] org.springframework.boot.devtools.autoconfigure.ConditionEvaluationDeltaLoggingListener - Condition evaluation unchanged
2019-04-21 15:33:31.371 [INFO ] org.springframework.scheduling.concurrent.ThreadPoolTaskExecutor - Shutting down ExecutorService 'applicationTaskExecutor'
2019-04-21 15:33:31.376 [INFO ] com.alibaba.druid.pool.DruidDataSource - {dataSource-4} closed
2019-04-21 15:33:31.636 [INFO ] com.application.Application - Starting Application on DESKTOP-7RKQL44 with PID 13776 (E:\git\wedding\wedding-app\wedding-app\target\classes started by qs016 in E:\git\wedding\wedding-app\wedding-app)
2019-04-21 15:33:31.636 [INFO ] com.application.Application - The following profiles are active: test
2019-04-21 15:33:31.898 [INFO ] org.springframework.boot.web.embedded.tomcat.TomcatWebServer - Tomcat initialized with port(s): 8080 (http)
2019-04-21 15:33:31.899 [INFO ] org.apache.coyote.http11.Http11NioProtocol - Initializing ProtocolHandler ["http-nio-8080"]
2019-04-21 15:33:31.899 [INFO ] org.apache.catalina.core.StandardService - Starting service [Tomcat]
2019-04-21 15:33:31.899 [INFO ] org.apache.catalina.core.StandardEngine - Starting Servlet engine: [Apache Tomcat/9.0.16]
2019-04-21 15:33:31.910 [INFO ] org.apache.catalina.core.ContainerBase.[Tomcat].[localhost].[/wedding-app] - Initializing Spring embedded WebApplicationContext
2019-04-21 15:33:31.911 [INFO ] org.springframework.web.context.ContextLoader - Root WebApplicationContext: initialization completed in 273 ms
2019-04-21 15:33:31.952 [INFO ] com.alibaba.druid.pool.DruidDataSource - {dataSource-5} inited
2019-04-21 15:33:32.152 [INFO ] org.springframework.scheduling.concurrent.ThreadPoolTaskExecutor - Initializing ExecutorService 'applicationTaskExecutor'
2019-04-21 15:33:32.263 [INFO ] org.springframework.boot.devtools.autoconfigure.OptionalLiveReloadServer - LiveReload server is running on port 35729
2019-04-21 15:33:32.272 [INFO ] org.apache.coyote.http11.Http11NioProtocol - Starting ProtocolHandler ["http-nio-8080"]
2019-04-21 15:33:32.274 [INFO ] org.springframework.boot.web.embedded.tomcat.TomcatWebServer - Tomcat started on port(s): 8080 (http) with context path '/wedding-app'
2019-04-21 15:33:32.275 [INFO ] com.application.Application - Started Application in 0.67 seconds (JVM running for 318.563)
2019-04-21 15:33:32.276 [INFO ] org.springframework.boot.devtools.autoconfigure.ConditionEvaluationDeltaLoggingListener - Condition evaluation unchanged
2019-04-21 15:33:40.602 [INFO ] org.springframework.scheduling.concurrent.ThreadPoolTaskExecutor - Shutting down ExecutorService 'applicationTaskExecutor'
2019-04-21 15:33:40.604 [INFO ] com.alibaba.druid.pool.DruidDataSource - {dataSource-5} closed
2019-04-21 15:33:40.813 [INFO ] com.application.Application - Starting Application on DESKTOP-7RKQL44 with PID 13776 (E:\git\wedding\wedding-app\wedding-app\target\classes started by qs016 in E:\git\wedding\wedding-app\wedding-app)
2019-04-21 15:33:40.814 [INFO ] com.application.Application - The following profiles are active: test
2019-04-21 15:33:41.092 [INFO ] org.springframework.boot.web.embedded.tomcat.TomcatWebServer - Tomcat initialized with port(s): 8080 (http)
2019-04-21 15:33:41.093 [INFO ] org.apache.coyote.http11.Http11NioProtocol - Initializing ProtocolHandler ["http-nio-8080"]
2019-04-21 15:33:41.093 [INFO ] org.apache.catalina.core.StandardService - Starting service [Tomcat]
2019-04-21 15:33:41.093 [INFO ] org.apache.catalina.core.StandardEngine - Starting Servlet engine: [Apache Tomcat/9.0.16]
2019-04-21 15:33:41.104 [INFO ] org.apache.catalina.core.ContainerBase.[Tomcat].[localhost].[/wedding-app] - Initializing Spring embedded WebApplicationContext
2019-04-21 15:33:41.104 [INFO ] org.springframework.web.context.ContextLoader - Root WebApplicationContext: initialization completed in 288 ms
2019-04-21 15:33:41.149 [INFO ] com.alibaba.druid.pool.DruidDataSource - {dataSource-6} inited
2019-04-21 15:33:41.379 [INFO ] org.springframework.scheduling.concurrent.ThreadPoolTaskExecutor - Initializing ExecutorService 'applicationTaskExecutor'
2019-04-21 15:33:41.487 [INFO ] org.springframework.boot.devtools.autoconfigure.OptionalLiveReloadServer - LiveReload server is running on port 35729
2019-04-21 15:33:41.497 [INFO ] org.apache.coyote.http11.Http11NioProtocol - Starting ProtocolHandler ["http-nio-8080"]
2019-04-21 15:33:41.501 [INFO ] org.springframework.boot.web.embedded.tomcat.TomcatWebServer - Tomcat started on port(s): 8080 (http) with context path '/wedding-app'
2019-04-21 15:33:41.501 [INFO ] com.application.Application - Started Application in 0.725 seconds (JVM running for 327.79)
2019-04-21 15:33:41.511 [INFO ] org.springframework.boot.devtools.autoconfigure.ConditionEvaluationDeltaLoggingListener - Condition evaluation unchanged
2019-04-21 15:34:30.317 [INFO ] org.springframework.scheduling.concurrent.ThreadPoolTaskExecutor - Shutting down ExecutorService 'applicationTaskExecutor'
2019-04-21 15:34:30.318 [INFO ] com.alibaba.druid.pool.DruidDataSource - {dataSource-6} closed
2019-04-21 15:34:30.567 [INFO ] com.application.Application - Starting Application on DESKTOP-7RKQL44 with PID 13776 (E:\git\wedding\wedding-app\wedding-app\target\classes started by qs016 in E:\git\wedding\wedding-app\wedding-app)
2019-04-21 15:34:30.567 [INFO ] com.application.Application - The following profiles are active: test
2019-04-21 15:34:30.886 [INFO ] org.springframework.boot.web.embedded.tomcat.TomcatWebServer - Tomcat initialized with port(s): 8080 (http)
2019-04-21 15:34:30.887 [INFO ] org.apache.coyote.http11.Http11NioProtocol - Initializing ProtocolHandler ["http-nio-8080"]
2019-04-21 15:34:30.888 [INFO ] org.apache.catalina.core.StandardService - Starting service [Tomcat]
2019-04-21 15:34:30.889 [INFO ] org.apache.catalina.core.StandardEngine - Starting Servlet engine: [Apache Tomcat/9.0.16]
2019-04-21 15:34:30.902 [INFO ] org.apache.catalina.core.ContainerBase.[Tomcat].[localhost].[/wedding-app] - Initializing Spring embedded WebApplicationContext
2019-04-21 15:34:30.902 [INFO ] org.springframework.web.context.ContextLoader - Root WebApplicationContext: initialization completed in 333 ms
2019-04-21 15:34:30.951 [INFO ] com.alibaba.druid.pool.DruidDataSource - {dataSource-7} inited
2019-04-21 15:34:31.172 [INFO ] org.springframework.scheduling.concurrent.ThreadPoolTaskExecutor - Initializing ExecutorService 'applicationTaskExecutor'
2019-04-21 15:34:31.278 [INFO ] org.springframework.boot.devtools.autoconfigure.OptionalLiveReloadServer - LiveReload server is running on port 35729
2019-04-21 15:34:31.287 [INFO ] org.apache.coyote.http11.Http11NioProtocol - Starting ProtocolHandler ["http-nio-8080"]
2019-04-21 15:34:31.290 [INFO ] org.springframework.boot.web.embedded.tomcat.TomcatWebServer - Tomcat started on port(s): 8080 (http) with context path '/wedding-app'
2019-04-21 15:34:31.291 [INFO ] com.application.Application - Started Application in 0.757 seconds (JVM running for 377.58)
2019-04-21 15:34:31.292 [INFO ] org.springframework.boot.devtools.autoconfigure.ConditionEvaluationDeltaLoggingListener - Condition evaluation unchanged
