2019-04-17 17:44:02.892 [INFO ] com.application.Application - Starting Application on DESKTOP-7RKQL44 with PID 18708 (E:\git\wedding\wedding-app\wedding-app\target\classes started by qs016 in E:\git\wedding\wedding-app\wedding-app)
2019-04-17 17:44:02.894 [INFO ] com.application.Application - The following profiles are active: test
2019-04-17 17:44:02.959 [INFO ] org.springframework.boot.devtools.env.DevToolsPropertyDefaultsPostProcessor - Devtools property defaults active! Set 'spring.devtools.add-properties' to 'false' to disable
2019-04-17 17:44:02.960 [INFO ] org.springframework.boot.devtools.env.DevToolsPropertyDefaultsPostProcessor - For additional web related logging consider setting the 'logging.level.web' property to 'DEBUG'
2019-04-17 17:44:04.496 [INFO ] org.springframework.boot.web.embedded.tomcat.TomcatWebServer - Tomcat initialized with port(s): 8181 (http)
2019-04-17 17:44:04.510 [INFO ] org.apache.coyote.http11.Http11NioProtocol - Initializing ProtocolHandler ["http-nio-8181"]
2019-04-17 17:44:04.519 [INFO ] org.apache.catalina.core.StandardService - Starting service [Tomcat]
2019-04-17 17:44:04.519 [INFO ] org.apache.catalina.core.StandardEngine - Starting Servlet engine: [Apache Tomcat/9.0.16]
2019-04-17 17:44:04.531 [INFO ] org.apache.catalina.core.AprLifecycleListener - The APR based Apache Tomcat Native library which allows optimal performance in production environments was not found on the java.library.path: [D:\01develop\Java\jdk1.8.0_181\bin;C:\WINDOWS\Sun\Java\bin;C:\WINDOWS\system32;C:\WINDOWS;D:/01develop/Java/jre1.8.0_181/bin/server;D:/01develop/Java/jre1.8.0_181/bin;D:/01develop/Java/jre1.8.0_181/lib/amd64;D:\03work\Xftp\;D:\03work\Xshell\;C:\Program Files (x86)\Common Files\Oracle\Java\javapath;C:\WINDOWS\system32;C:\WINDOWS;C:\WINDOWS\System32\Wbem;C:\WINDOWS\System32\WindowsPowerShell\v1.0\;"D:\01develop\Java\jdk1.8.0_181\bin;D:\01develop\Java\jdk1.8.0_181\jre\bin";D:\01develop\mysql-8.0.12-winx64\bin;D:\01develop\maven\apache-maven-3.5.4\bin;D:\01develop\TortoiseGit\bin;D:\01develop\Git\cmd;C:\WINDOWS\System32\OpenSSH\;C:\Users\qs016\AppData\Local\Microsoft\WindowsApps;;D:\01develop\eclipse\jee-2018-09\eclipse;;.]
2019-04-17 17:44:04.619 [INFO ] org.apache.catalina.core.ContainerBase.[Tomcat].[localhost].[/wedding-app] - Initializing Spring embedded WebApplicationContext
2019-04-17 17:44:04.619 [INFO ] org.springframework.web.context.ContextLoader - Root WebApplicationContext: initialization completed in 1630 ms
2019-04-17 17:44:04.726 [INFO ] org.apache.catalina.core.StandardService - Stopping service [Tomcat]
2019-04-17 17:44:04.762 [INFO ] org.springframework.boot.autoconfigure.logging.ConditionEvaluationReportLoggingListener - 

Error starting ApplicationContext. To display the conditions report re-run your application with 'debug' enabled.
2019-04-17 17:46:24.909 [INFO ] com.application.Application - Starting Application on DESKTOP-7RKQL44 with PID 7404 (E:\git\wedding\wedding-app\wedding-app\target\classes started by qs016 in E:\git\wedding\wedding-app\wedding-app)
2019-04-17 17:46:24.911 [INFO ] com.application.Application - The following profiles are active: test
2019-04-17 17:46:24.963 [INFO ] org.springframework.boot.devtools.env.DevToolsPropertyDefaultsPostProcessor - Devtools property defaults active! Set 'spring.devtools.add-properties' to 'false' to disable
2019-04-17 17:46:24.963 [INFO ] org.springframework.boot.devtools.env.DevToolsPropertyDefaultsPostProcessor - For additional web related logging consider setting the 'logging.level.web' property to 'DEBUG'
2019-04-17 17:46:26.418 [INFO ] org.springframework.boot.web.embedded.tomcat.TomcatWebServer - Tomcat initialized with port(s): 8181 (http)
2019-04-17 17:46:26.432 [INFO ] org.apache.coyote.http11.Http11NioProtocol - Initializing ProtocolHandler ["http-nio-8181"]
2019-04-17 17:46:26.444 [INFO ] org.apache.catalina.core.StandardService - Starting service [Tomcat]
2019-04-17 17:46:26.444 [INFO ] org.apache.catalina.core.StandardEngine - Starting Servlet engine: [Apache Tomcat/9.0.16]
2019-04-17 17:46:26.456 [INFO ] org.apache.catalina.core.AprLifecycleListener - The APR based Apache Tomcat Native library which allows optimal performance in production environments was not found on the java.library.path: [D:\01develop\Java\jdk1.8.0_181\bin;C:\WINDOWS\Sun\Java\bin;C:\WINDOWS\system32;C:\WINDOWS;D:/01develop/Java/jre1.8.0_181/bin/server;D:/01develop/Java/jre1.8.0_181/bin;D:/01develop/Java/jre1.8.0_181/lib/amd64;D:\03work\Xftp\;D:\03work\Xshell\;C:\Program Files (x86)\Common Files\Oracle\Java\javapath;C:\WINDOWS\system32;C:\WINDOWS;C:\WINDOWS\System32\Wbem;C:\WINDOWS\System32\WindowsPowerShell\v1.0\;"D:\01develop\Java\jdk1.8.0_181\bin;D:\01develop\Java\jdk1.8.0_181\jre\bin";D:\01develop\mysql-8.0.12-winx64\bin;D:\01develop\maven\apache-maven-3.5.4\bin;D:\01develop\TortoiseGit\bin;D:\01develop\Git\cmd;C:\WINDOWS\System32\OpenSSH\;C:\Users\qs016\AppData\Local\Microsoft\WindowsApps;;D:\01develop\eclipse\jee-2018-09\eclipse;;.]
2019-04-17 17:46:26.566 [INFO ] org.apache.catalina.core.ContainerBase.[Tomcat].[localhost].[/wedding-app] - Initializing Spring embedded WebApplicationContext
2019-04-17 17:46:26.566 [INFO ] org.springframework.web.context.ContextLoader - Root WebApplicationContext: initialization completed in 1603 ms
2019-04-17 17:46:26.645 [INFO ] org.apache.catalina.core.StandardService - Stopping service [Tomcat]
2019-04-17 17:46:26.668 [INFO ] org.springframework.boot.autoconfigure.logging.ConditionEvaluationReportLoggingListener - 

Error starting ApplicationContext. To display the conditions report re-run your application with 'debug' enabled.
2019-04-17 17:50:03.389 [INFO ] com.application.Application - Starting Application on DESKTOP-7RKQL44 with PID 12952 (E:\git\wedding\wedding-app\wedding-app\target\classes started by qs016 in E:\git\wedding\wedding-app\wedding-app)
2019-04-17 17:50:03.391 [INFO ] com.application.Application - The following profiles are active: test
2019-04-17 17:50:03.447 [INFO ] org.springframework.boot.devtools.env.DevToolsPropertyDefaultsPostProcessor - Devtools property defaults active! Set 'spring.devtools.add-properties' to 'false' to disable
2019-04-17 17:50:03.448 [INFO ] org.springframework.boot.devtools.env.DevToolsPropertyDefaultsPostProcessor - For additional web related logging consider setting the 'logging.level.web' property to 'DEBUG'
2019-04-17 17:50:04.987 [INFO ] org.springframework.boot.web.embedded.tomcat.TomcatWebServer - Tomcat initialized with port(s): 8181 (http)
2019-04-17 17:50:05.001 [INFO ] org.apache.coyote.http11.Http11NioProtocol - Initializing ProtocolHandler ["http-nio-8181"]
2019-04-17 17:50:05.013 [INFO ] org.apache.catalina.core.StandardService - Starting service [Tomcat]
2019-04-17 17:50:05.013 [INFO ] org.apache.catalina.core.StandardEngine - Starting Servlet engine: [Apache Tomcat/9.0.16]
2019-04-17 17:50:05.025 [INFO ] org.apache.catalina.core.AprLifecycleListener - The APR based Apache Tomcat Native library which allows optimal performance in production environments was not found on the java.library.path: [D:\01develop\Java\jdk1.8.0_181\bin;C:\WINDOWS\Sun\Java\bin;C:\WINDOWS\system32;C:\WINDOWS;D:/01develop/Java/jre1.8.0_181/bin/server;D:/01develop/Java/jre1.8.0_181/bin;D:/01develop/Java/jre1.8.0_181/lib/amd64;D:\03work\Xftp\;D:\03work\Xshell\;C:\Program Files (x86)\Common Files\Oracle\Java\javapath;C:\WINDOWS\system32;C:\WINDOWS;C:\WINDOWS\System32\Wbem;C:\WINDOWS\System32\WindowsPowerShell\v1.0\;"D:\01develop\Java\jdk1.8.0_181\bin;D:\01develop\Java\jdk1.8.0_181\jre\bin";D:\01develop\mysql-8.0.12-winx64\bin;D:\01develop\maven\apache-maven-3.5.4\bin;D:\01develop\TortoiseGit\bin;D:\01develop\Git\cmd;C:\WINDOWS\System32\OpenSSH\;C:\Users\qs016\AppData\Local\Microsoft\WindowsApps;;D:\01develop\eclipse\jee-2018-09\eclipse;;.]
2019-04-17 17:50:05.136 [INFO ] org.apache.catalina.core.ContainerBase.[Tomcat].[localhost].[/wedding-app] - Initializing Spring embedded WebApplicationContext
2019-04-17 17:50:05.138 [INFO ] org.springframework.web.context.ContextLoader - Root WebApplicationContext: initialization completed in 1690 ms
2019-04-17 17:50:05.223 [INFO ] org.apache.catalina.core.StandardService - Stopping service [Tomcat]
2019-04-17 17:50:05.246 [INFO ] org.springframework.boot.autoconfigure.logging.ConditionEvaluationReportLoggingListener - 

Error starting ApplicationContext. To display the conditions report re-run your application with 'debug' enabled.
2019-04-17 17:58:11.580 [INFO ] com.application.Application - Starting Application on DESKTOP-7RKQL44 with PID 13220 (E:\git\wedding\wedding-app\wedding-app\target\classes started by qs016 in E:\git\wedding\wedding-app\wedding-app)
2019-04-17 17:58:11.582 [INFO ] com.application.Application - The following profiles are active: test
2019-04-17 17:58:11.678 [INFO ] org.springframework.boot.devtools.env.DevToolsPropertyDefaultsPostProcessor - Devtools property defaults active! Set 'spring.devtools.add-properties' to 'false' to disable
2019-04-17 17:58:11.679 [INFO ] org.springframework.boot.devtools.env.DevToolsPropertyDefaultsPostProcessor - For additional web related logging consider setting the 'logging.level.web' property to 'DEBUG'
2019-04-17 17:58:13.688 [INFO ] org.springframework.boot.web.embedded.tomcat.TomcatWebServer - Tomcat initialized with port(s): 8181 (http)
2019-04-17 17:58:13.705 [INFO ] org.apache.coyote.http11.Http11NioProtocol - Initializing ProtocolHandler ["http-nio-8181"]
2019-04-17 17:58:13.716 [INFO ] org.apache.catalina.core.StandardService - Starting service [Tomcat]
2019-04-17 17:58:13.716 [INFO ] org.apache.catalina.core.StandardEngine - Starting Servlet engine: [Apache Tomcat/9.0.16]
2019-04-17 17:58:13.728 [INFO ] org.apache.catalina.core.AprLifecycleListener - The APR based Apache Tomcat Native library which allows optimal performance in production environments was not found on the java.library.path: [D:\01develop\Java\jdk1.8.0_181\bin;C:\WINDOWS\Sun\Java\bin;C:\WINDOWS\system32;C:\WINDOWS;D:/01develop/Java/jre1.8.0_181/bin/server;D:/01develop/Java/jre1.8.0_181/bin;D:/01develop/Java/jre1.8.0_181/lib/amd64;D:\03work\Xftp\;D:\03work\Xshell\;C:\Program Files (x86)\Common Files\Oracle\Java\javapath;C:\WINDOWS\system32;C:\WINDOWS;C:\WINDOWS\System32\Wbem;C:\WINDOWS\System32\WindowsPowerShell\v1.0\;"D:\01develop\Java\jdk1.8.0_181\bin;D:\01develop\Java\jdk1.8.0_181\jre\bin";D:\01develop\mysql-8.0.12-winx64\bin;D:\01develop\maven\apache-maven-3.5.4\bin;D:\01develop\TortoiseGit\bin;D:\01develop\Git\cmd;C:\WINDOWS\System32\OpenSSH\;C:\Users\qs016\AppData\Local\Microsoft\WindowsApps;;D:\01develop\eclipse\jee-2018-09\eclipse;;.]
2019-04-17 17:58:13.859 [INFO ] org.apache.catalina.core.ContainerBase.[Tomcat].[localhost].[/wedding-app] - Initializing Spring embedded WebApplicationContext
2019-04-17 17:58:13.859 [INFO ] org.springframework.web.context.ContextLoader - Root WebApplicationContext: initialization completed in 2180 ms
2019-04-17 17:58:13.943 [INFO ] org.apache.catalina.core.StandardService - Stopping service [Tomcat]
2019-04-17 17:58:13.971 [INFO ] org.springframework.boot.autoconfigure.logging.ConditionEvaluationReportLoggingListener - 

Error starting ApplicationContext. To display the conditions report re-run your application with 'debug' enabled.
2019-04-17 18:03:42.843 [INFO ] com.application.Application - Starting Application on DESKTOP-7RKQL44 with PID 14912 (E:\git\wedding\wedding-app\wedding-app\target\classes started by qs016 in E:\git\wedding\wedding-app\wedding-app)
2019-04-17 18:03:42.845 [INFO ] com.application.Application - The following profiles are active: test
2019-04-17 18:03:42.913 [INFO ] org.springframework.boot.devtools.env.DevToolsPropertyDefaultsPostProcessor - Devtools property defaults active! Set 'spring.devtools.add-properties' to 'false' to disable
2019-04-17 18:03:42.913 [INFO ] org.springframework.boot.devtools.env.DevToolsPropertyDefaultsPostProcessor - For additional web related logging consider setting the 'logging.level.web' property to 'DEBUG'
2019-04-17 18:03:44.407 [INFO ] org.springframework.boot.web.embedded.tomcat.TomcatWebServer - Tomcat initialized with port(s): 8181 (http)
2019-04-17 18:03:44.422 [INFO ] org.apache.coyote.http11.Http11NioProtocol - Initializing ProtocolHandler ["http-nio-8181"]
2019-04-17 18:03:44.433 [INFO ] org.apache.catalina.core.StandardService - Starting service [Tomcat]
2019-04-17 18:03:44.433 [INFO ] org.apache.catalina.core.StandardEngine - Starting Servlet engine: [Apache Tomcat/9.0.16]
2019-04-17 18:03:44.446 [INFO ] org.apache.catalina.core.AprLifecycleListener - The APR based Apache Tomcat Native library which allows optimal performance in production environments was not found on the java.library.path: [D:\01develop\Java\jdk1.8.0_181\bin;C:\WINDOWS\Sun\Java\bin;C:\WINDOWS\system32;C:\WINDOWS;D:/01develop/Java/jre1.8.0_181/bin/server;D:/01develop/Java/jre1.8.0_181/bin;D:/01develop/Java/jre1.8.0_181/lib/amd64;D:\03work\Xftp\;D:\03work\Xshell\;C:\Program Files (x86)\Common Files\Oracle\Java\javapath;C:\WINDOWS\system32;C:\WINDOWS;C:\WINDOWS\System32\Wbem;C:\WINDOWS\System32\WindowsPowerShell\v1.0\;"D:\01develop\Java\jdk1.8.0_181\bin;D:\01develop\Java\jdk1.8.0_181\jre\bin";D:\01develop\mysql-8.0.12-winx64\bin;D:\01develop\maven\apache-maven-3.5.4\bin;D:\01develop\TortoiseGit\bin;D:\01develop\Git\cmd;C:\WINDOWS\System32\OpenSSH\;C:\Users\qs016\AppData\Local\Microsoft\WindowsApps;;D:\01develop\eclipse\jee-2018-09\eclipse;;.]
2019-04-17 18:03:44.537 [INFO ] org.apache.catalina.core.ContainerBase.[Tomcat].[localhost].[/wedding-app] - Initializing Spring embedded WebApplicationContext
2019-04-17 18:03:44.537 [INFO ] org.springframework.web.context.ContextLoader - Root WebApplicationContext: initialization completed in 1623 ms
2019-04-17 18:03:44.630 [INFO ] org.apache.catalina.core.StandardService - Stopping service [Tomcat]
2019-04-17 18:03:44.654 [INFO ] org.springframework.boot.autoconfigure.logging.ConditionEvaluationReportLoggingListener - 

Error starting ApplicationContext. To display the conditions report re-run your application with 'debug' enabled.
2019-04-17 18:05:54.704 [INFO ] com.application.Application - Starting Application on DESKTOP-7RKQL44 with PID 2800 (E:\git\wedding\wedding-app\wedding-app\target\classes started by qs016 in E:\git\wedding\wedding-app\wedding-app)
2019-04-17 18:05:54.705 [INFO ] com.application.Application - The following profiles are active: test
2019-04-17 18:05:54.737 [INFO ] org.springframework.boot.devtools.env.DevToolsPropertyDefaultsPostProcessor - Devtools property defaults active! Set 'spring.devtools.add-properties' to 'false' to disable
2019-04-17 18:05:54.737 [INFO ] org.springframework.boot.devtools.env.DevToolsPropertyDefaultsPostProcessor - For additional web related logging consider setting the 'logging.level.web' property to 'DEBUG'
2019-04-17 18:05:55.644 [INFO ] org.springframework.boot.web.embedded.tomcat.TomcatWebServer - Tomcat initialized with port(s): 8181 (http)
2019-04-17 18:05:55.655 [INFO ] org.apache.coyote.http11.Http11NioProtocol - Initializing ProtocolHandler ["http-nio-8181"]
2019-04-17 18:05:55.662 [INFO ] org.apache.catalina.core.StandardService - Starting service [Tomcat]
2019-04-17 18:05:55.662 [INFO ] org.apache.catalina.core.StandardEngine - Starting Servlet engine: [Apache Tomcat/9.0.16]
2019-04-17 18:05:55.668 [INFO ] org.apache.catalina.core.AprLifecycleListener - The APR based Apache Tomcat Native library which allows optimal performance in production environments was not found on the java.library.path: [D:\01develop\Java\jdk1.8.0_181\bin;C:\WINDOWS\Sun\Java\bin;C:\WINDOWS\system32;C:\WINDOWS;D:/01develop/Java/jre1.8.0_181/bin/server;D:/01develop/Java/jre1.8.0_181/bin;D:/01develop/Java/jre1.8.0_181/lib/amd64;D:\03work\Xftp\;D:\03work\Xshell\;C:\Program Files (x86)\Common Files\Oracle\Java\javapath;C:\WINDOWS\system32;C:\WINDOWS;C:\WINDOWS\System32\Wbem;C:\WINDOWS\System32\WindowsPowerShell\v1.0\;"D:\01develop\Java\jdk1.8.0_181\bin;D:\01develop\Java\jdk1.8.0_181\jre\bin";D:\01develop\mysql-8.0.12-winx64\bin;D:\01develop\maven\apache-maven-3.5.4\bin;D:\01develop\TortoiseGit\bin;D:\01develop\Git\cmd;C:\WINDOWS\System32\OpenSSH\;C:\Users\qs016\AppData\Local\Microsoft\WindowsApps;;D:\01develop\eclipse\jee-2018-09\eclipse;;.]
2019-04-17 18:05:55.749 [INFO ] org.apache.catalina.core.ContainerBase.[Tomcat].[localhost].[/wedding-app] - Initializing Spring embedded WebApplicationContext
2019-04-17 18:05:55.750 [INFO ] org.springframework.web.context.ContextLoader - Root WebApplicationContext: initialization completed in 1012 ms
2019-04-17 18:05:55.813 [INFO ] org.apache.catalina.core.StandardService - Stopping service [Tomcat]
2019-04-17 18:05:55.829 [INFO ] org.springframework.boot.autoconfigure.logging.ConditionEvaluationReportLoggingListener - 

Error starting ApplicationContext. To display the conditions report re-run your application with 'debug' enabled.
2019-04-17 18:06:40.270 [INFO ] com.application.Application - Starting Application on DESKTOP-7RKQL44 with PID 18152 (E:\git\wedding\wedding-app\wedding-app\target\classes started by qs016 in E:\git\wedding\wedding-app\wedding-app)
2019-04-17 18:06:40.278 [INFO ] com.application.Application - The following profiles are active: test
2019-04-17 18:06:40.346 [INFO ] org.springframework.boot.devtools.env.DevToolsPropertyDefaultsPostProcessor - Devtools property defaults active! Set 'spring.devtools.add-properties' to 'false' to disable
2019-04-17 18:06:40.346 [INFO ] org.springframework.boot.devtools.env.DevToolsPropertyDefaultsPostProcessor - For additional web related logging consider setting the 'logging.level.web' property to 'DEBUG'
2019-04-17 18:06:41.969 [INFO ] org.springframework.boot.web.embedded.tomcat.TomcatWebServer - Tomcat initialized with port(s): 8181 (http)
2019-04-17 18:06:41.984 [INFO ] org.apache.coyote.http11.Http11NioProtocol - Initializing ProtocolHandler ["http-nio-8181"]
2019-04-17 18:06:42.003 [INFO ] org.apache.catalina.core.StandardService - Starting service [Tomcat]
2019-04-17 18:06:42.003 [INFO ] org.apache.catalina.core.StandardEngine - Starting Servlet engine: [Apache Tomcat/9.0.16]
2019-04-17 18:06:42.023 [INFO ] org.apache.catalina.core.AprLifecycleListener - The APR based Apache Tomcat Native library which allows optimal performance in production environments was not found on the java.library.path: [D:\01develop\Java\jdk1.8.0_181\bin;C:\WINDOWS\Sun\Java\bin;C:\WINDOWS\system32;C:\WINDOWS;D:/01develop/Java/jre1.8.0_181/bin/server;D:/01develop/Java/jre1.8.0_181/bin;D:/01develop/Java/jre1.8.0_181/lib/amd64;D:\03work\Xftp\;D:\03work\Xshell\;C:\Program Files (x86)\Common Files\Oracle\Java\javapath;C:\WINDOWS\system32;C:\WINDOWS;C:\WINDOWS\System32\Wbem;C:\WINDOWS\System32\WindowsPowerShell\v1.0\;"D:\01develop\Java\jdk1.8.0_181\bin;D:\01develop\Java\jdk1.8.0_181\jre\bin";D:\01develop\mysql-8.0.12-winx64\bin;D:\01develop\maven\apache-maven-3.5.4\bin;D:\01develop\TortoiseGit\bin;D:\01develop\Git\cmd;C:\WINDOWS\System32\OpenSSH\;C:\Users\qs016\AppData\Local\Microsoft\WindowsApps;;D:\01develop\eclipse\jee-2018-09\eclipse;;.]
2019-04-17 18:06:42.185 [INFO ] org.apache.catalina.core.ContainerBase.[Tomcat].[localhost].[/wedding-app] - Initializing Spring embedded WebApplicationContext
2019-04-17 18:06:42.186 [INFO ] org.springframework.web.context.ContextLoader - Root WebApplicationContext: initialization completed in 1840 ms
2019-04-17 18:06:42.308 [INFO ] org.apache.catalina.core.StandardService - Stopping service [Tomcat]
2019-04-17 18:06:42.336 [INFO ] org.springframework.boot.autoconfigure.logging.ConditionEvaluationReportLoggingListener - 

Error starting ApplicationContext. To display the conditions report re-run your application with 'debug' enabled.
2019-04-17 18:07:44.022 [INFO ] com.application.Application - Starting Application on DESKTOP-7RKQL44 with PID 11428 (E:\git\wedding\wedding-app\wedding-app\target\classes started by qs016 in E:\git\wedding\wedding-app\wedding-app)
2019-04-17 18:07:44.024 [INFO ] com.application.Application - The following profiles are active: test
2019-04-17 18:07:44.106 [INFO ] org.springframework.boot.devtools.env.DevToolsPropertyDefaultsPostProcessor - Devtools property defaults active! Set 'spring.devtools.add-properties' to 'false' to disable
2019-04-17 18:07:44.106 [INFO ] org.springframework.boot.devtools.env.DevToolsPropertyDefaultsPostProcessor - For additional web related logging consider setting the 'logging.level.web' property to 'DEBUG'
2019-04-17 18:07:45.609 [INFO ] org.springframework.boot.web.embedded.tomcat.TomcatWebServer - Tomcat initialized with port(s): 8181 (http)
2019-04-17 18:07:45.625 [INFO ] org.apache.coyote.http11.Http11NioProtocol - Initializing ProtocolHandler ["http-nio-8181"]
2019-04-17 18:07:45.636 [INFO ] org.apache.catalina.core.StandardService - Starting service [Tomcat]
2019-04-17 18:07:45.636 [INFO ] org.apache.catalina.core.StandardEngine - Starting Servlet engine: [Apache Tomcat/9.0.16]
2019-04-17 18:07:45.647 [INFO ] org.apache.catalina.core.AprLifecycleListener - The APR based Apache Tomcat Native library which allows optimal performance in production environments was not found on the java.library.path: [D:\01develop\Java\jdk1.8.0_181\bin;C:\WINDOWS\Sun\Java\bin;C:\WINDOWS\system32;C:\WINDOWS;D:/01develop/Java/jre1.8.0_181/bin/server;D:/01develop/Java/jre1.8.0_181/bin;D:/01develop/Java/jre1.8.0_181/lib/amd64;D:\03work\Xftp\;D:\03work\Xshell\;C:\Program Files (x86)\Common Files\Oracle\Java\javapath;C:\WINDOWS\system32;C:\WINDOWS;C:\WINDOWS\System32\Wbem;C:\WINDOWS\System32\WindowsPowerShell\v1.0\;"D:\01develop\Java\jdk1.8.0_181\bin;D:\01develop\Java\jdk1.8.0_181\jre\bin";D:\01develop\mysql-8.0.12-winx64\bin;D:\01develop\maven\apache-maven-3.5.4\bin;D:\01develop\TortoiseGit\bin;D:\01develop\Git\cmd;C:\WINDOWS\System32\OpenSSH\;C:\Users\qs016\AppData\Local\Microsoft\WindowsApps;;D:\01develop\eclipse\jee-2018-09\eclipse;;.]
2019-04-17 18:07:45.756 [INFO ] org.apache.catalina.core.ContainerBase.[Tomcat].[localhost].[/wedding-app] - Initializing Spring embedded WebApplicationContext
2019-04-17 18:07:45.756 [INFO ] org.springframework.web.context.ContextLoader - Root WebApplicationContext: initialization completed in 1648 ms
2019-04-17 18:07:45.833 [INFO ] org.apache.catalina.core.StandardService - Stopping service [Tomcat]
2019-04-17 18:07:45.856 [INFO ] org.springframework.boot.autoconfigure.logging.ConditionEvaluationReportLoggingListener - 

Error starting ApplicationContext. To display the conditions report re-run your application with 'debug' enabled.
2019-04-17 18:18:02.019 [INFO ] com.application.Application - Starting Application on DESKTOP-7RKQL44 with PID 5472 (E:\git\wedding\wedding-app\wedding-app\target\classes started by qs016 in E:\git\wedding\wedding-app\wedding-app)
2019-04-17 18:18:02.023 [INFO ] com.application.Application - The following profiles are active: test
2019-04-17 18:18:02.083 [INFO ] org.springframework.boot.devtools.env.DevToolsPropertyDefaultsPostProcessor - Devtools property defaults active! Set 'spring.devtools.add-properties' to 'false' to disable
2019-04-17 18:18:02.083 [INFO ] org.springframework.boot.devtools.env.DevToolsPropertyDefaultsPostProcessor - For additional web related logging consider setting the 'logging.level.web' property to 'DEBUG'
2019-04-17 18:18:03.681 [INFO ] org.springframework.boot.web.embedded.tomcat.TomcatWebServer - Tomcat initialized with port(s): 8181 (http)
2019-04-17 18:18:03.697 [INFO ] org.apache.coyote.http11.Http11NioProtocol - Initializing ProtocolHandler ["http-nio-8181"]
2019-04-17 18:18:03.707 [INFO ] org.apache.catalina.core.StandardService - Starting service [Tomcat]
2019-04-17 18:18:03.707 [INFO ] org.apache.catalina.core.StandardEngine - Starting Servlet engine: [Apache Tomcat/9.0.16]
2019-04-17 18:18:03.720 [INFO ] org.apache.catalina.core.AprLifecycleListener - The APR based Apache Tomcat Native library which allows optimal performance in production environments was not found on the java.library.path: [D:\01develop\Java\jdk1.8.0_181\bin;C:\WINDOWS\Sun\Java\bin;C:\WINDOWS\system32;C:\WINDOWS;D:/01develop/Java/jre1.8.0_181/bin/server;D:/01develop/Java/jre1.8.0_181/bin;D:/01develop/Java/jre1.8.0_181/lib/amd64;D:\03work\Xftp\;D:\03work\Xshell\;C:\Program Files (x86)\Common Files\Oracle\Java\javapath;C:\WINDOWS\system32;C:\WINDOWS;C:\WINDOWS\System32\Wbem;C:\WINDOWS\System32\WindowsPowerShell\v1.0\;"D:\01develop\Java\jdk1.8.0_181\bin;D:\01develop\Java\jdk1.8.0_181\jre\bin";D:\01develop\mysql-8.0.12-winx64\bin;D:\01develop\maven\apache-maven-3.5.4\bin;D:\01develop\TortoiseGit\bin;D:\01develop\Git\cmd;C:\WINDOWS\System32\OpenSSH\;C:\Users\qs016\AppData\Local\Microsoft\WindowsApps;;D:\01develop\eclipse\jee-2018-09\eclipse;;.]
2019-04-17 18:18:03.834 [INFO ] org.apache.catalina.core.ContainerBase.[Tomcat].[localhost].[/wedding-app] - Initializing Spring embedded WebApplicationContext
2019-04-17 18:18:03.835 [INFO ] org.springframework.web.context.ContextLoader - Root WebApplicationContext: initialization completed in 1752 ms
2019-04-17 18:18:03.969 [INFO ] org.apache.catalina.core.StandardService - Stopping service [Tomcat]
2019-04-17 18:18:03.991 [INFO ] org.springframework.boot.autoconfigure.logging.ConditionEvaluationReportLoggingListener - 

Error starting ApplicationContext. To display the conditions report re-run your application with 'debug' enabled.
2019-04-17 18:18:17.594 [INFO ] com.application.Application - Starting Application on DESKTOP-7RKQL44 with PID 15356 (E:\git\wedding\wedding-app\wedding-app\target\classes started by qs016 in E:\git\wedding\wedding-app\wedding-app)
2019-04-17 18:18:17.596 [INFO ] com.application.Application - The following profiles are active: test
2019-04-17 18:18:17.643 [INFO ] org.springframework.boot.devtools.env.DevToolsPropertyDefaultsPostProcessor - Devtools property defaults active! Set 'spring.devtools.add-properties' to 'false' to disable
2019-04-17 18:18:17.643 [INFO ] org.springframework.boot.devtools.env.DevToolsPropertyDefaultsPostProcessor - For additional web related logging consider setting the 'logging.level.web' property to 'DEBUG'
2019-04-17 18:18:19.087 [INFO ] org.springframework.boot.web.embedded.tomcat.TomcatWebServer - Tomcat initialized with port(s): 8181 (http)
2019-04-17 18:18:19.102 [INFO ] org.apache.coyote.http11.Http11NioProtocol - Initializing ProtocolHandler ["http-nio-8181"]
2019-04-17 18:18:19.110 [INFO ] org.apache.catalina.core.StandardService - Starting service [Tomcat]
2019-04-17 18:18:19.110 [INFO ] org.apache.catalina.core.StandardEngine - Starting Servlet engine: [Apache Tomcat/9.0.16]
2019-04-17 18:18:19.123 [INFO ] org.apache.catalina.core.AprLifecycleListener - The APR based Apache Tomcat Native library which allows optimal performance in production environments was not found on the java.library.path: [D:\01develop\Java\jdk1.8.0_181\bin;C:\WINDOWS\Sun\Java\bin;C:\WINDOWS\system32;C:\WINDOWS;D:/01develop/Java/jre1.8.0_181/bin/server;D:/01develop/Java/jre1.8.0_181/bin;D:/01develop/Java/jre1.8.0_181/lib/amd64;D:\03work\Xftp\;D:\03work\Xshell\;C:\Program Files (x86)\Common Files\Oracle\Java\javapath;C:\WINDOWS\system32;C:\WINDOWS;C:\WINDOWS\System32\Wbem;C:\WINDOWS\System32\WindowsPowerShell\v1.0\;"D:\01develop\Java\jdk1.8.0_181\bin;D:\01develop\Java\jdk1.8.0_181\jre\bin";D:\01develop\mysql-8.0.12-winx64\bin;D:\01develop\maven\apache-maven-3.5.4\bin;D:\01develop\TortoiseGit\bin;D:\01develop\Git\cmd;C:\WINDOWS\System32\OpenSSH\;C:\Users\qs016\AppData\Local\Microsoft\WindowsApps;;D:\01develop\eclipse\jee-2018-09\eclipse;;.]
2019-04-17 18:18:19.219 [INFO ] org.apache.catalina.core.ContainerBase.[Tomcat].[localhost].[/wedding-app] - Initializing Spring embedded WebApplicationContext
2019-04-17 18:18:19.219 [INFO ] org.springframework.web.context.ContextLoader - Root WebApplicationContext: initialization completed in 1576 ms
2019-04-17 18:18:19.305 [INFO ] org.apache.catalina.core.StandardService - Stopping service [Tomcat]
2019-04-17 18:18:19.328 [INFO ] org.springframework.boot.autoconfigure.logging.ConditionEvaluationReportLoggingListener - 

Error starting ApplicationContext. To display the conditions report re-run your application with 'debug' enabled.
2019-04-17 18:21:03.012 [INFO ] com.application.Application - Starting Application on DESKTOP-7RKQL44 with PID 11572 (E:\git\wedding\wedding-app\wedding-app\target\classes started by qs016 in E:\git\wedding\wedding-app\wedding-app)
2019-04-17 18:21:03.014 [INFO ] com.application.Application - The following profiles are active: test
2019-04-17 18:21:03.081 [INFO ] org.springframework.boot.devtools.env.DevToolsPropertyDefaultsPostProcessor - Devtools property defaults active! Set 'spring.devtools.add-properties' to 'false' to disable
2019-04-17 18:21:03.081 [INFO ] org.springframework.boot.devtools.env.DevToolsPropertyDefaultsPostProcessor - For additional web related logging consider setting the 'logging.level.web' property to 'DEBUG'
2019-04-17 18:21:04.788 [INFO ] org.springframework.boot.web.embedded.tomcat.TomcatWebServer - Tomcat initialized with port(s): 8181 (http)
2019-04-17 18:21:04.803 [INFO ] org.apache.coyote.http11.Http11NioProtocol - Initializing ProtocolHandler ["http-nio-8181"]
2019-04-17 18:21:04.815 [INFO ] org.apache.catalina.core.StandardService - Starting service [Tomcat]
2019-04-17 18:21:04.815 [INFO ] org.apache.catalina.core.StandardEngine - Starting Servlet engine: [Apache Tomcat/9.0.16]
2019-04-17 18:21:04.829 [INFO ] org.apache.catalina.core.AprLifecycleListener - The APR based Apache Tomcat Native library which allows optimal performance in production environments was not found on the java.library.path: [D:\01develop\Java\jdk1.8.0_181\bin;C:\WINDOWS\Sun\Java\bin;C:\WINDOWS\system32;C:\WINDOWS;D:/01develop/Java/jre1.8.0_181/bin/server;D:/01develop/Java/jre1.8.0_181/bin;D:/01develop/Java/jre1.8.0_181/lib/amd64;D:\03work\Xftp\;D:\03work\Xshell\;C:\Program Files (x86)\Common Files\Oracle\Java\javapath;C:\WINDOWS\system32;C:\WINDOWS;C:\WINDOWS\System32\Wbem;C:\WINDOWS\System32\WindowsPowerShell\v1.0\;"D:\01develop\Java\jdk1.8.0_181\bin;D:\01develop\Java\jdk1.8.0_181\jre\bin";D:\01develop\mysql-8.0.12-winx64\bin;D:\01develop\maven\apache-maven-3.5.4\bin;D:\01develop\TortoiseGit\bin;D:\01develop\Git\cmd;C:\WINDOWS\System32\OpenSSH\;C:\Users\qs016\AppData\Local\Microsoft\WindowsApps;;D:\01develop\eclipse\jee-2018-09\eclipse;;.]
2019-04-17 18:21:04.962 [INFO ] org.apache.catalina.core.ContainerBase.[Tomcat].[localhost].[/wedding-app] - Initializing Spring embedded WebApplicationContext
2019-04-17 18:21:04.962 [INFO ] org.springframework.web.context.ContextLoader - Root WebApplicationContext: initialization completed in 1881 ms
2019-04-17 18:21:05.089 [INFO ] org.apache.catalina.core.StandardService - Stopping service [Tomcat]
2019-04-17 18:21:05.120 [INFO ] org.springframework.boot.autoconfigure.logging.ConditionEvaluationReportLoggingListener - 

Error starting ApplicationContext. To display the conditions report re-run your application with 'debug' enabled.
2019-04-17 18:26:23.638 [INFO ] com.application.Application - Starting Application on DESKTOP-7RKQL44 with PID 15300 (E:\git\wedding\wedding-app\wedding-app\target\classes started by qs016 in E:\git\wedding\wedding-app\wedding-app)
2019-04-17 18:26:23.663 [INFO ] com.application.Application - The following profiles are active: test
2019-04-17 18:26:23.757 [INFO ] org.springframework.boot.devtools.env.DevToolsPropertyDefaultsPostProcessor - Devtools property defaults active! Set 'spring.devtools.add-properties' to 'false' to disable
2019-04-17 18:26:23.758 [INFO ] org.springframework.boot.devtools.env.DevToolsPropertyDefaultsPostProcessor - For additional web related logging consider setting the 'logging.level.web' property to 'DEBUG'
2019-04-17 18:26:25.647 [INFO ] org.springframework.boot.web.embedded.tomcat.TomcatWebServer - Tomcat initialized with port(s): 8181 (http)
2019-04-17 18:26:25.663 [INFO ] org.apache.coyote.http11.Http11NioProtocol - Initializing ProtocolHandler ["http-nio-8181"]
2019-04-17 18:26:25.680 [INFO ] org.apache.catalina.core.StandardService - Starting service [Tomcat]
2019-04-17 18:26:25.680 [INFO ] org.apache.catalina.core.StandardEngine - Starting Servlet engine: [Apache Tomcat/9.0.16]
2019-04-17 18:26:25.712 [INFO ] org.apache.catalina.core.AprLifecycleListener - The APR based Apache Tomcat Native library which allows optimal performance in production environments was not found on the java.library.path: [D:\01develop\Java\jdk1.8.0_181\bin;C:\WINDOWS\Sun\Java\bin;C:\WINDOWS\system32;C:\WINDOWS;D:/01develop/Java/jre1.8.0_181/bin/server;D:/01develop/Java/jre1.8.0_181/bin;D:/01develop/Java/jre1.8.0_181/lib/amd64;D:\03work\Xftp\;D:\03work\Xshell\;C:\Program Files (x86)\Common Files\Oracle\Java\javapath;C:\WINDOWS\system32;C:\WINDOWS;C:\WINDOWS\System32\Wbem;C:\WINDOWS\System32\WindowsPowerShell\v1.0\;"D:\01develop\Java\jdk1.8.0_181\bin;D:\01develop\Java\jdk1.8.0_181\jre\bin";D:\01develop\mysql-8.0.12-winx64\bin;D:\01develop\maven\apache-maven-3.5.4\bin;D:\01develop\TortoiseGit\bin;D:\01develop\Git\cmd;C:\WINDOWS\System32\OpenSSH\;C:\Users\qs016\AppData\Local\Microsoft\WindowsApps;;D:\01develop\eclipse\jee-2018-09\eclipse;;.]
2019-04-17 18:26:25.857 [INFO ] org.apache.catalina.core.ContainerBase.[Tomcat].[localhost].[/wedding-app] - Initializing Spring embedded WebApplicationContext
2019-04-17 18:26:25.858 [INFO ] org.springframework.web.context.ContextLoader - Root WebApplicationContext: initialization completed in 2100 ms
2019-04-17 18:26:25.944 [INFO ] org.apache.catalina.core.StandardService - Stopping service [Tomcat]
2019-04-17 18:26:25.989 [INFO ] org.springframework.boot.autoconfigure.logging.ConditionEvaluationReportLoggingListener - 

Error starting ApplicationContext. To display the conditions report re-run your application with 'debug' enabled.
2019-04-17 18:26:39.225 [INFO ] com.application.Application - Starting Application on DESKTOP-7RKQL44 with PID 13476 (E:\git\wedding\wedding-app\wedding-app\target\classes started by qs016 in E:\git\wedding\wedding-app\wedding-app)
2019-04-17 18:26:39.227 [INFO ] com.application.Application - The following profiles are active: test
2019-04-17 18:26:39.283 [INFO ] org.springframework.boot.devtools.env.DevToolsPropertyDefaultsPostProcessor - Devtools property defaults active! Set 'spring.devtools.add-properties' to 'false' to disable
2019-04-17 18:26:39.284 [INFO ] org.springframework.boot.devtools.env.DevToolsPropertyDefaultsPostProcessor - For additional web related logging consider setting the 'logging.level.web' property to 'DEBUG'
2019-04-17 18:26:40.982 [INFO ] org.springframework.boot.web.embedded.tomcat.TomcatWebServer - Tomcat initialized with port(s): 8181 (http)
2019-04-17 18:26:40.999 [INFO ] org.apache.coyote.http11.Http11NioProtocol - Initializing ProtocolHandler ["http-nio-8181"]
2019-04-17 18:26:41.013 [INFO ] org.apache.catalina.core.StandardService - Starting service [Tomcat]
2019-04-17 18:26:41.014 [INFO ] org.apache.catalina.core.StandardEngine - Starting Servlet engine: [Apache Tomcat/9.0.16]
2019-04-17 18:26:41.029 [INFO ] org.apache.catalina.core.AprLifecycleListener - The APR based Apache Tomcat Native library which allows optimal performance in production environments was not found on the java.library.path: [D:\01develop\Java\jdk1.8.0_181\bin;C:\WINDOWS\Sun\Java\bin;C:\WINDOWS\system32;C:\WINDOWS;D:/01develop/Java/jre1.8.0_181/bin/server;D:/01develop/Java/jre1.8.0_181/bin;D:/01develop/Java/jre1.8.0_181/lib/amd64;D:\03work\Xftp\;D:\03work\Xshell\;C:\Program Files (x86)\Common Files\Oracle\Java\javapath;C:\WINDOWS\system32;C:\WINDOWS;C:\WINDOWS\System32\Wbem;C:\WINDOWS\System32\WindowsPowerShell\v1.0\;"D:\01develop\Java\jdk1.8.0_181\bin;D:\01develop\Java\jdk1.8.0_181\jre\bin";D:\01develop\mysql-8.0.12-winx64\bin;D:\01develop\maven\apache-maven-3.5.4\bin;D:\01develop\TortoiseGit\bin;D:\01develop\Git\cmd;C:\WINDOWS\System32\OpenSSH\;C:\Users\qs016\AppData\Local\Microsoft\WindowsApps;;D:\01develop\eclipse\jee-2018-09\eclipse;;.]
2019-04-17 18:26:41.210 [INFO ] org.apache.catalina.core.ContainerBase.[Tomcat].[localhost].[/wedding-app] - Initializing Spring embedded WebApplicationContext
2019-04-17 18:26:41.210 [INFO ] org.springframework.web.context.ContextLoader - Root WebApplicationContext: initialization completed in 1926 ms
2019-04-17 18:26:41.277 [INFO ] org.apache.catalina.core.StandardService - Stopping service [Tomcat]
2019-04-17 18:26:41.299 [INFO ] org.springframework.boot.autoconfigure.logging.ConditionEvaluationReportLoggingListener - 

Error starting ApplicationContext. To display the conditions report re-run your application with 'debug' enabled.
2019-04-17 18:32:08.818 [INFO ] com.application.Application - Starting Application on DESKTOP-7RKQL44 with PID 2024 (E:\git\wedding\wedding-app\wedding-app\target\classes started by qs016 in E:\git\wedding\wedding-app\wedding-app)
2019-04-17 18:32:08.820 [INFO ] com.application.Application - The following profiles are active: test
2019-04-17 18:32:08.879 [INFO ] org.springframework.boot.devtools.env.DevToolsPropertyDefaultsPostProcessor - Devtools property defaults active! Set 'spring.devtools.add-properties' to 'false' to disable
2019-04-17 18:32:08.879 [INFO ] org.springframework.boot.devtools.env.DevToolsPropertyDefaultsPostProcessor - For additional web related logging consider setting the 'logging.level.web' property to 'DEBUG'
2019-04-17 18:32:10.571 [INFO ] org.springframework.boot.web.embedded.tomcat.TomcatWebServer - Tomcat initialized with port(s): 8181 (http)
2019-04-17 18:32:10.586 [INFO ] org.apache.coyote.http11.Http11NioProtocol - Initializing ProtocolHandler ["http-nio-8181"]
2019-04-17 18:32:10.597 [INFO ] org.apache.catalina.core.StandardService - Starting service [Tomcat]
2019-04-17 18:32:10.597 [INFO ] org.apache.catalina.core.StandardEngine - Starting Servlet engine: [Apache Tomcat/9.0.16]
2019-04-17 18:32:10.613 [INFO ] org.apache.catalina.core.AprLifecycleListener - The APR based Apache Tomcat Native library which allows optimal performance in production environments was not found on the java.library.path: [D:\01develop\Java\jdk1.8.0_181\bin;C:\WINDOWS\Sun\Java\bin;C:\WINDOWS\system32;C:\WINDOWS;D:/01develop/Java/jre1.8.0_181/bin/server;D:/01develop/Java/jre1.8.0_181/bin;D:/01develop/Java/jre1.8.0_181/lib/amd64;D:\03work\Xftp\;D:\03work\Xshell\;C:\Program Files (x86)\Common Files\Oracle\Java\javapath;C:\WINDOWS\system32;C:\WINDOWS;C:\WINDOWS\System32\Wbem;C:\WINDOWS\System32\WindowsPowerShell\v1.0\;"D:\01develop\Java\jdk1.8.0_181\bin;D:\01develop\Java\jdk1.8.0_181\jre\bin";D:\01develop\mysql-8.0.12-winx64\bin;D:\01develop\maven\apache-maven-3.5.4\bin;D:\01develop\TortoiseGit\bin;D:\01develop\Git\cmd;C:\WINDOWS\System32\OpenSSH\;C:\Users\qs016\AppData\Local\Microsoft\WindowsApps;;D:\01develop\eclipse\jee-2018-09\eclipse;;.]
2019-04-17 18:32:10.956 [INFO ] org.apache.catalina.core.ContainerBase.[Tomcat].[localhost].[/wedding-app] - Initializing Spring embedded WebApplicationContext
2019-04-17 18:32:10.956 [INFO ] org.springframework.web.context.ContextLoader - Root WebApplicationContext: initialization completed in 2077 ms
2019-04-17 18:32:11.035 [INFO ] org.apache.catalina.core.StandardService - Stopping service [Tomcat]
2019-04-17 18:32:11.059 [INFO ] org.springframework.boot.autoconfigure.logging.ConditionEvaluationReportLoggingListener - 

Error starting ApplicationContext. To display the conditions report re-run your application with 'debug' enabled.
2019-04-17 18:32:29.663 [INFO ] com.application.Application - Starting Application on DESKTOP-7RKQL44 with PID 9340 (E:\git\wedding\wedding-app\wedding-app\target\classes started by qs016 in E:\git\wedding\wedding-app\wedding-app)
2019-04-17 18:32:29.664 [INFO ] com.application.Application - The following profiles are active: test
2019-04-17 18:32:29.744 [INFO ] org.springframework.boot.devtools.env.DevToolsPropertyDefaultsPostProcessor - Devtools property defaults active! Set 'spring.devtools.add-properties' to 'false' to disable
2019-04-17 18:32:29.744 [INFO ] org.springframework.boot.devtools.env.DevToolsPropertyDefaultsPostProcessor - For additional web related logging consider setting the 'logging.level.web' property to 'DEBUG'
2019-04-17 18:32:31.600 [INFO ] org.springframework.boot.web.embedded.tomcat.TomcatWebServer - Tomcat initialized with port(s): 8181 (http)
2019-04-17 18:32:31.616 [INFO ] org.apache.coyote.http11.Http11NioProtocol - Initializing ProtocolHandler ["http-nio-8181"]
2019-04-17 18:32:31.628 [INFO ] org.apache.catalina.core.StandardService - Starting service [Tomcat]
2019-04-17 18:32:31.628 [INFO ] org.apache.catalina.core.StandardEngine - Starting Servlet engine: [Apache Tomcat/9.0.16]
2019-04-17 18:32:31.642 [INFO ] org.apache.catalina.core.AprLifecycleListener - The APR based Apache Tomcat Native library which allows optimal performance in production environments was not found on the java.library.path: [D:\01develop\Java\jdk1.8.0_181\bin;C:\WINDOWS\Sun\Java\bin;C:\WINDOWS\system32;C:\WINDOWS;D:/01develop/Java/jre1.8.0_181/bin/server;D:/01develop/Java/jre1.8.0_181/bin;D:/01develop/Java/jre1.8.0_181/lib/amd64;D:\03work\Xftp\;D:\03work\Xshell\;C:\Program Files (x86)\Common Files\Oracle\Java\javapath;C:\WINDOWS\system32;C:\WINDOWS;C:\WINDOWS\System32\Wbem;C:\WINDOWS\System32\WindowsPowerShell\v1.0\;"D:\01develop\Java\jdk1.8.0_181\bin;D:\01develop\Java\jdk1.8.0_181\jre\bin";D:\01develop\mysql-8.0.12-winx64\bin;D:\01develop\maven\apache-maven-3.5.4\bin;D:\01develop\TortoiseGit\bin;D:\01develop\Git\cmd;C:\WINDOWS\System32\OpenSSH\;C:\Users\qs016\AppData\Local\Microsoft\WindowsApps;;D:\01develop\eclipse\jee-2018-09\eclipse;;.]
2019-04-17 18:32:31.782 [INFO ] org.apache.catalina.core.ContainerBase.[Tomcat].[localhost].[/wedding-app] - Initializing Spring embedded WebApplicationContext
2019-04-17 18:32:31.782 [INFO ] org.springframework.web.context.ContextLoader - Root WebApplicationContext: initialization completed in 2038 ms
2019-04-17 18:32:31.911 [INFO ] org.apache.catalina.core.StandardService - Stopping service [Tomcat]
2019-04-17 18:32:31.939 [INFO ] org.springframework.boot.autoconfigure.logging.ConditionEvaluationReportLoggingListener - 

Error starting ApplicationContext. To display the conditions report re-run your application with 'debug' enabled.
2019-04-17 18:36:17.002 [INFO ] com.application.Application - Starting Application on DESKTOP-7RKQL44 with PID 5452 (E:\git\wedding\wedding-app\wedding-app\target\classes started by qs016 in E:\git\wedding\wedding-app\wedding-app)
2019-04-17 18:36:17.005 [INFO ] com.application.Application - The following profiles are active: test
2019-04-17 18:36:17.067 [INFO ] org.springframework.boot.devtools.env.DevToolsPropertyDefaultsPostProcessor - Devtools property defaults active! Set 'spring.devtools.add-properties' to 'false' to disable
2019-04-17 18:36:17.067 [INFO ] org.springframework.boot.devtools.env.DevToolsPropertyDefaultsPostProcessor - For additional web related logging consider setting the 'logging.level.web' property to 'DEBUG'
2019-04-17 18:36:19.379 [INFO ] org.springframework.boot.web.embedded.tomcat.TomcatWebServer - Tomcat initialized with port(s): 8181 (http)
2019-04-17 18:36:19.402 [INFO ] org.apache.coyote.http11.Http11NioProtocol - Initializing ProtocolHandler ["http-nio-8181"]
2019-04-17 18:36:19.426 [INFO ] org.apache.catalina.core.StandardService - Starting service [Tomcat]
2019-04-17 18:36:19.427 [INFO ] org.apache.catalina.core.StandardEngine - Starting Servlet engine: [Apache Tomcat/9.0.16]
2019-04-17 18:36:19.442 [INFO ] org.apache.catalina.core.AprLifecycleListener - The APR based Apache Tomcat Native library which allows optimal performance in production environments was not found on the java.library.path: [D:\01develop\Java\jdk1.8.0_181\bin;C:\WINDOWS\Sun\Java\bin;C:\WINDOWS\system32;C:\WINDOWS;D:/01develop/Java/jre1.8.0_181/bin/server;D:/01develop/Java/jre1.8.0_181/bin;D:/01develop/Java/jre1.8.0_181/lib/amd64;D:\03work\Xftp\;D:\03work\Xshell\;C:\Program Files (x86)\Common Files\Oracle\Java\javapath;C:\WINDOWS\system32;C:\WINDOWS;C:\WINDOWS\System32\Wbem;C:\WINDOWS\System32\WindowsPowerShell\v1.0\;"D:\01develop\Java\jdk1.8.0_181\bin;D:\01develop\Java\jdk1.8.0_181\jre\bin";D:\01develop\mysql-8.0.12-winx64\bin;D:\01develop\maven\apache-maven-3.5.4\bin;D:\01develop\TortoiseGit\bin;D:\01develop\Git\cmd;C:\WINDOWS\System32\OpenSSH\;C:\Users\qs016\AppData\Local\Microsoft\WindowsApps;;D:\01develop\eclipse\jee-2018-09\eclipse;;.]
2019-04-17 18:36:19.642 [INFO ] org.apache.catalina.core.ContainerBase.[Tomcat].[localhost].[/wedding-app] - Initializing Spring embedded WebApplicationContext
2019-04-17 18:36:19.642 [INFO ] org.springframework.web.context.ContextLoader - Root WebApplicationContext: initialization completed in 2575 ms
2019-04-17 18:36:19.790 [INFO ] org.apache.catalina.core.StandardService - Stopping service [Tomcat]
2019-04-17 18:36:19.826 [INFO ] org.springframework.boot.autoconfigure.logging.ConditionEvaluationReportLoggingListener - 

Error starting ApplicationContext. To display the conditions report re-run your application with 'debug' enabled.
2019-04-17 18:38:51.992 [INFO ] com.application.Application - Starting Application on DESKTOP-7RKQL44 with PID 3540 (E:\git\wedding\wedding-app\wedding-app\target\classes started by qs016 in E:\git\wedding\wedding-app\wedding-app)
2019-04-17 18:38:51.994 [INFO ] com.application.Application - The following profiles are active: test
2019-04-17 18:38:52.063 [INFO ] org.springframework.boot.devtools.env.DevToolsPropertyDefaultsPostProcessor - Devtools property defaults active! Set 'spring.devtools.add-properties' to 'false' to disable
2019-04-17 18:38:52.064 [INFO ] org.springframework.boot.devtools.env.DevToolsPropertyDefaultsPostProcessor - For additional web related logging consider setting the 'logging.level.web' property to 'DEBUG'
2019-04-17 18:38:54.192 [INFO ] org.springframework.boot.web.embedded.tomcat.TomcatWebServer - Tomcat initialized with port(s): 8181 (http)
2019-04-17 18:38:54.209 [INFO ] org.apache.coyote.http11.Http11NioProtocol - Initializing ProtocolHandler ["http-nio-8181"]
2019-04-17 18:38:54.219 [INFO ] org.apache.catalina.core.StandardService - Starting service [Tomcat]
2019-04-17 18:38:54.219 [INFO ] org.apache.catalina.core.StandardEngine - Starting Servlet engine: [Apache Tomcat/9.0.16]
2019-04-17 18:38:54.232 [INFO ] org.apache.catalina.core.AprLifecycleListener - The APR based Apache Tomcat Native library which allows optimal performance in production environments was not found on the java.library.path: [D:\01develop\Java\jdk1.8.0_181\bin;C:\WINDOWS\Sun\Java\bin;C:\WINDOWS\system32;C:\WINDOWS;D:/01develop/Java/jre1.8.0_181/bin/server;D:/01develop/Java/jre1.8.0_181/bin;D:/01develop/Java/jre1.8.0_181/lib/amd64;D:\03work\Xftp\;D:\03work\Xshell\;C:\Program Files (x86)\Common Files\Oracle\Java\javapath;C:\WINDOWS\system32;C:\WINDOWS;C:\WINDOWS\System32\Wbem;C:\WINDOWS\System32\WindowsPowerShell\v1.0\;"D:\01develop\Java\jdk1.8.0_181\bin;D:\01develop\Java\jdk1.8.0_181\jre\bin";D:\01develop\mysql-8.0.12-winx64\bin;D:\01develop\maven\apache-maven-3.5.4\bin;D:\01develop\TortoiseGit\bin;D:\01develop\Git\cmd;C:\WINDOWS\System32\OpenSSH\;C:\Users\qs016\AppData\Local\Microsoft\WindowsApps;;D:\01develop\eclipse\jee-2018-09\eclipse;;.]
2019-04-17 18:38:54.323 [INFO ] org.apache.catalina.core.ContainerBase.[Tomcat].[localhost].[/wedding-app] - Initializing Spring embedded WebApplicationContext
2019-04-17 18:38:54.323 [INFO ] org.springframework.web.context.ContextLoader - Root WebApplicationContext: initialization completed in 2259 ms
2019-04-17 18:38:54.415 [INFO ] org.apache.catalina.core.StandardService - Stopping service [Tomcat]
2019-04-17 18:38:54.456 [INFO ] org.springframework.boot.autoconfigure.logging.ConditionEvaluationReportLoggingListener - 

Error starting ApplicationContext. To display the conditions report re-run your application with 'debug' enabled.
2019-04-17 18:40:05.338 [INFO ] com.application.Application - Starting Application on DESKTOP-7RKQL44 with PID 15288 (E:\git\wedding\wedding-app\wedding-app\target\classes started by qs016 in E:\git\wedding\wedding-app\wedding-app)
2019-04-17 18:40:05.341 [INFO ] com.application.Application - The following profiles are active: test
2019-04-17 18:40:05.419 [INFO ] org.springframework.boot.devtools.env.DevToolsPropertyDefaultsPostProcessor - Devtools property defaults active! Set 'spring.devtools.add-properties' to 'false' to disable
2019-04-17 18:40:05.420 [INFO ] org.springframework.boot.devtools.env.DevToolsPropertyDefaultsPostProcessor - For additional web related logging consider setting the 'logging.level.web' property to 'DEBUG'
2019-04-17 18:40:06.973 [INFO ] org.springframework.boot.web.embedded.tomcat.TomcatWebServer - Tomcat initialized with port(s): 8181 (http)
2019-04-17 18:40:06.988 [INFO ] org.apache.coyote.http11.Http11NioProtocol - Initializing ProtocolHandler ["http-nio-8181"]
2019-04-17 18:40:06.999 [INFO ] org.apache.catalina.core.StandardService - Starting service [Tomcat]
2019-04-17 18:40:06.999 [INFO ] org.apache.catalina.core.StandardEngine - Starting Servlet engine: [Apache Tomcat/9.0.16]
2019-04-17 18:40:07.012 [INFO ] org.apache.catalina.core.AprLifecycleListener - The APR based Apache Tomcat Native library which allows optimal performance in production environments was not found on the java.library.path: [D:\01develop\Java\jdk1.8.0_181\bin;C:\WINDOWS\Sun\Java\bin;C:\WINDOWS\system32;C:\WINDOWS;D:/01develop/Java/jre1.8.0_181/bin/server;D:/01develop/Java/jre1.8.0_181/bin;D:/01develop/Java/jre1.8.0_181/lib/amd64;D:\03work\Xftp\;D:\03work\Xshell\;C:\Program Files (x86)\Common Files\Oracle\Java\javapath;C:\WINDOWS\system32;C:\WINDOWS;C:\WINDOWS\System32\Wbem;C:\WINDOWS\System32\WindowsPowerShell\v1.0\;"D:\01develop\Java\jdk1.8.0_181\bin;D:\01develop\Java\jdk1.8.0_181\jre\bin";D:\01develop\mysql-8.0.12-winx64\bin;D:\01develop\maven\apache-maven-3.5.4\bin;D:\01develop\TortoiseGit\bin;D:\01develop\Git\cmd;C:\WINDOWS\System32\OpenSSH\;C:\Users\qs016\AppData\Local\Microsoft\WindowsApps;;D:\01develop\eclipse\jee-2018-09\eclipse;;.]
2019-04-17 18:40:07.109 [INFO ] org.apache.catalina.core.ContainerBase.[Tomcat].[localhost].[/wedding-app] - Initializing Spring embedded WebApplicationContext
2019-04-17 18:40:07.110 [INFO ] org.springframework.web.context.ContextLoader - Root WebApplicationContext: initialization completed in 1690 ms
2019-04-17 18:40:07.188 [INFO ] org.apache.catalina.core.StandardService - Stopping service [Tomcat]
2019-04-17 18:40:07.213 [INFO ] org.springframework.boot.autoconfigure.logging.ConditionEvaluationReportLoggingListener - 

Error starting ApplicationContext. To display the conditions report re-run your application with 'debug' enabled.
2019-04-17 18:44:11.665 [INFO ] com.application.Application - Starting Application on DESKTOP-7RKQL44 with PID 19576 (E:\git\wedding\wedding-app\wedding-app\target\classes started by qs016 in E:\git\wedding\wedding-app\wedding-app)
2019-04-17 18:44:11.667 [INFO ] com.application.Application - The following profiles are active: test
2019-04-17 18:44:11.732 [INFO ] org.springframework.boot.devtools.env.DevToolsPropertyDefaultsPostProcessor - Devtools property defaults active! Set 'spring.devtools.add-properties' to 'false' to disable
2019-04-17 18:44:11.732 [INFO ] org.springframework.boot.devtools.env.DevToolsPropertyDefaultsPostProcessor - For additional web related logging consider setting the 'logging.level.web' property to 'DEBUG'
2019-04-17 18:44:13.232 [INFO ] org.springframework.boot.web.embedded.tomcat.TomcatWebServer - Tomcat initialized with port(s): 8181 (http)
2019-04-17 18:44:13.247 [INFO ] org.apache.coyote.http11.Http11NioProtocol - Initializing ProtocolHandler ["http-nio-8181"]
2019-04-17 18:44:13.256 [INFO ] org.apache.catalina.core.StandardService - Starting service [Tomcat]
2019-04-17 18:44:13.256 [INFO ] org.apache.catalina.core.StandardEngine - Starting Servlet engine: [Apache Tomcat/9.0.16]
2019-04-17 18:44:13.268 [INFO ] org.apache.catalina.core.AprLifecycleListener - The APR based Apache Tomcat Native library which allows optimal performance in production environments was not found on the java.library.path: [D:\01develop\Java\jdk1.8.0_181\bin;C:\WINDOWS\Sun\Java\bin;C:\WINDOWS\system32;C:\WINDOWS;D:/01develop/Java/jre1.8.0_181/bin/server;D:/01develop/Java/jre1.8.0_181/bin;D:/01develop/Java/jre1.8.0_181/lib/amd64;D:\03work\Xftp\;D:\03work\Xshell\;C:\Program Files (x86)\Common Files\Oracle\Java\javapath;C:\WINDOWS\system32;C:\WINDOWS;C:\WINDOWS\System32\Wbem;C:\WINDOWS\System32\WindowsPowerShell\v1.0\;"D:\01develop\Java\jdk1.8.0_181\bin;D:\01develop\Java\jdk1.8.0_181\jre\bin";D:\01develop\mysql-8.0.12-winx64\bin;D:\01develop\maven\apache-maven-3.5.4\bin;D:\01develop\TortoiseGit\bin;D:\01develop\Git\cmd;C:\WINDOWS\System32\OpenSSH\;C:\Users\qs016\AppData\Local\Microsoft\WindowsApps;;D:\01develop\eclipse\jee-2018-09\eclipse;;.]
2019-04-17 18:44:13.558 [INFO ] org.apache.catalina.core.ContainerBase.[Tomcat].[localhost].[/wedding-app] - Initializing Spring embedded WebApplicationContext
2019-04-17 18:44:13.559 [INFO ] org.springframework.web.context.ContextLoader - Root WebApplicationContext: initialization completed in 1826 ms
2019-04-17 18:44:13.651 [INFO ] org.apache.catalina.core.StandardService - Stopping service [Tomcat]
2019-04-17 18:44:13.691 [INFO ] org.springframework.boot.autoconfigure.logging.ConditionEvaluationReportLoggingListener - 

Error starting ApplicationContext. To display the conditions report re-run your application with 'debug' enabled.
2019-04-17 18:45:49.460 [INFO ] com.application.Application - Starting Application on DESKTOP-7RKQL44 with PID 5728 (E:\git\wedding\wedding-app\wedding-app\target\classes started by qs016 in E:\git\wedding\wedding-app\wedding-app)
2019-04-17 18:45:49.462 [INFO ] com.application.Application - The following profiles are active: test
2019-04-17 18:45:49.516 [INFO ] org.springframework.boot.devtools.env.DevToolsPropertyDefaultsPostProcessor - Devtools property defaults active! Set 'spring.devtools.add-properties' to 'false' to disable
2019-04-17 18:45:49.517 [INFO ] org.springframework.boot.devtools.env.DevToolsPropertyDefaultsPostProcessor - For additional web related logging consider setting the 'logging.level.web' property to 'DEBUG'
2019-04-17 18:45:51.316 [INFO ] org.springframework.boot.web.embedded.tomcat.TomcatWebServer - Tomcat initialized with port(s): 8181 (http)
2019-04-17 18:45:51.330 [INFO ] org.apache.coyote.http11.Http11NioProtocol - Initializing ProtocolHandler ["http-nio-8181"]
2019-04-17 18:45:51.341 [INFO ] org.apache.catalina.core.StandardService - Starting service [Tomcat]
2019-04-17 18:45:51.341 [INFO ] org.apache.catalina.core.StandardEngine - Starting Servlet engine: [Apache Tomcat/9.0.16]
2019-04-17 18:45:51.359 [INFO ] org.apache.catalina.core.AprLifecycleListener - The APR based Apache Tomcat Native library which allows optimal performance in production environments was not found on the java.library.path: [D:\01develop\Java\jdk1.8.0_181\bin;C:\WINDOWS\Sun\Java\bin;C:\WINDOWS\system32;C:\WINDOWS;D:/01develop/Java/jre1.8.0_181/bin/server;D:/01develop/Java/jre1.8.0_181/bin;D:/01develop/Java/jre1.8.0_181/lib/amd64;D:\03work\Xftp\;D:\03work\Xshell\;C:\Program Files (x86)\Common Files\Oracle\Java\javapath;C:\WINDOWS\system32;C:\WINDOWS;C:\WINDOWS\System32\Wbem;C:\WINDOWS\System32\WindowsPowerShell\v1.0\;"D:\01develop\Java\jdk1.8.0_181\bin;D:\01develop\Java\jdk1.8.0_181\jre\bin";D:\01develop\mysql-8.0.12-winx64\bin;D:\01develop\maven\apache-maven-3.5.4\bin;D:\01develop\TortoiseGit\bin;D:\01develop\Git\cmd;C:\WINDOWS\System32\OpenSSH\;C:\Users\qs016\AppData\Local\Microsoft\WindowsApps;;D:\01develop\eclipse\jee-2018-09\eclipse;;.]
2019-04-17 18:45:51.544 [INFO ] org.apache.catalina.core.ContainerBase.[Tomcat].[localhost].[/wedding-app] - Initializing Spring embedded WebApplicationContext
2019-04-17 18:45:51.544 [INFO ] org.springframework.web.context.ContextLoader - Root WebApplicationContext: initialization completed in 2027 ms
2019-04-17 18:45:51.634 [INFO ] org.apache.catalina.core.StandardService - Stopping service [Tomcat]
2019-04-17 18:45:51.672 [INFO ] org.springframework.boot.autoconfigure.logging.ConditionEvaluationReportLoggingListener - 

Error starting ApplicationContext. To display the conditions report re-run your application with 'debug' enabled.
2019-04-17 18:47:34.548 [INFO ] com.application.Application - Starting Application on DESKTOP-7RKQL44 with PID 11508 (E:\git\wedding\wedding-app\wedding-app\target\classes started by qs016 in E:\git\wedding\wedding-app\wedding-app)
2019-04-17 18:47:34.555 [INFO ] com.application.Application - The following profiles are active: test
2019-04-17 18:47:34.625 [INFO ] org.springframework.boot.devtools.env.DevToolsPropertyDefaultsPostProcessor - Devtools property defaults active! Set 'spring.devtools.add-properties' to 'false' to disable
2019-04-17 18:47:34.625 [INFO ] org.springframework.boot.devtools.env.DevToolsPropertyDefaultsPostProcessor - For additional web related logging consider setting the 'logging.level.web' property to 'DEBUG'
2019-04-17 18:47:36.398 [INFO ] org.springframework.boot.web.embedded.tomcat.TomcatWebServer - Tomcat initialized with port(s): 8181 (http)
2019-04-17 18:47:36.416 [INFO ] org.apache.coyote.http11.Http11NioProtocol - Initializing ProtocolHandler ["http-nio-8181"]
2019-04-17 18:47:36.430 [INFO ] org.apache.catalina.core.StandardService - Starting service [Tomcat]
2019-04-17 18:47:36.431 [INFO ] org.apache.catalina.core.StandardEngine - Starting Servlet engine: [Apache Tomcat/9.0.16]
2019-04-17 18:47:36.444 [INFO ] org.apache.catalina.core.AprLifecycleListener - The APR based Apache Tomcat Native library which allows optimal performance in production environments was not found on the java.library.path: [D:\01develop\Java\jdk1.8.0_181\bin;C:\WINDOWS\Sun\Java\bin;C:\WINDOWS\system32;C:\WINDOWS;D:/01develop/Java/jre1.8.0_181/bin/server;D:/01develop/Java/jre1.8.0_181/bin;D:/01develop/Java/jre1.8.0_181/lib/amd64;D:\03work\Xftp\;D:\03work\Xshell\;C:\Program Files (x86)\Common Files\Oracle\Java\javapath;C:\WINDOWS\system32;C:\WINDOWS;C:\WINDOWS\System32\Wbem;C:\WINDOWS\System32\WindowsPowerShell\v1.0\;"D:\01develop\Java\jdk1.8.0_181\bin;D:\01develop\Java\jdk1.8.0_181\jre\bin";D:\01develop\mysql-8.0.12-winx64\bin;D:\01develop\maven\apache-maven-3.5.4\bin;D:\01develop\TortoiseGit\bin;D:\01develop\Git\cmd;C:\WINDOWS\System32\OpenSSH\;C:\Users\qs016\AppData\Local\Microsoft\WindowsApps;;D:\01develop\eclipse\jee-2018-09\eclipse;;.]
2019-04-17 18:47:36.663 [INFO ] org.apache.catalina.core.ContainerBase.[Tomcat].[localhost].[/wedding-app] - Initializing Spring embedded WebApplicationContext
2019-04-17 18:47:36.664 [INFO ] org.springframework.web.context.ContextLoader - Root WebApplicationContext: initialization completed in 2038 ms
2019-04-17 18:47:36.842 [INFO ] org.apache.catalina.core.StandardService - Stopping service [Tomcat]
2019-04-17 18:47:36.872 [INFO ] org.springframework.boot.autoconfigure.logging.ConditionEvaluationReportLoggingListener - 

Error starting ApplicationContext. To display the conditions report re-run your application with 'debug' enabled.
2019-04-17 18:48:42.476 [INFO ] com.application.Application - Starting Application on DESKTOP-7RKQL44 with PID 14508 (E:\git\wedding\wedding-app\wedding-app\target\classes started by qs016 in E:\git\wedding\wedding-app\wedding-app)
2019-04-17 18:48:42.478 [INFO ] com.application.Application - The following profiles are active: test
2019-04-17 18:48:42.527 [INFO ] org.springframework.boot.devtools.env.DevToolsPropertyDefaultsPostProcessor - Devtools property defaults active! Set 'spring.devtools.add-properties' to 'false' to disable
2019-04-17 18:48:42.527 [INFO ] org.springframework.boot.devtools.env.DevToolsPropertyDefaultsPostProcessor - For additional web related logging consider setting the 'logging.level.web' property to 'DEBUG'
2019-04-17 18:48:44.210 [INFO ] org.springframework.boot.web.embedded.tomcat.TomcatWebServer - Tomcat initialized with port(s): 8181 (http)
2019-04-17 18:48:44.226 [INFO ] org.apache.coyote.http11.Http11NioProtocol - Initializing ProtocolHandler ["http-nio-8181"]
2019-04-17 18:48:44.236 [INFO ] org.apache.catalina.core.StandardService - Starting service [Tomcat]
2019-04-17 18:48:44.236 [INFO ] org.apache.catalina.core.StandardEngine - Starting Servlet engine: [Apache Tomcat/9.0.16]
2019-04-17 18:48:44.248 [INFO ] org.apache.catalina.core.AprLifecycleListener - The APR based Apache Tomcat Native library which allows optimal performance in production environments was not found on the java.library.path: [D:\01develop\Java\jdk1.8.0_181\bin;C:\WINDOWS\Sun\Java\bin;C:\WINDOWS\system32;C:\WINDOWS;D:/01develop/Java/jre1.8.0_181/bin/server;D:/01develop/Java/jre1.8.0_181/bin;D:/01develop/Java/jre1.8.0_181/lib/amd64;D:\03work\Xftp\;D:\03work\Xshell\;C:\Program Files (x86)\Common Files\Oracle\Java\javapath;C:\WINDOWS\system32;C:\WINDOWS;C:\WINDOWS\System32\Wbem;C:\WINDOWS\System32\WindowsPowerShell\v1.0\;"D:\01develop\Java\jdk1.8.0_181\bin;D:\01develop\Java\jdk1.8.0_181\jre\bin";D:\01develop\mysql-8.0.12-winx64\bin;D:\01develop\maven\apache-maven-3.5.4\bin;D:\01develop\TortoiseGit\bin;D:\01develop\Git\cmd;C:\WINDOWS\System32\OpenSSH\;C:\Users\qs016\AppData\Local\Microsoft\WindowsApps;;D:\01develop\eclipse\jee-2018-09\eclipse;;.]
2019-04-17 18:48:44.358 [INFO ] org.apache.catalina.core.ContainerBase.[Tomcat].[localhost].[/wedding-app] - Initializing Spring embedded WebApplicationContext
2019-04-17 18:48:44.358 [INFO ] org.springframework.web.context.ContextLoader - Root WebApplicationContext: initialization completed in 1831 ms
2019-04-17 18:48:44.952 [INFO ] com.alibaba.druid.pool.DruidDataSource - {dataSource-1} inited
2019-04-17 18:50:29.324 [INFO ] com.application.Application - Starting Application on DESKTOP-7RKQL44 with PID 13536 (E:\git\wedding\wedding-app\wedding-app\target\classes started by qs016 in E:\git\wedding\wedding-app\wedding-app)
2019-04-17 18:50:29.325 [INFO ] com.application.Application - The following profiles are active: test
2019-04-17 18:50:29.397 [INFO ] org.springframework.boot.devtools.env.DevToolsPropertyDefaultsPostProcessor - Devtools property defaults active! Set 'spring.devtools.add-properties' to 'false' to disable
2019-04-17 18:50:29.397 [INFO ] org.springframework.boot.devtools.env.DevToolsPropertyDefaultsPostProcessor - For additional web related logging consider setting the 'logging.level.web' property to 'DEBUG'
2019-04-17 18:50:31.112 [INFO ] org.springframework.boot.web.embedded.tomcat.TomcatWebServer - Tomcat initialized with port(s): 8181 (http)
2019-04-17 18:50:31.127 [INFO ] org.apache.coyote.http11.Http11NioProtocol - Initializing ProtocolHandler ["http-nio-8181"]
2019-04-17 18:50:31.138 [INFO ] org.apache.catalina.core.StandardService - Starting service [Tomcat]
2019-04-17 18:50:31.138 [INFO ] org.apache.catalina.core.StandardEngine - Starting Servlet engine: [Apache Tomcat/9.0.16]
2019-04-17 18:50:31.149 [INFO ] org.apache.catalina.core.AprLifecycleListener - The APR based Apache Tomcat Native library which allows optimal performance in production environments was not found on the java.library.path: [D:\01develop\Java\jdk1.8.0_181\bin;C:\WINDOWS\Sun\Java\bin;C:\WINDOWS\system32;C:\WINDOWS;D:/01develop/Java/jre1.8.0_181/bin/server;D:/01develop/Java/jre1.8.0_181/bin;D:/01develop/Java/jre1.8.0_181/lib/amd64;D:\03work\Xftp\;D:\03work\Xshell\;C:\Program Files (x86)\Common Files\Oracle\Java\javapath;C:\WINDOWS\system32;C:\WINDOWS;C:\WINDOWS\System32\Wbem;C:\WINDOWS\System32\WindowsPowerShell\v1.0\;"D:\01develop\Java\jdk1.8.0_181\bin;D:\01develop\Java\jdk1.8.0_181\jre\bin";D:\01develop\mysql-8.0.12-winx64\bin;D:\01develop\maven\apache-maven-3.5.4\bin;D:\01develop\TortoiseGit\bin;D:\01develop\Git\cmd;C:\WINDOWS\System32\OpenSSH\;C:\Users\qs016\AppData\Local\Microsoft\WindowsApps;;D:\01develop\eclipse\jee-2018-09\eclipse;;.]
2019-04-17 18:50:31.249 [INFO ] org.apache.catalina.core.ContainerBase.[Tomcat].[localhost].[/wedding-app] - Initializing Spring embedded WebApplicationContext
2019-04-17 18:50:31.249 [INFO ] org.springframework.web.context.ContextLoader - Root WebApplicationContext: initialization completed in 1852 ms
2019-04-17 18:50:31.616 [INFO ] com.alibaba.druid.pool.DruidDataSource - {dataSource-1} inited
2019-04-17 18:50:34.189 [INFO ] org.springframework.scheduling.concurrent.ThreadPoolTaskExecutor - Initializing ExecutorService 'applicationTaskExecutor'
2019-04-17 18:50:34.667 [INFO ] org.springframework.boot.devtools.autoconfigure.OptionalLiveReloadServer - LiveReload server is running on port 35729
2019-04-17 18:50:34.750 [INFO ] org.apache.coyote.http11.Http11NioProtocol - Starting ProtocolHandler ["http-nio-8181"]
2019-04-17 18:50:34.878 [INFO ] org.springframework.boot.web.embedded.tomcat.TomcatWebServer - Tomcat started on port(s): 8181 (http) with context path '/wedding-app'
2019-04-17 18:50:34.881 [INFO ] com.application.Application - Started Application in 6.036 seconds (JVM running for 6.836)
2019-04-17 18:50:44.093 [INFO ] org.springframework.scheduling.concurrent.ThreadPoolTaskExecutor - Shutting down ExecutorService 'applicationTaskExecutor'
2019-04-17 18:50:44.098 [INFO ] com.alibaba.druid.pool.DruidDataSource - {dataSource-1} closed
2019-04-17 18:50:44.531 [INFO ] com.application.Application - Starting Application on DESKTOP-7RKQL44 with PID 13536 (E:\git\wedding\wedding-app\wedding-app\target\classes started by qs016 in E:\git\wedding\wedding-app\wedding-app)
2019-04-17 18:50:44.532 [INFO ] com.application.Application - The following profiles are active: test
2019-04-17 18:50:52.887 [INFO ] com.application.Application - Starting Application on DESKTOP-7RKQL44 with PID 17644 (E:\git\wedding\wedding-app\wedding-app\target\classes started by qs016 in E:\git\wedding\wedding-app\wedding-app)
2019-04-17 18:50:52.892 [INFO ] com.application.Application - The following profiles are active: test
2019-04-17 18:50:52.985 [INFO ] org.springframework.boot.devtools.env.DevToolsPropertyDefaultsPostProcessor - Devtools property defaults active! Set 'spring.devtools.add-properties' to 'false' to disable
2019-04-17 18:50:52.985 [INFO ] org.springframework.boot.devtools.env.DevToolsPropertyDefaultsPostProcessor - For additional web related logging consider setting the 'logging.level.web' property to 'DEBUG'
2019-04-17 18:50:55.643 [INFO ] org.springframework.boot.web.embedded.tomcat.TomcatWebServer - Tomcat initialized with port(s): 8181 (http)
2019-04-17 18:50:55.790 [INFO ] org.apache.coyote.http11.Http11NioProtocol - Initializing ProtocolHandler ["http-nio-8181"]
2019-04-17 18:50:55.801 [INFO ] org.apache.catalina.core.StandardService - Starting service [Tomcat]
2019-04-17 18:50:55.802 [INFO ] org.apache.catalina.core.StandardEngine - Starting Servlet engine: [Apache Tomcat/9.0.16]
2019-04-17 18:50:55.822 [INFO ] org.apache.catalina.core.AprLifecycleListener - The APR based Apache Tomcat Native library which allows optimal performance in production environments was not found on the java.library.path: [D:\01develop\Java\jdk1.8.0_181\bin;C:\WINDOWS\Sun\Java\bin;C:\WINDOWS\system32;C:\WINDOWS;D:/01develop/Java/jre1.8.0_181/bin/server;D:/01develop/Java/jre1.8.0_181/bin;D:/01develop/Java/jre1.8.0_181/lib/amd64;D:\03work\Xftp\;D:\03work\Xshell\;C:\Program Files (x86)\Common Files\Oracle\Java\javapath;C:\WINDOWS\system32;C:\WINDOWS;C:\WINDOWS\System32\Wbem;C:\WINDOWS\System32\WindowsPowerShell\v1.0\;"D:\01develop\Java\jdk1.8.0_181\bin;D:\01develop\Java\jdk1.8.0_181\jre\bin";D:\01develop\mysql-8.0.12-winx64\bin;D:\01develop\maven\apache-maven-3.5.4\bin;D:\01develop\TortoiseGit\bin;D:\01develop\Git\cmd;C:\WINDOWS\System32\OpenSSH\;C:\Users\qs016\AppData\Local\Microsoft\WindowsApps;;D:\01develop\eclipse\jee-2018-09\eclipse;;.]
2019-04-17 18:50:55.959 [INFO ] org.apache.catalina.core.ContainerBase.[Tomcat].[localhost].[/wedding-app] - Initializing Spring embedded WebApplicationContext
2019-04-17 18:50:55.959 [INFO ] org.springframework.web.context.ContextLoader - Root WebApplicationContext: initialization completed in 2973 ms
2019-04-17 18:50:56.410 [INFO ] com.alibaba.druid.pool.DruidDataSource - {dataSource-1} inited
2019-04-17 18:50:57.454 [INFO ] org.springframework.scheduling.concurrent.ThreadPoolTaskExecutor - Initializing ExecutorService 'applicationTaskExecutor'
2019-04-17 18:50:57.933 [INFO ] org.springframework.boot.devtools.autoconfigure.OptionalLiveReloadServer - LiveReload server is running on port 35729
2019-04-17 18:50:57.970 [INFO ] org.apache.coyote.http11.Http11NioProtocol - Starting ProtocolHandler ["http-nio-8181"]
2019-04-17 18:50:58.007 [INFO ] org.springframework.boot.web.embedded.tomcat.TomcatWebServer - Tomcat started on port(s): 8181 (http) with context path '/wedding-app'
2019-04-17 18:50:58.014 [INFO ] com.application.Application - Started Application in 5.759 seconds (JVM running for 8.393)
2019-04-17 18:52:07.313 [INFO ] org.apache.tomcat.util.http.parser.Cookie - A cookie header was received [1553670045,1554704549; shiroCookie=2d5c6976-e6df-4f62-90cd-3d57caab851e] that contained an invalid cookie. That cookie will be ignored.
 Note: further occurrences of this error will be logged at DEBUG level.
2019-04-17 18:52:07.342 [INFO ] org.apache.catalina.core.ContainerBase.[Tomcat].[localhost].[/wedding-app] - Initializing Spring DispatcherServlet 'dispatcherServlet'
2019-04-17 18:52:07.342 [INFO ] org.springframework.web.servlet.DispatcherServlet - Initializing Servlet 'dispatcherServlet'
2019-04-17 18:52:07.399 [INFO ] org.springframework.web.servlet.DispatcherServlet - Completed initialization in 57 ms
