2019-05-24 10:56:41.156 [INFO ] com.application.Application - Starting Application on DESKTOP-7RKQL44 with PID 9348 (E:\git\wedding\wedding-app\wedding-app\target\classes started by qs016 in E:\git\wedding\wedding-app\wedding-app)
2019-05-24 10:56:41.160 [INFO ] com.application.Application - The following profiles are active: test
2019-05-24 10:56:41.377 [INFO ] org.springframework.boot.devtools.env.DevToolsPropertyDefaultsPostProcessor - Devtools property defaults active! Set 'spring.devtools.add-properties' to 'false' to disable
2019-05-24 10:56:41.378 [INFO ] org.springframework.boot.devtools.env.DevToolsPropertyDefaultsPostProcessor - For additional web related logging consider setting the 'logging.level.web' property to 'DEBUG'
2019-05-24 10:56:45.958 [INFO ] org.springframework.boot.web.embedded.tomcat.TomcatWebServer - Tomcat initialized with port(s): 8081 (http)
2019-05-24 10:56:46.005 [INFO ] org.apache.coyote.http11.Http11NioProtocol - Initializing ProtocolHandler ["http-nio-8081"]
2019-05-24 10:56:46.039 [INFO ] org.apache.catalina.core.StandardService - Starting service [Tomcat]
2019-05-24 10:56:46.039 [INFO ] org.apache.catalina.core.StandardEngine - Starting Servlet engine: [Apache Tomcat/9.0.16]
2019-05-24 10:56:46.067 [INFO ] org.apache.catalina.core.AprLifecycleListener - The APR based Apache Tomcat Native library which allows optimal performance in production environments was not found on the java.library.path: [D:\01develop\Java\jdk1.8.0_181\bin;C:\WINDOWS\Sun\Java\bin;C:\WINDOWS\system32;C:\WINDOWS;D:/01develop/Java/jre1.8.0_181/bin/server;D:/01develop/Java/jre1.8.0_181/bin;D:/01develop/Java/jre1.8.0_181/lib/amd64;D:\03work\Xftp\;D:\03work\Xshell\;C:\Program Files (x86)\Common Files\Oracle\Java\javapath;C:\WINDOWS\system32;C:\WINDOWS;C:\WINDOWS\System32\Wbem;C:\WINDOWS\System32\WindowsPowerShell\v1.0\;"D:\01develop\Java\jdk1.8.0_181\bin;D:\01develop\Java\jdk1.8.0_181\jre\bin";D:\01develop\mysql-8.0.12-winx64\bin;D:\01develop\maven\apache-maven-3.5.4\bin;D:\01develop\TortoiseGit\bin;D:\01develop\Git\cmd;C:\WINDOWS\System32\OpenSSH\;C:\Users\qs016\AppData\Local\Microsoft\WindowsApps;D:\01develop\eclipse\jee-2018-09\eclipse;;.]
2019-05-24 10:56:46.322 [INFO ] org.apache.catalina.core.ContainerBase.[Tomcat].[localhost].[/wedding-app] - Initializing Spring embedded WebApplicationContext
2019-05-24 10:56:46.322 [INFO ] org.springframework.web.context.ContextLoader - Root WebApplicationContext: initialization completed in 4943 ms
2019-05-24 10:56:47.068 [INFO ] com.alibaba.druid.pool.DruidDataSource - {dataSource-1} inited
2019-05-24 10:56:48.970 [INFO ] org.springframework.scheduling.concurrent.ThreadPoolTaskExecutor - Initializing ExecutorService 'applicationTaskExecutor'
2019-05-24 10:56:49.669 [INFO ] org.springframework.boot.devtools.autoconfigure.OptionalLiveReloadServer - LiveReload server is running on port 35729
2019-05-24 10:56:49.752 [INFO ] org.apache.coyote.http11.Http11NioProtocol - Starting ProtocolHandler ["http-nio-8081"]
2019-05-24 10:56:49.860 [INFO ] org.springframework.boot.web.embedded.tomcat.TomcatWebServer - Tomcat started on port(s): 8081 (http) with context path '/wedding-app'
2019-05-24 10:56:49.871 [INFO ] com.application.Application - Started Application in 9.848 seconds (JVM running for 12.739)
2019-05-24 10:57:32.105 [INFO ] org.apache.catalina.core.ContainerBase.[Tomcat].[localhost].[/wedding-app] - Initializing Spring DispatcherServlet 'dispatcherServlet'
2019-05-24 10:57:32.105 [INFO ] org.springframework.web.servlet.DispatcherServlet - Initializing Servlet 'dispatcherServlet'
2019-05-24 10:57:32.136 [INFO ] org.springframework.web.servlet.DispatcherServlet - Completed initialization in 31 ms
2019-05-24 10:57:32.176 [INFO ] com.application.controller.App_pictureController - 后台  /picture
2019-05-24 10:57:32.177 [INFO ] com.application.controller.App_areaController - 后台 /area
2019-05-24 10:58:10.050 [INFO ] com.application.controller.App_areaController - 后台 /product/list/{type}
2019-05-24 10:58:11.221 [INFO ] com.application.controller.App_areaController - 后台 /product/list/{type}
2019-05-24 10:58:12.615 [INFO ] com.application.controller.App_areaController - 后台 /product/list/{type}
2019-05-24 10:58:13.631 [INFO ] com.application.controller.App_areaController - 后台 /product/list/{type}
2019-05-24 10:58:15.345 [INFO ] com.application.controller.App_areaController - 后台  /product/list/{id}
2019-05-24 10:59:52.604 [INFO ] org.apache.tomcat.util.http.parser.Cookie - A cookie header was received [1553567003; UM_distinctid=169c3b6eef1843-0796f27fab9f54-5701631-1fa400-169c3b6eef2fa; CNZZDATA1256912241=484211180-1553764090-%7C1553825635; JSESSIONID=33135632C9E89C8AAED86FD3233D1B21; _ga=GA1.1.1037374670.1558496028] that contained an invalid cookie. That cookie will be ignored.
 Note: further occurrences of this error will be logged at DEBUG level.
