2019-05-08 09:58:24.029 [http-nio-8080-exec-10] WARN  org.springframework.web.servlet.mvc.method.annotation.ExceptionHandlerExceptionResolver -
				Resolved [org.springframework.web.HttpMediaTypeNotSupportedException: Content type 'application/x-www-form-urlencoded;charset=utf-8' not supported]
2019-05-08 10:01:08.057 [http-nio-8080-exec-8] WARN  org.springframework.web.servlet.mvc.method.annotation.ExceptionHandlerExceptionResolver -
				Resolved [org.springframework.http.converter.HttpMessageNotReadableException: JSON parse error: Unrecognized token 'passengers': was expecting ('true', 'false' or 'null'); nested exception is com.fasterxml.jackson.core.JsonParseException: Unrecognized token 'passengers': was expecting ('true', 'false' or 'null')
 at [Source: (PushbackInputStream); line: 1, column: 12]]
2019-05-08 10:04:07.344 [http-nio-8080-exec-3] WARN  org.springframework.web.servlet.mvc.method.annotation.ExceptionHandlerExceptionResolver -
				Resolved [org.springframework.http.converter.HttpMessageNotReadableException: JSON parse error: Unrecognized token 'passengers': was expecting ('true', 'false' or 'null'); nested exception is com.fasterxml.jackson.core.JsonParseException: Unrecognized token 'passengers': was expecting ('true', 'false' or 'null')
 at [Source: (PushbackInputStream); line: 1, column: 12]]
2019-05-08 10:04:15.776 [http-nio-8080-exec-7] WARN  org.springframework.web.servlet.mvc.method.annotation.ExceptionHandlerExceptionResolver -
				Resolved [org.springframework.http.converter.HttpMessageNotReadableException: JSON parse error: Unrecognized token 'passengers': was expecting ('true', 'false' or 'null'); nested exception is com.fasterxml.jackson.core.JsonParseException: Unrecognized token 'passengers': was expecting ('true', 'false' or 'null')
 at [Source: (PushbackInputStream); line: 1, column: 12]]
2019-05-08 11:11:16.910 [http-nio-8080-exec-4] WARN  org.springframework.web.servlet.mvc.method.annotation.ExceptionHandlerExceptionResolver -
				Resolved [com.application.exception.NotAuthException: 没有token认证信息]
2019-05-08 11:11:26.774 [http-nio-8080-exec-9] WARN  org.springframework.web.servlet.mvc.method.annotation.ExceptionHandlerExceptionResolver -
				Resolved [com.application.exception.NotAuthException: 没有token认证信息]
2019-05-08 14:21:30.737 [http-nio-8080-exec-4] WARN  org.springframework.web.servlet.mvc.method.annotation.ExceptionHandlerExceptionResolver -
				Resolved [org.apache.ibatis.binding.BindingException: Mapper method 'com.application.mapper.App_orderMapper.SaveOrder' has an unsupported return type: class com.application.entity.App_order]
2019-05-08 14:56:44.652 [http-nio-8080-exec-2] WARN  org.springframework.web.servlet.mvc.method.annotation.ExceptionHandlerExceptionResolver -
				Resolved [org.springframework.jdbc.BadSqlGrammarException: 
### Error updating database.  Cause: java.sql.SQLSyntaxErrorException: You have an error in your SQL syntax; check the manual that corresponds to your MySQL server version for the right syntax to use near '' at line 6
### The error may exist in file [E:\git\wedding\wedding-app\wedding-app\target\classes\com\application\mapper\xml\App_order_passengerMapper.xml]
### The error may involve defaultParameterMap
### The error occurred while setting parameters
### SQL: insert into app_order_passenger     (      order_id,      passenger_id     )      values
### Cause: java.sql.SQLSyntaxErrorException: You have an error in your SQL syntax; check the manual that corresponds to your MySQL server version for the right syntax to use near '' at line 6
; bad SQL grammar []; nested exception is java.sql.SQLSyntaxErrorException: You have an error in your SQL syntax; check the manual that corresponds to your MySQL server version for the right syntax to use near '' at line 6]
2019-05-08 14:59:56.209 [http-nio-8080-exec-2] WARN  org.springframework.web.servlet.mvc.method.annotation.ExceptionHandlerExceptionResolver -
				Resolved [java.lang.ArithmeticException: / by zero]
2019-05-08 15:00:26.933 [http-nio-8080-exec-3] WARN  org.springframework.web.servlet.mvc.method.annotation.ExceptionHandlerExceptionResolver -
				Resolved [java.lang.ArithmeticException: / by zero]
2019-05-08 15:01:17.657 [http-nio-8080-exec-10] WARN  org.springframework.web.servlet.mvc.method.annotation.ExceptionHandlerExceptionResolver -
				Resolved [org.springframework.web.util.NestedServletException: Handler dispatch failed; nested exception is java.lang.Error: Unresolved compilation problem: 
	result2 cannot be resolved to a variable
]
2019-05-08 15:01:45.686 [http-nio-8080-exec-3] WARN  org.springframework.web.servlet.mvc.method.annotation.ExceptionHandlerExceptionResolver -
				Resolved [java.lang.ArithmeticException: / by zero]
2019-05-08 15:01:46.426 [http-nio-8080-exec-2] WARN  org.springframework.web.servlet.mvc.method.annotation.ExceptionHandlerExceptionResolver -
				Resolved [java.lang.ArithmeticException: / by zero]
2019-05-08 15:01:47.060 [http-nio-8080-exec-1] WARN  org.springframework.web.servlet.mvc.method.annotation.ExceptionHandlerExceptionResolver -
				Resolved [java.lang.ArithmeticException: / by zero]
2019-05-08 16:59:27.545 [http-nio-8080-exec-5] WARN  org.springframework.web.servlet.mvc.method.annotation.ExceptionHandlerExceptionResolver -
				Resolved [com.application.exception.NotAuthException: 没有token认证信息]
