2019-05-15 20:31:31.344 [INFO ] com.application.Application - Starting Application on DESKTOP-7RKQL44 with PID 15412 (E:\git\wedding\wedding-app\wedding-app\target\classes started by qs016 in E:\git\wedding\wedding-app\wedding-app)
2019-05-15 20:31:31.347 [INFO ] com.application.Application - The following profiles are active: test
2019-05-15 20:31:31.400 [INFO ] org.springframework.boot.devtools.env.DevToolsPropertyDefaultsPostProcessor - Devtools property defaults active! Set 'spring.devtools.add-properties' to 'false' to disable
2019-05-15 20:31:31.400 [INFO ] org.springframework.boot.devtools.env.DevToolsPropertyDefaultsPostProcessor - For additional web related logging consider setting the 'logging.level.web' property to 'DEBUG'
2019-05-15 20:31:35.779 [INFO ] org.springframework.boot.web.embedded.tomcat.TomcatWebServer - Tomcat initialized with port(s): 8081 (http)
2019-05-15 20:31:35.794 [INFO ] org.apache.coyote.http11.Http11NioProtocol - Initializing ProtocolHandler ["http-nio-8081"]
2019-05-15 20:31:35.804 [INFO ] org.apache.catalina.core.StandardService - Starting service [Tomcat]
2019-05-15 20:31:35.804 [INFO ] org.apache.catalina.core.StandardEngine - Starting Servlet engine: [Apache Tomcat/9.0.16]
2019-05-15 20:31:35.815 [INFO ] org.apache.catalina.core.AprLifecycleListener - The APR based Apache Tomcat Native library which allows optimal performance in production environments was not found on the java.library.path: [D:\01develop\Java\jdk1.8.0_181\bin;C:\WINDOWS\Sun\Java\bin;C:\WINDOWS\system32;C:\WINDOWS;D:/01develop/Java/jre1.8.0_181/bin/server;D:/01develop/Java/jre1.8.0_181/bin;D:/01develop/Java/jre1.8.0_181/lib/amd64;D:\03work\Xftp\;D:\03work\Xshell\;C:\Program Files (x86)\Common Files\Oracle\Java\javapath;C:\WINDOWS\system32;C:\WINDOWS;C:\WINDOWS\System32\Wbem;C:\WINDOWS\System32\WindowsPowerShell\v1.0\;"D:\01develop\Java\jdk1.8.0_181\bin;D:\01develop\Java\jdk1.8.0_181\jre\bin";D:\01develop\mysql-8.0.12-winx64\bin;D:\01develop\maven\apache-maven-3.5.4\bin;D:\01develop\TortoiseGit\bin;D:\01develop\Git\cmd;C:\WINDOWS\System32\OpenSSH\;C:\Users\qs016\AppData\Local\Microsoft\WindowsApps;;D:\01develop\eclipse\jee-2018-09\eclipse;;.]
2019-05-15 20:31:35.903 [INFO ] org.apache.catalina.core.ContainerBase.[Tomcat].[localhost].[/wedding-app] - Initializing Spring embedded WebApplicationContext
2019-05-15 20:31:35.903 [INFO ] org.springframework.web.context.ContextLoader - Root WebApplicationContext: initialization completed in 4501 ms
2019-05-15 20:31:36.274 [INFO ] com.alibaba.druid.pool.DruidDataSource - {dataSource-1} inited
2019-05-15 20:31:37.601 [INFO ] org.springframework.scheduling.concurrent.ThreadPoolTaskExecutor - Initializing ExecutorService 'applicationTaskExecutor'
2019-05-15 20:31:37.966 [INFO ] org.apache.coyote.http11.Http11NioProtocol - Starting ProtocolHandler ["http-nio-8081"]
2019-05-15 20:31:38.012 [INFO ] org.springframework.boot.web.embedded.tomcat.TomcatWebServer - Tomcat started on port(s): 8081 (http) with context path '/wedding-app'
2019-05-15 20:31:38.016 [INFO ] com.application.Application - Started Application in 7.062 seconds (JVM running for 7.704)
2019-05-15 20:33:51.474 [INFO ] org.apache.catalina.core.ContainerBase.[Tomcat].[localhost].[/wedding-app] - Initializing Spring DispatcherServlet 'dispatcherServlet'
2019-05-15 20:33:51.474 [INFO ] org.springframework.web.servlet.DispatcherServlet - Initializing Servlet 'dispatcherServlet'
2019-05-15 20:33:51.528 [INFO ] org.springframework.web.servlet.DispatcherServlet - Completed initialization in 53 ms
2019-05-15 20:33:51.578 [INFO ] com.application.controller.App_areaController - 后台 /area
2019-05-15 20:33:51.583 [INFO ] com.application.controller.App_pictureController - 后台  /picture
2019-05-15 20:33:55.787 [INFO ] com.application.controller.App_areaController - 后台 /product/list/{type}
2019-05-15 20:33:57.532 [INFO ] com.application.controller.App_areaController - 后台 /product/list/{type}
2019-05-15 20:33:59.678 [INFO ] com.application.controller.App_areaController - 后台 /product/list/{type}
2019-05-15 20:34:00.309 [INFO ] com.application.controller.App_areaController - 后台 /product/list/{type}
2019-05-15 20:34:24.045 [INFO ] com.application.controller.App_areaController - 后台  /product/list/{id}
2019-05-15 20:34:26.324 [INFO ] com.application.controller.App_areaController - 后台 /product/list/{type}
2019-05-15 20:35:34.392 [INFO ] com.application.controller.App_areaController - 后台 /product/list/{type}
2019-05-15 20:35:53.681 [INFO ] com.application.controller.App_areaController - 后台 /product/list/{type}
2019-05-15 20:35:55.080 [INFO ] com.application.controller.App_areaController - 后台 /product/list/{type}
2019-05-15 20:35:55.562 [INFO ] com.application.controller.App_areaController - 后台 /product/list/{type}
2019-05-15 20:35:56.429 [INFO ] com.application.controller.App_areaController - 后台 /product/list/{type}
2019-05-15 20:36:14.753 [INFO ] com.application.controller.App_areaController - 后台 /product/list/{type}
2019-05-15 20:37:53.143 [INFO ] com.application.controller.App_areaController - 后台  /product/list/{id}
2019-05-15 20:38:27.934 [INFO ] com.application.controller.App_areaController - 后台 /product/list/{type}
2019-05-15 20:38:29.420 [INFO ] com.application.controller.App_areaController - 后台 /product/list/{type}
2019-05-15 20:38:30.055 [INFO ] com.application.controller.App_areaController - 后台 /product/list/{type}
2019-05-15 20:39:27.806 [INFO ] com.application.controller.App_areaController - 后台 /product/list/{type}
2019-05-15 20:39:28.406 [INFO ] com.application.controller.App_areaController - 后台 /product/list/{type}
2019-05-15 20:40:05.892 [INFO ] com.application.controller.App_areaController - 后台 /product/list/{type}
2019-05-15 20:40:08.391 [INFO ] com.application.controller.App_areaController - 后台  /product/list/{id}
