2019-05-08 09:58:24.018 [http-nio-8080-exec-10] ERROR com.application.exception.ExceptionControllerAdvice - 出错了 捕捉到异常:  Content type 'application/x-www-form-urlencoded;charset=utf-8' not supported
2019-05-08 10:01:08.041 [http-nio-8080-exec-8] ERROR com.application.exception.ExceptionControllerAdvice - 出错了 捕捉到异常:  JSON parse error: Unrecognized token 'passengers': was expecting ('true', 'false' or 'null'); nested exception is com.fasterxml.jackson.core.JsonParseException: Unrecognized token 'passengers': was expecting ('true', 'false' or 'null')
 at [Source: (PushbackInputStream); line: 1, column: 12]
2019-05-08 10:04:07.339 [http-nio-8080-exec-3] ERROR com.application.exception.ExceptionControllerAdvice - 出错了 捕捉到异常:  JSON parse error: Unrecognized token 'passengers': was expecting ('true', 'false' or 'null'); nested exception is com.fasterxml.jackson.core.JsonParseException: Unrecognized token 'passengers': was expecting ('true', 'false' or 'null')
 at [Source: (PushbackInputStream); line: 1, column: 12]
2019-05-08 10:04:15.770 [http-nio-8080-exec-7] ERROR com.application.exception.ExceptionControllerAdvice - 出错了 捕捉到异常:  JSON parse error: Unrecognized token 'passengers': was expecting ('true', 'false' or 'null'); nested exception is com.fasterxml.jackson.core.JsonParseException: Unrecognized token 'passengers': was expecting ('true', 'false' or 'null')
 at [Source: (PushbackInputStream); line: 1, column: 12]
2019-05-08 11:11:16.902 [http-nio-8080-exec-4] ERROR com.application.exception.ExceptionControllerAdvice - 出错了 捕捉到异常:  没有token认证信息
2019-05-08 11:11:26.770 [http-nio-8080-exec-9] ERROR com.application.exception.ExceptionControllerAdvice - 出错了 捕捉到异常:  没有token认证信息
2019-05-08 14:21:30.730 [http-nio-8080-exec-4] ERROR com.application.exception.ExceptionControllerAdvice - 出错了 捕捉到异常:  Mapper method 'com.application.mapper.App_orderMapper.SaveOrder' has an unsupported return type: class com.application.entity.App_order
2019-05-08 14:56:44.641 [http-nio-8080-exec-2] ERROR com.application.exception.ExceptionControllerAdvice - 出错了 捕捉到异常:  
### Error updating database.  Cause: java.sql.SQLSyntaxErrorException: You have an error in your SQL syntax; check the manual that corresponds to your MySQL server version for the right syntax to use near '' at line 6
### The error may exist in file [E:\git\wedding\wedding-app\wedding-app\target\classes\com\application\mapper\xml\App_order_passengerMapper.xml]
### The error may involve defaultParameterMap
### The error occurred while setting parameters
### SQL: insert into app_order_passenger     (      order_id,      passenger_id     )      values
### Cause: java.sql.SQLSyntaxErrorException: You have an error in your SQL syntax; check the manual that corresponds to your MySQL server version for the right syntax to use near '' at line 6
; bad SQL grammar []; nested exception is java.sql.SQLSyntaxErrorException: You have an error in your SQL syntax; check the manual that corresponds to your MySQL server version for the right syntax to use near '' at line 6
2019-05-08 14:59:56.206 [http-nio-8080-exec-2] ERROR com.application.exception.ExceptionControllerAdvice - 出错了 捕捉到异常:  / by zero
2019-05-08 15:00:26.930 [http-nio-8080-exec-3] ERROR com.application.exception.ExceptionControllerAdvice - 出错了 捕捉到异常:  / by zero
2019-05-08 15:01:17.646 [http-nio-8080-exec-10] ERROR com.application.exception.ExceptionControllerAdvice - 出错了 捕捉到异常:  Handler dispatch failed; nested exception is java.lang.Error: Unresolved compilation problem: 
	result2 cannot be resolved to a variable

2019-05-08 15:01:45.674 [http-nio-8080-exec-3] ERROR com.application.exception.ExceptionControllerAdvice - 出错了 捕捉到异常:  / by zero
2019-05-08 15:01:46.423 [http-nio-8080-exec-2] ERROR com.application.exception.ExceptionControllerAdvice - 出错了 捕捉到异常:  / by zero
2019-05-08 15:01:47.056 [http-nio-8080-exec-1] ERROR com.application.exception.ExceptionControllerAdvice - 出错了 捕捉到异常:  / by zero
2019-05-08 16:59:27.542 [http-nio-8080-exec-5] ERROR com.application.exception.ExceptionControllerAdvice - 出错了 捕捉到异常:  没有token认证信息
