2019-04-18 16:59:09.910 [INFO ] com.application.Application - Starting Application on DESKTOP-7RKQL44 with PID 20372 (E:\git\wedding\wedding-app\wedding-app\target\classes started by qs016 in E:\git\wedding\wedding-app\wedding-app)
2019-04-18 16:59:09.912 [INFO ] com.application.Application - The following profiles are active: test
2019-04-18 16:59:10.074 [INFO ] org.springframework.boot.devtools.env.DevToolsPropertyDefaultsPostProcessor - Devtools property defaults active! Set 'spring.devtools.add-properties' to 'false' to disable
2019-04-18 16:59:10.074 [INFO ] org.springframework.boot.devtools.env.DevToolsPropertyDefaultsPostProcessor - For additional web related logging consider setting the 'logging.level.web' property to 'DEBUG'
2019-04-18 16:59:13.163 [INFO ] org.springframework.boot.web.embedded.tomcat.TomcatWebServer - Tomcat initialized with port(s): 8080 (http)
2019-04-18 16:59:13.210 [INFO ] org.apache.coyote.http11.Http11NioProtocol - Initializing ProtocolHandler ["http-nio-8080"]
2019-04-18 16:59:13.236 [INFO ] org.apache.catalina.core.StandardService - Starting service [Tomcat]
2019-04-18 16:59:13.236 [INFO ] org.apache.catalina.core.StandardEngine - Starting Servlet engine: [Apache Tomcat/9.0.16]
2019-04-18 16:59:13.258 [INFO ] org.apache.catalina.core.AprLifecycleListener - The APR based Apache Tomcat Native library which allows optimal performance in production environments was not found on the java.library.path: [D:\01develop\Java\jdk1.8.0_181\bin;C:\WINDOWS\Sun\Java\bin;C:\WINDOWS\system32;C:\WINDOWS;D:/01develop/Java/jre1.8.0_181/bin/server;D:/01develop/Java/jre1.8.0_181/bin;D:/01develop/Java/jre1.8.0_181/lib/amd64;D:\03work\Xftp\;D:\03work\Xshell\;C:\Program Files (x86)\Common Files\Oracle\Java\javapath;C:\WINDOWS\system32;C:\WINDOWS;C:\WINDOWS\System32\Wbem;C:\WINDOWS\System32\WindowsPowerShell\v1.0\;"D:\01develop\Java\jdk1.8.0_181\bin;D:\01develop\Java\jdk1.8.0_181\jre\bin";D:\01develop\mysql-8.0.12-winx64\bin;D:\01develop\maven\apache-maven-3.5.4\bin;D:\01develop\TortoiseGit\bin;D:\01develop\Git\cmd;C:\WINDOWS\System32\OpenSSH\;C:\Users\qs016\AppData\Local\Microsoft\WindowsApps;;D:\01develop\eclipse\jee-2018-09\eclipse;;.]
2019-04-18 16:59:13.460 [INFO ] org.apache.catalina.core.ContainerBase.[Tomcat].[localhost].[/wedding-app] - Initializing Spring embedded WebApplicationContext
2019-04-18 16:59:13.460 [INFO ] org.springframework.web.context.ContextLoader - Root WebApplicationContext: initialization completed in 3385 ms
2019-04-18 16:59:14.324 [INFO ] com.alibaba.druid.pool.DruidDataSource - {dataSource-1} inited
2019-04-18 16:59:15.788 [INFO ] org.springframework.scheduling.concurrent.ThreadPoolTaskExecutor - Initializing ExecutorService 'applicationTaskExecutor'
2019-04-18 16:59:16.259 [INFO ] org.springframework.boot.devtools.autoconfigure.OptionalLiveReloadServer - LiveReload server is running on port 35729
2019-04-18 16:59:16.318 [INFO ] org.apache.coyote.http11.Http11NioProtocol - Starting ProtocolHandler ["http-nio-8080"]
2019-04-18 16:59:16.388 [INFO ] org.springframework.boot.web.embedded.tomcat.TomcatWebServer - Tomcat started on port(s): 8080 (http) with context path '/wedding-app'
2019-04-18 16:59:16.402 [INFO ] com.application.Application - Started Application in 7.385 seconds (JVM running for 9.423)
2019-04-18 17:02:04.146 [INFO ] org.apache.catalina.core.ContainerBase.[Tomcat].[localhost].[/wedding-app] - Initializing Spring DispatcherServlet 'dispatcherServlet'
2019-04-18 17:02:04.147 [INFO ] org.springframework.web.servlet.DispatcherServlet - Initializing Servlet 'dispatcherServlet'
2019-04-18 17:02:04.169 [INFO ] org.springframework.web.servlet.DispatcherServlet - Completed initialization in 22 ms
2019-04-18 17:02:04.250 [INFO ] com.application.controller.App_pictureController - 后台  /picture
2019-04-18 17:02:49.283 [INFO ] org.apache.tomcat.util.http.parser.Cookie - A cookie header was received [1553670045,1554704549] that contained an invalid cookie. That cookie will be ignored.
 Note: further occurrences of this error will be logged at DEBUG level.
2019-04-18 17:02:49.302 [INFO ] com.application.controller.App_pictureController - 后台  /picture
2019-04-18 17:04:35.846 [INFO ] com.application.controller.App_pictureController - 后台  /picture
2019-04-18 17:08:03.003 [INFO ] com.application.controller.App_pictureController - 后台  /picture
2019-04-18 17:08:04.153 [INFO ] com.application.controller.App_pictureController - 后台  /picture
2019-04-18 17:08:22.824 [INFO ] com.application.controller.App_pictureController - 后台  /picture
2019-04-18 17:08:24.004 [INFO ] com.application.controller.App_pictureController - 后台  /picture
2019-04-18 17:08:24.194 [INFO ] com.application.controller.App_pictureController - 后台  /picture
2019-04-18 17:18:38.562 [INFO ] com.application.controller.App_pictureController - 后台  /picture
2019-04-18 17:20:16.072 [INFO ] com.application.controller.App_pictureController - 后台  /picture
2019-04-18 17:22:47.210 [INFO ] com.application.controller.App_pictureController - 后台  /picture
2019-04-18 17:23:21.645 [INFO ] com.application.controller.App_pictureController - 后台  /picture
2019-04-18 17:24:29.976 [INFO ] com.application.controller.App_pictureController - 后台  /picture
2019-04-18 17:24:39.224 [INFO ] com.application.controller.App_pictureController - 后台  /picture
2019-04-18 17:35:01.050 [INFO ] com.application.controller.App_pictureController - 后台  /picture
2019-04-18 17:37:17.453 [INFO ] com.application.controller.App_pictureController - 后台  /picture
2019-04-18 17:39:09.667 [INFO ] com.application.controller.App_pictureController - 后台  /picture
2019-04-18 17:46:02.683 [INFO ] com.application.controller.App_pictureController - 后台  /picture
2019-04-18 17:46:09.503 [INFO ] com.application.controller.App_pictureController - 后台  /picture
2019-04-18 17:46:30.747 [INFO ] com.application.controller.App_pictureController - 后台  /picture
2019-04-18 18:06:13.450 [INFO ] com.application.controller.App_pictureController - 后台  /picture
2019-04-18 18:06:22.019 [INFO ] com.application.controller.App_pictureController - 后台  /picture
2019-04-18 18:07:06.305 [INFO ] com.application.controller.App_pictureController - 后台  /picture
2019-04-18 18:07:22.747 [INFO ] com.application.controller.App_pictureController - 后台  /picture
2019-04-18 18:07:41.092 [INFO ] com.application.controller.App_pictureController - 后台  /picture
2019-04-18 18:08:11.588 [INFO ] com.application.controller.App_pictureController - 后台  /picture
2019-04-18 18:09:10.454 [INFO ] com.application.controller.App_pictureController - 后台  /picture
2019-04-18 18:09:16.677 [INFO ] com.application.controller.App_pictureController - 后台  /picture
2019-04-18 18:12:39.215 [INFO ] com.application.controller.App_pictureController - 后台  /picture
2019-04-18 18:12:53.636 [INFO ] com.application.controller.App_pictureController - 后台  /picture
2019-04-18 18:13:10.071 [INFO ] com.application.controller.App_pictureController - 后台  /picture
2019-04-18 18:15:20.036 [INFO ] com.application.controller.App_pictureController - 后台  /picture
2019-04-18 18:16:41.508 [INFO ] com.application.controller.App_pictureController - 后台  /picture
2019-04-18 18:17:49.033 [INFO ] com.application.controller.App_pictureController - 后台  /picture
2019-04-18 18:19:18.457 [INFO ] com.application.controller.App_pictureController - 后台  /picture
2019-04-18 18:19:53.431 [INFO ] com.application.controller.App_pictureController - 后台  /picture
2019-04-18 18:23:49.535 [INFO ] com.application.controller.App_pictureController - 后台  /picture
2019-04-18 18:24:26.238 [INFO ] com.application.controller.App_pictureController - 后台  /picture
2019-04-18 18:25:27.416 [INFO ] com.application.controller.App_pictureController - 后台  /picture
2019-04-18 18:26:43.368 [INFO ] com.application.controller.App_pictureController - 后台  /picture
2019-04-18 18:27:05.163 [INFO ] com.application.controller.App_pictureController - 后台  /picture
2019-04-18 18:30:51.961 [INFO ] com.application.controller.App_pictureController - 后台  /picture
2019-04-18 18:31:52.005 [INFO ] com.application.controller.App_pictureController - 后台  /picture
2019-04-18 18:32:57.943 [INFO ] com.application.controller.App_pictureController - 后台  /picture
2019-04-18 18:33:33.956 [INFO ] com.application.controller.App_pictureController - 后台  /picture
2019-04-18 18:35:00.501 [INFO ] com.application.controller.App_pictureController - 后台  /picture
2019-04-18 18:35:44.302 [INFO ] com.application.controller.App_pictureController - 后台  /picture
2019-04-18 18:36:09.119 [INFO ] com.application.controller.App_pictureController - 后台  /picture
2019-04-18 18:36:35.007 [INFO ] com.application.controller.App_pictureController - 后台  /picture
2019-04-18 18:37:26.680 [INFO ] com.application.controller.App_pictureController - 后台  /picture
2019-04-18 18:38:08.875 [INFO ] com.application.controller.App_pictureController - 后台  /picture
2019-04-18 18:38:16.415 [INFO ] com.application.controller.App_pictureController - 后台  /picture
2019-04-18 18:38:55.215 [INFO ] com.application.controller.App_pictureController - 后台  /picture
2019-04-18 18:39:23.242 [INFO ] com.application.controller.App_pictureController - 后台  /picture
2019-04-18 18:43:37.673 [INFO ] com.application.controller.App_pictureController - 后台  /picture
2019-04-18 18:44:10.090 [INFO ] com.application.controller.App_pictureController - 后台  /picture
2019-04-18 18:44:15.837 [INFO ] com.application.controller.App_pictureController - 后台  /picture
2019-04-18 18:45:54.374 [INFO ] com.application.controller.App_pictureController - 后台  /picture
2019-04-18 18:48:47.214 [INFO ] com.application.controller.App_pictureController - 后台  /picture
2019-04-18 18:57:12.629 [INFO ] com.application.controller.App_pictureController - 后台  /picture
2019-04-18 18:58:50.832 [INFO ] com.application.controller.App_pictureController - 后台  /picture
2019-04-18 18:59:06.000 [INFO ] com.application.controller.App_pictureController - 后台  /picture
2019-04-18 18:59:09.426 [INFO ] com.application.controller.App_pictureController - 后台  /picture
2019-04-18 18:59:15.884 [INFO ] com.application.controller.App_pictureController - 后台  /picture
2019-04-18 18:59:46.329 [INFO ] com.application.controller.App_pictureController - 后台  /picture
2019-04-18 19:04:16.686 [INFO ] com.application.controller.App_pictureController - 后台  /picture
2019-04-18 19:04:21.889 [INFO ] com.application.controller.App_pictureController - 后台  /picture
2019-04-18 19:04:30.077 [INFO ] com.application.controller.App_pictureController - 后台  /picture
2019-04-18 19:04:41.079 [INFO ] com.application.controller.App_pictureController - 后台  /picture
2019-04-18 19:08:24.469 [INFO ] com.application.controller.App_pictureController - 后台  /picture
2019-04-18 19:22:32.117 [INFO ] com.application.controller.App_pictureController - 后台  /picture
2019-04-18 19:22:46.921 [INFO ] com.application.controller.App_pictureController - 后台  /picture
2019-04-18 19:23:21.645 [INFO ] com.application.controller.App_pictureController - 后台  /picture
2019-04-18 19:23:32.778 [INFO ] com.application.controller.App_pictureController - 后台  /picture
2019-04-18 19:23:55.908 [INFO ] com.application.controller.App_pictureController - 后台  /picture
2019-04-18 19:24:26.905 [INFO ] com.application.controller.App_pictureController - 后台  /picture
2019-04-18 19:24:59.788 [INFO ] com.application.controller.App_pictureController - 后台  /picture
2019-04-18 19:26:11.711 [INFO ] com.application.controller.App_pictureController - 后台  /picture
