2019-05-07 10:18:23.438 [http-nio-8080-exec-2] WARN  org.springframework.web.servlet.mvc.method.annotation.ExceptionHandlerExceptionResolver -
				Resolved [org.apache.ibatis.binding.BindingException: Invalid bound statement (not found): com.application.mapper.App_productMapper.queryProductByType]
2019-05-07 10:19:39.980 [http-nio-8080-exec-4] WARN  org.springframework.web.servlet.mvc.method.annotation.ExceptionHandlerExceptionResolver -
				Resolved [org.apache.ibatis.binding.BindingException: Invalid bound statement (not found): com.application.mapper.App_productMapper.queryProductByType]
2019-05-07 10:21:24.732 [http-nio-8080-exec-4] WARN  org.springframework.web.servlet.mvc.method.annotation.ExceptionHandlerExceptionResolver -
				Resolved [org.apache.ibatis.binding.BindingException: Invalid bound statement (not found): com.application.mapper.App_productMapper.queryProductByType]
2019-05-07 10:22:50.746 [http-nio-8080-exec-2] WARN  org.springframework.web.servlet.mvc.method.annotation.ExceptionHandlerExceptionResolver -
				Resolved [org.apache.ibatis.binding.BindingException: Invalid bound statement (not found): com.application.mapper.App_productMapper.queryProductByType]
2019-05-07 10:24:54.788 [http-nio-8080-exec-2] WARN  org.springframework.web.servlet.mvc.method.annotation.ExceptionHandlerExceptionResolver -
				Resolved [org.apache.ibatis.binding.BindingException: Invalid bound statement (not found): com.application.mapper.App_productMapper.queryProductByType]
2019-05-07 15:40:07.158 [http-nio-8080-exec-9] WARN  org.springframework.web.servlet.mvc.method.annotation.ExceptionHandlerExceptionResolver -
				Resolved [com.application.exception.NotAuthException: 没有token认证信息]
2019-05-07 15:40:16.637 [http-nio-8080-exec-6] WARN  org.springframework.web.servlet.mvc.method.annotation.ExceptionHandlerExceptionResolver -
				Resolved [com.application.exception.NotAuthException: 没有token认证信息]
2019-05-07 16:48:24.462 [http-nio-8080-exec-8] WARN  org.springframework.web.servlet.mvc.method.annotation.ExceptionHandlerExceptionResolver -
				Resolved [com.application.exception.NotAuthException: 没有token认证信息]
2019-05-07 16:49:28.993 [http-nio-8080-exec-1] WARN  org.springframework.web.servlet.mvc.method.annotation.ExceptionHandlerExceptionResolver -
				Resolved [com.application.exception.NotAuthException: 没有token认证信息]
2019-05-07 16:50:23.303 [http-nio-8080-exec-2] WARN  org.springframework.web.servlet.mvc.method.annotation.ExceptionHandlerExceptionResolver -
				Resolved [com.application.exception.NotAuthException: 没有token认证信息]
2019-05-07 16:57:13.746 [http-nio-8080-exec-1] WARN  org.springframework.web.servlet.mvc.method.annotation.ExceptionHandlerExceptionResolver -
				Resolved [com.application.exception.NotAuthException: 没有token认证信息]
2019-05-07 17:14:31.489 [http-nio-8080-exec-7] WARN  org.springframework.web.servlet.mvc.method.annotation.ExceptionHandlerExceptionResolver -
				Resolved [com.application.exception.NotAuthException: 没有token认证信息]
2019-05-07 19:15:48.181 [http-nio-8080-exec-9] WARN  org.springframework.web.servlet.mvc.method.annotation.ExceptionHandlerExceptionResolver -
				Resolved [com.application.exception.NotAuthException: 没有token认证信息]
2019-05-07 19:16:10.104 [http-nio-8080-exec-9] WARN  org.springframework.web.servlet.mvc.method.annotation.ExceptionHandlerExceptionResolver -
				Resolved [java.lang.IllegalStateException: Ambiguous handler methods mapped for '/wedding-app//app_order/order/1': {public com.application.response.StatusResult com.application.controller.App_orderController.SaveOrder(java.lang.Integer,com.application.entity.App_order), public com.application.response.StatusResult com.application.controller.App_orderController.updateOrderStatus(java.lang.Integer,java.lang.Integer)}]
2019-05-07 19:16:22.131 [http-nio-8080-exec-1] WARN  org.springframework.web.servlet.mvc.method.annotation.ExceptionHandlerExceptionResolver -
				Resolved [java.lang.IllegalStateException: Ambiguous handler methods mapped for '/wedding-app//app_order/order/1': {public com.application.response.StatusResult com.application.controller.App_orderController.SaveOrder(java.lang.Integer,com.application.entity.App_order), public com.application.response.StatusResult com.application.controller.App_orderController.updateOrderStatus(java.lang.Integer,java.lang.Integer)}]
2019-05-07 19:17:59.476 [http-nio-8080-exec-6] WARN  org.springframework.web.servlet.mvc.method.annotation.ExceptionHandlerExceptionResolver -
				Resolved [java.lang.IllegalStateException: Ambiguous handler methods mapped for '/wedding-app/app_order/order/1': {public com.application.response.StatusResult com.application.controller.App_orderController.SaveOrder(java.lang.Integer,com.application.entity.App_order), public com.application.response.StatusResult com.application.controller.App_orderController.updateOrderStatus(java.lang.Integer,java.lang.Integer)}]
2019-05-07 19:20:47.153 [http-nio-8080-exec-9] WARN  org.springframework.web.servlet.mvc.method.annotation.ExceptionHandlerExceptionResolver -
				Resolved [org.springframework.validation.BindException: org.springframework.validation.BeanPropertyBindingResult: 1 errors
Field error in object 'app_order' on field 'passengers': rejected value [[{"mobile":"17888888888","update_time":null,"id":1,"identity_card":"370403xxxx8888","appUser":null,"user_id":1,"create_time":"2019-04-24T14:56:30","passport":"b1234888","name":"李忠硕"},{"mobile":"17111111111","update_time":null,"id":2,"identity_card":"370403xxxx2222","appUser":null,"user_id":1,"create_time":"2019-04-24T14:56:30","passport":"b1234111","name":"马海德"}]]; codes [typeMismatch.app_order.passengers,typeMismatch.passengers,typeMismatch.java.util.List,typeMismatch]; arguments [org.springframework.context.support.DefaultMessageSourceResolvable: codes [app_order.passengers,passengers]; arguments []; default message [passengers]]; default message [Failed to convert property value of type 'java.lang.String' to required type 'java.util.List' for property 'passengers'; nested exception is java.lang.IllegalStateException: Cannot convert value of type 'java.lang.String' to required type 'com.application.entity.App_passenger' for property 'passengers[0]': no matching editors or conversion strategy found]]
2019-05-07 19:21:32.458 [http-nio-8080-exec-10] WARN  org.springframework.web.servlet.mvc.method.annotation.ExceptionHandlerExceptionResolver -
				Resolved [org.springframework.validation.BindException: org.springframework.validation.BeanPropertyBindingResult: 1 errors
Field error in object 'app_order' on field 'passengers': rejected value [[{"mobile":"17888888888","update_time":null,"id":1,"identity_card":"370403xxxx8888","appUser":null,"user_id":1,"create_time":"2019-04-24T14:56:30","passport":"b1234888","name":"李忠硕"},{"mobile":"17111111111","update_time":null,"id":2,"identity_card":"370403xxxx2222","appUser":null,"user_id":1,"create_time":"2019-04-24T14:56:30","passport":"b1234111","name":"马海德"}]]; codes [typeMismatch.app_order.passengers,typeMismatch.passengers,typeMismatch.java.util.List,typeMismatch]; arguments [org.springframework.context.support.DefaultMessageSourceResolvable: codes [app_order.passengers,passengers]; arguments []; default message [passengers]]; default message [Failed to convert property value of type 'java.lang.String' to required type 'java.util.List' for property 'passengers'; nested exception is java.lang.IllegalStateException: Cannot convert value of type 'java.lang.String' to required type 'com.application.entity.App_passenger' for property 'passengers[0]': no matching editors or conversion strategy found]]
2019-05-07 19:23:12.404 [http-nio-8080-exec-1] WARN  org.springframework.web.servlet.mvc.method.annotation.ExceptionHandlerExceptionResolver -
				Resolved [org.springframework.validation.BindException: org.springframework.validation.BeanPropertyBindingResult: 1 errors
Field error in object 'app_order' on field 'passengers': rejected value [[{"mobile":"17888888888","update_time":null,"id":1,"identity_card":"370403xxxx8888","appUser":null,"user_id":1,"create_time":"2019-04-24T14:56:30","passport":"b1234888","name":"李忠硕"},{"mobile":"17111111111","update_time":null,"id":2,"identity_card":"370403xxxx2222","appUser":null,"user_id":1,"create_time":"2019-04-24T14:56:30","passport":"b1234111","name":"马海德"}]]; codes [typeMismatch.app_order.passengers,typeMismatch.passengers,typeMismatch.java.util.List,typeMismatch]; arguments [org.springframework.context.support.DefaultMessageSourceResolvable: codes [app_order.passengers,passengers]; arguments []; default message [passengers]]; default message [Failed to convert property value of type 'java.lang.String' to required type 'java.util.List' for property 'passengers'; nested exception is java.lang.IllegalStateException: Cannot convert value of type 'java.lang.String' to required type 'com.application.entity.App_passenger' for property 'passengers[0]': no matching editors or conversion strategy found]]
2019-05-07 19:24:55.219 [http-nio-8080-exec-10] WARN  org.springframework.web.servlet.mvc.method.annotation.ExceptionHandlerExceptionResolver -
				Resolved [java.lang.IllegalStateException: No primary or default constructor found for interface java.util.List]
