2019-05-05 10:28:14.698 [INFO ] com.application.Application - Starting Application on DESKTOP-7RKQL44 with PID 8716 (E:\git\wedding\wedding-app\wedding-app\target\classes started by qs016 in E:\git\wedding\wedding-app\wedding-app)
2019-05-05 10:28:14.698 [INFO ] com.application.Application - Starting Application on DESKTOP-7RKQL44 with PID 11484 (E:\git\wedding\wedding-app\wedding-app\target\classes started by qs016 in E:\git\wedding\wedding-app\wedding-app)
2019-05-05 10:28:14.712 [INFO ] com.application.Application - The following profiles are active: test
2019-05-05 10:28:14.712 [INFO ] com.application.Application - The following profiles are active: test
2019-05-05 10:28:14.908 [INFO ] org.springframework.boot.devtools.env.DevToolsPropertyDefaultsPostProcessor - Devtools property defaults active! Set 'spring.devtools.add-properties' to 'false' to disable
2019-05-05 10:28:14.908 [INFO ] org.springframework.boot.devtools.env.DevToolsPropertyDefaultsPostProcessor - Devtools property defaults active! Set 'spring.devtools.add-properties' to 'false' to disable
2019-05-05 10:28:14.915 [INFO ] org.springframework.boot.devtools.env.DevToolsPropertyDefaultsPostProcessor - For additional web related logging consider setting the 'logging.level.web' property to 'DEBUG'
2019-05-05 10:28:14.915 [INFO ] org.springframework.boot.devtools.env.DevToolsPropertyDefaultsPostProcessor - For additional web related logging consider setting the 'logging.level.web' property to 'DEBUG'
2019-05-05 10:28:22.880 [INFO ] org.springframework.boot.web.embedded.tomcat.TomcatWebServer - Tomcat initialized with port(s): 8080 (http)
2019-05-05 10:28:22.880 [INFO ] org.springframework.boot.web.embedded.tomcat.TomcatWebServer - Tomcat initialized with port(s): 8080 (http)
2019-05-05 10:28:22.923 [INFO ] org.apache.coyote.http11.Http11NioProtocol - Initializing ProtocolHandler ["http-nio-8080"]
2019-05-05 10:28:22.923 [INFO ] org.apache.coyote.http11.Http11NioProtocol - Initializing ProtocolHandler ["http-nio-8080"]
2019-05-05 10:28:22.994 [INFO ] org.apache.catalina.core.StandardService - Starting service [Tomcat]
2019-05-05 10:28:22.994 [INFO ] org.apache.catalina.core.StandardEngine - Starting Servlet engine: [Apache Tomcat/9.0.16]
2019-05-05 10:28:23.002 [INFO ] org.apache.catalina.core.StandardService - Starting service [Tomcat]
2019-05-05 10:28:23.003 [INFO ] org.apache.catalina.core.StandardEngine - Starting Servlet engine: [Apache Tomcat/9.0.16]
2019-05-05 10:28:23.008 [INFO ] org.apache.catalina.core.AprLifecycleListener - The APR based Apache Tomcat Native library which allows optimal performance in production environments was not found on the java.library.path: [D:\01develop\Java\jdk1.8.0_181\bin;C:\WINDOWS\Sun\Java\bin;C:\WINDOWS\system32;C:\WINDOWS;D:/01develop/Java/jre1.8.0_181/bin/server;D:/01develop/Java/jre1.8.0_181/bin;D:/01develop/Java/jre1.8.0_181/lib/amd64;D:\03work\Xftp\;D:\03work\Xshell\;C:\Program Files (x86)\Common Files\Oracle\Java\javapath;C:\WINDOWS\system32;C:\WINDOWS;C:\WINDOWS\System32\Wbem;C:\WINDOWS\System32\WindowsPowerShell\v1.0\;"D:\01develop\Java\jdk1.8.0_181\bin;D:\01develop\Java\jdk1.8.0_181\jre\bin";D:\01develop\mysql-8.0.12-winx64\bin;D:\01develop\maven\apache-maven-3.5.4\bin;D:\01develop\TortoiseGit\bin;D:\01develop\Git\cmd;C:\WINDOWS\System32\OpenSSH\;C:\Users\qs016\AppData\Local\Microsoft\WindowsApps;;D:\01develop\eclipse\jee-2018-09\eclipse;;.]
2019-05-05 10:28:23.016 [INFO ] org.apache.catalina.core.AprLifecycleListener - The APR based Apache Tomcat Native library which allows optimal performance in production environments was not found on the java.library.path: [D:\01develop\Java\jdk1.8.0_181\bin;C:\WINDOWS\Sun\Java\bin;C:\WINDOWS\system32;C:\WINDOWS;D:/01develop/Java/jre1.8.0_181/bin/server;D:/01develop/Java/jre1.8.0_181/bin;D:/01develop/Java/jre1.8.0_181/lib/amd64;D:\03work\Xftp\;D:\03work\Xshell\;C:\Program Files (x86)\Common Files\Oracle\Java\javapath;C:\WINDOWS\system32;C:\WINDOWS;C:\WINDOWS\System32\Wbem;C:\WINDOWS\System32\WindowsPowerShell\v1.0\;"D:\01develop\Java\jdk1.8.0_181\bin;D:\01develop\Java\jdk1.8.0_181\jre\bin";D:\01develop\mysql-8.0.12-winx64\bin;D:\01develop\maven\apache-maven-3.5.4\bin;D:\01develop\TortoiseGit\bin;D:\01develop\Git\cmd;C:\WINDOWS\System32\OpenSSH\;C:\Users\qs016\AppData\Local\Microsoft\WindowsApps;;D:\01develop\eclipse\jee-2018-09\eclipse;;.]
2019-05-05 10:28:23.352 [INFO ] org.apache.catalina.core.ContainerBase.[Tomcat].[localhost].[/wedding-app] - Initializing Spring embedded WebApplicationContext
2019-05-05 10:28:23.352 [INFO ] org.apache.catalina.core.ContainerBase.[Tomcat].[localhost].[/wedding-app] - Initializing Spring embedded WebApplicationContext
2019-05-05 10:28:23.353 [INFO ] org.springframework.web.context.ContextLoader - Root WebApplicationContext: initialization completed in 8438 ms
2019-05-05 10:28:23.353 [INFO ] org.springframework.web.context.ContextLoader - Root WebApplicationContext: initialization completed in 8438 ms
2019-05-05 10:28:24.685 [INFO ] com.alibaba.druid.pool.DruidDataSource - {dataSource-1} inited
2019-05-05 10:28:24.685 [INFO ] com.alibaba.druid.pool.DruidDataSource - {dataSource-1} inited
2019-05-05 10:28:28.285 [INFO ] org.springframework.scheduling.concurrent.ThreadPoolTaskExecutor - Initializing ExecutorService 'applicationTaskExecutor'
2019-05-05 10:28:28.496 [INFO ] org.springframework.scheduling.concurrent.ThreadPoolTaskExecutor - Initializing ExecutorService 'applicationTaskExecutor'
2019-05-05 10:28:30.476 [INFO ] org.springframework.boot.devtools.autoconfigure.OptionalLiveReloadServer - LiveReload server is running on port 35729
2019-05-05 10:28:30.626 [INFO ] org.apache.coyote.http11.Http11NioProtocol - Starting ProtocolHandler ["http-nio-8080"]
2019-05-05 10:28:30.693 [INFO ] org.apache.coyote.http11.Http11NioProtocol - Starting ProtocolHandler ["http-nio-8080"]
2019-05-05 10:28:30.740 [INFO ] org.springframework.boot.web.embedded.tomcat.TomcatWebServer - Tomcat started on port(s): 8080 (http) with context path '/wedding-app'
2019-05-05 10:28:30.743 [INFO ] com.application.Application - Started Application in 17.675 seconds (JVM running for 20.291)
2019-05-05 10:28:30.748 [INFO ] org.apache.coyote.http11.Http11NioProtocol - Pausing ProtocolHandler ["http-nio-8080"]
2019-05-05 10:28:30.748 [INFO ] org.apache.catalina.core.StandardService - Stopping service [Tomcat]
2019-05-05 10:28:30.830 [INFO ] org.apache.catalina.util.LifecycleBase - The stop() method was called on component [StandardServer[-1]] after stop() had already been called. The second call will be ignored.
2019-05-05 10:28:30.832 [INFO ] org.apache.coyote.http11.Http11NioProtocol - Stopping ProtocolHandler ["http-nio-8080"]
2019-05-05 10:28:30.832 [INFO ] org.apache.coyote.http11.Http11NioProtocol - Destroying ProtocolHandler ["http-nio-8080"]
2019-05-05 10:28:30.849 [INFO ] org.springframework.boot.autoconfigure.logging.ConditionEvaluationReportLoggingListener - 

Error starting ApplicationContext. To display the conditions report re-run your application with 'debug' enabled.
2019-05-05 10:28:30.863 [INFO ] org.springframework.scheduling.concurrent.ThreadPoolTaskExecutor - Shutting down ExecutorService 'applicationTaskExecutor'
2019-05-05 10:28:30.868 [INFO ] com.alibaba.druid.pool.DruidDataSource - {dataSource-1} closed
2019-05-05 10:28:35.212 [INFO ] org.apache.catalina.core.ContainerBase.[Tomcat].[localhost].[/wedding-app] - Initializing Spring DispatcherServlet 'dispatcherServlet'
2019-05-05 10:28:35.212 [INFO ] org.springframework.web.servlet.DispatcherServlet - Initializing Servlet 'dispatcherServlet'
2019-05-05 10:28:35.218 [INFO ] org.springframework.web.servlet.DispatcherServlet - Completed initialization in 6 ms
2019-05-05 10:28:35.257 [INFO ] com.application.controller.App_areaController - 后台 /area
2019-05-05 10:28:35.257 [INFO ] com.application.controller.App_pictureController - 后台  /picture
2019-05-05 10:28:47.978 [INFO ] com.application.controller.App_areaController - 后台 /product/list/{type}
2019-05-05 10:28:50.497 [INFO ] com.application.controller.App_areaController - 后台 /product/list/{type}
2019-05-05 10:28:51.207 [INFO ] com.application.controller.App_areaController - 后台 /product/list/{type}
2019-05-05 10:28:52.250 [INFO ] com.application.controller.App_areaController - 后台 /product/list/{type}
2019-05-05 10:28:55.981 [INFO ] com.application.controller.App_areaController - 后台 /area/{parent_id}
2019-05-05 10:28:58.527 [INFO ] com.application.controller.App_areaController - 后台 /area/{parent_id}
2019-05-05 10:31:27.983 [INFO ] com.application.controller.App_userController - 后台 /login
2019-05-05 10:31:31.212 [INFO ] com.application.controller.App_userController - 后台 /login
2019-05-05 10:31:34.148 [INFO ] com.application.interceptor.TokenInterceptor - 进入tokenInterceptor拦截器
2019-05-05 10:31:37.283 [INFO ] com.application.interceptor.TokenInterceptor - 进入tokenInterceptor拦截器
2019-05-05 10:31:40.720 [INFO ] com.application.interceptor.TokenInterceptor - 进入tokenInterceptor拦截器
2019-05-05 10:31:43.861 [INFO ] com.application.interceptor.TokenInterceptor - 进入tokenInterceptor拦截器
2019-05-05 10:31:45.071 [INFO ] com.application.interceptor.TokenInterceptor - 进入tokenInterceptor拦截器
2019-05-05 10:31:45.274 [INFO ] com.application.interceptor.TokenInterceptor - 进入tokenInterceptor拦截器
2019-05-05 10:31:47.717 [INFO ] com.application.interceptor.TokenInterceptor - 进入tokenInterceptor拦截器
2019-05-05 10:31:50.161 [INFO ] com.application.interceptor.TokenInterceptor - 进入tokenInterceptor拦截器
2019-05-05 10:31:55.891 [INFO ] com.application.interceptor.TokenInterceptor - 进入tokenInterceptor拦截器
2019-05-05 10:31:58.087 [INFO ] com.application.interceptor.TokenInterceptor - 进入tokenInterceptor拦截器
2019-05-05 10:32:02.106 [INFO ] com.application.interceptor.TokenInterceptor - 进入tokenInterceptor拦截器
2019-05-05 10:32:06.207 [INFO ] com.application.interceptor.TokenInterceptor - 进入tokenInterceptor拦截器
2019-05-05 10:32:06.362 [INFO ] com.application.interceptor.TokenInterceptor - 进入tokenInterceptor拦截器
2019-05-05 10:39:42.227 [INFO ] com.application.controller.App_areaController - 后台 /area
2019-05-05 10:39:42.261 [INFO ] com.application.controller.App_pictureController - 后台  /picture
2019-05-05 10:39:48.180 [INFO ] com.application.controller.App_areaController - 后台 /area/{parent_id}
2019-05-05 10:55:04.413 [INFO ] com.application.controller.App_areaController - 后台 /area
2019-05-05 10:55:04.443 [INFO ] com.application.controller.App_pictureController - 后台  /picture
2019-05-05 10:55:08.001 [INFO ] com.application.controller.App_areaController - 后台 /area/{parent_id}
2019-05-05 11:04:49.037 [INFO ] com.application.controller.App_areaController - 后台 /area
2019-05-05 11:04:49.064 [INFO ] com.application.controller.App_pictureController - 后台  /picture
2019-05-05 11:04:53.394 [INFO ] com.application.controller.App_areaController - 后台 /area/{parent_id}
2019-05-05 11:05:10.039 [INFO ] com.application.controller.App_areaController - 后台 /area/{parent_id}
2019-05-05 11:05:16.351 [INFO ] com.application.controller.App_areaController - 后台 /area/{parent_id}
2019-05-05 11:05:21.182 [INFO ] com.application.controller.App_areaController - 后台 /area/{parent_id}
2019-05-05 11:05:30.530 [INFO ] com.application.controller.App_areaController - 后台 /area/{parent_id}
2019-05-05 11:05:32.723 [INFO ] com.application.controller.App_areaController - 后台 /area/{parent_id}
2019-05-05 11:05:34.030 [INFO ] com.application.controller.App_areaController - 后台 /area/{parent_id}
2019-05-05 11:05:34.853 [INFO ] com.application.controller.App_areaController - 后台 /area/{parent_id}
2019-05-05 11:05:37.842 [INFO ] com.application.controller.App_areaController - 后台 /area/{parent_id}
2019-05-05 11:10:58.361 [INFO ] org.springframework.scheduling.concurrent.ThreadPoolTaskExecutor - Shutting down ExecutorService 'applicationTaskExecutor'
2019-05-05 11:10:58.363 [INFO ] com.alibaba.druid.pool.DruidDataSource - {dataSource-1} closed
2019-05-05 11:10:58.725 [INFO ] com.application.Application - Starting Application on DESKTOP-7RKQL44 with PID 8716 (E:\git\wedding\wedding-app\wedding-app\target\classes started by qs016 in E:\git\wedding\wedding-app\wedding-app)
2019-05-05 11:10:58.725 [INFO ] com.application.Application - The following profiles are active: test
2019-05-05 11:10:59.296 [INFO ] org.springframework.boot.web.embedded.tomcat.TomcatWebServer - Tomcat initialized with port(s): 8080 (http)
2019-05-05 11:10:59.298 [INFO ] org.apache.coyote.http11.Http11NioProtocol - Initializing ProtocolHandler ["http-nio-8080"]
2019-05-05 11:10:59.299 [INFO ] org.apache.catalina.core.StandardService - Starting service [Tomcat]
2019-05-05 11:10:59.299 [INFO ] org.apache.catalina.core.StandardEngine - Starting Servlet engine: [Apache Tomcat/9.0.16]
2019-05-05 11:10:59.323 [INFO ] org.apache.catalina.core.ContainerBase.[Tomcat].[localhost].[/wedding-app] - Initializing Spring embedded WebApplicationContext
2019-05-05 11:10:59.323 [INFO ] org.springframework.web.context.ContextLoader - Root WebApplicationContext: initialization completed in 583 ms
2019-05-05 11:10:59.391 [INFO ] com.alibaba.druid.pool.DruidDataSource - {dataSource-2} inited
2019-05-05 11:10:59.855 [INFO ] org.springframework.scheduling.concurrent.ThreadPoolTaskExecutor - Initializing ExecutorService 'applicationTaskExecutor'
2019-05-05 11:10:59.987 [INFO ] org.springframework.boot.devtools.autoconfigure.OptionalLiveReloadServer - LiveReload server is running on port 35729
2019-05-05 11:11:00.003 [INFO ] org.apache.coyote.http11.Http11NioProtocol - Starting ProtocolHandler ["http-nio-8080"]
2019-05-05 11:11:00.011 [INFO ] org.springframework.boot.web.embedded.tomcat.TomcatWebServer - Tomcat started on port(s): 8080 (http) with context path '/wedding-app'
2019-05-05 11:11:00.011 [INFO ] com.application.Application - Started Application in 1.409 seconds (JVM running for 2569.56)
2019-05-05 11:11:00.014 [INFO ] org.springframework.boot.devtools.autoconfigure.ConditionEvaluationDeltaLoggingListener - Condition evaluation unchanged
2019-05-05 11:11:36.030 [INFO ] org.springframework.scheduling.concurrent.ThreadPoolTaskExecutor - Shutting down ExecutorService 'applicationTaskExecutor'
2019-05-05 11:11:36.032 [INFO ] com.alibaba.druid.pool.DruidDataSource - {dataSource-2} closed
2019-05-05 11:11:36.422 [INFO ] com.application.Application - Starting Application on DESKTOP-7RKQL44 with PID 8716 (E:\git\wedding\wedding-app\wedding-app\target\classes started by qs016 in E:\git\wedding\wedding-app\wedding-app)
2019-05-05 11:11:36.422 [INFO ] com.application.Application - The following profiles are active: test
2019-05-05 11:11:36.732 [INFO ] org.springframework.boot.web.embedded.tomcat.TomcatWebServer - Tomcat initialized with port(s): 8080 (http)
2019-05-05 11:11:36.732 [INFO ] org.apache.coyote.http11.Http11NioProtocol - Initializing ProtocolHandler ["http-nio-8080"]
2019-05-05 11:11:36.733 [INFO ] org.apache.catalina.core.StandardService - Starting service [Tomcat]
2019-05-05 11:11:36.733 [INFO ] org.apache.catalina.core.StandardEngine - Starting Servlet engine: [Apache Tomcat/9.0.16]
2019-05-05 11:11:36.775 [INFO ] org.apache.catalina.core.ContainerBase.[Tomcat].[localhost].[/wedding-app] - Initializing Spring embedded WebApplicationContext
2019-05-05 11:11:36.775 [INFO ] org.springframework.web.context.ContextLoader - Root WebApplicationContext: initialization completed in 351 ms
2019-05-05 11:11:36.895 [INFO ] com.alibaba.druid.pool.DruidDataSource - {dataSource-3} inited
2019-05-05 11:11:37.358 [INFO ] org.springframework.scheduling.concurrent.ThreadPoolTaskExecutor - Initializing ExecutorService 'applicationTaskExecutor'
2019-05-05 11:11:37.533 [INFO ] org.springframework.boot.devtools.autoconfigure.OptionalLiveReloadServer - LiveReload server is running on port 35729
2019-05-05 11:11:37.543 [INFO ] org.apache.coyote.http11.Http11NioProtocol - Starting ProtocolHandler ["http-nio-8080"]
2019-05-05 11:11:37.545 [INFO ] org.springframework.boot.web.embedded.tomcat.TomcatWebServer - Tomcat started on port(s): 8080 (http) with context path '/wedding-app'
2019-05-05 11:11:37.546 [INFO ] com.application.Application - Started Application in 1.198 seconds (JVM running for 2607.094)
2019-05-05 11:11:37.547 [INFO ] org.springframework.boot.devtools.autoconfigure.ConditionEvaluationDeltaLoggingListener - Condition evaluation unchanged
2019-05-05 11:32:14.396 [INFO ] com.application.Application - Starting Application on DESKTOP-7RKQL44 with PID 4620 (E:\git\wedding\wedding-app\wedding-app\target\classes started by qs016 in E:\git\wedding\wedding-app\wedding-app)
2019-05-05 11:32:14.399 [INFO ] com.application.Application - The following profiles are active: test
2019-05-05 11:32:14.448 [INFO ] org.springframework.boot.devtools.env.DevToolsPropertyDefaultsPostProcessor - Devtools property defaults active! Set 'spring.devtools.add-properties' to 'false' to disable
2019-05-05 11:32:14.449 [INFO ] org.springframework.boot.devtools.env.DevToolsPropertyDefaultsPostProcessor - For additional web related logging consider setting the 'logging.level.web' property to 'DEBUG'
2019-05-05 11:32:15.913 [INFO ] org.springframework.boot.web.embedded.tomcat.TomcatWebServer - Tomcat initialized with port(s): 8080 (http)
2019-05-05 11:32:15.927 [INFO ] org.apache.coyote.http11.Http11NioProtocol - Initializing ProtocolHandler ["http-nio-8080"]
2019-05-05 11:32:15.935 [INFO ] org.apache.catalina.core.StandardService - Starting service [Tomcat]
2019-05-05 11:32:15.935 [INFO ] org.apache.catalina.core.StandardEngine - Starting Servlet engine: [Apache Tomcat/9.0.16]
2019-05-05 11:32:15.946 [INFO ] org.apache.catalina.core.AprLifecycleListener - The APR based Apache Tomcat Native library which allows optimal performance in production environments was not found on the java.library.path: [D:\01develop\Java\jdk1.8.0_181\bin;C:\WINDOWS\Sun\Java\bin;C:\WINDOWS\system32;C:\WINDOWS;D:/01develop/Java/jre1.8.0_181/bin/server;D:/01develop/Java/jre1.8.0_181/bin;D:/01develop/Java/jre1.8.0_181/lib/amd64;D:\03work\Xftp\;D:\03work\Xshell\;C:\Program Files (x86)\Common Files\Oracle\Java\javapath;C:\WINDOWS\system32;C:\WINDOWS;C:\WINDOWS\System32\Wbem;C:\WINDOWS\System32\WindowsPowerShell\v1.0\;"D:\01develop\Java\jdk1.8.0_181\bin;D:\01develop\Java\jdk1.8.0_181\jre\bin";D:\01develop\mysql-8.0.12-winx64\bin;D:\01develop\maven\apache-maven-3.5.4\bin;D:\01develop\TortoiseGit\bin;D:\01develop\Git\cmd;C:\WINDOWS\System32\OpenSSH\;C:\Users\qs016\AppData\Local\Microsoft\WindowsApps;;D:\01develop\eclipse\jee-2018-09\eclipse;;.]
2019-05-05 11:32:16.035 [INFO ] org.apache.catalina.core.ContainerBase.[Tomcat].[localhost].[/wedding-app] - Initializing Spring embedded WebApplicationContext
2019-05-05 11:32:16.036 [INFO ] org.springframework.web.context.ContextLoader - Root WebApplicationContext: initialization completed in 1587 ms
2019-05-05 11:32:16.354 [INFO ] com.alibaba.druid.pool.DruidDataSource - {dataSource-1} inited
2019-05-05 11:32:17.182 [INFO ] org.springframework.scheduling.concurrent.ThreadPoolTaskExecutor - Initializing ExecutorService 'applicationTaskExecutor'
2019-05-05 11:32:17.502 [INFO ] org.springframework.boot.devtools.autoconfigure.OptionalLiveReloadServer - LiveReload server is running on port 35729
2019-05-05 11:32:17.540 [INFO ] org.apache.coyote.http11.Http11NioProtocol - Starting ProtocolHandler ["http-nio-8080"]
2019-05-05 11:32:17.563 [INFO ] org.springframework.boot.web.embedded.tomcat.TomcatWebServer - Tomcat started on port(s): 8080 (http) with context path '/wedding-app'
2019-05-05 11:32:17.566 [INFO ] com.application.Application - Started Application in 3.5 seconds (JVM running for 4.238)
2019-05-05 11:32:58.059 [INFO ] org.apache.catalina.core.ContainerBase.[Tomcat].[localhost].[/wedding-app] - Initializing Spring DispatcherServlet 'dispatcherServlet'
2019-05-05 11:32:58.059 [INFO ] org.springframework.web.servlet.DispatcherServlet - Initializing Servlet 'dispatcherServlet'
2019-05-05 11:32:58.067 [INFO ] org.springframework.web.servlet.DispatcherServlet - Completed initialization in 8 ms
2019-05-05 11:32:58.091 [INFO ] com.application.controller.App_pictureController - 后台  /picture
2019-05-05 11:32:58.091 [INFO ] com.application.controller.App_areaController - 后台 /area
2019-05-05 11:33:01.844 [INFO ] com.application.controller.App_areaController - 后台 /area/{parent_id}
2019-05-05 11:33:09.751 [INFO ] com.application.controller.App_areaController - 后台  /product/list/{id}
2019-05-05 11:33:12.395 [INFO ] com.application.controller.App_areaController - 后台  /product/list/{id}
2019-05-05 11:34:00.549 [INFO ] com.application.controller.App_areaController - 后台  /product/list/{id}
2019-05-05 11:34:05.538 [INFO ] com.application.controller.App_areaController - 后台  /product/list/{id}
2019-05-05 11:34:31.154 [INFO ] com.application.controller.App_areaController - 后台  /product/list/{id}
2019-05-05 11:34:37.639 [INFO ] com.application.controller.App_areaController - 后台  /product/list/{id}
2019-05-05 11:34:51.556 [INFO ] com.application.controller.App_areaController - 后台 /area/{parent_id}
2019-05-05 11:35:26.911 [INFO ] com.application.controller.App_areaController - 后台 /area
2019-05-05 11:35:27.003 [INFO ] com.application.controller.App_pictureController - 后台  /picture
2019-05-05 11:35:29.096 [INFO ] com.application.controller.App_areaController - 后台 /area/{parent_id}
2019-05-05 11:35:31.900 [INFO ] com.application.controller.App_areaController - 后台 /product/list/{type}
2019-05-05 11:38:03.611 [INFO ] com.application.controller.App_areaController - 后台 /area/{parent_id}
2019-05-05 14:46:46.496 [INFO ] com.application.Application - Starting Application on DESKTOP-7RKQL44 with PID 5464 (E:\git\wedding\wedding-app\wedding-app\target\classes started by qs016 in E:\git\wedding\wedding-app\wedding-app)
2019-05-05 14:46:46.498 [INFO ] com.application.Application - The following profiles are active: test
2019-05-05 14:46:46.560 [INFO ] org.springframework.boot.devtools.env.DevToolsPropertyDefaultsPostProcessor - Devtools property defaults active! Set 'spring.devtools.add-properties' to 'false' to disable
2019-05-05 14:46:46.561 [INFO ] org.springframework.boot.devtools.env.DevToolsPropertyDefaultsPostProcessor - For additional web related logging consider setting the 'logging.level.web' property to 'DEBUG'
2019-05-05 14:46:48.960 [INFO ] org.springframework.boot.web.embedded.tomcat.TomcatWebServer - Tomcat initialized with port(s): 8080 (http)
2019-05-05 14:46:48.988 [INFO ] org.apache.coyote.http11.Http11NioProtocol - Initializing ProtocolHandler ["http-nio-8080"]
2019-05-05 14:46:49.013 [INFO ] org.apache.catalina.core.StandardService - Starting service [Tomcat]
2019-05-05 14:46:49.014 [INFO ] org.apache.catalina.core.StandardEngine - Starting Servlet engine: [Apache Tomcat/9.0.16]
2019-05-05 14:46:49.051 [INFO ] org.apache.catalina.core.AprLifecycleListener - The APR based Apache Tomcat Native library which allows optimal performance in production environments was not found on the java.library.path: [D:\01develop\Java\jdk1.8.0_181\bin;C:\WINDOWS\Sun\Java\bin;C:\WINDOWS\system32;C:\WINDOWS;D:/01develop/Java/jre1.8.0_181/bin/server;D:/01develop/Java/jre1.8.0_181/bin;D:/01develop/Java/jre1.8.0_181/lib/amd64;D:\03work\Xftp\;D:\03work\Xshell\;C:\Program Files (x86)\Common Files\Oracle\Java\javapath;C:\WINDOWS\system32;C:\WINDOWS;C:\WINDOWS\System32\Wbem;C:\WINDOWS\System32\WindowsPowerShell\v1.0\;"D:\01develop\Java\jdk1.8.0_181\bin;D:\01develop\Java\jdk1.8.0_181\jre\bin";D:\01develop\mysql-8.0.12-winx64\bin;D:\01develop\maven\apache-maven-3.5.4\bin;D:\01develop\TortoiseGit\bin;D:\01develop\Git\cmd;C:\WINDOWS\System32\OpenSSH\;C:\Users\qs016\AppData\Local\Microsoft\WindowsApps;D:\01develop\eclipse\jee-2018-09\eclipse;;.]
2019-05-05 14:46:49.174 [INFO ] org.apache.catalina.core.ContainerBase.[Tomcat].[localhost].[/wedding-app] - Initializing Spring embedded WebApplicationContext
2019-05-05 14:46:49.175 [INFO ] org.springframework.web.context.ContextLoader - Root WebApplicationContext: initialization completed in 2614 ms
2019-05-05 14:46:49.835 [INFO ] com.alibaba.druid.pool.DruidDataSource - {dataSource-1} inited
2019-05-05 14:46:50.978 [INFO ] org.springframework.scheduling.concurrent.ThreadPoolTaskExecutor - Initializing ExecutorService 'applicationTaskExecutor'
2019-05-05 14:46:51.372 [INFO ] org.springframework.boot.devtools.autoconfigure.OptionalLiveReloadServer - LiveReload server is running on port 35729
2019-05-05 14:46:51.416 [INFO ] org.apache.coyote.http11.Http11NioProtocol - Starting ProtocolHandler ["http-nio-8080"]
2019-05-05 14:46:51.468 [INFO ] org.springframework.boot.web.embedded.tomcat.TomcatWebServer - Tomcat started on port(s): 8080 (http) with context path '/wedding-app'
2019-05-05 14:46:51.473 [INFO ] com.application.Application - Started Application in 5.564 seconds (JVM running for 6.878)
2019-05-05 14:47:26.696 [INFO ] com.application.Application - Starting Application on DESKTOP-7RKQL44 with PID 7572 (E:\git\wedding\wedding-app\wedding-app\target\classes started by qs016 in E:\git\wedding\wedding-app\wedding-app)
2019-05-05 14:47:26.699 [INFO ] com.application.Application - The following profiles are active: test
2019-05-05 14:47:26.771 [INFO ] org.springframework.boot.devtools.env.DevToolsPropertyDefaultsPostProcessor - Devtools property defaults active! Set 'spring.devtools.add-properties' to 'false' to disable
2019-05-05 14:47:26.771 [INFO ] org.springframework.boot.devtools.env.DevToolsPropertyDefaultsPostProcessor - For additional web related logging consider setting the 'logging.level.web' property to 'DEBUG'
2019-05-05 14:47:28.294 [INFO ] org.springframework.boot.web.embedded.tomcat.TomcatWebServer - Tomcat initialized with port(s): 8080 (http)
2019-05-05 14:47:28.308 [INFO ] org.apache.coyote.http11.Http11NioProtocol - Initializing ProtocolHandler ["http-nio-8080"]
2019-05-05 14:47:28.316 [INFO ] org.apache.catalina.core.StandardService - Starting service [Tomcat]
2019-05-05 14:47:28.316 [INFO ] org.apache.catalina.core.StandardEngine - Starting Servlet engine: [Apache Tomcat/9.0.16]
2019-05-05 14:47:28.326 [INFO ] org.apache.catalina.core.AprLifecycleListener - The APR based Apache Tomcat Native library which allows optimal performance in production environments was not found on the java.library.path: [D:\01develop\Java\jdk1.8.0_181\bin;C:\WINDOWS\Sun\Java\bin;C:\WINDOWS\system32;C:\WINDOWS;D:/01develop/Java/jre1.8.0_181/bin/server;D:/01develop/Java/jre1.8.0_181/bin;D:/01develop/Java/jre1.8.0_181/lib/amd64;D:\03work\Xftp\;D:\03work\Xshell\;C:\Program Files (x86)\Common Files\Oracle\Java\javapath;C:\WINDOWS\system32;C:\WINDOWS;C:\WINDOWS\System32\Wbem;C:\WINDOWS\System32\WindowsPowerShell\v1.0\;"D:\01develop\Java\jdk1.8.0_181\bin;D:\01develop\Java\jdk1.8.0_181\jre\bin";D:\01develop\mysql-8.0.12-winx64\bin;D:\01develop\maven\apache-maven-3.5.4\bin;D:\01develop\TortoiseGit\bin;D:\01develop\Git\cmd;C:\WINDOWS\System32\OpenSSH\;C:\Users\qs016\AppData\Local\Microsoft\WindowsApps;D:\01develop\eclipse\jee-2018-09\eclipse;;.]
2019-05-05 14:47:28.406 [INFO ] org.apache.catalina.core.ContainerBase.[Tomcat].[localhost].[/wedding-app] - Initializing Spring embedded WebApplicationContext
2019-05-05 14:47:28.407 [INFO ] org.springframework.web.context.ContextLoader - Root WebApplicationContext: initialization completed in 1635 ms
2019-05-05 14:47:28.813 [INFO ] com.alibaba.druid.pool.DruidDataSource - {dataSource-1} inited
2019-05-05 14:47:30.014 [INFO ] org.springframework.scheduling.concurrent.ThreadPoolTaskExecutor - Initializing ExecutorService 'applicationTaskExecutor'
2019-05-05 14:47:30.327 [INFO ] org.apache.coyote.http11.Http11NioProtocol - Starting ProtocolHandler ["http-nio-8080"]
2019-05-05 14:47:30.357 [INFO ] org.apache.coyote.http11.Http11NioProtocol - Pausing ProtocolHandler ["http-nio-8080"]
2019-05-05 14:47:30.357 [INFO ] org.apache.catalina.core.StandardService - Stopping service [Tomcat]
2019-05-05 14:47:30.385 [INFO ] org.apache.catalina.util.LifecycleBase - The stop() method was called on component [StandardServer[-1]] after stop() had already been called. The second call will be ignored.
2019-05-05 14:47:30.386 [INFO ] org.apache.coyote.http11.Http11NioProtocol - Stopping ProtocolHandler ["http-nio-8080"]
2019-05-05 14:47:30.386 [INFO ] org.apache.coyote.http11.Http11NioProtocol - Destroying ProtocolHandler ["http-nio-8080"]
2019-05-05 14:47:30.388 [INFO ] org.springframework.boot.autoconfigure.logging.ConditionEvaluationReportLoggingListener - 

Error starting ApplicationContext. To display the conditions report re-run your application with 'debug' enabled.
2019-05-05 14:47:30.393 [INFO ] org.springframework.scheduling.concurrent.ThreadPoolTaskExecutor - Shutting down ExecutorService 'applicationTaskExecutor'
2019-05-05 14:47:30.396 [INFO ] com.alibaba.druid.pool.DruidDataSource - {dataSource-1} closed
2019-05-05 14:47:31.161 [INFO ] org.apache.catalina.core.ContainerBase.[Tomcat].[localhost].[/wedding-app] - Initializing Spring DispatcherServlet 'dispatcherServlet'
2019-05-05 14:47:31.161 [INFO ] org.springframework.web.servlet.DispatcherServlet - Initializing Servlet 'dispatcherServlet'
2019-05-05 14:47:31.169 [INFO ] org.springframework.web.servlet.DispatcherServlet - Completed initialization in 7 ms
2019-05-05 14:47:31.211 [INFO ] com.application.controller.App_areaController - 后台 /area
2019-05-05 14:47:31.863 [INFO ] com.application.controller.App_pictureController - 后台  /picture
2019-05-05 14:47:55.772 [INFO ] com.application.controller.App_areaController - 后台 /area/{parent_id}
2019-05-05 14:47:56.014 [INFO ] com.application.controller.App_areaController - 后台 /area/{parent_id}
2019-05-05 14:47:56.702 [INFO ] com.application.controller.App_areaController - 后台 /area/{parent_id}
2019-05-05 14:47:58.162 [INFO ] com.application.controller.App_areaController - 后台 /area/{parent_id}
2019-05-05 14:48:10.805 [INFO ] com.application.controller.App_areaController - 后台 /area
2019-05-05 14:48:11.397 [INFO ] com.application.controller.App_pictureController - 后台  /picture
2019-05-05 14:48:17.266 [INFO ] com.application.controller.App_areaController - 后台 /area/{parent_id}
2019-05-05 14:48:29.813 [INFO ] com.application.controller.App_areaController - 后台 /area/{parent_id}
2019-05-05 14:48:33.282 [INFO ] com.application.controller.App_areaController - 后台 /area/{parent_id}
2019-05-05 14:48:36.527 [INFO ] com.application.controller.App_areaController - 后台 /area/{parent_id}
2019-05-05 14:48:50.298 [INFO ] com.application.controller.App_areaController - 后台 /area/{parent_id}
2019-05-05 14:48:59.943 [INFO ] com.application.controller.App_areaController - 后台 /area/{parent_id}
2019-05-05 14:49:08.023 [INFO ] com.application.controller.App_areaController - 后台 /area/{parent_id}
2019-05-05 14:49:20.565 [INFO ] com.application.controller.App_areaController - 后台  /product/list/{id}
2019-05-05 14:49:43.907 [INFO ] com.application.controller.App_areaController - 后台 /area/{parent_id}
2019-05-05 14:49:47.575 [INFO ] com.application.controller.App_areaController - 后台  /product/list/{id}
2019-05-05 14:51:02.267 [INFO ] com.application.controller.App_areaController - 后台 /area/{parent_id}
2019-05-05 14:58:59.037 [INFO ] com.application.controller.App_areaController - 后台 /area
2019-05-05 14:59:00.070 [INFO ] com.application.controller.App_pictureController - 后台  /picture
2019-05-05 14:59:05.881 [INFO ] com.application.controller.App_areaController - 后台  /product/list/{id}
2019-05-05 14:59:12.706 [INFO ] com.application.controller.App_areaController - 后台  /product/list/{id}
2019-05-05 14:59:15.949 [INFO ] com.application.controller.App_areaController - 后台  /product/list/{id}
2019-05-05 14:59:18.856 [INFO ] com.application.controller.App_areaController - 后台  /product/list/{id}
2019-05-05 14:59:21.505 [INFO ] com.application.controller.App_areaController - 后台  /product/list/{id}
2019-05-05 14:59:27.587 [INFO ] com.application.controller.App_areaController - 后台  /product/list/{id}
2019-05-05 15:04:03.267 [INFO ] com.application.controller.App_areaController - 后台 /area
2019-05-05 15:04:04.469 [INFO ] com.application.controller.App_pictureController - 后台  /picture
2019-05-05 15:04:07.786 [INFO ] com.application.controller.App_areaController - 后台  /product/list/{id}
2019-05-05 15:04:07.915 [INFO ] com.application.controller.App_areaController - 后台  /product/list/{id}
2019-05-05 15:04:15.061 [INFO ] com.application.controller.App_areaController - 后台  /product/list/{id}
2019-05-05 15:04:15.260 [INFO ] com.application.controller.App_areaController - 后台  /product/list/{id}
2019-05-05 15:04:58.614 [INFO ] com.application.controller.App_areaController - 后台 /area
2019-05-05 15:04:58.844 [INFO ] com.application.controller.App_pictureController - 后台  /picture
2019-05-05 15:05:06.695 [INFO ] com.application.controller.App_areaController - 后台  /product/list/{id}
2019-05-05 15:05:07.249 [INFO ] com.application.controller.App_areaController - 后台  /product/list/{id}
2019-05-05 15:05:48.351 [INFO ] com.application.controller.App_areaController - 后台  /product/list/{id}
2019-05-05 15:05:48.572 [INFO ] com.application.controller.App_areaController - 后台  /product/list/{id}
2019-05-05 15:07:13.883 [INFO ] com.application.controller.App_areaController - 后台  /product/list/{id}
2019-05-05 15:07:14.042 [INFO ] com.application.controller.App_areaController - 后台  /product/list/{id}
2019-05-05 15:08:25.394 [INFO ] com.application.controller.App_areaController - 后台  /product/list/{id}
2019-05-05 15:08:26.729 [INFO ] com.application.controller.App_areaController - 后台  /product/list/{id}
2019-05-05 15:09:51.362 [INFO ] org.springframework.scheduling.concurrent.ThreadPoolTaskExecutor - Shutting down ExecutorService 'applicationTaskExecutor'
2019-05-05 15:09:51.376 [INFO ] com.alibaba.druid.pool.DruidDataSource - {dataSource-1} closed
2019-05-05 15:09:51.715 [INFO ] com.application.Application - Starting Application on DESKTOP-7RKQL44 with PID 5464 (E:\git\wedding\wedding-app\wedding-app\target\classes started by qs016 in E:\git\wedding\wedding-app\wedding-app)
2019-05-05 15:09:51.715 [INFO ] com.application.Application - The following profiles are active: test
2019-05-05 15:09:52.419 [INFO ] org.springframework.boot.web.embedded.tomcat.TomcatWebServer - Tomcat initialized with port(s): 8080 (http)
2019-05-05 15:09:52.427 [INFO ] org.apache.coyote.http11.Http11NioProtocol - Initializing ProtocolHandler ["http-nio-8080"]
2019-05-05 15:09:52.427 [INFO ] org.apache.catalina.core.StandardService - Starting service [Tomcat]
2019-05-05 15:09:52.427 [INFO ] org.apache.catalina.core.StandardEngine - Starting Servlet engine: [Apache Tomcat/9.0.16]
2019-05-05 15:09:52.447 [INFO ] org.apache.catalina.core.ContainerBase.[Tomcat].[localhost].[/wedding-app] - Initializing Spring embedded WebApplicationContext
2019-05-05 15:09:52.448 [INFO ] org.springframework.web.context.ContextLoader - Root WebApplicationContext: initialization completed in 729 ms
2019-05-05 15:09:52.556 [INFO ] com.alibaba.druid.pool.DruidDataSource - {dataSource-2} inited
2019-05-05 15:09:52.925 [INFO ] org.springframework.scheduling.concurrent.ThreadPoolTaskExecutor - Initializing ExecutorService 'applicationTaskExecutor'
2019-05-05 15:09:53.065 [INFO ] org.springframework.boot.devtools.autoconfigure.OptionalLiveReloadServer - LiveReload server is running on port 35729
2019-05-05 15:09:53.084 [INFO ] org.apache.coyote.http11.Http11NioProtocol - Starting ProtocolHandler ["http-nio-8080"]
2019-05-05 15:09:53.095 [INFO ] org.springframework.boot.web.embedded.tomcat.TomcatWebServer - Tomcat started on port(s): 8080 (http) with context path '/wedding-app'
2019-05-05 15:09:53.096 [INFO ] com.application.Application - Started Application in 1.481 seconds (JVM running for 1388.501)
2019-05-05 15:09:53.097 [INFO ] org.springframework.boot.devtools.autoconfigure.ConditionEvaluationDeltaLoggingListener - Condition evaluation unchanged
2019-05-05 15:09:54.576 [INFO ] org.springframework.scheduling.concurrent.ThreadPoolTaskExecutor - Shutting down ExecutorService 'applicationTaskExecutor'
2019-05-05 15:09:54.580 [INFO ] com.alibaba.druid.pool.DruidDataSource - {dataSource-2} closed
2019-05-05 15:09:54.881 [INFO ] com.application.Application - Starting Application on DESKTOP-7RKQL44 with PID 5464 (E:\git\wedding\wedding-app\wedding-app\target\classes started by qs016 in E:\git\wedding\wedding-app\wedding-app)
2019-05-05 15:09:54.881 [INFO ] com.application.Application - The following profiles are active: test
2019-05-05 15:09:55.159 [INFO ] org.springframework.boot.web.embedded.tomcat.TomcatWebServer - Tomcat initialized with port(s): 8080 (http)
2019-05-05 15:09:55.160 [INFO ] org.apache.coyote.http11.Http11NioProtocol - Initializing ProtocolHandler ["http-nio-8080"]
2019-05-05 15:09:55.160 [INFO ] org.apache.catalina.core.StandardService - Starting service [Tomcat]
2019-05-05 15:09:55.161 [INFO ] org.apache.catalina.core.StandardEngine - Starting Servlet engine: [Apache Tomcat/9.0.16]
2019-05-05 15:09:55.189 [INFO ] org.apache.catalina.core.ContainerBase.[Tomcat].[localhost].[/wedding-app] - Initializing Spring embedded WebApplicationContext
2019-05-05 15:09:55.189 [INFO ] org.springframework.web.context.ContextLoader - Root WebApplicationContext: initialization completed in 306 ms
2019-05-05 15:09:55.270 [INFO ] com.alibaba.druid.pool.DruidDataSource - {dataSource-3} inited
2019-05-05 15:09:55.846 [INFO ] org.springframework.scheduling.concurrent.ThreadPoolTaskExecutor - Initializing ExecutorService 'applicationTaskExecutor'
2019-05-05 15:09:55.928 [INFO ] org.springframework.boot.devtools.autoconfigure.OptionalLiveReloadServer - LiveReload server is running on port 35729
2019-05-05 15:09:55.939 [INFO ] org.apache.coyote.http11.Http11NioProtocol - Starting ProtocolHandler ["http-nio-8080"]
2019-05-05 15:09:55.952 [INFO ] org.springframework.boot.web.embedded.tomcat.TomcatWebServer - Tomcat started on port(s): 8080 (http) with context path '/wedding-app'
2019-05-05 15:09:55.953 [INFO ] com.application.Application - Started Application in 1.109 seconds (JVM running for 1391.358)
2019-05-05 15:09:55.954 [INFO ] org.springframework.boot.devtools.autoconfigure.ConditionEvaluationDeltaLoggingListener - Condition evaluation unchanged
2019-05-05 15:10:00.768 [INFO ] org.apache.catalina.core.ContainerBase.[Tomcat].[localhost].[/wedding-app] - Initializing Spring DispatcherServlet 'dispatcherServlet'
2019-05-05 15:10:00.769 [INFO ] org.springframework.web.servlet.DispatcherServlet - Initializing Servlet 'dispatcherServlet'
2019-05-05 15:10:00.773 [INFO ] org.springframework.web.servlet.DispatcherServlet - Completed initialization in 4 ms
2019-05-05 15:10:00.774 [INFO ] com.application.controller.App_areaController - 后台  /product/list/{id}
2019-05-05 15:10:00.977 [INFO ] com.application.controller.App_areaController - 后台  /product/list/{id}
2019-05-05 15:10:28.230 [INFO ] com.application.controller.App_areaController - 后台  /product/list/{id}
2019-05-05 15:10:28.387 [INFO ] com.application.controller.App_areaController - 后台  /product/list/{id}
2019-05-05 15:11:28.452 [INFO ] com.application.controller.App_areaController - 后台 /area
2019-05-05 15:11:28.487 [INFO ] com.application.controller.App_pictureController - 后台  /picture
2019-05-05 15:11:33.801 [INFO ] com.application.controller.App_areaController - 后台  /product/list/{id}
2019-05-05 15:11:33.954 [INFO ] com.application.controller.App_areaController - 后台  /product/list/{id}
2019-05-05 15:12:13.750 [INFO ] com.application.controller.App_areaController - 后台  /product/list/{id}
2019-05-05 15:12:13.871 [INFO ] com.application.controller.App_areaController - 后台  /product/list/{id}
2019-05-05 15:12:32.136 [INFO ] com.application.controller.App_areaController - 后台 /area
2019-05-05 15:12:32.141 [INFO ] com.application.controller.App_pictureController - 后台  /picture
2019-05-05 15:12:35.772 [INFO ] com.application.controller.App_areaController - 后台  /product/list/{id}
2019-05-05 15:12:35.893 [INFO ] com.application.controller.App_areaController - 后台  /product/list/{id}
2019-05-05 15:12:44.527 [INFO ] com.application.controller.App_areaController - 后台  /product/list/{id}
2019-05-05 15:12:44.653 [INFO ] com.application.controller.App_areaController - 后台  /product/list/{id}
2019-05-05 15:12:51.071 [INFO ] com.application.controller.App_areaController - 后台  /product/list/{id}
2019-05-05 15:12:51.226 [INFO ] com.application.controller.App_areaController - 后台  /product/list/{id}
2019-05-05 15:12:55.885 [INFO ] com.application.controller.App_areaController - 后台  /product/list/{id}
2019-05-05 15:12:56.012 [INFO ] com.application.controller.App_areaController - 后台  /product/list/{id}
2019-05-05 15:12:59.752 [INFO ] com.application.controller.App_areaController - 后台  /product/list/{id}
2019-05-05 15:12:59.930 [INFO ] com.application.controller.App_areaController - 后台  /product/list/{id}
2019-05-05 15:13:03.011 [INFO ] com.application.controller.App_areaController - 后台  /product/list/{id}
2019-05-05 15:13:03.145 [INFO ] com.application.controller.App_areaController - 后台  /product/list/{id}
2019-05-05 15:13:34.855 [INFO ] com.application.controller.App_areaController - 后台 /area
2019-05-05 15:13:34.999 [INFO ] com.application.controller.App_pictureController - 后台  /picture
2019-05-05 15:13:38.636 [INFO ] com.application.controller.App_areaController - 后台  /product/list/{id}
2019-05-05 15:13:38.787 [INFO ] com.application.controller.App_areaController - 后台  /product/list/{id}
2019-05-05 15:15:31.621 [INFO ] com.application.controller.App_areaController - 后台 /area
2019-05-05 15:15:31.646 [INFO ] com.application.controller.App_pictureController - 后台  /picture
2019-05-05 15:15:42.482 [INFO ] com.application.controller.App_areaController - 后台  /product/list/{id}
2019-05-05 15:15:44.773 [INFO ] com.application.controller.App_areaController - 后台  /product/list/{id}
2019-05-05 15:15:56.218 [INFO ] com.application.controller.App_areaController - 后台  /product/list/{id}
2019-05-05 15:15:56.401 [INFO ] com.application.controller.App_areaController - 后台  /product/list/{id}
2019-05-05 15:16:30.268 [INFO ] com.application.controller.App_areaController - 后台  /product/list/{id}
2019-05-05 15:16:30.433 [INFO ] com.application.controller.App_areaController - 后台  /product/list/{id}
2019-05-05 15:17:14.555 [INFO ] com.application.controller.App_areaController - 后台 /area
2019-05-05 15:17:14.957 [INFO ] com.application.controller.App_pictureController - 后台  /picture
2019-05-05 15:17:23.758 [INFO ] com.application.controller.App_areaController - 后台  /product/list/{id}
2019-05-05 15:17:23.973 [INFO ] com.application.controller.App_areaController - 后台  /product/list/{id}
2019-05-05 15:17:34.306 [INFO ] com.application.controller.App_areaController - 后台  /product/list/{id}
2019-05-05 15:17:34.480 [INFO ] com.application.controller.App_areaController - 后台  /product/list/{id}
2019-05-05 15:18:20.942 [INFO ] com.application.controller.App_areaController - 后台 /area
2019-05-05 15:18:21.209 [INFO ] com.application.controller.App_pictureController - 后台  /picture
2019-05-05 15:18:24.757 [INFO ] com.application.controller.App_areaController - 后台  /product/list/{id}
2019-05-05 15:18:30.977 [INFO ] com.application.controller.App_areaController - 后台  /product/list/{id}
2019-05-05 15:19:16.562 [INFO ] com.application.controller.App_areaController - 后台 /area
2019-05-05 15:19:16.604 [INFO ] com.application.controller.App_pictureController - 后台  /picture
2019-05-05 15:19:21.289 [INFO ] com.application.controller.App_areaController - 后台  /product/list/{id}
2019-05-05 15:19:49.726 [INFO ] com.application.controller.App_areaController - 后台 /area
2019-05-05 15:19:49.774 [INFO ] com.application.controller.App_pictureController - 后台  /picture
2019-05-05 15:20:01.634 [INFO ] com.application.controller.App_areaController - 后台 /area
2019-05-05 15:20:01.660 [INFO ] com.application.controller.App_pictureController - 后台  /picture
2019-05-05 15:20:06.242 [INFO ] com.application.controller.App_areaController - 后台  /product/list/{id}
2019-05-05 15:20:49.757 [INFO ] com.application.controller.App_areaController - 后台 /area
2019-05-05 15:20:49.841 [INFO ] com.application.controller.App_pictureController - 后台  /picture
2019-05-05 15:20:54.054 [INFO ] com.application.controller.App_areaController - 后台  /product/list/{id}
2019-05-05 15:21:03.455 [INFO ] com.application.controller.App_areaController - 后台 /area/{parent_id}
2019-05-05 15:21:08.518 [INFO ] com.application.controller.App_areaController - 后台  /product/list/{id}
2019-05-05 15:21:15.595 [INFO ] com.application.controller.App_areaController - 后台 /product/list/{type}
2019-05-05 15:21:17.198 [INFO ] com.application.controller.App_areaController - 后台  /product/list/{id}
2019-05-05 15:21:54.364 [INFO ] com.application.controller.App_areaController - 后台 /area
2019-05-05 15:21:54.441 [INFO ] com.application.controller.App_pictureController - 后台  /picture
2019-05-05 15:21:57.943 [INFO ] com.application.controller.App_areaController - 后台 /product/list/{type}
2019-05-05 15:21:59.963 [INFO ] com.application.controller.App_areaController - 后台  /product/list/{id}
2019-05-05 15:22:09.283 [INFO ] com.application.controller.App_areaController - 后台  /product/list/{id}
2019-05-05 15:24:32.683 [INFO ] com.application.controller.App_areaController - 后台 /product/list/{type}
2019-05-05 15:24:34.333 [INFO ] com.application.controller.App_areaController - 后台 /product/list/{type}
2019-05-05 15:24:35.103 [INFO ] com.application.controller.App_areaController - 后台 /product/list/{type}
2019-05-05 15:24:35.629 [INFO ] com.application.controller.App_areaController - 后台 /product/list/{type}
2019-05-05 15:24:36.626 [INFO ] com.application.controller.App_areaController - 后台  /product/list/{id}
2019-05-05 15:26:57.502 [INFO ] com.application.controller.App_areaController - 后台 /area
2019-05-05 15:27:00.616 [INFO ] com.application.controller.App_pictureController - 后台  /picture
2019-05-05 15:27:06.720 [INFO ] com.application.controller.App_areaController - 后台 /product/list/{type}
2019-05-05 15:27:09.320 [INFO ] com.application.controller.App_areaController - 后台  /product/list/{id}
2019-05-05 15:27:15.719 [INFO ] com.application.controller.App_areaController - 后台  /product/list/{id}
2019-05-05 15:27:19.884 [INFO ] com.application.controller.App_areaController - 后台  /product/list/{id}
2019-05-05 15:46:42.889 [INFO ] com.application.controller.App_areaController - 后台 /area
2019-05-05 15:46:44.606 [INFO ] com.application.controller.App_pictureController - 后台  /picture
2019-05-05 16:07:59.077 [INFO ] com.application.controller.App_areaController - 后台 /area
2019-05-05 16:07:59.152 [INFO ] com.application.controller.App_pictureController - 后台  /picture
2019-05-05 16:08:45.375 [INFO ] com.application.controller.App_areaController - 后台 /area
2019-05-05 16:08:45.403 [INFO ] com.application.controller.App_pictureController - 后台  /picture
2019-05-05 16:41:01.289 [INFO ] com.application.controller.App_areaController - 后台 /area
2019-05-05 16:41:01.346 [INFO ] com.application.controller.App_pictureController - 后台  /picture
2019-05-05 16:43:11.931 [INFO ] com.application.controller.App_areaController - 后台 /area
2019-05-05 16:43:12.946 [INFO ] com.application.controller.App_pictureController - 后台  /picture
2019-05-05 16:44:05.634 [INFO ] com.application.controller.App_areaController - 后台 /area
2019-05-05 16:44:05.707 [INFO ] com.application.controller.App_pictureController - 后台  /picture
2019-05-05 16:45:22.625 [INFO ] com.application.controller.App_areaController - 后台 /area
2019-05-05 16:45:22.661 [INFO ] com.application.controller.App_pictureController - 后台  /picture
2019-05-05 16:49:11.712 [INFO ] com.application.controller.App_pictureController - 后台  /picture
2019-05-05 16:49:13.650 [INFO ] com.application.controller.App_areaController - 后台 /area
2019-05-05 16:50:21.750 [INFO ] com.application.controller.App_areaController - 后台 /area
2019-05-05 16:50:21.794 [INFO ] com.application.controller.App_pictureController - 后台  /picture
2019-05-05 16:51:28.587 [INFO ] com.application.controller.App_areaController - 后台 /area
2019-05-05 16:51:28.631 [INFO ] com.application.controller.App_pictureController - 后台  /picture
2019-05-05 16:52:46.645 [INFO ] com.application.controller.App_areaController - 后台 /area
2019-05-05 16:52:46.655 [INFO ] com.application.controller.App_pictureController - 后台  /picture
2019-05-05 16:53:01.120 [INFO ] com.application.controller.App_areaController - 后台 /area
2019-05-05 16:53:01.267 [INFO ] com.application.controller.App_pictureController - 后台  /picture
2019-05-05 16:53:07.026 [INFO ] com.application.controller.App_pictureController - 后台  /picture
2019-05-05 16:54:06.980 [INFO ] com.application.controller.App_pictureController - 后台  /picture
2019-05-05 16:54:30.423 [INFO ] com.application.controller.App_pictureController - 后台  /picture
2019-05-05 16:56:41.227 [INFO ] com.application.controller.App_pictureController - 后台  /picture
2019-05-05 16:57:46.727 [INFO ] com.application.controller.App_areaController - 后台 /area
2019-05-05 16:57:46.762 [INFO ] com.application.controller.App_pictureController - 后台  /picture
2019-05-05 17:00:08.287 [INFO ] com.application.controller.App_areaController - 后台 /area
2019-05-05 17:00:08.346 [INFO ] com.application.controller.App_pictureController - 后台  /picture
2019-05-05 17:00:34.731 [INFO ] com.application.controller.App_areaController - 后台 /area
2019-05-05 17:00:35.437 [INFO ] com.application.controller.App_pictureController - 后台  /picture
2019-05-05 17:02:24.843 [INFO ] com.application.controller.App_pictureController - 后台  /picture
2019-05-05 17:02:37.878 [INFO ] com.application.controller.App_areaController - 后台 /area
2019-05-05 17:02:37.924 [INFO ] com.application.controller.App_pictureController - 后台  /picture
2019-05-05 17:02:58.446 [INFO ] com.application.controller.App_pictureController - 后台  /picture
2019-05-05 17:03:08.689 [INFO ] com.application.controller.App_pictureController - 后台  /picture
2019-05-05 17:03:18.042 [INFO ] com.application.controller.App_pictureController - 后台  /picture
2019-05-05 17:03:31.457 [INFO ] com.application.controller.App_pictureController - 后台  /picture
2019-05-05 17:03:43.178 [INFO ] com.application.controller.App_pictureController - 后台  /picture
2019-05-05 17:06:55.457 [INFO ] com.application.controller.App_pictureController - 后台  /picture
2019-05-05 17:07:26.380 [INFO ] org.apache.tomcat.util.http.parser.Cookie - A cookie header was received [1553670045,1554704549] that contained an invalid cookie. That cookie will be ignored.
 Note: further occurrences of this error will be logged at DEBUG level.
2019-05-05 17:07:54.509 [INFO ] com.application.controller.App_pictureController - 后台  /picture
2019-05-05 17:08:07.294 [INFO ] com.application.controller.App_pictureController - 后台  /picture
2019-05-05 17:08:43.791 [INFO ] com.application.controller.App_pictureController - 后台  /picture
2019-05-05 17:08:52.445 [INFO ] com.application.controller.App_pictureController - 后台  /picture
2019-05-05 17:09:19.275 [INFO ] com.application.controller.App_pictureController - 后台  /picture
2019-05-05 17:30:54.110 [INFO ] com.application.Application - Starting Application on DESKTOP-7RKQL44 with PID 12248 (E:\git\wedding\wedding-app\wedding-app\target\classes started by qs016 in E:\git\wedding\wedding-app\wedding-app)
2019-05-05 17:30:54.111 [INFO ] com.application.Application - The following profiles are active: test
2019-05-05 17:30:54.171 [INFO ] org.springframework.boot.devtools.env.DevToolsPropertyDefaultsPostProcessor - Devtools property defaults active! Set 'spring.devtools.add-properties' to 'false' to disable
2019-05-05 17:30:54.171 [INFO ] org.springframework.boot.devtools.env.DevToolsPropertyDefaultsPostProcessor - For additional web related logging consider setting the 'logging.level.web' property to 'DEBUG'
2019-05-05 17:30:55.874 [INFO ] org.springframework.boot.web.embedded.tomcat.TomcatWebServer - Tomcat initialized with port(s): 8080 (http)
2019-05-05 17:30:55.890 [INFO ] org.apache.coyote.http11.Http11NioProtocol - Initializing ProtocolHandler ["http-nio-8080"]
2019-05-05 17:30:55.909 [INFO ] org.apache.catalina.core.StandardService - Starting service [Tomcat]
2019-05-05 17:30:55.909 [INFO ] org.apache.catalina.core.StandardEngine - Starting Servlet engine: [Apache Tomcat/9.0.16]
2019-05-05 17:30:55.921 [INFO ] org.apache.catalina.core.AprLifecycleListener - The APR based Apache Tomcat Native library which allows optimal performance in production environments was not found on the java.library.path: [D:\01develop\Java\jdk1.8.0_181\bin;C:\WINDOWS\Sun\Java\bin;C:\WINDOWS\system32;C:\WINDOWS;D:/01develop/Java/jre1.8.0_181/bin/server;D:/01develop/Java/jre1.8.0_181/bin;D:/01develop/Java/jre1.8.0_181/lib/amd64;D:\03work\Xftp\;D:\03work\Xshell\;C:\Program Files (x86)\Common Files\Oracle\Java\javapath;C:\WINDOWS\system32;C:\WINDOWS;C:\WINDOWS\System32\Wbem;C:\WINDOWS\System32\WindowsPowerShell\v1.0\;"D:\01develop\Java\jdk1.8.0_181\bin;D:\01develop\Java\jdk1.8.0_181\jre\bin";D:\01develop\mysql-8.0.12-winx64\bin;D:\01develop\maven\apache-maven-3.5.4\bin;D:\01develop\TortoiseGit\bin;D:\01develop\Git\cmd;C:\WINDOWS\System32\OpenSSH\;C:\Users\qs016\AppData\Local\Microsoft\WindowsApps;D:\01develop\eclipse\jee-2018-09\eclipse;;.]
2019-05-05 17:30:56.056 [INFO ] org.apache.catalina.core.ContainerBase.[Tomcat].[localhost].[/wedding-app] - Initializing Spring embedded WebApplicationContext
2019-05-05 17:30:56.056 [INFO ] org.springframework.web.context.ContextLoader - Root WebApplicationContext: initialization completed in 1885 ms
2019-05-05 17:30:56.438 [INFO ] com.alibaba.druid.pool.DruidDataSource - {dataSource-1} inited
2019-05-05 17:30:57.575 [INFO ] org.springframework.scheduling.concurrent.ThreadPoolTaskExecutor - Initializing ExecutorService 'applicationTaskExecutor'
2019-05-05 17:30:57.903 [INFO ] org.springframework.boot.devtools.autoconfigure.OptionalLiveReloadServer - LiveReload server is running on port 35729
2019-05-05 17:30:57.938 [INFO ] org.apache.coyote.http11.Http11NioProtocol - Starting ProtocolHandler ["http-nio-8080"]
2019-05-05 17:30:58.002 [INFO ] org.springframework.boot.web.embedded.tomcat.TomcatWebServer - Tomcat started on port(s): 8080 (http) with context path '/wedding-app'
2019-05-05 17:30:58.005 [INFO ] com.application.Application - Started Application in 4.2 seconds (JVM running for 4.788)
2019-05-05 17:31:45.968 [INFO ] org.apache.tomcat.util.http.parser.Cookie - A cookie header was received [1553670045,1554704549] that contained an invalid cookie. That cookie will be ignored.
 Note: further occurrences of this error will be logged at DEBUG level.
2019-05-05 17:31:45.973 [INFO ] org.apache.catalina.core.ContainerBase.[Tomcat].[localhost].[/wedding-app] - Initializing Spring DispatcherServlet 'dispatcherServlet'
2019-05-05 17:31:45.974 [INFO ] org.springframework.web.servlet.DispatcherServlet - Initializing Servlet 'dispatcherServlet'
2019-05-05 17:31:45.982 [INFO ] org.springframework.web.servlet.DispatcherServlet - Completed initialization in 8 ms
2019-05-05 17:44:22.203 [INFO ] com.application.controller.App_areaController - 后台 /area
2019-05-05 17:44:25.572 [INFO ] com.application.controller.App_pictureController - 后台  /picture
2019-05-05 17:55:17.500 [INFO ] com.application.controller.App_areaController - 后台 /area
2019-05-05 17:55:17.569 [INFO ] com.application.controller.App_pictureController - 后台  /picture
2019-05-05 17:55:34.523 [INFO ] com.application.controller.App_areaController - 后台 /area
2019-05-05 17:55:34.580 [INFO ] com.application.controller.App_pictureController - 后台  /picture
2019-05-05 17:56:07.770 [INFO ] com.application.controller.App_areaController - 后台 /area
2019-05-05 17:56:07.835 [INFO ] com.application.controller.App_pictureController - 后台  /picture
2019-05-05 17:57:17.884 [INFO ] com.application.controller.App_areaController - 后台 /area
2019-05-05 17:57:17.962 [INFO ] com.application.controller.App_pictureController - 后台  /picture
2019-05-05 17:58:39.261 [INFO ] com.application.controller.App_areaController - 后台 /area
2019-05-05 17:58:39.292 [INFO ] com.application.controller.App_pictureController - 后台  /picture
2019-05-05 18:04:35.964 [INFO ] com.application.controller.App_areaController - 后台 /area
2019-05-05 18:04:35.993 [INFO ] com.application.controller.App_pictureController - 后台  /picture
2019-05-05 18:04:52.489 [INFO ] com.application.controller.App_areaController - 后台 /area/{parent_id}
2019-05-05 18:05:00.214 [INFO ] com.application.controller.App_areaController - 后台 /area
2019-05-05 18:05:00.244 [INFO ] com.application.controller.App_pictureController - 后台  /picture
