2019-05-16 15:28:04.185 [INFO ] com.application.Application - Starting Application on DESKTOP-7RKQL44 with PID 14152 (E:\git\wedding\wedding-app\wedding-app\target\classes started by qs016 in E:\git\wedding\wedding-app\wedding-app)
2019-05-16 15:28:04.188 [INFO ] com.application.Application - The following profiles are active: test
2019-05-16 15:28:04.356 [INFO ] org.springframework.boot.devtools.env.DevToolsPropertyDefaultsPostProcessor - Devtools property defaults active! Set 'spring.devtools.add-properties' to 'false' to disable
2019-05-16 15:28:04.356 [INFO ] org.springframework.boot.devtools.env.DevToolsPropertyDefaultsPostProcessor - For additional web related logging consider setting the 'logging.level.web' property to 'DEBUG'
2019-05-16 15:28:08.021 [INFO ] org.springframework.boot.web.embedded.tomcat.TomcatWebServer - Tomcat initialized with port(s): 8081 (http)
2019-05-16 15:28:08.039 [INFO ] org.apache.coyote.http11.Http11NioProtocol - Initializing ProtocolHandler ["http-nio-8081"]
2019-05-16 15:28:08.049 [INFO ] org.apache.catalina.core.StandardService - Starting service [Tomcat]
2019-05-16 15:28:08.050 [INFO ] org.apache.catalina.core.StandardEngine - Starting Servlet engine: [Apache Tomcat/9.0.16]
2019-05-16 15:28:08.062 [INFO ] org.apache.catalina.core.AprLifecycleListener - The APR based Apache Tomcat Native library which allows optimal performance in production environments was not found on the java.library.path: [D:\01develop\Java\jdk1.8.0_181\bin;C:\WINDOWS\Sun\Java\bin;C:\WINDOWS\system32;C:\WINDOWS;D:/01develop/Java/jre1.8.0_181/bin/server;D:/01develop/Java/jre1.8.0_181/bin;D:/01develop/Java/jre1.8.0_181/lib/amd64;D:\03work\Xftp\;D:\03work\Xshell\;C:\Program Files (x86)\Common Files\Oracle\Java\javapath;C:\WINDOWS\system32;C:\WINDOWS;C:\WINDOWS\System32\Wbem;C:\WINDOWS\System32\WindowsPowerShell\v1.0\;"D:\01develop\Java\jdk1.8.0_181\bin;D:\01develop\Java\jdk1.8.0_181\jre\bin";D:\01develop\mysql-8.0.12-winx64\bin;D:\01develop\maven\apache-maven-3.5.4\bin;D:\01develop\TortoiseGit\bin;D:\01develop\Git\cmd;C:\WINDOWS\System32\OpenSSH\;C:\Users\qs016\AppData\Local\Microsoft\WindowsApps;;D:\01develop\eclipse\jee-2018-09\eclipse;;.]
2019-05-16 15:28:08.191 [INFO ] org.apache.catalina.core.ContainerBase.[Tomcat].[localhost].[/wedding-app] - Initializing Spring embedded WebApplicationContext
2019-05-16 15:28:08.193 [INFO ] org.springframework.web.context.ContextLoader - Root WebApplicationContext: initialization completed in 3836 ms
2019-05-16 15:28:08.700 [INFO ] com.alibaba.druid.pool.DruidDataSource - {dataSource-1} inited
2019-05-16 15:28:09.891 [INFO ] org.springframework.scheduling.concurrent.ThreadPoolTaskExecutor - Initializing ExecutorService 'applicationTaskExecutor'
2019-05-16 15:28:10.366 [INFO ] org.apache.coyote.http11.Http11NioProtocol - Starting ProtocolHandler ["http-nio-8081"]
2019-05-16 15:28:10.400 [INFO ] org.springframework.boot.web.embedded.tomcat.TomcatWebServer - Tomcat started on port(s): 8081 (http) with context path '/wedding-app'
2019-05-16 15:28:10.404 [INFO ] com.application.Application - Started Application in 7.024 seconds (JVM running for 8.052)
2019-05-16 15:28:21.306 [INFO ] org.apache.catalina.core.ContainerBase.[Tomcat].[localhost].[/wedding-app] - Initializing Spring DispatcherServlet 'dispatcherServlet'
2019-05-16 15:28:21.307 [INFO ] org.springframework.web.servlet.DispatcherServlet - Initializing Servlet 'dispatcherServlet'
2019-05-16 15:28:21.315 [INFO ] org.springframework.web.servlet.DispatcherServlet - Completed initialization in 8 ms
2019-05-16 15:28:21.372 [INFO ] com.application.controller.App_areaController - 后台 /area
2019-05-16 15:28:21.372 [INFO ] com.application.controller.App_pictureController - 后台  /picture
2019-05-16 15:28:34.371 [INFO ] com.application.controller.App_areaController - 后台 /product/list/{type}
2019-05-16 15:29:37.611 [INFO ] com.application.controller.App_areaController - 后台 /area/{parent_id}
2019-05-16 15:29:48.493 [INFO ] com.application.controller.App_areaController - 后台 /area/{parent_id}
2019-05-16 15:29:51.918 [INFO ] com.application.controller.App_areaController - 后台 /area/{parent_id}
2019-05-16 15:30:07.777 [INFO ] com.application.controller.App_areaController - 后台 /area
2019-05-16 15:30:07.830 [INFO ] com.application.controller.App_pictureController - 后台  /picture
2019-05-16 15:30:10.047 [INFO ] com.application.controller.App_areaController - 后台 /area/{parent_id}
2019-05-16 15:30:15.490 [INFO ] com.application.controller.App_areaController - 后台 /area/{parent_id}
2019-05-16 15:32:40.561 [INFO ] com.application.controller.App_areaController - 后台 /area
2019-05-16 15:32:40.616 [INFO ] com.application.controller.App_pictureController - 后台  /picture
2019-05-16 15:32:41.888 [INFO ] com.application.controller.App_areaController - 后台 /area/{parent_id}
2019-05-16 15:32:52.280 [INFO ] com.application.controller.App_areaController - 后台 /area/{parent_id}
2019-05-16 15:32:54.127 [INFO ] com.application.controller.App_areaController - 后台 /area/{parent_id}
2019-05-16 16:09:03.415 [INFO ] com.application.controller.App_userController - 后台 /login
2019-05-16 16:09:05.624 [INFO ] com.application.interceptor.TokenInterceptor - 进入tokenInterceptor拦截器
2019-05-16 16:09:08.424 [INFO ] com.application.interceptor.TokenInterceptor - 进入tokenInterceptor拦截器
2019-05-16 16:09:15.406 [INFO ] com.application.interceptor.TokenInterceptor - 进入tokenInterceptor拦截器
2019-05-16 16:09:17.510 [INFO ] com.application.interceptor.TokenInterceptor - 进入tokenInterceptor拦截器
2019-05-16 16:09:17.758 [INFO ] com.application.interceptor.TokenInterceptor - 进入tokenInterceptor拦截器
2019-05-16 16:09:18.789 [INFO ] com.application.interceptor.TokenInterceptor - 进入tokenInterceptor拦截器
2019-05-16 16:09:18.971 [INFO ] com.application.interceptor.TokenInterceptor - 进入tokenInterceptor拦截器
2019-05-16 16:09:20.293 [INFO ] com.application.interceptor.TokenInterceptor - 进入tokenInterceptor拦截器
2019-05-16 16:09:20.399 [INFO ] com.application.interceptor.TokenInterceptor - 进入tokenInterceptor拦截器
2019-05-16 16:09:22.189 [INFO ] com.application.interceptor.TokenInterceptor - 进入tokenInterceptor拦截器
2019-05-16 16:09:22.437 [INFO ] com.application.interceptor.TokenInterceptor - 进入tokenInterceptor拦截器
2019-05-16 16:09:23.426 [INFO ] com.application.interceptor.TokenInterceptor - 进入tokenInterceptor拦截器
2019-05-16 16:09:23.691 [INFO ] com.application.interceptor.TokenInterceptor - 进入tokenInterceptor拦截器
2019-05-16 16:09:25.916 [INFO ] com.application.interceptor.TokenInterceptor - 进入tokenInterceptor拦截器
2019-05-16 16:09:51.683 [INFO ] com.application.interceptor.TokenInterceptor - 进入tokenInterceptor拦截器
2019-05-16 16:09:55.215 [INFO ] com.application.interceptor.TokenInterceptor - 进入tokenInterceptor拦截器
2019-05-16 16:10:08.847 [INFO ] com.application.interceptor.TokenInterceptor - 进入tokenInterceptor拦截器
2019-05-16 16:10:11.876 [INFO ] com.application.interceptor.TokenInterceptor - 进入tokenInterceptor拦截器
2019-05-16 16:10:12.100 [INFO ] com.application.interceptor.TokenInterceptor - 进入tokenInterceptor拦截器
2019-05-16 16:10:14.204 [INFO ] com.application.interceptor.TokenInterceptor - 进入tokenInterceptor拦截器
2019-05-16 16:10:19.426 [INFO ] com.application.interceptor.TokenInterceptor - 进入tokenInterceptor拦截器
2019-05-16 16:10:19.776 [INFO ] com.application.interceptor.TokenInterceptor - 进入tokenInterceptor拦截器
2019-05-16 16:10:23.635 [INFO ] com.application.interceptor.TokenInterceptor - 进入tokenInterceptor拦截器
2019-05-16 16:10:24.058 [INFO ] com.application.interceptor.TokenInterceptor - 进入tokenInterceptor拦截器
2019-05-16 16:10:26.317 [INFO ] com.application.interceptor.TokenInterceptor - 进入tokenInterceptor拦截器
2019-05-16 16:10:26.484 [INFO ] com.application.interceptor.TokenInterceptor - 进入tokenInterceptor拦截器
2019-05-16 16:10:28.164 [INFO ] com.application.interceptor.TokenInterceptor - 进入tokenInterceptor拦截器
2019-05-16 16:10:28.313 [INFO ] com.application.interceptor.TokenInterceptor - 进入tokenInterceptor拦截器
2019-05-16 16:10:30.577 [INFO ] com.application.interceptor.TokenInterceptor - 进入tokenInterceptor拦截器
2019-05-16 16:10:30.696 [INFO ] com.application.interceptor.TokenInterceptor - 进入tokenInterceptor拦截器
2019-05-16 16:10:32.315 [INFO ] com.application.interceptor.TokenInterceptor - 进入tokenInterceptor拦截器
2019-05-16 16:10:32.382 [INFO ] com.application.interceptor.TokenInterceptor - 进入tokenInterceptor拦截器
2019-05-16 16:10:34.375 [INFO ] com.application.interceptor.TokenInterceptor - 进入tokenInterceptor拦截器
2019-05-16 16:10:39.493 [INFO ] com.application.interceptor.TokenInterceptor - 进入tokenInterceptor拦截器
2019-05-16 16:10:39.670 [INFO ] com.application.interceptor.TokenInterceptor - 进入tokenInterceptor拦截器
2019-05-16 16:10:44.117 [INFO ] com.application.interceptor.TokenInterceptor - 进入tokenInterceptor拦截器
2019-05-16 16:10:44.276 [INFO ] com.application.interceptor.TokenInterceptor - 进入tokenInterceptor拦截器
2019-05-16 16:10:45.759 [INFO ] com.application.interceptor.TokenInterceptor - 进入tokenInterceptor拦截器
2019-05-16 16:10:45.916 [INFO ] com.application.interceptor.TokenInterceptor - 进入tokenInterceptor拦截器
2019-05-16 16:10:46.993 [INFO ] com.application.interceptor.TokenInterceptor - 进入tokenInterceptor拦截器
2019-05-16 16:10:47.259 [INFO ] com.application.interceptor.TokenInterceptor - 进入tokenInterceptor拦截器
2019-05-16 16:10:49.241 [INFO ] com.application.interceptor.TokenInterceptor - 进入tokenInterceptor拦截器
2019-05-16 16:10:51.231 [INFO ] com.application.interceptor.TokenInterceptor - 进入tokenInterceptor拦截器
2019-05-16 16:10:52.970 [INFO ] com.application.interceptor.TokenInterceptor - 进入tokenInterceptor拦截器
2019-05-16 16:10:53.291 [INFO ] com.application.interceptor.TokenInterceptor - 进入tokenInterceptor拦截器
2019-05-16 16:11:00.840 [INFO ] com.application.interceptor.TokenInterceptor - 进入tokenInterceptor拦截器
2019-05-16 16:11:01.075 [INFO ] com.application.interceptor.TokenInterceptor - 进入tokenInterceptor拦截器
2019-05-16 16:11:03.033 [INFO ] com.application.interceptor.TokenInterceptor - 进入tokenInterceptor拦截器
2019-05-16 16:11:05.991 [INFO ] com.application.interceptor.TokenInterceptor - 进入tokenInterceptor拦截器
2019-05-16 16:11:06.184 [INFO ] com.application.interceptor.TokenInterceptor - 进入tokenInterceptor拦截器
2019-05-16 16:11:10.924 [INFO ] com.application.interceptor.TokenInterceptor - 进入tokenInterceptor拦截器
2019-05-16 16:11:11.052 [INFO ] com.application.interceptor.TokenInterceptor - 进入tokenInterceptor拦截器
2019-05-16 16:11:13.175 [INFO ] com.application.interceptor.TokenInterceptor - 进入tokenInterceptor拦截器
2019-05-16 16:11:19.649 [INFO ] com.application.interceptor.TokenInterceptor - 进入tokenInterceptor拦截器
2019-05-16 16:11:19.814 [INFO ] com.application.interceptor.TokenInterceptor - 进入tokenInterceptor拦截器
2019-05-16 16:11:22.150 [INFO ] com.application.controller.App_areaController - 后台  /product/list/{id}
2019-05-16 16:13:00.747 [INFO ] com.application.controller.App_areaController - 后台 /product/list/{type}
2019-05-16 16:32:49.474 [INFO ] com.application.interceptor.TokenInterceptor - 进入tokenInterceptor拦截器
2019-05-16 16:32:52.265 [INFO ] com.application.interceptor.TokenInterceptor - 进入tokenInterceptor拦截器
2019-05-16 16:32:52.507 [INFO ] com.application.interceptor.TokenInterceptor - 进入tokenInterceptor拦截器
2019-05-16 16:32:53.351 [INFO ] com.application.interceptor.TokenInterceptor - 进入tokenInterceptor拦截器
2019-05-16 16:32:53.514 [INFO ] com.application.interceptor.TokenInterceptor - 进入tokenInterceptor拦截器
2019-05-16 16:32:54.276 [INFO ] com.application.interceptor.TokenInterceptor - 进入tokenInterceptor拦截器
2019-05-16 16:32:54.459 [INFO ] com.application.interceptor.TokenInterceptor - 进入tokenInterceptor拦截器
2019-05-16 16:32:55.115 [INFO ] com.application.interceptor.TokenInterceptor - 进入tokenInterceptor拦截器
2019-05-16 16:32:55.258 [INFO ] com.application.interceptor.TokenInterceptor - 进入tokenInterceptor拦截器
2019-05-16 16:32:56.546 [INFO ] com.application.interceptor.TokenInterceptor - 进入tokenInterceptor拦截器
2019-05-16 16:32:56.951 [INFO ] com.application.interceptor.TokenInterceptor - 进入tokenInterceptor拦截器
2019-05-16 16:32:58.425 [INFO ] com.application.interceptor.TokenInterceptor - 进入tokenInterceptor拦截器
2019-05-16 16:32:58.653 [INFO ] com.application.interceptor.TokenInterceptor - 进入tokenInterceptor拦截器
2019-05-16 16:33:00.388 [INFO ] com.application.interceptor.TokenInterceptor - 进入tokenInterceptor拦截器
2019-05-16 16:33:00.600 [INFO ] com.application.interceptor.TokenInterceptor - 进入tokenInterceptor拦截器
2019-05-16 16:33:03.037 [INFO ] com.application.interceptor.TokenInterceptor - 进入tokenInterceptor拦截器
2019-05-16 16:33:03.170 [INFO ] com.application.interceptor.TokenInterceptor - 进入tokenInterceptor拦截器
2019-05-16 16:59:08.288 [INFO ] com.application.controller.App_areaController - 后台 /area
2019-05-16 16:59:08.334 [INFO ] com.application.controller.App_pictureController - 后台  /picture
2019-05-16 16:59:13.507 [INFO ] com.application.controller.App_areaController - 后台 /area/{parent_id}
2019-05-16 16:59:15.597 [INFO ] com.application.controller.App_areaController - 后台 /area/{parent_id}
2019-05-16 17:55:26.693 [INFO ] com.application.controller.App_userController - 后台 /login
2019-05-16 17:55:28.538 [INFO ] com.application.interceptor.TokenInterceptor - 进入tokenInterceptor拦截器
2019-05-16 17:55:31.245 [INFO ] com.application.interceptor.TokenInterceptor - 进入tokenInterceptor拦截器
2019-05-16 17:55:31.490 [INFO ] com.application.interceptor.TokenInterceptor - 进入tokenInterceptor拦截器
2019-05-16 18:07:13.947 [INFO ] com.application.interceptor.TokenInterceptor - 进入tokenInterceptor拦截器
2019-05-16 18:07:16.311 [INFO ] com.application.interceptor.TokenInterceptor - 进入tokenInterceptor拦截器
2019-05-16 18:07:17.880 [INFO ] com.application.interceptor.TokenInterceptor - 进入tokenInterceptor拦截器
2019-05-16 18:07:18.058 [INFO ] com.application.interceptor.TokenInterceptor - 进入tokenInterceptor拦截器
2019-05-16 18:07:18.898 [INFO ] com.application.interceptor.TokenInterceptor - 进入tokenInterceptor拦截器
2019-05-16 18:07:18.978 [INFO ] com.application.interceptor.TokenInterceptor - 进入tokenInterceptor拦截器
2019-05-16 18:47:59.521 [INFO ] com.application.interceptor.TokenInterceptor - 进入tokenInterceptor拦截器
2019-05-16 18:48:02.311 [INFO ] com.application.interceptor.TokenInterceptor - 进入tokenInterceptor拦截器
2019-05-16 18:48:13.058 [INFO ] com.application.interceptor.TokenInterceptor - 进入tokenInterceptor拦截器
2019-05-16 18:48:26.946 [INFO ] com.application.interceptor.TokenInterceptor - 进入tokenInterceptor拦截器
2019-05-16 18:48:27.110 [INFO ] com.application.interceptor.TokenInterceptor - 进入tokenInterceptor拦截器
2019-05-16 18:48:51.097 [INFO ] com.application.interceptor.TokenInterceptor - 进入tokenInterceptor拦截器
2019-05-16 19:13:10.189 [INFO ] com.application.controller.App_areaController - 后台 /area/{parent_id}
2019-05-16 21:27:10.065 [INFO ] com.application.controller.App_areaController - 后台 /area
2019-05-16 21:27:10.124 [INFO ] com.application.controller.App_pictureController - 后台  /picture
2019-05-16 21:27:14.025 [INFO ] com.application.controller.App_areaController - 后台 /product/list/{type}
2019-05-16 21:27:28.884 [INFO ] com.application.controller.App_areaController - 后台  /product/list/{id}
