2019-04-25 09:52:41.117 [INFO ] com.application.Application - Starting Application on DESKTOP-7RKQL44 with PID 6636 (E:\git\wedding\wedding-app\wedding-app\target\classes started by qs016 in E:\git\wedding\wedding-app\wedding-app)
2019-04-25 09:52:41.119 [INFO ] com.application.Application - The following profiles are active: test
2019-04-25 09:52:41.169 [INFO ] org.springframework.boot.devtools.env.DevToolsPropertyDefaultsPostProcessor - Devtools property defaults active! Set 'spring.devtools.add-properties' to 'false' to disable
2019-04-25 09:52:41.170 [INFO ] org.springframework.boot.devtools.env.DevToolsPropertyDefaultsPostProcessor - For additional web related logging consider setting the 'logging.level.web' property to 'DEBUG'
2019-04-25 09:52:43.051 [INFO ] org.springframework.boot.web.embedded.tomcat.TomcatWebServer - Tomcat initialized with port(s): 8080 (http)
2019-04-25 09:52:43.065 [INFO ] org.apache.coyote.http11.Http11NioProtocol - Initializing ProtocolHandler ["http-nio-8080"]
2019-04-25 09:52:43.077 [INFO ] org.apache.catalina.core.StandardService - Starting service [Tomcat]
2019-04-25 09:52:43.077 [INFO ] org.apache.catalina.core.StandardEngine - Starting Servlet engine: [Apache Tomcat/9.0.16]
2019-04-25 09:52:43.088 [INFO ] org.apache.catalina.core.AprLifecycleListener - The APR based Apache Tomcat Native library which allows optimal performance in production environments was not found on the java.library.path: [D:\01develop\Java\jdk1.8.0_181\bin;C:\WINDOWS\Sun\Java\bin;C:\WINDOWS\system32;C:\WINDOWS;D:/01develop/Java/jre1.8.0_181/bin/server;D:/01develop/Java/jre1.8.0_181/bin;D:/01develop/Java/jre1.8.0_181/lib/amd64;D:\03work\Xftp\;D:\03work\Xshell\;C:\Program Files (x86)\Common Files\Oracle\Java\javapath;C:\WINDOWS\system32;C:\WINDOWS;C:\WINDOWS\System32\Wbem;C:\WINDOWS\System32\WindowsPowerShell\v1.0\;"D:\01develop\Java\jdk1.8.0_181\bin;D:\01develop\Java\jdk1.8.0_181\jre\bin";D:\01develop\mysql-8.0.12-winx64\bin;D:\01develop\maven\apache-maven-3.5.4\bin;D:\01develop\TortoiseGit\bin;D:\01develop\Git\cmd;C:\WINDOWS\System32\OpenSSH\;C:\Users\qs016\AppData\Local\Microsoft\WindowsApps;;D:\01develop\eclipse\jee-2018-09\eclipse;;.]
2019-04-25 09:52:43.189 [INFO ] org.apache.catalina.core.ContainerBase.[Tomcat].[localhost].[/wedding-app] - Initializing Spring embedded WebApplicationContext
2019-04-25 09:52:43.189 [INFO ] org.springframework.web.context.ContextLoader - Root WebApplicationContext: initialization completed in 2019 ms
2019-04-25 09:52:43.550 [INFO ] com.alibaba.druid.pool.DruidDataSource - {dataSource-1} inited
2019-04-25 09:52:44.774 [INFO ] org.springframework.scheduling.concurrent.ThreadPoolTaskExecutor - Initializing ExecutorService 'applicationTaskExecutor'
2019-04-25 09:52:45.118 [INFO ] org.springframework.boot.devtools.autoconfigure.OptionalLiveReloadServer - LiveReload server is running on port 35729
2019-04-25 09:52:45.151 [INFO ] org.apache.coyote.http11.Http11NioProtocol - Starting ProtocolHandler ["http-nio-8080"]
2019-04-25 09:52:45.176 [INFO ] org.springframework.boot.web.embedded.tomcat.TomcatWebServer - Tomcat started on port(s): 8080 (http) with context path '/wedding-app'
2019-04-25 09:52:45.179 [INFO ] com.application.Application - Started Application in 4.395 seconds (JVM running for 5.129)
2019-04-25 09:58:49.452 [INFO ] org.apache.catalina.core.ContainerBase.[Tomcat].[localhost].[/wedding-app] - Initializing Spring DispatcherServlet 'dispatcherServlet'
2019-04-25 09:58:49.453 [INFO ] org.springframework.web.servlet.DispatcherServlet - Initializing Servlet 'dispatcherServlet'
2019-04-25 09:58:49.473 [INFO ] org.springframework.web.servlet.DispatcherServlet - Completed initialization in 20 ms
2019-04-25 09:58:49.519 [INFO ] com.application.controller.App_areaController - 后台 /area
2019-04-25 09:58:49.519 [INFO ] com.application.controller.App_pictureController - 后台  /picture
2019-04-25 09:59:05.227 [INFO ] com.application.controller.App_userController - 后台 /login
2019-04-25 09:59:09.286 [INFO ] com.application.interceptor.TokenInterceptor - 进入tokenInterceptor拦截器
2019-04-25 09:59:09.433 [INFO ] com.application.controller.App_passengerController - 后台 /passenger/{user_id}
2019-04-25 10:07:11.154 [INFO ] com.application.controller.App_areaController - 后台 /area
2019-04-25 10:07:11.188 [INFO ] com.application.controller.App_pictureController - 后台  /picture
2019-04-25 10:07:24.447 [INFO ] com.application.controller.App_userController - 后台 /login
2019-04-25 10:07:26.185 [INFO ] com.application.interceptor.TokenInterceptor - 进入tokenInterceptor拦截器
2019-04-25 10:07:26.200 [INFO ] com.application.controller.App_passengerController - 后台 /passenger/{user_id}
2019-04-25 10:08:34.213 [INFO ] com.application.interceptor.TokenInterceptor - 进入tokenInterceptor拦截器
2019-04-25 10:08:49.147 [INFO ] com.application.controller.App_userController - 后台 /login
2019-04-25 10:08:50.641 [INFO ] com.application.interceptor.TokenInterceptor - 进入tokenInterceptor拦截器
2019-04-25 10:08:50.652 [INFO ] com.application.controller.App_passengerController - 后台 /passenger/{user_id}
2019-04-25 10:08:57.924 [INFO ] com.application.interceptor.TokenInterceptor - 进入tokenInterceptor拦截器
2019-04-25 10:08:57.933 [INFO ] com.application.controller.App_passengerController - 后台 /passenger/{user_id}/{passenger_id}
2019-04-25 10:09:43.943 [INFO ] com.application.interceptor.TokenInterceptor - 进入tokenInterceptor拦截器
2019-04-25 10:09:43.949 [INFO ] com.application.controller.App_passengerController - 后台 /passenger/{user_id}
2019-04-25 10:09:51.096 [INFO ] com.application.interceptor.TokenInterceptor - 进入tokenInterceptor拦截器
2019-04-25 10:10:16.915 [INFO ] org.springframework.scheduling.concurrent.ThreadPoolTaskExecutor - Shutting down ExecutorService 'applicationTaskExecutor'
2019-04-25 10:10:16.967 [INFO ] com.alibaba.druid.pool.DruidDataSource - {dataSource-1} closed
2019-04-25 10:10:17.352 [INFO ] com.application.Application - Starting Application on DESKTOP-7RKQL44 with PID 6636 (E:\git\wedding\wedding-app\wedding-app\target\classes started by qs016 in E:\git\wedding\wedding-app\wedding-app)
2019-04-25 10:10:17.352 [INFO ] com.application.Application - The following profiles are active: test
2019-04-25 10:10:17.989 [INFO ] org.springframework.boot.web.embedded.tomcat.TomcatWebServer - Tomcat initialized with port(s): 8080 (http)
2019-04-25 10:10:17.990 [INFO ] org.apache.coyote.http11.Http11NioProtocol - Initializing ProtocolHandler ["http-nio-8080"]
2019-04-25 10:10:17.991 [INFO ] org.apache.catalina.core.StandardService - Starting service [Tomcat]
2019-04-25 10:10:17.991 [INFO ] org.apache.catalina.core.StandardEngine - Starting Servlet engine: [Apache Tomcat/9.0.16]
2019-04-25 10:10:18.015 [INFO ] org.apache.catalina.core.ContainerBase.[Tomcat].[localhost].[/wedding-app] - Initializing Spring embedded WebApplicationContext
2019-04-25 10:10:18.016 [INFO ] org.springframework.web.context.ContextLoader - Root WebApplicationContext: initialization completed in 662 ms
2019-04-25 10:10:18.102 [INFO ] com.alibaba.druid.pool.DruidDataSource - {dataSource-2} inited
2019-04-25 10:10:18.965 [INFO ] org.springframework.scheduling.concurrent.ThreadPoolTaskExecutor - Initializing ExecutorService 'applicationTaskExecutor'
2019-04-25 10:10:19.112 [INFO ] org.springframework.boot.devtools.autoconfigure.OptionalLiveReloadServer - LiveReload server is running on port 35729
2019-04-25 10:10:19.127 [INFO ] org.apache.coyote.http11.Http11NioProtocol - Starting ProtocolHandler ["http-nio-8080"]
2019-04-25 10:10:19.131 [INFO ] org.springframework.boot.web.embedded.tomcat.TomcatWebServer - Tomcat started on port(s): 8080 (http) with context path '/wedding-app'
2019-04-25 10:10:19.132 [INFO ] com.application.Application - Started Application in 1.881 seconds (JVM running for 1059.081)
2019-04-25 10:10:19.134 [INFO ] org.springframework.boot.devtools.autoconfigure.ConditionEvaluationDeltaLoggingListener - Condition evaluation unchanged
2019-04-25 10:11:37.033 [INFO ] org.apache.catalina.core.ContainerBase.[Tomcat].[localhost].[/wedding-app] - Initializing Spring DispatcherServlet 'dispatcherServlet'
2019-04-25 10:11:37.034 [INFO ] org.springframework.web.servlet.DispatcherServlet - Initializing Servlet 'dispatcherServlet'
2019-04-25 10:11:37.038 [INFO ] org.springframework.web.servlet.DispatcherServlet - Completed initialization in 4 ms
2019-04-25 10:11:37.039 [INFO ] com.application.interceptor.TokenInterceptor - 进入tokenInterceptor拦截器
2019-04-25 10:12:30.583 [INFO ] com.application.controller.App_userController - 后台 /login
2019-04-25 10:12:33.198 [INFO ] com.application.interceptor.TokenInterceptor - 进入tokenInterceptor拦截器
2019-04-25 10:12:33.223 [INFO ] com.application.controller.App_passengerController - 后台 /passenger/{user_id}
2019-04-25 10:15:44.253 [INFO ] com.application.controller.App_areaController - 后台 /area
2019-04-25 10:15:44.509 [INFO ] com.application.controller.App_pictureController - 后台  /picture
2019-04-25 10:16:00.503 [INFO ] com.application.controller.App_userController - 后台 /login
2019-04-25 10:16:02.735 [INFO ] com.application.interceptor.TokenInterceptor - 进入tokenInterceptor拦截器
2019-04-25 10:16:02.741 [INFO ] com.application.controller.App_passengerController - 后台 /passenger/{user_id}
2019-04-25 10:16:46.086 [INFO ] com.application.controller.App_areaController - 后台 /area
2019-04-25 10:16:46.713 [INFO ] com.application.controller.App_pictureController - 后台  /picture
2019-04-25 10:16:58.265 [INFO ] com.application.controller.App_userController - 后台 /login
2019-04-25 10:16:58.492 [INFO ] com.application.controller.App_userController - 后台 /login
2019-04-25 10:17:00.327 [INFO ] com.application.interceptor.TokenInterceptor - 进入tokenInterceptor拦截器
2019-04-25 10:17:00.337 [INFO ] com.application.controller.App_passengerController - 后台 /passenger/{user_id}
2019-04-25 10:18:09.724 [INFO ] com.application.controller.App_areaController - 后台 /area
2019-04-25 10:18:09.769 [INFO ] com.application.controller.App_pictureController - 后台  /picture
2019-04-25 10:18:20.814 [INFO ] com.application.controller.App_userController - 后台 /login
2019-04-25 10:18:22.227 [INFO ] com.application.interceptor.TokenInterceptor - 进入tokenInterceptor拦截器
2019-04-25 10:18:22.236 [INFO ] com.application.controller.App_passengerController - 后台 /passenger/{user_id}
2019-04-25 10:19:03.657 [INFO ] com.application.controller.App_areaController - 后台 /area
2019-04-25 10:19:03.717 [INFO ] com.application.controller.App_pictureController - 后台  /picture
2019-04-25 10:20:13.800 [INFO ] com.application.controller.App_areaController - 后台 /area
2019-04-25 10:20:14.366 [INFO ] com.application.controller.App_pictureController - 后台  /picture
2019-04-25 10:20:24.304 [INFO ] com.application.controller.App_userController - 后台 /login
2019-04-25 10:20:25.837 [INFO ] com.application.interceptor.TokenInterceptor - 进入tokenInterceptor拦截器
2019-04-25 10:20:25.842 [INFO ] com.application.controller.App_passengerController - 后台 /passenger/{user_id}
2019-04-25 10:21:48.044 [INFO ] com.application.controller.App_areaController - 后台 /area
2019-04-25 10:21:49.666 [INFO ] com.application.controller.App_pictureController - 后台  /picture
2019-04-25 10:22:02.555 [INFO ] com.application.controller.App_userController - 后台 /login
2019-04-25 10:22:04.184 [INFO ] com.application.interceptor.TokenInterceptor - 进入tokenInterceptor拦截器
2019-04-25 10:22:04.210 [INFO ] com.application.controller.App_passengerController - 后台 /passenger/{user_id}
2019-04-25 10:24:36.532 [INFO ] com.application.controller.App_areaController - 后台 /product/list/{type}
2019-04-25 10:24:42.011 [INFO ] com.application.controller.App_areaController - 后台  /product/list/{id}
2019-04-25 10:25:49.504 [INFO ] com.application.interceptor.TokenInterceptor - 进入tokenInterceptor拦截器
2019-04-25 10:25:49.522 [INFO ] com.application.controller.App_passengerController - 后台 /passenger/{user_id}
2019-04-25 10:51:12.382 [INFO ] com.application.controller.App_areaController - 后台 /area
2019-04-25 10:51:18.594 [INFO ] com.application.controller.App_areaController - 后台 /area
2019-04-25 10:51:18.939 [INFO ] com.application.controller.App_pictureController - 后台  /picture
2019-04-25 10:51:33.621 [INFO ] com.application.controller.App_userController - 后台 /login
2019-04-25 10:51:35.009 [INFO ] com.application.interceptor.TokenInterceptor - 进入tokenInterceptor拦截器
2019-04-25 10:51:35.028 [INFO ] com.application.controller.App_passengerController - 后台 /passenger/{user_id}
2019-04-25 10:52:20.533 [INFO ] com.application.controller.App_areaController - 后台 /area
2019-04-25 10:52:20.570 [INFO ] com.application.controller.App_pictureController - 后台  /picture
2019-04-25 10:52:29.675 [INFO ] com.application.controller.App_userController - 后台 /login
2019-04-25 10:52:31.232 [INFO ] com.application.interceptor.TokenInterceptor - 进入tokenInterceptor拦截器
2019-04-25 10:52:31.241 [INFO ] com.application.controller.App_passengerController - 后台 /passenger/{user_id}
2019-04-25 10:56:18.983 [INFO ] com.application.controller.App_areaController - 后台 /area
2019-04-25 10:56:19.258 [INFO ] com.application.controller.App_pictureController - 后台  /picture
2019-04-25 10:58:09.478 [INFO ] com.application.controller.App_userController - 后台 /login
2019-04-25 10:58:11.098 [INFO ] com.application.interceptor.TokenInterceptor - 进入tokenInterceptor拦截器
2019-04-25 10:58:11.106 [INFO ] com.application.controller.App_passengerController - 后台 /passenger/{user_id}
2019-04-25 11:15:35.407 [INFO ] com.application.controller.App_areaController - 后台 /area
2019-04-25 11:15:35.452 [INFO ] com.application.controller.App_pictureController - 后台  /picture
2019-04-25 11:16:04.506 [INFO ] com.application.controller.App_userController - 后台 /login
2019-04-25 11:16:06.031 [INFO ] com.application.interceptor.TokenInterceptor - 进入tokenInterceptor拦截器
2019-04-25 11:16:06.036 [INFO ] com.application.controller.App_passengerController - 后台 /passenger/{user_id}
2019-04-25 11:19:31.208 [INFO ] com.application.controller.App_userController - 后台 /login
2019-04-25 11:19:35.180 [INFO ] com.application.interceptor.TokenInterceptor - 进入tokenInterceptor拦截器
2019-04-25 11:19:35.191 [INFO ] com.application.controller.App_passengerController - 后台 /passenger/{user_id}
2019-04-25 11:24:12.460 [INFO ] com.application.controller.App_areaController - 后台 /area
2019-04-25 11:24:14.771 [INFO ] com.application.controller.App_pictureController - 后台  /picture
2019-04-25 11:24:25.522 [INFO ] com.application.controller.App_userController - 后台 /login
2019-04-25 11:24:27.703 [INFO ] com.application.interceptor.TokenInterceptor - 进入tokenInterceptor拦截器
2019-04-25 11:24:27.706 [INFO ] com.application.controller.App_passengerController - 后台 /passenger/{user_id}
2019-04-25 11:31:31.815 [INFO ] com.application.controller.App_areaController - 后台 /area
2019-04-25 11:31:31.878 [INFO ] com.application.controller.App_pictureController - 后台  /picture
2019-04-25 13:14:25.978 [INFO ] org.springframework.scheduling.concurrent.ThreadPoolTaskExecutor - Shutting down ExecutorService 'applicationTaskExecutor'
2019-04-25 13:14:26.052 [INFO ] com.alibaba.druid.pool.DruidDataSource - {dataSource-2} closed
2019-04-25 13:14:27.749 [INFO ] com.application.Application - Starting Application on DESKTOP-7RKQL44 with PID 6636 (E:\git\wedding\wedding-app\wedding-app\target\classes started by qs016 in E:\git\wedding\wedding-app\wedding-app)
2019-04-25 13:14:27.750 [INFO ] com.application.Application - The following profiles are active: test
2019-04-25 13:14:30.027 [INFO ] org.springframework.boot.web.embedded.tomcat.TomcatWebServer - Tomcat initialized with port(s): 8080 (http)
2019-04-25 13:14:30.028 [INFO ] org.apache.coyote.http11.Http11NioProtocol - Initializing ProtocolHandler ["http-nio-8080"]
2019-04-25 13:14:30.029 [INFO ] org.apache.catalina.core.StandardService - Starting service [Tomcat]
2019-04-25 13:14:30.029 [INFO ] org.apache.catalina.core.StandardEngine - Starting Servlet engine: [Apache Tomcat/9.0.16]
2019-04-25 13:14:30.045 [INFO ] org.apache.catalina.core.ContainerBase.[Tomcat].[localhost].[/wedding-app] - Initializing Spring embedded WebApplicationContext
2019-04-25 13:14:30.046 [INFO ] org.springframework.web.context.ContextLoader - Root WebApplicationContext: initialization completed in 2283 ms
2019-04-25 13:14:30.186 [INFO ] com.alibaba.druid.pool.DruidDataSource - {dataSource-3} inited
2019-04-25 13:14:30.898 [INFO ] com.alibaba.druid.pool.DruidDataSource - {dataSource-3} closed
2019-04-25 13:14:30.899 [INFO ] org.apache.catalina.core.StandardService - Stopping service [Tomcat]
2019-04-25 13:14:30.989 [INFO ] org.springframework.boot.autoconfigure.logging.ConditionEvaluationReportLoggingListener - 

Error starting ApplicationContext. To display the conditions report re-run your application with 'debug' enabled.
2019-04-25 13:14:34.195 [INFO ] com.application.Application - Starting Application on DESKTOP-7RKQL44 with PID 6636 (E:\git\wedding\wedding-app\wedding-app\target\classes started by qs016 in E:\git\wedding\wedding-app\wedding-app)
2019-04-25 13:14:34.195 [INFO ] com.application.Application - The following profiles are active: test
2019-04-25 13:14:34.624 [INFO ] org.springframework.boot.web.embedded.tomcat.TomcatWebServer - Tomcat initialized with port(s): 8080 (http)
2019-04-25 13:14:34.625 [INFO ] org.apache.coyote.http11.Http11NioProtocol - Initializing ProtocolHandler ["http-nio-8080"]
2019-04-25 13:14:34.625 [INFO ] org.apache.catalina.core.StandardService - Starting service [Tomcat]
2019-04-25 13:14:34.626 [INFO ] org.apache.catalina.core.StandardEngine - Starting Servlet engine: [Apache Tomcat/9.0.16]
2019-04-25 13:14:34.639 [INFO ] org.apache.catalina.core.ContainerBase.[Tomcat-1].[localhost].[/wedding-app] - Initializing Spring embedded WebApplicationContext
2019-04-25 13:14:34.640 [INFO ] org.springframework.web.context.ContextLoader - Root WebApplicationContext: initialization completed in 396 ms
2019-04-25 13:14:34.702 [INFO ] com.alibaba.druid.pool.DruidDataSource - {dataSource-4} inited
2019-04-25 13:14:35.169 [INFO ] org.springframework.scheduling.concurrent.ThreadPoolTaskExecutor - Initializing ExecutorService 'applicationTaskExecutor'
2019-04-25 13:14:35.329 [INFO ] org.springframework.boot.devtools.autoconfigure.OptionalLiveReloadServer - LiveReload server is running on port 35729
2019-04-25 13:14:35.351 [INFO ] org.apache.coyote.http11.Http11NioProtocol - Starting ProtocolHandler ["http-nio-8080"]
2019-04-25 13:14:35.355 [INFO ] org.springframework.boot.web.embedded.tomcat.TomcatWebServer - Tomcat started on port(s): 8080 (http) with context path '/wedding-app'
2019-04-25 13:14:35.355 [INFO ] com.application.Application - Started Application in 1.256 seconds (JVM running for 12115.305)
2019-04-25 13:14:35.357 [INFO ] org.springframework.boot.devtools.autoconfigure.ConditionEvaluationDeltaLoggingListener - Condition evaluation unchanged
2019-04-25 14:02:44.276 [INFO ] org.springframework.scheduling.concurrent.ThreadPoolTaskExecutor - Shutting down ExecutorService 'applicationTaskExecutor'
2019-04-25 14:02:44.299 [INFO ] com.alibaba.druid.pool.DruidDataSource - {dataSource-4} closed
2019-04-25 14:02:44.729 [INFO ] com.application.Application - Starting Application on DESKTOP-7RKQL44 with PID 6636 (E:\git\wedding\wedding-app\wedding-app\target\classes started by qs016 in E:\git\wedding\wedding-app\wedding-app)
2019-04-25 14:02:44.729 [INFO ] com.application.Application - The following profiles are active: test
2019-04-25 14:02:45.176 [INFO ] org.springframework.boot.web.embedded.tomcat.TomcatWebServer - Tomcat initialized with port(s): 8080 (http)
2019-04-25 14:02:45.176 [INFO ] org.apache.coyote.http11.Http11NioProtocol - Initializing ProtocolHandler ["http-nio-8080"]
2019-04-25 14:02:45.177 [INFO ] org.apache.catalina.core.StandardService - Starting service [Tomcat]
2019-04-25 14:02:45.177 [INFO ] org.apache.catalina.core.StandardEngine - Starting Servlet engine: [Apache Tomcat/9.0.16]
2019-04-25 14:02:45.188 [INFO ] org.apache.catalina.core.ContainerBase.[Tomcat-1].[localhost].[/wedding-app] - Initializing Spring embedded WebApplicationContext
2019-04-25 14:02:45.188 [INFO ] org.springframework.web.context.ContextLoader - Root WebApplicationContext: initialization completed in 453 ms
2019-04-25 14:02:45.240 [INFO ] com.alibaba.druid.pool.DruidDataSource - {dataSource-5} inited
2019-04-25 14:02:45.802 [INFO ] org.springframework.scheduling.concurrent.ThreadPoolTaskExecutor - Initializing ExecutorService 'applicationTaskExecutor'
2019-04-25 14:02:45.956 [INFO ] org.springframework.boot.devtools.autoconfigure.OptionalLiveReloadServer - LiveReload server is running on port 35729
2019-04-25 14:02:45.970 [INFO ] org.apache.coyote.http11.Http11NioProtocol - Starting ProtocolHandler ["http-nio-8080"]
2019-04-25 14:02:45.973 [INFO ] org.springframework.boot.web.embedded.tomcat.TomcatWebServer - Tomcat started on port(s): 8080 (http) with context path '/wedding-app'
2019-04-25 14:02:45.974 [INFO ] com.application.Application - Started Application in 1.327 seconds (JVM running for 15005.923)
2019-04-25 14:02:45.976 [INFO ] org.springframework.boot.devtools.autoconfigure.ConditionEvaluationDeltaLoggingListener - Condition evaluation unchanged
2019-04-25 14:04:02.874 [INFO ] org.springframework.scheduling.concurrent.ThreadPoolTaskExecutor - Shutting down ExecutorService 'applicationTaskExecutor'
2019-04-25 14:04:02.878 [INFO ] com.alibaba.druid.pool.DruidDataSource - {dataSource-5} closed
2019-04-25 14:04:03.150 [INFO ] com.application.Application - Starting Application on DESKTOP-7RKQL44 with PID 6636 (E:\git\wedding\wedding-app\wedding-app\target\classes started by qs016 in E:\git\wedding\wedding-app\wedding-app)
2019-04-25 14:04:03.151 [INFO ] com.application.Application - The following profiles are active: test
2019-04-25 14:04:03.443 [INFO ] org.springframework.boot.web.embedded.tomcat.TomcatWebServer - Tomcat initialized with port(s): 8080 (http)
2019-04-25 14:04:03.444 [INFO ] org.apache.coyote.http11.Http11NioProtocol - Initializing ProtocolHandler ["http-nio-8080"]
2019-04-25 14:04:03.445 [INFO ] org.apache.catalina.core.StandardService - Starting service [Tomcat]
2019-04-25 14:04:03.445 [INFO ] org.apache.catalina.core.StandardEngine - Starting Servlet engine: [Apache Tomcat/9.0.16]
2019-04-25 14:04:03.456 [INFO ] org.apache.catalina.core.ContainerBase.[Tomcat-1].[localhost].[/wedding-app] - Initializing Spring embedded WebApplicationContext
2019-04-25 14:04:03.457 [INFO ] org.springframework.web.context.ContextLoader - Root WebApplicationContext: initialization completed in 303 ms
2019-04-25 14:04:03.576 [INFO ] com.alibaba.druid.pool.DruidDataSource - {dataSource-6} inited
2019-04-25 14:04:03.881 [INFO ] org.springframework.scheduling.concurrent.ThreadPoolTaskExecutor - Initializing ExecutorService 'applicationTaskExecutor'
2019-04-25 14:04:04.013 [INFO ] org.springframework.boot.devtools.autoconfigure.OptionalLiveReloadServer - LiveReload server is running on port 35729
2019-04-25 14:04:04.024 [INFO ] org.apache.coyote.http11.Http11NioProtocol - Starting ProtocolHandler ["http-nio-8080"]
2019-04-25 14:04:04.028 [INFO ] org.springframework.boot.web.embedded.tomcat.TomcatWebServer - Tomcat started on port(s): 8080 (http) with context path '/wedding-app'
2019-04-25 14:04:04.029 [INFO ] com.application.Application - Started Application in 0.911 seconds (JVM running for 15083.978)
2019-04-25 14:04:04.030 [INFO ] org.springframework.boot.devtools.autoconfigure.ConditionEvaluationDeltaLoggingListener - Condition evaluation unchanged
2019-04-25 14:08:16.252 [INFO ] org.springframework.scheduling.concurrent.ThreadPoolTaskExecutor - Shutting down ExecutorService 'applicationTaskExecutor'
2019-04-25 14:08:16.254 [INFO ] com.alibaba.druid.pool.DruidDataSource - {dataSource-6} closed
2019-04-25 14:08:16.547 [INFO ] com.application.Application - Starting Application on DESKTOP-7RKQL44 with PID 6636 (E:\git\wedding\wedding-app\wedding-app\target\classes started by qs016 in E:\git\wedding\wedding-app\wedding-app)
2019-04-25 14:08:16.547 [INFO ] com.application.Application - The following profiles are active: test
2019-04-25 14:08:16.905 [INFO ] org.springframework.boot.web.embedded.tomcat.TomcatWebServer - Tomcat initialized with port(s): 8080 (http)
2019-04-25 14:08:16.906 [INFO ] org.apache.coyote.http11.Http11NioProtocol - Initializing ProtocolHandler ["http-nio-8080"]
2019-04-25 14:08:16.906 [INFO ] org.apache.catalina.core.StandardService - Starting service [Tomcat]
2019-04-25 14:08:16.906 [INFO ] org.apache.catalina.core.StandardEngine - Starting Servlet engine: [Apache Tomcat/9.0.16]
2019-04-25 14:08:16.917 [INFO ] org.apache.catalina.core.ContainerBase.[Tomcat-1].[localhost].[/wedding-app] - Initializing Spring embedded WebApplicationContext
2019-04-25 14:08:16.917 [INFO ] org.springframework.web.context.ContextLoader - Root WebApplicationContext: initialization completed in 368 ms
2019-04-25 14:08:16.967 [INFO ] com.alibaba.druid.pool.DruidDataSource - {dataSource-7} inited
2019-04-25 14:08:17.304 [INFO ] org.springframework.scheduling.concurrent.ThreadPoolTaskExecutor - Initializing ExecutorService 'applicationTaskExecutor'
2019-04-25 14:08:17.444 [INFO ] org.springframework.boot.devtools.autoconfigure.OptionalLiveReloadServer - LiveReload server is running on port 35729
2019-04-25 14:08:17.454 [INFO ] org.apache.coyote.http11.Http11NioProtocol - Starting ProtocolHandler ["http-nio-8080"]
2019-04-25 14:08:17.457 [INFO ] org.springframework.boot.web.embedded.tomcat.TomcatWebServer - Tomcat started on port(s): 8080 (http) with context path '/wedding-app'
2019-04-25 14:08:17.458 [INFO ] com.application.Application - Started Application in 0.953 seconds (JVM running for 15337.408)
2019-04-25 14:08:17.459 [INFO ] org.springframework.boot.devtools.autoconfigure.ConditionEvaluationDeltaLoggingListener - Condition evaluation unchanged
2019-04-25 14:08:38.335 [INFO ] org.apache.catalina.core.ContainerBase.[Tomcat-1].[localhost].[/wedding-app] - Initializing Spring DispatcherServlet 'dispatcherServlet'
2019-04-25 14:08:38.339 [INFO ] org.springframework.web.servlet.DispatcherServlet - Initializing Servlet 'dispatcherServlet'
2019-04-25 14:08:38.351 [INFO ] org.springframework.web.servlet.DispatcherServlet - Completed initialization in 12 ms
2019-04-25 14:08:38.356 [INFO ] com.application.controller.App_areaController - 后台 /area
2019-04-25 14:08:38.356 [INFO ] com.application.controller.App_pictureController - 后台  /picture
2019-04-25 14:08:49.687 [INFO ] com.application.controller.App_userController - 后台 /login
2019-04-25 14:08:53.616 [INFO ] com.application.interceptor.TokenInterceptor - 进入tokenInterceptor拦截器
2019-04-25 14:08:53.637 [INFO ] com.application.controller.App_passengerController - 后台 /passenger/{user_id}
2019-04-25 14:10:16.518 [INFO ] com.application.controller.App_areaController - 后台 /area
2019-04-25 14:10:16.547 [INFO ] com.application.controller.App_pictureController - 后台  /picture
2019-04-25 14:10:28.164 [INFO ] com.application.controller.App_userController - 后台 /login
2019-04-25 14:10:34.525 [INFO ] com.application.interceptor.TokenInterceptor - 进入tokenInterceptor拦截器
2019-04-25 14:10:34.540 [INFO ] com.application.controller.App_passengerController - 后台 /passenger/{user_id}
2019-04-25 14:12:08.740 [INFO ] com.application.controller.App_areaController - 后台 /area
2019-04-25 14:12:08.791 [INFO ] com.application.controller.App_pictureController - 后台  /picture
2019-04-25 14:12:11.845 [INFO ] com.application.controller.App_areaController - 后台 /product/list/{type}
2019-04-25 14:12:20.635 [INFO ] com.application.controller.App_userController - 后台 /login
2019-04-25 14:12:22.008 [INFO ] com.application.interceptor.TokenInterceptor - 进入tokenInterceptor拦截器
2019-04-25 14:12:22.018 [INFO ] com.application.controller.App_passengerController - 后台 /passenger/{user_id}
2019-04-25 14:13:07.295 [INFO ] com.application.controller.App_areaController - 后台 /area
2019-04-25 14:13:07.391 [INFO ] com.application.controller.App_pictureController - 后台  /picture
2019-04-25 14:13:25.449 [INFO ] com.application.controller.App_userController - 后台 /login
2019-04-25 14:13:26.617 [INFO ] com.application.interceptor.TokenInterceptor - 进入tokenInterceptor拦截器
2019-04-25 14:13:26.623 [INFO ] com.application.controller.App_passengerController - 后台 /passenger/{user_id}
2019-04-25 14:14:17.665 [INFO ] org.springframework.scheduling.concurrent.ThreadPoolTaskExecutor - Shutting down ExecutorService 'applicationTaskExecutor'
2019-04-25 14:14:17.666 [INFO ] com.alibaba.druid.pool.DruidDataSource - {dataSource-7} closed
2019-04-25 14:14:18.022 [INFO ] com.application.Application - Starting Application on DESKTOP-7RKQL44 with PID 6636 (E:\git\wedding\wedding-app\wedding-app\target\classes started by qs016 in E:\git\wedding\wedding-app\wedding-app)
2019-04-25 14:14:18.022 [INFO ] com.application.Application - The following profiles are active: test
2019-04-25 14:14:18.434 [INFO ] org.springframework.boot.web.embedded.tomcat.TomcatWebServer - Tomcat initialized with port(s): 8080 (http)
2019-04-25 14:14:18.434 [INFO ] org.apache.coyote.http11.Http11NioProtocol - Initializing ProtocolHandler ["http-nio-8080"]
2019-04-25 14:14:18.434 [INFO ] org.apache.catalina.core.StandardService - Starting service [Tomcat]
2019-04-25 14:14:18.435 [INFO ] org.apache.catalina.core.StandardEngine - Starting Servlet engine: [Apache Tomcat/9.0.16]
2019-04-25 14:14:18.445 [INFO ] org.apache.catalina.core.ContainerBase.[Tomcat-1].[localhost].[/wedding-app] - Initializing Spring embedded WebApplicationContext
2019-04-25 14:14:18.445 [INFO ] org.springframework.web.context.ContextLoader - Root WebApplicationContext: initialization completed in 421 ms
2019-04-25 14:14:18.479 [INFO ] com.alibaba.druid.pool.DruidDataSource - {dataSource-8} inited
2019-04-25 14:14:18.796 [INFO ] org.springframework.scheduling.concurrent.ThreadPoolTaskExecutor - Initializing ExecutorService 'applicationTaskExecutor'
2019-04-25 14:14:18.929 [INFO ] org.springframework.boot.devtools.autoconfigure.OptionalLiveReloadServer - LiveReload server is running on port 35729
2019-04-25 14:14:18.938 [INFO ] org.apache.coyote.http11.Http11NioProtocol - Starting ProtocolHandler ["http-nio-8080"]
2019-04-25 14:14:18.942 [INFO ] org.springframework.boot.web.embedded.tomcat.TomcatWebServer - Tomcat started on port(s): 8080 (http) with context path '/wedding-app'
2019-04-25 14:14:18.943 [INFO ] com.application.Application - Started Application in 0.974 seconds (JVM running for 15698.893)
2019-04-25 14:14:18.945 [INFO ] org.springframework.boot.devtools.autoconfigure.ConditionEvaluationDeltaLoggingListener - Condition evaluation unchanged
2019-04-25 14:15:05.941 [INFO ] org.apache.catalina.core.ContainerBase.[Tomcat-1].[localhost].[/wedding-app] - Initializing Spring DispatcherServlet 'dispatcherServlet'
2019-04-25 14:15:05.944 [INFO ] org.springframework.web.servlet.DispatcherServlet - Initializing Servlet 'dispatcherServlet'
2019-04-25 14:15:05.950 [INFO ] org.springframework.web.servlet.DispatcherServlet - Completed initialization in 6 ms
2019-04-25 14:15:05.952 [INFO ] com.application.controller.App_areaController - 后台 /area
2019-04-25 14:15:05.969 [INFO ] com.application.controller.App_pictureController - 后台  /picture
2019-04-25 14:15:19.123 [INFO ] com.application.controller.App_userController - 后台 /login
2019-04-25 14:15:20.743 [INFO ] com.application.interceptor.TokenInterceptor - 进入tokenInterceptor拦截器
2019-04-25 14:15:20.749 [INFO ] com.application.controller.App_passengerController - 后台 /passenger/{user_id}
2019-04-25 14:17:02.500 [INFO ] com.application.controller.App_areaController - 后台 /area
2019-04-25 14:17:02.551 [INFO ] com.application.controller.App_pictureController - 后台  /picture
2019-04-25 14:17:18.020 [INFO ] com.application.controller.App_userController - 后台 /login
2019-04-25 14:17:19.427 [INFO ] com.application.interceptor.TokenInterceptor - 进入tokenInterceptor拦截器
2019-04-25 14:17:19.438 [INFO ] com.application.controller.App_passengerController - 后台 /passenger/{user_id}
2019-04-25 14:20:58.130 [INFO ] com.application.controller.App_areaController - 后台 /area
2019-04-25 14:20:58.187 [INFO ] com.application.controller.App_pictureController - 后台  /picture
2019-04-25 14:23:33.717 [INFO ] com.application.controller.App_areaController - 后台 /area
2019-04-25 14:23:33.742 [INFO ] com.application.controller.App_pictureController - 后台  /picture
2019-04-25 14:24:09.667 [INFO ] com.application.controller.App_areaController - 后台 /area
2019-04-25 14:24:09.744 [INFO ] com.application.controller.App_pictureController - 后台  /picture
2019-04-25 14:24:37.841 [INFO ] com.application.controller.App_areaController - 后台 /area
2019-04-25 14:24:37.948 [INFO ] com.application.controller.App_pictureController - 后台  /picture
2019-04-25 14:25:09.968 [INFO ] com.application.controller.App_areaController - 后台 /area
2019-04-25 14:25:09.998 [INFO ] com.application.controller.App_pictureController - 后台  /picture
2019-04-25 14:25:19.527 [INFO ] com.application.controller.App_userController - 后台 /login
2019-04-25 14:25:21.079 [INFO ] com.application.interceptor.TokenInterceptor - 进入tokenInterceptor拦截器
2019-04-25 14:25:21.087 [INFO ] com.application.controller.App_passengerController - 后台 /passenger/{user_id}
2019-04-25 14:25:40.354 [INFO ] com.application.interceptor.TokenInterceptor - 进入tokenInterceptor拦截器
2019-04-25 14:25:59.378 [INFO ] com.application.interceptor.TokenInterceptor - 进入tokenInterceptor拦截器
2019-04-25 14:26:14.373 [INFO ] com.application.interceptor.TokenInterceptor - 进入tokenInterceptor拦截器
2019-04-25 14:28:08.858 [INFO ] org.springframework.scheduling.concurrent.ThreadPoolTaskExecutor - Shutting down ExecutorService 'applicationTaskExecutor'
2019-04-25 14:28:08.861 [INFO ] com.alibaba.druid.pool.DruidDataSource - {dataSource-8} closed
2019-04-25 14:28:09.282 [INFO ] com.application.Application - Starting Application on DESKTOP-7RKQL44 with PID 6636 (E:\git\wedding\wedding-app\wedding-app\target\classes started by qs016 in E:\git\wedding\wedding-app\wedding-app)
2019-04-25 14:28:09.282 [INFO ] com.application.Application - The following profiles are active: test
2019-04-25 14:28:09.658 [INFO ] org.springframework.boot.web.embedded.tomcat.TomcatWebServer - Tomcat initialized with port(s): 8080 (http)
2019-04-25 14:28:09.659 [INFO ] org.apache.coyote.http11.Http11NioProtocol - Initializing ProtocolHandler ["http-nio-8080"]
2019-04-25 14:28:09.659 [INFO ] org.apache.catalina.core.StandardService - Starting service [Tomcat]
2019-04-25 14:28:09.659 [INFO ] org.apache.catalina.core.StandardEngine - Starting Servlet engine: [Apache Tomcat/9.0.16]
2019-04-25 14:28:09.672 [INFO ] org.apache.catalina.core.ContainerBase.[Tomcat-1].[localhost].[/wedding-app] - Initializing Spring embedded WebApplicationContext
2019-04-25 14:28:09.672 [INFO ] org.springframework.web.context.ContextLoader - Root WebApplicationContext: initialization completed in 381 ms
2019-04-25 14:28:09.715 [INFO ] com.alibaba.druid.pool.DruidDataSource - {dataSource-9} inited
2019-04-25 14:28:09.999 [INFO ] org.springframework.scheduling.concurrent.ThreadPoolTaskExecutor - Initializing ExecutorService 'applicationTaskExecutor'
2019-04-25 14:28:10.147 [INFO ] org.springframework.boot.devtools.autoconfigure.OptionalLiveReloadServer - LiveReload server is running on port 35729
2019-04-25 14:28:10.157 [INFO ] org.apache.coyote.http11.Http11NioProtocol - Starting ProtocolHandler ["http-nio-8080"]
2019-04-25 14:28:10.161 [INFO ] org.springframework.boot.web.embedded.tomcat.TomcatWebServer - Tomcat started on port(s): 8080 (http) with context path '/wedding-app'
2019-04-25 14:28:10.161 [INFO ] com.application.Application - Started Application in 0.924 seconds (JVM running for 16530.111)
2019-04-25 14:28:10.163 [INFO ] org.springframework.boot.devtools.autoconfigure.ConditionEvaluationDeltaLoggingListener - Condition evaluation unchanged
2019-04-25 14:28:20.589 [INFO ] org.apache.catalina.core.ContainerBase.[Tomcat-1].[localhost].[/wedding-app] - Initializing Spring DispatcherServlet 'dispatcherServlet'
2019-04-25 14:28:20.591 [INFO ] org.springframework.web.servlet.DispatcherServlet - Initializing Servlet 'dispatcherServlet'
2019-04-25 14:28:20.598 [INFO ] org.springframework.web.servlet.DispatcherServlet - Completed initialization in 7 ms
2019-04-25 14:28:20.600 [INFO ] com.application.interceptor.TokenInterceptor - 进入tokenInterceptor拦截器
2019-04-25 14:28:42.451 [INFO ] org.springframework.scheduling.concurrent.ThreadPoolTaskExecutor - Shutting down ExecutorService 'applicationTaskExecutor'
2019-04-25 14:28:42.453 [INFO ] com.alibaba.druid.pool.DruidDataSource - {dataSource-9} closed
2019-04-25 14:28:42.787 [INFO ] com.application.Application - Starting Application on DESKTOP-7RKQL44 with PID 6636 (E:\git\wedding\wedding-app\wedding-app\target\classes started by qs016 in E:\git\wedding\wedding-app\wedding-app)
2019-04-25 14:28:42.788 [INFO ] com.application.Application - The following profiles are active: test
2019-04-25 14:28:43.069 [INFO ] org.springframework.boot.web.embedded.tomcat.TomcatWebServer - Tomcat initialized with port(s): 8080 (http)
2019-04-25 14:28:43.070 [INFO ] org.apache.coyote.http11.Http11NioProtocol - Initializing ProtocolHandler ["http-nio-8080"]
2019-04-25 14:28:43.070 [INFO ] org.apache.catalina.core.StandardService - Starting service [Tomcat]
2019-04-25 14:28:43.070 [INFO ] org.apache.catalina.core.StandardEngine - Starting Servlet engine: [Apache Tomcat/9.0.16]
2019-04-25 14:28:43.081 [INFO ] org.apache.catalina.core.ContainerBase.[Tomcat-1].[localhost].[/wedding-app] - Initializing Spring embedded WebApplicationContext
2019-04-25 14:28:43.081 [INFO ] org.springframework.web.context.ContextLoader - Root WebApplicationContext: initialization completed in 291 ms
2019-04-25 14:28:43.113 [INFO ] com.alibaba.druid.pool.DruidDataSource - {dataSource-10} inited
2019-04-25 14:28:43.393 [INFO ] org.springframework.scheduling.concurrent.ThreadPoolTaskExecutor - Initializing ExecutorService 'applicationTaskExecutor'
2019-04-25 14:28:43.520 [INFO ] org.springframework.boot.devtools.autoconfigure.OptionalLiveReloadServer - LiveReload server is running on port 35729
2019-04-25 14:28:43.528 [INFO ] org.apache.coyote.http11.Http11NioProtocol - Starting ProtocolHandler ["http-nio-8080"]
2019-04-25 14:28:43.532 [INFO ] org.springframework.boot.web.embedded.tomcat.TomcatWebServer - Tomcat started on port(s): 8080 (http) with context path '/wedding-app'
2019-04-25 14:28:43.532 [INFO ] com.application.Application - Started Application in 0.785 seconds (JVM running for 16563.482)
2019-04-25 14:28:43.533 [INFO ] org.springframework.boot.devtools.autoconfigure.ConditionEvaluationDeltaLoggingListener - Condition evaluation unchanged
2019-04-25 14:28:47.559 [INFO ] org.apache.catalina.core.ContainerBase.[Tomcat-1].[localhost].[/wedding-app] - Initializing Spring DispatcherServlet 'dispatcherServlet'
2019-04-25 14:28:47.560 [INFO ] org.springframework.web.servlet.DispatcherServlet - Initializing Servlet 'dispatcherServlet'
2019-04-25 14:28:47.565 [INFO ] org.springframework.web.servlet.DispatcherServlet - Completed initialization in 5 ms
2019-04-25 14:28:47.567 [INFO ] com.application.interceptor.TokenInterceptor - 进入tokenInterceptor拦截器
2019-04-25 14:29:40.984 [INFO ] com.application.interceptor.TokenInterceptor - 进入tokenInterceptor拦截器
2019-04-25 14:30:34.334 [INFO ] com.application.interceptor.TokenInterceptor - 进入tokenInterceptor拦截器
2019-04-25 14:30:34.368 [INFO ] com.application.controller.App_passengerController - 后台 /passenger/{user_id}
2019-04-25 14:30:39.528 [INFO ] com.application.interceptor.TokenInterceptor - 进入tokenInterceptor拦截器
2019-04-25 14:30:39.537 [INFO ] com.application.controller.App_passengerController - 后台 /passenger/{user_id}/{passenger_id}
2019-04-25 14:30:44.852 [INFO ] com.application.interceptor.TokenInterceptor - 进入tokenInterceptor拦截器
2019-04-25 14:30:44.862 [INFO ] com.application.controller.App_passengerController - 后台 /passenger/{user_id}/{passenger_id}
2019-04-25 14:30:49.447 [INFO ] com.application.interceptor.TokenInterceptor - 进入tokenInterceptor拦截器
2019-04-25 14:30:49.451 [INFO ] com.application.controller.App_passengerController - 后台 /passenger/{user_id}/{passenger_id}
2019-04-25 14:33:38.491 [INFO ] com.application.controller.App_areaController - 后台 /area
2019-04-25 14:33:39.318 [INFO ] com.application.controller.App_pictureController - 后台  /picture
2019-04-25 14:33:49.116 [INFO ] com.application.controller.App_userController - 后台 /login
2019-04-25 14:33:59.567 [INFO ] com.application.interceptor.TokenInterceptor - 进入tokenInterceptor拦截器
2019-04-25 14:33:59.571 [INFO ] com.application.controller.App_passengerController - 后台 /passenger/{user_id}
2019-04-25 14:34:27.456 [INFO ] com.application.interceptor.TokenInterceptor - 进入tokenInterceptor拦截器
2019-04-25 14:34:35.168 [INFO ] com.application.interceptor.TokenInterceptor - 进入tokenInterceptor拦截器
2019-04-25 14:34:35.173 [INFO ] com.application.controller.App_passengerController - 后台 /passenger/{user_id}
2019-04-25 14:35:40.228 [INFO ] com.application.controller.App_areaController - 后台 /area
2019-04-25 14:35:41.622 [INFO ] com.application.controller.App_pictureController - 后台  /picture
2019-04-25 14:35:50.092 [INFO ] com.application.controller.App_userController - 后台 /login
2019-04-25 14:35:52.003 [INFO ] com.application.interceptor.TokenInterceptor - 进入tokenInterceptor拦截器
2019-04-25 14:35:52.006 [INFO ] com.application.controller.App_passengerController - 后台 /passenger/{user_id}
2019-04-25 14:36:05.188 [INFO ] com.application.interceptor.TokenInterceptor - 进入tokenInterceptor拦截器
2019-04-25 14:36:39.627 [INFO ] com.application.controller.App_areaController - 后台 /area
2019-04-25 14:36:39.772 [INFO ] com.application.controller.App_pictureController - 后台  /picture
2019-04-25 14:36:55.237 [INFO ] com.application.controller.App_userController - 后台 /login
2019-04-25 14:36:55.686 [INFO ] com.application.controller.App_userController - 后台 /login
2019-04-25 14:36:57.089 [INFO ] com.application.interceptor.TokenInterceptor - 进入tokenInterceptor拦截器
2019-04-25 14:36:57.099 [INFO ] com.application.controller.App_passengerController - 后台 /passenger/{user_id}
2019-04-25 14:37:12.817 [INFO ] com.application.interceptor.TokenInterceptor - 进入tokenInterceptor拦截器
2019-04-25 14:37:25.843 [INFO ] com.application.interceptor.TokenInterceptor - 进入tokenInterceptor拦截器
2019-04-25 14:37:25.852 [INFO ] com.application.controller.App_passengerController - 后台 /passenger/{user_id}
2019-04-25 14:39:35.826 [INFO ] com.application.interceptor.TokenInterceptor - 进入tokenInterceptor拦截器
2019-04-25 14:39:35.848 [INFO ] com.application.controller.App_passengerController - 后台 /passenger/{user_id}
2019-04-25 14:43:51.185 [INFO ] com.application.controller.App_areaController - 后台 /area
2019-04-25 14:43:59.627 [INFO ] com.application.controller.App_pictureController - 后台  /picture
2019-04-25 14:44:11.795 [INFO ] com.application.controller.App_userController - 后台 /login
2019-04-25 14:45:05.961 [INFO ] com.application.controller.App_areaController - 后台 /area
2019-04-25 14:45:07.755 [INFO ] com.application.controller.App_pictureController - 后台  /picture
2019-04-25 14:45:19.558 [INFO ] com.application.controller.App_userController - 后台 /login
2019-04-25 14:45:21.183 [INFO ] com.application.interceptor.TokenInterceptor - 进入tokenInterceptor拦截器
2019-04-25 14:45:21.190 [INFO ] com.application.controller.App_passengerController - 后台 /passenger/{user_id}
2019-04-25 14:45:40.050 [INFO ] com.application.interceptor.TokenInterceptor - 进入tokenInterceptor拦截器
2019-04-25 14:45:48.282 [INFO ] com.application.interceptor.TokenInterceptor - 进入tokenInterceptor拦截器
2019-04-25 14:45:48.289 [INFO ] com.application.controller.App_passengerController - 后台 /passenger/{user_id}
2019-04-25 14:45:56.879 [INFO ] com.application.interceptor.TokenInterceptor - 进入tokenInterceptor拦截器
2019-04-25 14:45:56.887 [INFO ] com.application.controller.App_passengerController - 后台 /passenger/{user_id}/{passenger_id}
2019-04-25 14:52:04.037 [INFO ] com.application.controller.App_areaController - 后台 /area
2019-04-25 14:52:05.227 [INFO ] com.application.controller.App_pictureController - 后台  /picture
2019-04-25 14:52:22.077 [INFO ] com.application.controller.App_userController - 后台 /login
2019-04-25 14:52:24.663 [INFO ] com.application.interceptor.TokenInterceptor - 进入tokenInterceptor拦截器
2019-04-25 14:52:24.669 [INFO ] com.application.controller.App_passengerController - 后台 /passenger/{user_id}
2019-04-25 14:52:35.016 [INFO ] com.application.interceptor.TokenInterceptor - 进入tokenInterceptor拦截器
2019-04-25 14:52:35.024 [INFO ] com.application.controller.App_passengerController - 后台 /passenger/{user_id}/{passenger_id}
2019-04-25 14:52:36.668 [INFO ] com.application.interceptor.TokenInterceptor - 进入tokenInterceptor拦截器
2019-04-25 14:52:36.675 [INFO ] com.application.controller.App_passengerController - 后台 /passenger/{user_id}/{passenger_id}
2019-04-25 14:52:58.376 [INFO ] com.application.interceptor.TokenInterceptor - 进入tokenInterceptor拦截器
2019-04-25 14:52:59.030 [INFO ] com.application.interceptor.TokenInterceptor - 进入tokenInterceptor拦截器
2019-04-25 14:52:59.034 [INFO ] com.application.controller.App_passengerController - 后台 /passenger/{user_id}
2019-04-25 14:53:07.833 [INFO ] com.application.interceptor.TokenInterceptor - 进入tokenInterceptor拦截器
2019-04-25 14:53:07.840 [INFO ] com.application.controller.App_passengerController - 后台 /passenger/{user_id}/{passenger_id}
2019-04-25 14:53:23.076 [INFO ] com.application.interceptor.TokenInterceptor - 进入tokenInterceptor拦截器
2019-04-25 14:53:23.406 [INFO ] com.application.interceptor.TokenInterceptor - 进入tokenInterceptor拦截器
2019-04-25 14:53:23.413 [INFO ] com.application.controller.App_passengerController - 后台 /passenger/{user_id}
2019-04-25 14:55:03.830 [INFO ] com.application.interceptor.TokenInterceptor - 进入tokenInterceptor拦截器
2019-04-25 14:55:03.849 [INFO ] com.application.controller.App_passengerController - 后台 /passenger/{user_id}
2019-04-25 14:55:12.746 [INFO ] com.application.interceptor.TokenInterceptor - 进入tokenInterceptor拦截器
2019-04-25 14:55:12.750 [INFO ] com.application.controller.App_passengerController - 后台 /passenger/{user_id}/{passenger_id}
2019-04-25 14:59:08.523 [INFO ] com.application.controller.App_areaController - 后台 /area/{parent_id}
2019-04-25 15:04:17.846 [INFO ] com.application.controller.App_areaController - 后台 /area
2019-04-25 15:04:18.311 [INFO ] com.application.controller.App_pictureController - 后台  /picture
2019-04-25 15:08:28.438 [INFO ] com.application.controller.App_areaController - 后台 /area
2019-04-25 15:08:28.503 [INFO ] com.application.controller.App_pictureController - 后台  /picture
2019-04-25 15:08:43.583 [INFO ] com.application.controller.App_userController - 后台 /login
2019-04-25 15:08:49.422 [INFO ] com.application.interceptor.TokenInterceptor - 进入tokenInterceptor拦截器
2019-04-25 15:08:49.429 [INFO ] com.application.controller.App_passengerController - 后台 /passenger/{user_id}
2019-04-25 15:10:44.887 [INFO ] com.application.controller.App_areaController - 后台 /area
2019-04-25 15:10:44.972 [INFO ] com.application.controller.App_pictureController - 后台  /picture
2019-04-25 15:11:01.754 [INFO ] com.application.controller.App_userController - 后台 /login
2019-04-25 15:11:03.235 [INFO ] com.application.interceptor.TokenInterceptor - 进入tokenInterceptor拦截器
2019-04-25 15:11:03.238 [INFO ] com.application.controller.App_passengerController - 后台 /passenger/{user_id}
2019-04-25 15:11:50.693 [INFO ] com.application.controller.App_areaController - 后台 /area
2019-04-25 15:11:50.729 [INFO ] com.application.controller.App_pictureController - 后台  /picture
2019-04-25 15:11:59.535 [INFO ] com.application.controller.App_userController - 后台 /login
2019-04-25 15:12:01.562 [INFO ] com.application.interceptor.TokenInterceptor - 进入tokenInterceptor拦截器
2019-04-25 15:12:01.572 [INFO ] com.application.controller.App_passengerController - 后台 /passenger/{user_id}
2019-04-25 15:15:01.859 [INFO ] com.application.controller.App_areaController - 后台 /area
2019-04-25 15:15:01.896 [INFO ] com.application.controller.App_pictureController - 后台  /picture
2019-04-25 15:15:11.030 [INFO ] com.application.controller.App_userController - 后台 /login
2019-04-25 15:15:13.522 [INFO ] com.application.interceptor.TokenInterceptor - 进入tokenInterceptor拦截器
2019-04-25 15:15:13.529 [INFO ] com.application.controller.App_passengerController - 后台 /passenger/{user_id}
2019-04-25 15:15:57.980 [INFO ] com.application.controller.App_areaController - 后台 /area
2019-04-25 15:15:58.035 [INFO ] com.application.controller.App_pictureController - 后台  /picture
2019-04-25 15:16:07.458 [INFO ] com.application.controller.App_userController - 后台 /login
2019-04-25 15:16:08.695 [INFO ] com.application.interceptor.TokenInterceptor - 进入tokenInterceptor拦截器
2019-04-25 15:16:08.700 [INFO ] com.application.controller.App_passengerController - 后台 /passenger/{user_id}
2019-04-25 15:23:13.967 [INFO ] org.springframework.scheduling.concurrent.ThreadPoolTaskExecutor - Shutting down ExecutorService 'applicationTaskExecutor'
2019-04-25 15:23:13.990 [INFO ] com.alibaba.druid.pool.DruidDataSource - {dataSource-10} closed
2019-04-25 15:23:14.462 [INFO ] com.application.Application - Starting Application on DESKTOP-7RKQL44 with PID 6636 (E:\git\wedding\wedding-app\wedding-app\target\classes started by qs016 in E:\git\wedding\wedding-app\wedding-app)
2019-04-25 15:23:14.462 [INFO ] com.application.Application - The following profiles are active: test
2019-04-25 15:23:14.759 [INFO ] org.springframework.boot.web.embedded.tomcat.TomcatWebServer - Tomcat initialized with port(s): 8080 (http)
2019-04-25 15:23:14.761 [INFO ] org.apache.coyote.http11.Http11NioProtocol - Initializing ProtocolHandler ["http-nio-8080"]
2019-04-25 15:23:14.761 [INFO ] org.apache.catalina.core.StandardService - Starting service [Tomcat]
2019-04-25 15:23:14.761 [INFO ] org.apache.catalina.core.StandardEngine - Starting Servlet engine: [Apache Tomcat/9.0.16]
2019-04-25 15:23:14.773 [INFO ] org.apache.catalina.core.ContainerBase.[Tomcat-1].[localhost].[/wedding-app] - Initializing Spring embedded WebApplicationContext
2019-04-25 15:23:14.773 [INFO ] org.springframework.web.context.ContextLoader - Root WebApplicationContext: initialization completed in 309 ms
2019-04-25 15:23:14.817 [INFO ] com.alibaba.druid.pool.DruidDataSource - {dataSource-11} inited
2019-04-25 15:23:15.141 [INFO ] org.springframework.scheduling.concurrent.ThreadPoolTaskExecutor - Initializing ExecutorService 'applicationTaskExecutor'
2019-04-25 15:23:15.297 [INFO ] org.springframework.boot.devtools.autoconfigure.OptionalLiveReloadServer - LiveReload server is running on port 35729
2019-04-25 15:23:15.308 [INFO ] org.apache.coyote.http11.Http11NioProtocol - Starting ProtocolHandler ["http-nio-8080"]
2019-04-25 15:23:15.311 [INFO ] org.springframework.boot.web.embedded.tomcat.TomcatWebServer - Tomcat started on port(s): 8080 (http) with context path '/wedding-app'
2019-04-25 15:23:15.311 [INFO ] com.application.Application - Started Application in 0.906 seconds (JVM running for 19835.261)
2019-04-25 15:23:15.312 [INFO ] org.springframework.boot.devtools.autoconfigure.ConditionEvaluationDeltaLoggingListener - Condition evaluation unchanged
2019-04-25 15:28:19.779 [INFO ] org.springframework.scheduling.concurrent.ThreadPoolTaskExecutor - Shutting down ExecutorService 'applicationTaskExecutor'
2019-04-25 15:28:19.782 [INFO ] com.alibaba.druid.pool.DruidDataSource - {dataSource-11} closed
2019-04-25 15:28:20.097 [INFO ] com.application.Application - Starting Application on DESKTOP-7RKQL44 with PID 6636 (E:\git\wedding\wedding-app\wedding-app\target\classes started by qs016 in E:\git\wedding\wedding-app\wedding-app)
2019-04-25 15:28:20.097 [INFO ] com.application.Application - The following profiles are active: test
2019-04-25 15:28:20.379 [INFO ] org.springframework.boot.web.embedded.tomcat.TomcatWebServer - Tomcat initialized with port(s): 8080 (http)
2019-04-25 15:28:20.379 [INFO ] org.apache.coyote.http11.Http11NioProtocol - Initializing ProtocolHandler ["http-nio-8080"]
2019-04-25 15:28:20.380 [INFO ] org.apache.catalina.core.StandardService - Starting service [Tomcat]
2019-04-25 15:28:20.380 [INFO ] org.apache.catalina.core.StandardEngine - Starting Servlet engine: [Apache Tomcat/9.0.16]
2019-04-25 15:28:20.423 [INFO ] org.apache.catalina.core.ContainerBase.[Tomcat-1].[localhost].[/wedding-app] - Initializing Spring embedded WebApplicationContext
2019-04-25 15:28:20.423 [INFO ] org.springframework.web.context.ContextLoader - Root WebApplicationContext: initialization completed in 324 ms
2019-04-25 15:28:20.491 [INFO ] com.alibaba.druid.pool.DruidDataSource - {dataSource-12} inited
2019-04-25 15:28:20.817 [INFO ] org.springframework.scheduling.concurrent.ThreadPoolTaskExecutor - Initializing ExecutorService 'applicationTaskExecutor'
2019-04-25 15:28:20.942 [INFO ] org.springframework.boot.devtools.autoconfigure.OptionalLiveReloadServer - LiveReload server is running on port 35729
2019-04-25 15:28:20.952 [INFO ] org.apache.coyote.http11.Http11NioProtocol - Starting ProtocolHandler ["http-nio-8080"]
2019-04-25 15:28:20.955 [INFO ] org.springframework.boot.web.embedded.tomcat.TomcatWebServer - Tomcat started on port(s): 8080 (http) with context path '/wedding-app'
2019-04-25 15:28:20.956 [INFO ] com.application.Application - Started Application in 0.909 seconds (JVM running for 20140.905)
2019-04-25 15:28:20.957 [INFO ] org.springframework.boot.devtools.autoconfigure.ConditionEvaluationDeltaLoggingListener - Condition evaluation unchanged
2019-04-25 15:28:25.949 [INFO ] org.springframework.scheduling.concurrent.ThreadPoolTaskExecutor - Shutting down ExecutorService 'applicationTaskExecutor'
2019-04-25 15:28:25.953 [INFO ] com.alibaba.druid.pool.DruidDataSource - {dataSource-12} closed
2019-04-25 15:28:26.252 [INFO ] com.application.Application - Starting Application on DESKTOP-7RKQL44 with PID 6636 (E:\git\wedding\wedding-app\wedding-app\target\classes started by qs016 in E:\git\wedding\wedding-app\wedding-app)
2019-04-25 15:28:26.252 [INFO ] com.application.Application - The following profiles are active: test
2019-04-25 15:28:26.529 [INFO ] org.springframework.boot.web.embedded.tomcat.TomcatWebServer - Tomcat initialized with port(s): 8080 (http)
2019-04-25 15:28:26.530 [INFO ] org.apache.coyote.http11.Http11NioProtocol - Initializing ProtocolHandler ["http-nio-8080"]
2019-04-25 15:28:26.530 [INFO ] org.apache.catalina.core.StandardService - Starting service [Tomcat]
2019-04-25 15:28:26.530 [INFO ] org.apache.catalina.core.StandardEngine - Starting Servlet engine: [Apache Tomcat/9.0.16]
2019-04-25 15:28:26.558 [INFO ] org.apache.catalina.core.ContainerBase.[Tomcat-1].[localhost].[/wedding-app] - Initializing Spring embedded WebApplicationContext
2019-04-25 15:28:26.558 [INFO ] org.springframework.web.context.ContextLoader - Root WebApplicationContext: initialization completed in 303 ms
2019-04-25 15:28:26.595 [INFO ] com.alibaba.druid.pool.DruidDataSource - {dataSource-13} inited
2019-04-25 15:28:26.898 [INFO ] org.springframework.scheduling.concurrent.ThreadPoolTaskExecutor - Initializing ExecutorService 'applicationTaskExecutor'
2019-04-25 15:28:27.037 [INFO ] org.springframework.boot.devtools.autoconfigure.OptionalLiveReloadServer - LiveReload server is running on port 35729
2019-04-25 15:28:27.046 [INFO ] org.apache.coyote.http11.Http11NioProtocol - Starting ProtocolHandler ["http-nio-8080"]
2019-04-25 15:28:27.060 [INFO ] org.springframework.boot.web.embedded.tomcat.TomcatWebServer - Tomcat started on port(s): 8080 (http) with context path '/wedding-app'
2019-04-25 15:28:27.061 [INFO ] com.application.Application - Started Application in 0.842 seconds (JVM running for 20147.011)
2019-04-25 15:28:27.062 [INFO ] org.springframework.boot.devtools.autoconfigure.ConditionEvaluationDeltaLoggingListener - Condition evaluation unchanged
2019-04-25 15:32:55.963 [INFO ] org.springframework.scheduling.concurrent.ThreadPoolTaskExecutor - Shutting down ExecutorService 'applicationTaskExecutor'
2019-04-25 15:32:55.965 [INFO ] com.alibaba.druid.pool.DruidDataSource - {dataSource-13} closed
2019-04-25 15:32:56.275 [INFO ] com.application.Application - Starting Application on DESKTOP-7RKQL44 with PID 6636 (E:\git\wedding\wedding-app\wedding-app\target\classes started by qs016 in E:\git\wedding\wedding-app\wedding-app)
2019-04-25 15:32:56.275 [INFO ] com.application.Application - The following profiles are active: test
2019-04-25 15:32:56.515 [INFO ] org.springframework.boot.web.embedded.tomcat.TomcatWebServer - Tomcat initialized with port(s): 8080 (http)
2019-04-25 15:32:56.515 [INFO ] org.apache.coyote.http11.Http11NioProtocol - Initializing ProtocolHandler ["http-nio-8080"]
2019-04-25 15:32:56.515 [INFO ] org.apache.catalina.core.StandardService - Starting service [Tomcat]
2019-04-25 15:32:56.516 [INFO ] org.apache.catalina.core.StandardEngine - Starting Servlet engine: [Apache Tomcat/9.0.16]
2019-04-25 15:32:56.552 [INFO ] org.apache.catalina.core.ContainerBase.[Tomcat-1].[localhost].[/wedding-app] - Initializing Spring embedded WebApplicationContext
2019-04-25 15:32:56.552 [INFO ] org.springframework.web.context.ContextLoader - Root WebApplicationContext: initialization completed in 275 ms
2019-04-25 15:32:56.599 [INFO ] com.alibaba.druid.pool.DruidDataSource - {dataSource-14} inited
2019-04-25 15:32:56.831 [INFO ] org.springframework.scheduling.concurrent.ThreadPoolTaskExecutor - Initializing ExecutorService 'applicationTaskExecutor'
2019-04-25 15:32:56.963 [INFO ] org.springframework.boot.devtools.autoconfigure.OptionalLiveReloadServer - LiveReload server is running on port 35729
2019-04-25 15:32:56.972 [INFO ] org.apache.coyote.http11.Http11NioProtocol - Starting ProtocolHandler ["http-nio-8080"]
2019-04-25 15:32:56.993 [INFO ] org.springframework.boot.web.embedded.tomcat.TomcatWebServer - Tomcat started on port(s): 8080 (http) with context path '/wedding-app'
2019-04-25 15:32:56.994 [INFO ] com.application.Application - Started Application in 0.766 seconds (JVM running for 20416.943)
2019-04-25 15:32:56.995 [INFO ] org.springframework.boot.devtools.autoconfigure.ConditionEvaluationDeltaLoggingListener - Condition evaluation unchanged
2019-04-25 15:33:11.038 [INFO ] org.springframework.scheduling.concurrent.ThreadPoolTaskExecutor - Shutting down ExecutorService 'applicationTaskExecutor'
2019-04-25 15:33:11.039 [INFO ] com.alibaba.druid.pool.DruidDataSource - {dataSource-14} closed
2019-04-25 15:33:11.322 [INFO ] com.application.Application - Starting Application on DESKTOP-7RKQL44 with PID 6636 (E:\git\wedding\wedding-app\wedding-app\target\classes started by qs016 in E:\git\wedding\wedding-app\wedding-app)
2019-04-25 15:33:11.322 [INFO ] com.application.Application - The following profiles are active: test
2019-04-25 15:33:11.606 [INFO ] org.springframework.boot.web.embedded.tomcat.TomcatWebServer - Tomcat initialized with port(s): 8080 (http)
2019-04-25 15:33:11.606 [INFO ] org.apache.coyote.http11.Http11NioProtocol - Initializing ProtocolHandler ["http-nio-8080"]
2019-04-25 15:33:11.607 [INFO ] org.apache.catalina.core.StandardService - Starting service [Tomcat]
2019-04-25 15:33:11.607 [INFO ] org.apache.catalina.core.StandardEngine - Starting Servlet engine: [Apache Tomcat/9.0.16]
2019-04-25 15:33:11.631 [INFO ] org.apache.catalina.core.ContainerBase.[Tomcat-1].[localhost].[/wedding-app] - Initializing Spring embedded WebApplicationContext
2019-04-25 15:33:11.631 [INFO ] org.springframework.web.context.ContextLoader - Root WebApplicationContext: initialization completed in 306 ms
2019-04-25 15:33:11.665 [INFO ] com.alibaba.druid.pool.DruidDataSource - {dataSource-15} inited
2019-04-25 15:33:11.930 [INFO ] org.springframework.scheduling.concurrent.ThreadPoolTaskExecutor - Initializing ExecutorService 'applicationTaskExecutor'
2019-04-25 15:33:12.054 [INFO ] org.springframework.boot.devtools.autoconfigure.OptionalLiveReloadServer - LiveReload server is running on port 35729
2019-04-25 15:33:12.064 [INFO ] org.apache.coyote.http11.Http11NioProtocol - Starting ProtocolHandler ["http-nio-8080"]
2019-04-25 15:33:12.068 [INFO ] org.springframework.boot.web.embedded.tomcat.TomcatWebServer - Tomcat started on port(s): 8080 (http) with context path '/wedding-app'
2019-04-25 15:33:12.068 [INFO ] com.application.Application - Started Application in 0.777 seconds (JVM running for 20432.018)
2019-04-25 15:33:12.070 [INFO ] org.springframework.boot.devtools.autoconfigure.ConditionEvaluationDeltaLoggingListener - Condition evaluation unchanged
2019-04-25 15:34:34.269 [INFO ] org.apache.catalina.core.ContainerBase.[Tomcat-1].[localhost].[/wedding-app] - Initializing Spring DispatcherServlet 'dispatcherServlet'
2019-04-25 15:34:34.270 [INFO ] org.springframework.web.servlet.DispatcherServlet - Initializing Servlet 'dispatcherServlet'
2019-04-25 15:34:34.277 [INFO ] org.springframework.web.servlet.DispatcherServlet - Completed initialization in 6 ms
2019-04-25 15:34:34.279 [INFO ] com.application.controller.App_areaController - 后台 /area
2019-04-25 15:34:34.331 [INFO ] com.application.controller.App_pictureController - 后台  /picture
2019-04-25 15:34:56.730 [INFO ] com.application.controller.App_userController - 后台 /login
2019-04-25 15:34:58.539 [INFO ] com.application.interceptor.TokenInterceptor - 进入tokenInterceptor拦截器
2019-04-25 15:34:58.553 [INFO ] com.application.controller.App_passengerController - 后台 /user/{user_id}
2019-04-25 15:35:57.478 [INFO ] com.application.controller.App_areaController - 后台 /area
2019-04-25 15:35:57.503 [INFO ] com.application.controller.App_pictureController - 后台  /picture
2019-04-25 15:36:01.061 [INFO ] com.application.controller.App_areaController - 后台 /area
2019-04-25 15:36:01.100 [INFO ] com.application.controller.App_pictureController - 后台  /picture
2019-04-25 15:36:15.708 [INFO ] com.application.controller.App_userController - 后台 /login
2019-04-25 15:36:17.136 [INFO ] com.application.interceptor.TokenInterceptor - 进入tokenInterceptor拦截器
2019-04-25 15:36:17.143 [INFO ] com.application.controller.App_passengerController - 后台 /user/{user_id}
2019-04-25 15:36:19.687 [INFO ] com.application.interceptor.TokenInterceptor - 进入tokenInterceptor拦截器
2019-04-25 15:45:31.672 [INFO ] com.application.controller.App_areaController - 后台 /area
2019-04-25 15:45:31.758 [INFO ] com.application.controller.App_pictureController - 后台  /picture
2019-04-25 15:45:41.948 [INFO ] com.application.controller.App_userController - 后台 /login
2019-04-25 15:45:43.587 [INFO ] com.application.interceptor.TokenInterceptor - 进入tokenInterceptor拦截器
2019-04-25 15:45:43.599 [INFO ] com.application.controller.App_passengerController - 后台 /user/{user_id}
2019-04-25 15:45:46.046 [INFO ] com.application.interceptor.TokenInterceptor - 进入tokenInterceptor拦截器
2019-04-25 15:51:23.643 [INFO ] org.springframework.scheduling.concurrent.ThreadPoolTaskExecutor - Shutting down ExecutorService 'applicationTaskExecutor'
2019-04-25 15:51:23.644 [INFO ] com.alibaba.druid.pool.DruidDataSource - {dataSource-15} closed
2019-04-25 15:51:24.070 [INFO ] com.application.Application - Starting Application on DESKTOP-7RKQL44 with PID 6636 (E:\git\wedding\wedding-app\wedding-app\target\classes started by qs016 in E:\git\wedding\wedding-app\wedding-app)
2019-04-25 15:51:24.070 [INFO ] com.application.Application - The following profiles are active: test
2019-04-25 15:51:24.656 [INFO ] org.springframework.boot.web.embedded.tomcat.TomcatWebServer - Tomcat initialized with port(s): 8080 (http)
2019-04-25 15:51:24.657 [INFO ] org.apache.coyote.http11.Http11NioProtocol - Initializing ProtocolHandler ["http-nio-8080"]
2019-04-25 15:51:24.657 [INFO ] org.apache.catalina.core.StandardService - Starting service [Tomcat]
2019-04-25 15:51:24.657 [INFO ] org.apache.catalina.core.StandardEngine - Starting Servlet engine: [Apache Tomcat/9.0.16]
2019-04-25 15:51:24.668 [INFO ] org.apache.catalina.core.ContainerBase.[Tomcat-1].[localhost].[/wedding-app] - Initializing Spring embedded WebApplicationContext
2019-04-25 15:51:24.668 [INFO ] org.springframework.web.context.ContextLoader - Root WebApplicationContext: initialization completed in 596 ms
2019-04-25 15:51:24.823 [INFO ] com.alibaba.druid.pool.DruidDataSource - {dataSource-16} inited
2019-04-25 15:51:25.793 [INFO ] org.springframework.scheduling.concurrent.ThreadPoolTaskExecutor - Initializing ExecutorService 'applicationTaskExecutor'
2019-04-25 15:51:25.916 [INFO ] org.springframework.boot.devtools.autoconfigure.OptionalLiveReloadServer - LiveReload server is running on port 35729
2019-04-25 15:51:25.930 [INFO ] org.apache.coyote.http11.Http11NioProtocol - Starting ProtocolHandler ["http-nio-8080"]
2019-04-25 15:51:25.933 [INFO ] org.springframework.boot.web.embedded.tomcat.TomcatWebServer - Tomcat started on port(s): 8080 (http) with context path '/wedding-app'
2019-04-25 15:51:25.933 [INFO ] com.application.Application - Started Application in 1.935 seconds (JVM running for 21525.883)
2019-04-25 15:51:25.934 [INFO ] org.springframework.boot.devtools.autoconfigure.ConditionEvaluationDeltaLoggingListener - Condition evaluation unchanged
2019-04-25 15:52:52.235 [INFO ] org.apache.catalina.core.ContainerBase.[Tomcat-1].[localhost].[/wedding-app] - Initializing Spring DispatcherServlet 'dispatcherServlet'
2019-04-25 15:52:52.238 [INFO ] org.springframework.web.servlet.DispatcherServlet - Initializing Servlet 'dispatcherServlet'
2019-04-25 15:52:52.269 [INFO ] org.springframework.web.servlet.DispatcherServlet - Completed initialization in 31 ms
2019-04-25 15:52:52.271 [INFO ] com.application.controller.App_areaController - 后台 /area
2019-04-25 15:52:52.303 [INFO ] com.application.controller.App_pictureController - 后台  /picture
2019-04-25 15:53:04.033 [INFO ] com.application.controller.App_userController - 后台 /login
2019-04-25 15:53:05.428 [INFO ] com.application.interceptor.TokenInterceptor - 进入tokenInterceptor拦截器
2019-04-25 15:53:05.434 [INFO ] com.application.controller.App_passengerController - 后台 /user/{user_id}
2019-04-25 15:53:06.716 [INFO ] com.application.interceptor.TokenInterceptor - 进入tokenInterceptor拦截器
2019-04-25 15:53:12.705 [INFO ] com.application.interceptor.TokenInterceptor - 进入tokenInterceptor拦截器
2019-04-25 15:53:54.035 [INFO ] com.application.controller.App_areaController - 后台 /area
2019-04-25 15:53:54.081 [INFO ] com.application.controller.App_pictureController - 后台  /picture
2019-04-25 15:54:04.108 [INFO ] com.application.controller.App_userController - 后台 /login
2019-04-25 15:54:06.779 [INFO ] com.application.interceptor.TokenInterceptor - 进入tokenInterceptor拦截器
2019-04-25 15:54:06.791 [INFO ] com.application.controller.App_passengerController - 后台 /user/{user_id}
2019-04-25 15:54:08.990 [INFO ] com.application.interceptor.TokenInterceptor - 进入tokenInterceptor拦截器
2019-04-25 15:54:12.100 [INFO ] com.application.interceptor.TokenInterceptor - 进入tokenInterceptor拦截器
2019-04-25 15:54:12.376 [INFO ] com.application.interceptor.TokenInterceptor - 进入tokenInterceptor拦截器
2019-04-25 15:54:12.377 [INFO ] com.application.interceptor.TokenInterceptor - 进入tokenInterceptor拦截器
2019-04-25 15:54:12.380 [INFO ] com.application.controller.App_passengerController - 后台 /user/{user_id}
2019-04-25 15:54:12.400 [INFO ] com.application.controller.App_passengerController - 后台 /user/{user_id}
2019-04-25 15:54:21.643 [INFO ] com.application.interceptor.TokenInterceptor - 进入tokenInterceptor拦截器
2019-04-25 15:54:21.899 [INFO ] com.application.interceptor.TokenInterceptor - 进入tokenInterceptor拦截器
2019-04-25 15:54:21.900 [INFO ] com.application.interceptor.TokenInterceptor - 进入tokenInterceptor拦截器
2019-04-25 15:54:21.902 [INFO ] com.application.controller.App_passengerController - 后台 /user/{user_id}
2019-04-25 15:54:21.902 [INFO ] com.application.controller.App_passengerController - 后台 /user/{user_id}
2019-04-25 15:56:40.576 [INFO ] com.application.Application - Starting Application on DESKTOP-7RKQL44 with PID 2932 (E:\git\wedding\wedding-app\wedding-app\target\classes started by qs016 in E:\git\wedding\wedding-app\wedding-app)
2019-04-25 15:56:40.757 [INFO ] com.application.Application - The following profiles are active: test
2019-04-25 15:56:41.327 [INFO ] org.springframework.boot.devtools.env.DevToolsPropertyDefaultsPostProcessor - Devtools property defaults active! Set 'spring.devtools.add-properties' to 'false' to disable
2019-04-25 15:56:41.328 [INFO ] org.springframework.boot.devtools.env.DevToolsPropertyDefaultsPostProcessor - For additional web related logging consider setting the 'logging.level.web' property to 'DEBUG'
2019-04-25 15:56:44.921 [INFO ] org.springframework.boot.web.embedded.tomcat.TomcatWebServer - Tomcat initialized with port(s): 8080 (http)
2019-04-25 15:56:44.943 [INFO ] org.apache.coyote.http11.Http11NioProtocol - Initializing ProtocolHandler ["http-nio-8080"]
2019-04-25 15:56:44.955 [INFO ] org.apache.catalina.core.StandardService - Starting service [Tomcat]
2019-04-25 15:56:44.955 [INFO ] org.apache.catalina.core.StandardEngine - Starting Servlet engine: [Apache Tomcat/9.0.16]
2019-04-25 15:56:44.973 [INFO ] org.apache.catalina.core.AprLifecycleListener - The APR based Apache Tomcat Native library which allows optimal performance in production environments was not found on the java.library.path: [D:\01develop\Java\jdk1.8.0_181\bin;C:\WINDOWS\Sun\Java\bin;C:\WINDOWS\system32;C:\WINDOWS;D:/01develop/Java/jre1.8.0_181/bin/server;D:/01develop/Java/jre1.8.0_181/bin;D:/01develop/Java/jre1.8.0_181/lib/amd64;D:\03work\Xftp\;D:\03work\Xshell\;C:\Program Files (x86)\Common Files\Oracle\Java\javapath;C:\WINDOWS\system32;C:\WINDOWS;C:\WINDOWS\System32\Wbem;C:\WINDOWS\System32\WindowsPowerShell\v1.0\;"D:\01develop\Java\jdk1.8.0_181\bin;D:\01develop\Java\jdk1.8.0_181\jre\bin";D:\01develop\mysql-8.0.12-winx64\bin;D:\01develop\maven\apache-maven-3.5.4\bin;D:\01develop\TortoiseGit\bin;D:\01develop\Git\cmd;C:\WINDOWS\System32\OpenSSH\;C:\Users\qs016\AppData\Local\Microsoft\WindowsApps;;D:\01develop\eclipse\jee-2018-09\eclipse;;.]
2019-04-25 15:56:45.115 [INFO ] org.apache.catalina.core.ContainerBase.[Tomcat].[localhost].[/wedding-app] - Initializing Spring embedded WebApplicationContext
2019-04-25 15:56:45.116 [INFO ] org.springframework.web.context.ContextLoader - Root WebApplicationContext: initialization completed in 3788 ms
2019-04-25 15:56:45.645 [INFO ] com.alibaba.druid.pool.DruidDataSource - {dataSource-1} inited
2019-04-25 15:56:46.904 [INFO ] org.springframework.scheduling.concurrent.ThreadPoolTaskExecutor - Initializing ExecutorService 'applicationTaskExecutor'
2019-04-25 15:56:47.371 [INFO ] org.springframework.boot.devtools.autoconfigure.OptionalLiveReloadServer - LiveReload server is running on port 35729
2019-04-25 15:56:47.426 [INFO ] org.apache.coyote.http11.Http11NioProtocol - Starting ProtocolHandler ["http-nio-8080"]
2019-04-25 15:56:47.474 [INFO ] org.springframework.boot.web.embedded.tomcat.TomcatWebServer - Tomcat started on port(s): 8080 (http) with context path '/wedding-app'
2019-04-25 15:56:47.478 [INFO ] com.application.Application - Started Application in 8.053 seconds (JVM running for 10.541)
2019-04-25 15:56:54.932 [INFO ] org.apache.catalina.core.ContainerBase.[Tomcat].[localhost].[/wedding-app] - Initializing Spring DispatcherServlet 'dispatcherServlet'
2019-04-25 15:56:54.933 [INFO ] org.springframework.web.servlet.DispatcherServlet - Initializing Servlet 'dispatcherServlet'
2019-04-25 15:56:54.944 [INFO ] org.springframework.web.servlet.DispatcherServlet - Completed initialization in 11 ms
2019-04-25 15:56:54.984 [INFO ] com.application.controller.App_pictureController - 后台  /picture
2019-04-25 15:56:54.994 [INFO ] com.application.controller.App_areaController - 后台 /area
2019-04-25 15:57:04.952 [INFO ] com.application.controller.App_userController - 后台 /login
2019-04-25 15:57:06.801 [INFO ] com.application.interceptor.TokenInterceptor - 进入tokenInterceptor拦截器
2019-04-25 15:57:06.855 [INFO ] com.application.controller.App_passengerController - 后台 /user/{user_id}
2019-04-25 15:57:13.984 [INFO ] com.application.interceptor.TokenInterceptor - 进入tokenInterceptor拦截器
2019-04-25 15:57:18.318 [INFO ] com.application.interceptor.TokenInterceptor - 进入tokenInterceptor拦截器
2019-04-25 15:57:24.761 [INFO ] com.application.interceptor.TokenInterceptor - 进入tokenInterceptor拦截器
2019-04-25 15:57:24.762 [INFO ] com.application.interceptor.TokenInterceptor - 进入tokenInterceptor拦截器
2019-04-25 15:57:24.767 [INFO ] com.application.controller.App_passengerController - 后台 /user/{user_id}
2019-04-25 15:57:24.767 [INFO ] com.application.controller.App_passengerController - 后台 /user/{user_id}
2019-04-25 15:57:34.750 [INFO ] com.application.interceptor.TokenInterceptor - 进入tokenInterceptor拦截器
2019-04-25 15:57:40.913 [INFO ] com.application.interceptor.TokenInterceptor - 进入tokenInterceptor拦截器
2019-04-25 15:57:43.519 [INFO ] com.application.interceptor.TokenInterceptor - 进入tokenInterceptor拦截器
2019-04-25 15:57:44.112 [INFO ] com.application.interceptor.TokenInterceptor - 进入tokenInterceptor拦截器
2019-04-25 15:57:44.392 [INFO ] com.application.interceptor.TokenInterceptor - 进入tokenInterceptor拦截器
2019-04-25 15:57:44.557 [INFO ] com.application.interceptor.TokenInterceptor - 进入tokenInterceptor拦截器
2019-04-25 15:57:44.672 [INFO ] com.application.interceptor.TokenInterceptor - 进入tokenInterceptor拦截器
2019-04-25 15:57:44.806 [INFO ] com.application.interceptor.TokenInterceptor - 进入tokenInterceptor拦截器
2019-04-25 15:57:44.953 [INFO ] com.application.interceptor.TokenInterceptor - 进入tokenInterceptor拦截器
2019-04-25 15:57:45.069 [INFO ] com.application.interceptor.TokenInterceptor - 进入tokenInterceptor拦截器
2019-04-25 15:57:45.222 [INFO ] com.application.interceptor.TokenInterceptor - 进入tokenInterceptor拦截器
2019-04-25 15:57:45.332 [INFO ] com.application.interceptor.TokenInterceptor - 进入tokenInterceptor拦截器
2019-04-25 15:57:46.488 [INFO ] com.application.interceptor.TokenInterceptor - 进入tokenInterceptor拦截器
2019-04-25 15:58:18.194 [INFO ] com.application.interceptor.TokenInterceptor - 进入tokenInterceptor拦截器
2019-04-25 15:58:21.757 [INFO ] com.application.interceptor.TokenInterceptor - 进入tokenInterceptor拦截器
2019-04-25 15:58:33.415 [INFO ] com.application.interceptor.TokenInterceptor - 进入tokenInterceptor拦截器
2019-04-25 15:58:36.547 [INFO ] com.application.interceptor.TokenInterceptor - 进入tokenInterceptor拦截器
2019-04-25 15:58:36.553 [INFO ] com.application.interceptor.TokenInterceptor - 进入tokenInterceptor拦截器
2019-04-25 15:58:36.560 [INFO ] com.application.controller.App_passengerController - 后台 /user/{user_id}
2019-04-25 15:58:36.587 [INFO ] com.application.controller.App_passengerController - 后台 /user/{user_id}
2019-04-25 15:59:04.452 [INFO ] com.application.interceptor.TokenInterceptor - 进入tokenInterceptor拦截器
2019-04-25 15:59:22.388 [INFO ] com.application.interceptor.TokenInterceptor - 进入tokenInterceptor拦截器
2019-04-25 15:59:22.392 [INFO ] com.application.controller.App_passengerController - 后台 /user/{user_id}
2019-04-25 15:59:22.406 [INFO ] com.application.interceptor.TokenInterceptor - 进入tokenInterceptor拦截器
2019-04-25 15:59:22.410 [INFO ] com.application.controller.App_passengerController - 后台 /user/{user_id}
2019-04-25 16:00:19.942 [INFO ] org.springframework.scheduling.concurrent.ThreadPoolTaskExecutor - Shutting down ExecutorService 'applicationTaskExecutor'
2019-04-25 16:00:19.947 [INFO ] com.alibaba.druid.pool.DruidDataSource - {dataSource-1} closed
2019-04-25 16:00:20.285 [INFO ] com.application.Application - Starting Application on DESKTOP-7RKQL44 with PID 2932 (E:\git\wedding\wedding-app\wedding-app\target\classes started by qs016 in E:\git\wedding\wedding-app\wedding-app)
2019-04-25 16:00:20.285 [INFO ] com.application.Application - The following profiles are active: test
2019-04-25 16:00:20.922 [INFO ] org.springframework.boot.web.embedded.tomcat.TomcatWebServer - Tomcat initialized with port(s): 8080 (http)
2019-04-25 16:00:20.923 [INFO ] org.apache.coyote.http11.Http11NioProtocol - Initializing ProtocolHandler ["http-nio-8080"]
2019-04-25 16:00:20.924 [INFO ] org.apache.catalina.core.StandardService - Starting service [Tomcat]
2019-04-25 16:00:20.924 [INFO ] org.apache.catalina.core.StandardEngine - Starting Servlet engine: [Apache Tomcat/9.0.16]
2019-04-25 16:00:20.963 [INFO ] org.apache.catalina.core.ContainerBase.[Tomcat].[localhost].[/wedding-app] - Initializing Spring embedded WebApplicationContext
2019-04-25 16:00:20.964 [INFO ] org.springframework.web.context.ContextLoader - Root WebApplicationContext: initialization completed in 673 ms
2019-04-25 16:00:21.091 [INFO ] com.alibaba.druid.pool.DruidDataSource - {dataSource-2} inited
2019-04-25 16:00:21.783 [INFO ] org.springframework.scheduling.concurrent.ThreadPoolTaskExecutor - Initializing ExecutorService 'applicationTaskExecutor'
2019-04-25 16:00:21.993 [INFO ] org.springframework.boot.devtools.autoconfigure.OptionalLiveReloadServer - LiveReload server is running on port 35729
2019-04-25 16:00:22.017 [INFO ] org.apache.coyote.http11.Http11NioProtocol - Starting ProtocolHandler ["http-nio-8080"]
2019-04-25 16:00:22.023 [INFO ] org.springframework.boot.web.embedded.tomcat.TomcatWebServer - Tomcat started on port(s): 8080 (http) with context path '/wedding-app'
2019-04-25 16:00:22.027 [INFO ] com.application.Application - Started Application in 1.823 seconds (JVM running for 225.09)
2019-04-25 16:00:22.030 [INFO ] org.springframework.boot.devtools.autoconfigure.ConditionEvaluationDeltaLoggingListener - Condition evaluation unchanged
2019-04-25 16:00:22.343 [INFO ] org.apache.catalina.core.ContainerBase.[Tomcat].[localhost].[/wedding-app] - Initializing Spring DispatcherServlet 'dispatcherServlet'
2019-04-25 16:00:22.345 [INFO ] org.springframework.web.servlet.DispatcherServlet - Initializing Servlet 'dispatcherServlet'
2019-04-25 16:00:22.356 [INFO ] org.springframework.web.servlet.DispatcherServlet - Completed initialization in 11 ms
2019-04-25 16:00:22.360 [INFO ] com.application.interceptor.TokenInterceptor - 进入tokenInterceptor拦截器
2019-04-25 16:00:22.494 [INFO ] com.application.controller.App_passengerController - 后台 /user/{user_id}
2019-04-25 16:00:28.244 [INFO ] com.application.interceptor.TokenInterceptor - 进入tokenInterceptor拦截器
2019-04-25 16:00:28.254 [INFO ] com.application.controller.App_passengerController - 后台 /passenger/{user_id}/{passenger_id}
2019-04-25 16:00:30.537 [INFO ] com.application.interceptor.TokenInterceptor - 进入tokenInterceptor拦截器
2019-04-25 16:00:30.543 [INFO ] com.application.controller.App_passengerController - 后台 /passenger/{user_id}/{passenger_id}
2019-04-25 16:00:32.713 [INFO ] com.application.interceptor.TokenInterceptor - 进入tokenInterceptor拦截器
2019-04-25 16:00:32.724 [INFO ] com.application.controller.App_passengerController - 后台 /passenger/{user_id}/{passenger_id}
2019-04-25 16:00:34.362 [INFO ] com.application.interceptor.TokenInterceptor - 进入tokenInterceptor拦截器
2019-04-25 16:00:34.366 [INFO ] com.application.controller.App_passengerController - 后台 /passenger/{user_id}/{passenger_id}
2019-04-25 16:00:35.968 [INFO ] com.application.interceptor.TokenInterceptor - 进入tokenInterceptor拦截器
2019-04-25 16:00:35.978 [INFO ] com.application.controller.App_passengerController - 后台 /passenger/{user_id}/{passenger_id}
2019-04-25 16:00:37.567 [INFO ] com.application.interceptor.TokenInterceptor - 进入tokenInterceptor拦截器
2019-04-25 16:00:37.576 [INFO ] com.application.controller.App_passengerController - 后台 /passenger/{user_id}/{passenger_id}
2019-04-25 16:00:39.077 [INFO ] com.application.interceptor.TokenInterceptor - 进入tokenInterceptor拦截器
2019-04-25 16:00:39.083 [INFO ] com.application.controller.App_passengerController - 后台 /passenger/{user_id}/{passenger_id}
2019-04-25 16:00:40.650 [INFO ] com.application.interceptor.TokenInterceptor - 进入tokenInterceptor拦截器
2019-04-25 16:00:40.661 [INFO ] com.application.controller.App_passengerController - 后台 /passenger/{user_id}/{passenger_id}
2019-04-25 16:00:43.314 [INFO ] com.application.interceptor.TokenInterceptor - 进入tokenInterceptor拦截器
2019-04-25 16:00:43.323 [INFO ] com.application.controller.App_passengerController - 后台 /passenger/{user_id}/{passenger_id}
2019-04-25 16:00:45.000 [INFO ] com.application.interceptor.TokenInterceptor - 进入tokenInterceptor拦截器
2019-04-25 16:00:45.004 [INFO ] com.application.controller.App_passengerController - 后台 /passenger/{user_id}/{passenger_id}
2019-04-25 16:00:47.183 [INFO ] com.application.interceptor.TokenInterceptor - 进入tokenInterceptor拦截器
2019-04-25 16:00:47.193 [INFO ] com.application.controller.App_passengerController - 后台 /passenger/{user_id}/{passenger_id}
2019-04-25 16:00:49.021 [INFO ] com.application.interceptor.TokenInterceptor - 进入tokenInterceptor拦截器
2019-04-25 16:00:49.026 [INFO ] com.application.controller.App_passengerController - 后台 /passenger/{user_id}/{passenger_id}
2019-04-25 16:00:51.398 [INFO ] com.application.interceptor.TokenInterceptor - 进入tokenInterceptor拦截器
2019-04-25 16:00:51.404 [INFO ] com.application.controller.App_passengerController - 后台 /passenger/{user_id}/{passenger_id}
2019-04-25 16:00:52.928 [INFO ] com.application.interceptor.TokenInterceptor - 进入tokenInterceptor拦截器
2019-04-25 16:00:52.935 [INFO ] com.application.controller.App_passengerController - 后台 /passenger/{user_id}/{passenger_id}
2019-04-25 16:00:54.268 [INFO ] com.application.interceptor.TokenInterceptor - 进入tokenInterceptor拦截器
2019-04-25 16:00:54.283 [INFO ] com.application.controller.App_passengerController - 后台 /passenger/{user_id}/{passenger_id}
2019-04-25 16:00:55.630 [INFO ] com.application.interceptor.TokenInterceptor - 进入tokenInterceptor拦截器
2019-04-25 16:00:55.641 [INFO ] com.application.controller.App_passengerController - 后台 /passenger/{user_id}/{passenger_id}
2019-04-25 16:00:56.951 [INFO ] com.application.interceptor.TokenInterceptor - 进入tokenInterceptor拦截器
2019-04-25 16:00:56.961 [INFO ] com.application.controller.App_passengerController - 后台 /passenger/{user_id}/{passenger_id}
2019-04-25 16:00:58.199 [INFO ] com.application.interceptor.TokenInterceptor - 进入tokenInterceptor拦截器
2019-04-25 16:00:58.208 [INFO ] com.application.controller.App_passengerController - 后台 /passenger/{user_id}/{passenger_id}
2019-04-25 16:00:59.711 [INFO ] com.application.interceptor.TokenInterceptor - 进入tokenInterceptor拦截器
2019-04-25 16:00:59.717 [INFO ] com.application.controller.App_passengerController - 后台 /passenger/{user_id}/{passenger_id}
2019-04-25 16:01:22.017 [INFO ] com.application.interceptor.TokenInterceptor - 进入tokenInterceptor拦截器
2019-04-25 16:01:24.340 [INFO ] com.application.interceptor.TokenInterceptor - 进入tokenInterceptor拦截器
2019-04-25 16:01:26.738 [INFO ] com.application.interceptor.TokenInterceptor - 进入tokenInterceptor拦截器
2019-04-25 16:01:26.740 [INFO ] com.application.interceptor.TokenInterceptor - 进入tokenInterceptor拦截器
2019-04-25 16:01:26.744 [INFO ] com.application.controller.App_passengerController - 后台 /user/{user_id}
2019-04-25 16:01:26.749 [INFO ] com.application.controller.App_passengerController - 后台 /user/{user_id}
2019-04-25 16:01:57.335 [INFO ] com.application.interceptor.TokenInterceptor - 进入tokenInterceptor拦截器
2019-04-25 16:01:57.347 [INFO ] com.application.controller.App_passengerController - 后台 /user/{user_id}
2019-04-25 16:02:02.487 [INFO ] com.application.interceptor.TokenInterceptor - 进入tokenInterceptor拦截器
2019-04-25 16:02:02.495 [INFO ] com.application.controller.App_passengerController - 后台 /passenger/{user_id}/{passenger_id}
2019-04-25 16:02:04.086 [INFO ] com.application.interceptor.TokenInterceptor - 进入tokenInterceptor拦截器
2019-04-25 16:02:17.606 [INFO ] com.application.interceptor.TokenInterceptor - 进入tokenInterceptor拦截器
2019-04-25 16:02:17.939 [INFO ] com.application.interceptor.TokenInterceptor - 进入tokenInterceptor拦截器
2019-04-25 16:02:17.939 [INFO ] com.application.interceptor.TokenInterceptor - 进入tokenInterceptor拦截器
2019-04-25 16:02:17.946 [INFO ] com.application.controller.App_passengerController - 后台 /user/{user_id}
2019-04-25 16:02:17.950 [INFO ] com.application.controller.App_passengerController - 后台 /user/{user_id}
2019-04-25 16:02:34.802 [INFO ] com.application.interceptor.TokenInterceptor - 进入tokenInterceptor拦截器
2019-04-25 16:02:47.762 [INFO ] com.application.interceptor.TokenInterceptor - 进入tokenInterceptor拦截器
2019-04-25 16:02:48.043 [INFO ] com.application.interceptor.TokenInterceptor - 进入tokenInterceptor拦截器
2019-04-25 16:02:48.043 [INFO ] com.application.interceptor.TokenInterceptor - 进入tokenInterceptor拦截器
2019-04-25 16:02:48.047 [INFO ] com.application.controller.App_passengerController - 后台 /user/{user_id}
2019-04-25 16:02:48.047 [INFO ] com.application.controller.App_passengerController - 后台 /user/{user_id}
2019-04-25 16:03:18.888 [INFO ] org.springframework.scheduling.concurrent.ThreadPoolTaskExecutor - Shutting down ExecutorService 'applicationTaskExecutor'
2019-04-25 16:03:18.891 [INFO ] com.alibaba.druid.pool.DruidDataSource - {dataSource-2} closed
2019-04-25 16:03:19.378 [INFO ] com.application.Application - Starting Application on DESKTOP-7RKQL44 with PID 2932 (E:\git\wedding\wedding-app\wedding-app\target\classes started by qs016 in E:\git\wedding\wedding-app\wedding-app)
2019-04-25 16:03:19.378 [INFO ] com.application.Application - The following profiles are active: test
2019-04-25 16:03:19.934 [INFO ] org.springframework.boot.web.embedded.tomcat.TomcatWebServer - Tomcat initialized with port(s): 8080 (http)
2019-04-25 16:03:19.935 [INFO ] org.apache.coyote.http11.Http11NioProtocol - Initializing ProtocolHandler ["http-nio-8080"]
2019-04-25 16:03:19.936 [INFO ] org.apache.catalina.core.StandardService - Starting service [Tomcat]
2019-04-25 16:03:19.936 [INFO ] org.apache.catalina.core.StandardEngine - Starting Servlet engine: [Apache Tomcat/9.0.16]
2019-04-25 16:03:19.949 [INFO ] org.apache.catalina.core.ContainerBase.[Tomcat].[localhost].[/wedding-app] - Initializing Spring embedded WebApplicationContext
2019-04-25 16:03:19.949 [INFO ] org.springframework.web.context.ContextLoader - Root WebApplicationContext: initialization completed in 518 ms
2019-04-25 16:03:20.045 [INFO ] com.alibaba.druid.pool.DruidDataSource - {dataSource-3} inited
2019-04-25 16:03:20.608 [INFO ] org.springframework.scheduling.concurrent.ThreadPoolTaskExecutor - Initializing ExecutorService 'applicationTaskExecutor'
2019-04-25 16:03:20.826 [INFO ] org.springframework.boot.devtools.autoconfigure.OptionalLiveReloadServer - LiveReload server is running on port 35729
2019-04-25 16:03:20.848 [INFO ] org.apache.coyote.http11.Http11NioProtocol - Starting ProtocolHandler ["http-nio-8080"]
2019-04-25 16:03:20.856 [INFO ] org.springframework.boot.web.embedded.tomcat.TomcatWebServer - Tomcat started on port(s): 8080 (http) with context path '/wedding-app'
2019-04-25 16:03:20.857 [INFO ] com.application.Application - Started Application in 1.705 seconds (JVM running for 403.921)
2019-04-25 16:03:20.860 [INFO ] org.springframework.boot.devtools.autoconfigure.ConditionEvaluationDeltaLoggingListener - Condition evaluation unchanged
2019-04-25 16:03:27.895 [INFO ] org.apache.catalina.core.ContainerBase.[Tomcat].[localhost].[/wedding-app] - Initializing Spring DispatcherServlet 'dispatcherServlet'
2019-04-25 16:03:27.897 [INFO ] org.springframework.web.servlet.DispatcherServlet - Initializing Servlet 'dispatcherServlet'
2019-04-25 16:03:27.911 [INFO ] org.springframework.web.servlet.DispatcherServlet - Completed initialization in 14 ms
2019-04-25 16:03:27.917 [INFO ] com.application.interceptor.TokenInterceptor - 进入tokenInterceptor拦截器
2019-04-25 16:03:27.981 [INFO ] com.application.controller.App_passengerController - 后台 /user/{user_id}
2019-04-25 16:03:33.412 [INFO ] com.application.interceptor.TokenInterceptor - 进入tokenInterceptor拦截器
2019-04-25 16:03:40.773 [INFO ] com.application.interceptor.TokenInterceptor - 进入tokenInterceptor拦截器
2019-04-25 16:03:40.971 [INFO ] com.application.interceptor.TokenInterceptor - 进入tokenInterceptor拦截器
2019-04-25 16:03:40.971 [INFO ] com.application.interceptor.TokenInterceptor - 进入tokenInterceptor拦截器
2019-04-25 16:03:40.974 [INFO ] com.application.controller.App_passengerController - 后台 /user/{user_id}
2019-04-25 16:03:40.979 [INFO ] com.application.controller.App_passengerController - 后台 /user/{user_id}
2019-04-25 16:03:57.631 [INFO ] com.application.interceptor.TokenInterceptor - 进入tokenInterceptor拦截器
2019-04-25 16:03:57.856 [INFO ] com.application.interceptor.TokenInterceptor - 进入tokenInterceptor拦截器
2019-04-25 16:03:57.874 [INFO ] com.application.interceptor.TokenInterceptor - 进入tokenInterceptor拦截器
2019-04-25 16:03:57.881 [INFO ] com.application.interceptor.TokenInterceptor - 进入tokenInterceptor拦截器
2019-04-25 16:03:57.912 [INFO ] com.application.controller.App_passengerController - 后台 /user/{user_id}
2019-04-25 16:03:57.914 [INFO ] com.application.controller.App_passengerController - 后台 /user/{user_id}
2019-04-25 16:03:57.985 [INFO ] com.application.interceptor.TokenInterceptor - 进入tokenInterceptor拦截器
2019-04-25 16:03:57.987 [INFO ] com.application.interceptor.TokenInterceptor - 进入tokenInterceptor拦截器
2019-04-25 16:03:57.990 [INFO ] com.application.controller.App_passengerController - 后台 /user/{user_id}
2019-04-25 16:03:57.993 [INFO ] com.application.controller.App_passengerController - 后台 /user/{user_id}
2019-04-25 16:11:12.896 [INFO ] com.application.interceptor.TokenInterceptor - 进入tokenInterceptor拦截器
2019-04-25 16:11:12.945 [INFO ] com.application.controller.App_passengerController - 后台 /user/{user_id}
